#TYPE System.Diagnostics.Eventing.Reader.EventLogRecord
"Message","Id","Version","Qualifiers","Level","Task","Opcode","Keywords","RecordId","ProviderName","ProviderId","LogName","ProcessId","ThreadId","MachineName","UserId","TimeCreated","ActivityId","RelatedActivityId","ContainerLog","MatchedQueryIds","Bookmark","LevelDisplayName","OpcodeDisplayName","TaskDisplayName","KeywordsDisplayNames","Properties"
"Special privileges assigned to new logon.

Subject:
	Security ID:		S-1-5-21-3497878331-16137086-3393786485-1001
	Account Name:		Dr. Chinmoy Karmakar
	Account Domain:		DESKTOP-8O0G16U
	Logon ID:		0x1F31B373

Privileges:		SeSecurityPrivilege
			SeTakeOwnershipPrivilege
			SeLoadDriverPrivilege
			SeBackupPrivilege
			SeRestorePrivilege
			SeDebugPrivilege
			SeSystemEnvironmentPrivilege
			SeImpersonatePrivilege","4672","0",,"0","12548","0","-9214364837600034816","94657","Microsoft-Windows-Security-Auditing","54849625-5478-4994-a5ba-3e3b0328c30d","Security","708","10520","DESKTOP-8O0G16U",,"07-08-2019 11:54:24","c62bfa3a-41a5-0002-3ffa-2bc6a541d501",,"g:\1.evtx","System.UInt32[]","System.Diagnostics.Eventing.Reader.EventBookmark","Information","Info","Special Logon","System.Collections.ObjectModel.ReadOnlyCollection`1[System.String]","System.Collections.Generic.List`1[System.Diagnostics.Eventing.Reader.EventProperty]"
"Group membership information.

Subject:
	Security ID:		S-1-5-18
	Account Name:		DESKTOP-8O0G16U$
	Account Domain:		WORKGROUP
	Logon ID:		0x3E7

Logon Type:			2

New Logon:
	Security ID:		S-1-5-21-3497878331-16137086-3393786485-1001
	Account Name:		Dr. Chinmoy Karmakar
	Account Domain:		DESKTOP-8O0G16U
	Logon ID:		0x1F31B396

Event in sequence:		1 of 1

Group Membership:			
		%{S-1-5-21-3497878331-16137086-3393786485-513}
		%{S-1-1-0}
		%{S-1-5-114}
		%{S-1-5-32-544}
		%{S-1-5-32-545}
		%{S-1-5-4}
		%{S-1-2-1}
		%{S-1-5-11}
		%{S-1-5-15}
		%{S-1-5-113}
		%{S-1-2-0}
		%{S-1-5-64-10}
		%{S-1-16-8192}

The subject fields indicate the account on the local system which requested the logon. This is most commonly a service such as the Server service, or a local process such as Winlogon.exe or Services.exe.

The logon type field indicates the kind of logon that occurred. The most common types are 2 (interactive) and 3 (network).

The New Logon fields indicate the account for whom the new logon was created, i.e. the account that was logged on.

This event is generated when the Audit Group Membership subcategory is configured.  The Logon ID field can be used to correlate this event with the corresponding user logon event as well as to any other security audit events generated during this logon session.","4627","0",,"0","12554","0","-9214364837600034816","94656","Microsoft-Windows-Security-Auditing","54849625-5478-4994-a5ba-3e3b0328c30d","Security","708","10520","DESKTOP-8O0G16U",,"07-08-2019 11:54:24","c62bfa3a-41a5-0002-3ffa-2bc6a541d501",,"g:\1.evtx","System.UInt32[]","System.Diagnostics.Eventing.Reader.EventBookmark","Information","Info","Group Membership","System.Collections.ObjectModel.ReadOnlyCollection`1[System.String]","System.Collections.Generic.List`1[System.Diagnostics.Eventing.Reader.EventProperty]"
"An account was successfully logged on.

Subject:
	Security ID:		S-1-5-18
	Account Name:		DESKTOP-8O0G16U$
	Account Domain:		WORKGROUP
	Logon ID:		0x3E7

Logon Information:
	Logon Type:		2
	Restricted Admin Mode:	-
	Virtual Account:		No
	Elevated Token:		No

Impersonation Level:		Impersonation

New Logon:
	Security ID:		S-1-5-21-3497878331-16137086-3393786485-1001
	Account Name:		Dr. Chinmoy Karmakar
	Account Domain:		DESKTOP-8O0G16U
	Logon ID:		0x1F31B396
	Linked Logon ID:		0x1F31B373
	Network Account Name:	-
	Network Account Domain:	-
	Logon GUID:		{00000000-0000-0000-0000-000000000000}

Process Information:
	Process ID:		0x128
	Process Name:		C:\Windows\System32\svchost.exe

Network Information:
	Workstation Name:	DESKTOP-8O0G16U
	Source Network Address:	127.0.0.1
	Source Port:		0

Detailed Authentication Information:
	Logon Process:		User32 
	Authentication Package:	Negotiate
	Transited Services:	-
	Package Name (NTLM only):	-
	Key Length:		0

This event is generated when a logon session is created. It is generated on the computer that was accessed.

The subject fields indicate the account on the local system which requested the logon. This is most commonly a service such as the Server service, or a local process such as Winlogon.exe or Services.exe.

The logon type field indicates the kind of logon that occurred. The most common types are 2 (interactive) and 3 (network).

The New Logon fields indicate the account for whom the new logon was created, i.e. the account that was logged on.

The network fields indicate where a remote logon request originated. Workstation name is not always available and may be left blank in some cases.

The impersonation level field indicates the extent to which a process in the logon session can impersonate.

The authentication information fields provide detailed information about this specific logon request.
	- Logon GUID is a unique identifier that can be used to correlate this event with a KDC event.
	- Transited services indicate which intermediate services have participated in this logon request.
	- Package name indicates which sub-protocol was used among the NTLM protocols.
	- Key length indicates the length of the generated session key. This will be 0 if no session key was requested.","4624","2",,"0","12544","0","-9214364837600034816","94655","Microsoft-Windows-Security-Auditing","54849625-5478-4994-a5ba-3e3b0328c30d","Security","708","10520","DESKTOP-8O0G16U",,"07-08-2019 11:54:24","c62bfa3a-41a5-0002-3ffa-2bc6a541d501",,"g:\1.evtx","System.UInt32[]","System.Diagnostics.Eventing.Reader.EventBookmark","Information","Info","Logon","System.Collections.ObjectModel.ReadOnlyCollection`1[System.String]","System.Collections.Generic.List`1[System.Diagnostics.Eventing.Reader.EventProperty]"
"Group membership information.

Subject:
	Security ID:		S-1-5-18
	Account Name:		DESKTOP-8O0G16U$
	Account Domain:		WORKGROUP
	Logon ID:		0x3E7

Logon Type:			2

New Logon:
	Security ID:		S-1-5-21-3497878331-16137086-3393786485-1001
	Account Name:		Dr. Chinmoy Karmakar
	Account Domain:		DESKTOP-8O0G16U
	Logon ID:		0x1F31B373

Event in sequence:		1 of 1

Group Membership:			
		%{S-1-5-21-3497878331-16137086-3393786485-513}
		%{S-1-1-0}
		%{S-1-5-114}
		%{S-1-5-32-544}
		%{S-1-5-32-545}
		%{S-1-5-4}
		%{S-1-2-1}
		%{S-1-5-11}
		%{S-1-5-15}
		%{S-1-5-113}
		%{S-1-2-0}
		%{S-1-5-64-10}
		%{S-1-16-12288}

The subject fields indicate the account on the local system which requested the logon. This is most commonly a service such as the Server service, or a local process such as Winlogon.exe or Services.exe.

The logon type field indicates the kind of logon that occurred. The most common types are 2 (interactive) and 3 (network).

The New Logon fields indicate the account for whom the new logon was created, i.e. the account that was logged on.

This event is generated when the Audit Group Membership subcategory is configured.  The Logon ID field can be used to correlate this event with the corresponding user logon event as well as to any other security audit events generated during this logon session.","4627","0",,"0","12554","0","-9214364837600034816","94654","Microsoft-Windows-Security-Auditing","54849625-5478-4994-a5ba-3e3b0328c30d","Security","708","10520","DESKTOP-8O0G16U",,"07-08-2019 11:54:24","c62bfa3a-41a5-0002-3ffa-2bc6a541d501",,"g:\1.evtx","System.UInt32[]","System.Diagnostics.Eventing.Reader.EventBookmark","Information","Info","Group Membership","System.Collections.ObjectModel.ReadOnlyCollection`1[System.String]","System.Collections.Generic.List`1[System.Diagnostics.Eventing.Reader.EventProperty]"
"An account was successfully logged on.

Subject:
	Security ID:		S-1-5-18
	Account Name:		DESKTOP-8O0G16U$
	Account Domain:		WORKGROUP
	Logon ID:		0x3E7

Logon Information:
	Logon Type:		2
	Restricted Admin Mode:	-
	Virtual Account:		No
	Elevated Token:		Yes

Impersonation Level:		Impersonation

New Logon:
	Security ID:		S-1-5-21-3497878331-16137086-3393786485-1001
	Account Name:		Dr. Chinmoy Karmakar
	Account Domain:		DESKTOP-8O0G16U
	Logon ID:		0x1F31B373
	Linked Logon ID:		0x1F31B396
	Network Account Name:	-
	Network Account Domain:	-
	Logon GUID:		{00000000-0000-0000-0000-000000000000}

Process Information:
	Process ID:		0x128
	Process Name:		C:\Windows\System32\svchost.exe

Network Information:
	Workstation Name:	DESKTOP-8O0G16U
	Source Network Address:	127.0.0.1
	Source Port:		0

Detailed Authentication Information:
	Logon Process:		User32 
	Authentication Package:	Negotiate
	Transited Services:	-
	Package Name (NTLM only):	-
	Key Length:		0

This event is generated when a logon session is created. It is generated on the computer that was accessed.

The subject fields indicate the account on the local system which requested the logon. This is most commonly a service such as the Server service, or a local process such as Winlogon.exe or Services.exe.

The logon type field indicates the kind of logon that occurred. The most common types are 2 (interactive) and 3 (network).

The New Logon fields indicate the account for whom the new logon was created, i.e. the account that was logged on.

The network fields indicate where a remote logon request originated. Workstation name is not always available and may be left blank in some cases.

The impersonation level field indicates the extent to which a process in the logon session can impersonate.

The authentication information fields provide detailed information about this specific logon request.
	- Logon GUID is a unique identifier that can be used to correlate this event with a KDC event.
	- Transited services indicate which intermediate services have participated in this logon request.
	- Package name indicates which sub-protocol was used among the NTLM protocols.
	- Key length indicates the length of the generated session key. This will be 0 if no session key was requested.","4624","2",,"0","12544","0","-9214364837600034816","94653","Microsoft-Windows-Security-Auditing","54849625-5478-4994-a5ba-3e3b0328c30d","Security","708","10520","DESKTOP-8O0G16U",,"07-08-2019 11:54:24","c62bfa3a-41a5-0002-3ffa-2bc6a541d501",,"g:\1.evtx","System.UInt32[]","System.Diagnostics.Eventing.Reader.EventBookmark","Information","Info","Logon","System.Collections.ObjectModel.ReadOnlyCollection`1[System.String]","System.Collections.Generic.List`1[System.Diagnostics.Eventing.Reader.EventProperty]"
"A logon was attempted using explicit credentials.

Subject:
	Security ID:		S-1-5-18
	Account Name:		DESKTOP-8O0G16U$
	Account Domain:		WORKGROUP
	Logon ID:		0x3E7
	Logon GUID:		{00000000-0000-0000-0000-000000000000}

Account Whose Credentials Were Used:
	Account Name:		Dr. Chinmoy Karmakar
	Account Domain:		DESKTOP-8O0G16U
	Logon GUID:		{00000000-0000-0000-0000-000000000000}

Target Server:
	Target Server Name:	localhost
	Additional Information:	localhost

Process Information:
	Process ID:		0x128
	Process Name:		C:\Windows\System32\svchost.exe

Network Information:
	Network Address:	127.0.0.1
	Port:			0

This event is generated when a process attempts to log on an account by explicitly specifying that account?s credentials.  This most commonly occurs in batch-type configurations such as scheduled tasks, or when using the RUNAS command.","4648","0",,"0","12544","0","-9214364837600034816","94652","Microsoft-Windows-Security-Auditing","54849625-5478-4994-a5ba-3e3b0328c30d","Security","708","10520","DESKTOP-8O0G16U",,"07-08-2019 11:54:24","c62bfa3a-41a5-0002-3ffa-2bc6a541d501",,"g:\1.evtx","System.UInt32[]","System.Diagnostics.Eventing.Reader.EventBookmark","Information","Info","Logon","System.Collections.ObjectModel.ReadOnlyCollection`1[System.String]","System.Collections.Generic.List`1[System.Diagnostics.Eventing.Reader.EventProperty]"
"The computer attempted to validate the credentials for an account.

Authentication Package:	MICROSOFT_AUTHENTICATION_PACKAGE_V1_0
Logon Account:	Dr. Chinmoy Karmakar
Source Workstation:	DESKTOP-8O0G16U
Error Code:	0x0","4776","0",,"0","14336","0","-9214364837600034816","94651","Microsoft-Windows-Security-Auditing","54849625-5478-4994-a5ba-3e3b0328c30d","Security","708","10520","DESKTOP-8O0G16U",,"07-08-2019 11:54:24","c62bfa3a-41a5-0001-67ac-2cc6a541d501",,"g:\1.evtx","System.UInt32[]","System.Diagnostics.Eventing.Reader.EventBookmark","Information","Info","Credential Validation","System.Collections.ObjectModel.ReadOnlyCollection`1[System.String]","System.Collections.Generic.List`1[System.Diagnostics.Eventing.Reader.EventProperty]"
"User initiated logoff:

Subject:
	Security ID:		S-1-5-21-3497878331-16137086-3393786485-1001
	Account Name:		Dr. Chinmoy Karmakar
	Account Domain:		DESKTOP-8O0G16U
	Logon ID:		0x1E6C1FFB

This event is generated when a logoff is initiated. No further user-initiated activity can occur. This event can be interpreted as a logoff event.","4647","0",,"0","12545","0","-9214364837600034816","94650","Microsoft-Windows-Security-Auditing","54849625-5478-4994-a5ba-3e3b0328c30d","Security","708","4544","DESKTOP-8O0G16U",,"07-08-2019 11:53:05","c62bfa3a-41a5-0002-3ffa-2bc6a541d501",,"g:\1.evtx","System.UInt32[]","System.Diagnostics.Eventing.Reader.EventBookmark","Information","Info","Logoff","System.Collections.ObjectModel.ReadOnlyCollection`1[System.String]","System.Collections.Generic.List`1[System.Diagnostics.Eventing.Reader.EventProperty]"
"User initiated logoff:

Subject:
	Security ID:		S-1-5-21-3497878331-16137086-3393786485-1003
	Account Name:		Subhamoy
	Account Domain:		DESKTOP-8O0G16U
	Logon ID:		0x1EF33196

This event is generated when a logoff is initiated. No further user-initiated activity can occur. This event can be interpreted as a logoff event.","4647","0",,"0","12545","0","-9214364837600034816","94649","Microsoft-Windows-Security-Auditing","54849625-5478-4994-a5ba-3e3b0328c30d","Security","708","14036","DESKTOP-8O0G16U",,"07-08-2019 11:53:03","c62bfa3a-41a5-0002-3ffa-2bc6a541d501",,"g:\1.evtx","System.UInt32[]","System.Diagnostics.Eventing.Reader.EventBookmark","Information","Info","Logoff","System.Collections.ObjectModel.ReadOnlyCollection`1[System.String]","System.Collections.Generic.List`1[System.Diagnostics.Eventing.Reader.EventProperty]"
"Special privileges assigned to new logon.

Subject:
	Security ID:		S-1-5-90-0-16
	Account Name:		DWM-16
	Account Domain:		Window Manager
	Logon ID:		0x1F2ECC30

Privileges:		SeAssignPrimaryTokenPrivilege
			SeAuditPrivilege","4672","0",,"0","12548","0","-9214364837600034816","94648","Microsoft-Windows-Security-Auditing","54849625-5478-4994-a5ba-3e3b0328c30d","Security","708","14036","DESKTOP-8O0G16U",,"07-08-2019 11:52:59","c62bfa3a-41a5-0002-3ffa-2bc6a541d501",,"g:\1.evtx","System.UInt32[]","System.Diagnostics.Eventing.Reader.EventBookmark","Information","Info","Special Logon","System.Collections.ObjectModel.ReadOnlyCollection`1[System.String]","System.Collections.Generic.List`1[System.Diagnostics.Eventing.Reader.EventProperty]"
"Special privileges assigned to new logon.

Subject:
	Security ID:		S-1-5-90-0-16
	Account Name:		DWM-16
	Account Domain:		Window Manager
	Logon ID:		0x1F2ECBC4

Privileges:		SeAssignPrimaryTokenPrivilege
			SeAuditPrivilege
			SeImpersonatePrivilege","4672","0",,"0","12548","0","-9214364837600034816","94647","Microsoft-Windows-Security-Auditing","54849625-5478-4994-a5ba-3e3b0328c30d","Security","708","14036","DESKTOP-8O0G16U",,"07-08-2019 11:52:59","c62bfa3a-41a5-0002-3ffa-2bc6a541d501",,"g:\1.evtx","System.UInt32[]","System.Diagnostics.Eventing.Reader.EventBookmark","Information","Info","Special Logon","System.Collections.ObjectModel.ReadOnlyCollection`1[System.String]","System.Collections.Generic.List`1[System.Diagnostics.Eventing.Reader.EventProperty]"
"Group membership information.

Subject:
	Security ID:		S-1-5-18
	Account Name:		DESKTOP-8O0G16U$
	Account Domain:		WORKGROUP
	Logon ID:		0x3E7

Logon Type:			2

New Logon:
	Security ID:		S-1-5-90-0-16
	Account Name:		DWM-16
	Account Domain:		Window Manager
	Logon ID:		0x1F2ECC30

Event in sequence:		1 of 1

Group Membership:			
		%{S-1-16-8192}
		%{S-1-1-0}
		%{S-1-5-32-545}
		%{S-1-5-4}
		%{S-1-5-11}
		%{S-1-5-15}
		%{S-1-5-19}
		%{S-1-2-0}
		%{S-1-5-90-0}

The subject fields indicate the account on the local system which requested the logon. This is most commonly a service such as the Server service, or a local process such as Winlogon.exe or Services.exe.

The logon type field indicates the kind of logon that occurred. The most common types are 2 (interactive) and 3 (network).

The New Logon fields indicate the account for whom the new logon was created, i.e. the account that was logged on.

This event is generated when the Audit Group Membership subcategory is configured.  The Logon ID field can be used to correlate this event with the corresponding user logon event as well as to any other security audit events generated during this logon session.","4627","0",,"0","12554","0","-9214364837600034816","94646","Microsoft-Windows-Security-Auditing","54849625-5478-4994-a5ba-3e3b0328c30d","Security","708","14036","DESKTOP-8O0G16U",,"07-08-2019 11:52:59","c62bfa3a-41a5-0002-3ffa-2bc6a541d501",,"g:\1.evtx","System.UInt32[]","System.Diagnostics.Eventing.Reader.EventBookmark","Information","Info","Group Membership","System.Collections.ObjectModel.ReadOnlyCollection`1[System.String]","System.Collections.Generic.List`1[System.Diagnostics.Eventing.Reader.EventProperty]"
"An account was successfully logged on.

Subject:
	Security ID:		S-1-5-18
	Account Name:		DESKTOP-8O0G16U$
	Account Domain:		WORKGROUP
	Logon ID:		0x3E7

Logon Information:
	Logon Type:		2
	Restricted Admin Mode:	-
	Virtual Account:		Yes
	Elevated Token:		No

Impersonation Level:		Impersonation

New Logon:
	Security ID:		S-1-5-90-0-16
	Account Name:		DWM-16
	Account Domain:		Window Manager
	Logon ID:		0x1F2ECC30
	Linked Logon ID:		0x1F2ECBC4
	Network Account Name:	-
	Network Account Domain:	-
	Logon GUID:		{00000000-0000-0000-0000-000000000000}

Process Information:
	Process ID:		0x225c
	Process Name:		C:\Windows\System32\winlogon.exe

Network Information:
	Workstation Name:	
	Source Network Address:	-
	Source Port:		-

Detailed Authentication Information:
	Logon Process:		Advapi  
	Authentication Package:	Negotiate
	Transited Services:	-
	Package Name (NTLM only):	-
	Key Length:		0

This event is generated when a logon session is created. It is generated on the computer that was accessed.

The subject fields indicate the account on the local system which requested the logon. This is most commonly a service such as the Server service, or a local process such as Winlogon.exe or Services.exe.

The logon type field indicates the kind of logon that occurred. The most common types are 2 (interactive) and 3 (network).

The New Logon fields indicate the account for whom the new logon was created, i.e. the account that was logged on.

The network fields indicate where a remote logon request originated. Workstation name is not always available and may be left blank in some cases.

The impersonation level field indicates the extent to which a process in the logon session can impersonate.

The authentication information fields provide detailed information about this specific logon request.
	- Logon GUID is a unique identifier that can be used to correlate this event with a KDC event.
	- Transited services indicate which intermediate services have participated in this logon request.
	- Package name indicates which sub-protocol was used among the NTLM protocols.
	- Key length indicates the length of the generated session key. This will be 0 if no session key was requested.","4624","2",,"0","12544","0","-9214364837600034816","94645","Microsoft-Windows-Security-Auditing","54849625-5478-4994-a5ba-3e3b0328c30d","Security","708","14036","DESKTOP-8O0G16U",,"07-08-2019 11:52:59","c62bfa3a-41a5-0002-3ffa-2bc6a541d501",,"g:\1.evtx","System.UInt32[]","System.Diagnostics.Eventing.Reader.EventBookmark","Information","Info","Logon","System.Collections.ObjectModel.ReadOnlyCollection`1[System.String]","System.Collections.Generic.List`1[System.Diagnostics.Eventing.Reader.EventProperty]"
"Group membership information.

Subject:
	Security ID:		S-1-5-18
	Account Name:		DESKTOP-8O0G16U$
	Account Domain:		WORKGROUP
	Logon ID:		0x3E7

Logon Type:			2

New Logon:
	Security ID:		S-1-5-90-0-16
	Account Name:		DWM-16
	Account Domain:		Window Manager
	Logon ID:		0x1F2ECBC4

Event in sequence:		1 of 1

Group Membership:			
		%{S-1-16-16384}
		%{S-1-1-0}
		%{S-1-5-32-545}
		%{S-1-5-4}
		%{S-1-5-11}
		%{S-1-5-15}
		%{S-1-5-19}
		%{S-1-2-0}
		%{S-1-5-90-0}

The subject fields indicate the account on the local system which requested the logon. This is most commonly a service such as the Server service, or a local process such as Winlogon.exe or Services.exe.

The logon type field indicates the kind of logon that occurred. The most common types are 2 (interactive) and 3 (network).

The New Logon fields indicate the account for whom the new logon was created, i.e. the account that was logged on.

This event is generated when the Audit Group Membership subcategory is configured.  The Logon ID field can be used to correlate this event with the corresponding user logon event as well as to any other security audit events generated during this logon session.","4627","0",,"0","12554","0","-9214364837600034816","94644","Microsoft-Windows-Security-Auditing","54849625-5478-4994-a5ba-3e3b0328c30d","Security","708","14036","DESKTOP-8O0G16U",,"07-08-2019 11:52:59","c62bfa3a-41a5-0002-3ffa-2bc6a541d501",,"g:\1.evtx","System.UInt32[]","System.Diagnostics.Eventing.Reader.EventBookmark","Information","Info","Group Membership","System.Collections.ObjectModel.ReadOnlyCollection`1[System.String]","System.Collections.Generic.List`1[System.Diagnostics.Eventing.Reader.EventProperty]"
"An account was successfully logged on.

Subject:
	Security ID:		S-1-5-18
	Account Name:		DESKTOP-8O0G16U$
	Account Domain:		WORKGROUP
	Logon ID:		0x3E7

Logon Information:
	Logon Type:		2
	Restricted Admin Mode:	-
	Virtual Account:		Yes
	Elevated Token:		Yes

Impersonation Level:		Impersonation

New Logon:
	Security ID:		S-1-5-90-0-16
	Account Name:		DWM-16
	Account Domain:		Window Manager
	Logon ID:		0x1F2ECBC4
	Linked Logon ID:		0x1F2ECC30
	Network Account Name:	-
	Network Account Domain:	-
	Logon GUID:		{00000000-0000-0000-0000-000000000000}

Process Information:
	Process ID:		0x225c
	Process Name:		C:\Windows\System32\winlogon.exe

Network Information:
	Workstation Name:	
	Source Network Address:	-
	Source Port:		-

Detailed Authentication Information:
	Logon Process:		Advapi  
	Authentication Package:	Negotiate
	Transited Services:	-
	Package Name (NTLM only):	-
	Key Length:		0

This event is generated when a logon session is created. It is generated on the computer that was accessed.

The subject fields indicate the account on the local system which requested the logon. This is most commonly a service such as the Server service, or a local process such as Winlogon.exe or Services.exe.

The logon type field indicates the kind of logon that occurred. The most common types are 2 (interactive) and 3 (network).

The New Logon fields indicate the account for whom the new logon was created, i.e. the account that was logged on.

The network fields indicate where a remote logon request originated. Workstation name is not always available and may be left blank in some cases.

The impersonation level field indicates the extent to which a process in the logon session can impersonate.

The authentication information fields provide detailed information about this specific logon request.
	- Logon GUID is a unique identifier that can be used to correlate this event with a KDC event.
	- Transited services indicate which intermediate services have participated in this logon request.
	- Package name indicates which sub-protocol was used among the NTLM protocols.
	- Key length indicates the length of the generated session key. This will be 0 if no session key was requested.","4624","2",,"0","12544","0","-9214364837600034816","94643","Microsoft-Windows-Security-Auditing","54849625-5478-4994-a5ba-3e3b0328c30d","Security","708","14036","DESKTOP-8O0G16U",,"07-08-2019 11:52:59","c62bfa3a-41a5-0002-3ffa-2bc6a541d501",,"g:\1.evtx","System.UInt32[]","System.Diagnostics.Eventing.Reader.EventBookmark","Information","Info","Logon","System.Collections.ObjectModel.ReadOnlyCollection`1[System.String]","System.Collections.Generic.List`1[System.Diagnostics.Eventing.Reader.EventProperty]"
"A logon was attempted using explicit credentials.

Subject:
	Security ID:		S-1-5-18
	Account Name:		DESKTOP-8O0G16U$
	Account Domain:		WORKGROUP
	Logon ID:		0x3E7
	Logon GUID:		{00000000-0000-0000-0000-000000000000}

Account Whose Credentials Were Used:
	Account Name:		DWM-16
	Account Domain:		Window Manager
	Logon GUID:		{00000000-0000-0000-0000-000000000000}

Target Server:
	Target Server Name:	localhost
	Additional Information:	localhost

Process Information:
	Process ID:		0x225c
	Process Name:		C:\Windows\System32\winlogon.exe

Network Information:
	Network Address:	-
	Port:			-

This event is generated when a process attempts to log on an account by explicitly specifying that account?s credentials.  This most commonly occurs in batch-type configurations such as scheduled tasks, or when using the RUNAS command.","4648","0",,"0","12544","0","-9214364837600034816","94642","Microsoft-Windows-Security-Auditing","54849625-5478-4994-a5ba-3e3b0328c30d","Security","708","14036","DESKTOP-8O0G16U",,"07-08-2019 11:52:59","c62bfa3a-41a5-0002-3ffa-2bc6a541d501",,"g:\1.evtx","System.UInt32[]","System.Diagnostics.Eventing.Reader.EventBookmark","Information","Info","Logon","System.Collections.ObjectModel.ReadOnlyCollection`1[System.String]","System.Collections.Generic.List`1[System.Diagnostics.Eventing.Reader.EventProperty]"
"Special privileges assigned to new logon.

Subject:
	Security ID:		S-1-5-18
	Account Name:		SYSTEM
	Account Domain:		NT AUTHORITY
	Logon ID:		0x3E7

Privileges:		SeAssignPrimaryTokenPrivilege
			SeTcbPrivilege
			SeSecurityPrivilege
			SeTakeOwnershipPrivilege
			SeLoadDriverPrivilege
			SeBackupPrivilege
			SeRestorePrivilege
			SeDebugPrivilege
			SeAuditPrivilege
			SeSystemEnvironmentPrivilege
			SeImpersonatePrivilege","4672","0",,"0","12548","0","-9214364837600034816","94641","Microsoft-Windows-Security-Auditing","54849625-5478-4994-a5ba-3e3b0328c30d","Security","708","14036","DESKTOP-8O0G16U",,"07-08-2019 11:49:48","c62bfa3a-41a5-0002-3ffa-2bc6a541d501",,"g:\1.evtx","System.UInt32[]","System.Diagnostics.Eventing.Reader.EventBookmark","Information","Info","Special Logon","System.Collections.ObjectModel.ReadOnlyCollection`1[System.String]","System.Collections.Generic.List`1[System.Diagnostics.Eventing.Reader.EventProperty]"
"Group membership information.

Subject:
	Security ID:		S-1-5-18
	Account Name:		DESKTOP-8O0G16U$
	Account Domain:		WORKGROUP
	Logon ID:		0x3E7

Logon Type:			5

New Logon:
	Security ID:		S-1-5-18
	Account Name:		SYSTEM
	Account Domain:		NT AUTHORITY
	Logon ID:		0x3E7

Event in sequence:		1 of 1

Group Membership:			
		%{S-1-5-32-544}
		%{S-1-1-0}
		%{S-1-5-11}
		%{S-1-16-16384}

The subject fields indicate the account on the local system which requested the logon. This is most commonly a service such as the Server service, or a local process such as Winlogon.exe or Services.exe.

The logon type field indicates the kind of logon that occurred. The most common types are 2 (interactive) and 3 (network).

The New Logon fields indicate the account for whom the new logon was created, i.e. the account that was logged on.

This event is generated when the Audit Group Membership subcategory is configured.  The Logon ID field can be used to correlate this event with the corresponding user logon event as well as to any other security audit events generated during this logon session.","4627","0",,"0","12554","0","-9214364837600034816","94640","Microsoft-Windows-Security-Auditing","54849625-5478-4994-a5ba-3e3b0328c30d","Security","708","14036","DESKTOP-8O0G16U",,"07-08-2019 11:49:48","c62bfa3a-41a5-0002-3ffa-2bc6a541d501",,"g:\1.evtx","System.UInt32[]","System.Diagnostics.Eventing.Reader.EventBookmark","Information","Info","Group Membership","System.Collections.ObjectModel.ReadOnlyCollection`1[System.String]","System.Collections.Generic.List`1[System.Diagnostics.Eventing.Reader.EventProperty]"
"An account was successfully logged on.

Subject:
	Security ID:		S-1-5-18
	Account Name:		DESKTOP-8O0G16U$
	Account Domain:		WORKGROUP
	Logon ID:		0x3E7

Logon Information:
	Logon Type:		5
	Restricted Admin Mode:	-
	Virtual Account:		No
	Elevated Token:		Yes

Impersonation Level:		Impersonation

New Logon:
	Security ID:		S-1-5-18
	Account Name:		SYSTEM
	Account Domain:		NT AUTHORITY
	Logon ID:		0x3E7
	Linked Logon ID:		0x0
	Network Account Name:	-
	Network Account Domain:	-
	Logon GUID:		{00000000-0000-0000-0000-000000000000}

Process Information:
	Process ID:		0x2b0
	Process Name:		C:\Windows\System32\services.exe

Network Information:
	Workstation Name:	
	Source Network Address:	-
	Source Port:		-

Detailed Authentication Information:
	Logon Process:		Advapi  
	Authentication Package:	Negotiate
	Transited Services:	-
	Package Name (NTLM only):	-
	Key Length:		0

This event is generated when a logon session is created. It is generated on the computer that was accessed.

The subject fields indicate the account on the local system which requested the logon. This is most commonly a service such as the Server service, or a local process such as Winlogon.exe or Services.exe.

The logon type field indicates the kind of logon that occurred. The most common types are 2 (interactive) and 3 (network).

The New Logon fields indicate the account for whom the new logon was created, i.e. the account that was logged on.

The network fields indicate where a remote logon request originated. Workstation name is not always available and may be left blank in some cases.

The impersonation level field indicates the extent to which a process in the logon session can impersonate.

The authentication information fields provide detailed information about this specific logon request.
	- Logon GUID is a unique identifier that can be used to correlate this event with a KDC event.
	- Transited services indicate which intermediate services have participated in this logon request.
	- Package name indicates which sub-protocol was used among the NTLM protocols.
	- Key length indicates the length of the generated session key. This will be 0 if no session key was requested.","4624","2",,"0","12544","0","-9214364837600034816","94639","Microsoft-Windows-Security-Auditing","54849625-5478-4994-a5ba-3e3b0328c30d","Security","708","14036","DESKTOP-8O0G16U",,"07-08-2019 11:49:48","c62bfa3a-41a5-0002-3ffa-2bc6a541d501",,"g:\1.evtx","System.UInt32[]","System.Diagnostics.Eventing.Reader.EventBookmark","Information","Info","Logon","System.Collections.ObjectModel.ReadOnlyCollection`1[System.String]","System.Collections.Generic.List`1[System.Diagnostics.Eventing.Reader.EventProperty]"
"Special privileges assigned to new logon.

Subject:
	Security ID:		S-1-5-18
	Account Name:		SYSTEM
	Account Domain:		NT AUTHORITY
	Logon ID:		0x3E7

Privileges:		SeAssignPrimaryTokenPrivilege
			SeTcbPrivilege
			SeSecurityPrivilege
			SeTakeOwnershipPrivilege
			SeLoadDriverPrivilege
			SeBackupPrivilege
			SeRestorePrivilege
			SeDebugPrivilege
			SeAuditPrivilege
			SeSystemEnvironmentPrivilege
			SeImpersonatePrivilege","4672","0",,"0","12548","0","-9214364837600034816","94638","Microsoft-Windows-Security-Auditing","54849625-5478-4994-a5ba-3e3b0328c30d","Security","708","14036","DESKTOP-8O0G16U",,"07-08-2019 11:41:55","c62bfa3a-41a5-0002-3ffa-2bc6a541d501",,"g:\1.evtx","System.UInt32[]","System.Diagnostics.Eventing.Reader.EventBookmark","Information","Info","Special Logon","System.Collections.ObjectModel.ReadOnlyCollection`1[System.String]","System.Collections.Generic.List`1[System.Diagnostics.Eventing.Reader.EventProperty]"
"Group membership information.

Subject:
	Security ID:		S-1-5-18
	Account Name:		DESKTOP-8O0G16U$
	Account Domain:		WORKGROUP
	Logon ID:		0x3E7

Logon Type:			5

New Logon:
	Security ID:		S-1-5-18
	Account Name:		SYSTEM
	Account Domain:		NT AUTHORITY
	Logon ID:		0x3E7

Event in sequence:		1 of 1

Group Membership:			
		%{S-1-5-32-544}
		%{S-1-1-0}
		%{S-1-5-11}
		%{S-1-16-16384}

The subject fields indicate the account on the local system which requested the logon. This is most commonly a service such as the Server service, or a local process such as Winlogon.exe or Services.exe.

The logon type field indicates the kind of logon that occurred. The most common types are 2 (interactive) and 3 (network).

The New Logon fields indicate the account for whom the new logon was created, i.e. the account that was logged on.

This event is generated when the Audit Group Membership subcategory is configured.  The Logon ID field can be used to correlate this event with the corresponding user logon event as well as to any other security audit events generated during this logon session.","4627","0",,"0","12554","0","-9214364837600034816","94637","Microsoft-Windows-Security-Auditing","54849625-5478-4994-a5ba-3e3b0328c30d","Security","708","14036","DESKTOP-8O0G16U",,"07-08-2019 11:41:55","c62bfa3a-41a5-0002-3ffa-2bc6a541d501",,"g:\1.evtx","System.UInt32[]","System.Diagnostics.Eventing.Reader.EventBookmark","Information","Info","Group Membership","System.Collections.ObjectModel.ReadOnlyCollection`1[System.String]","System.Collections.Generic.List`1[System.Diagnostics.Eventing.Reader.EventProperty]"
"An account was successfully logged on.

Subject:
	Security ID:		S-1-5-18
	Account Name:		DESKTOP-8O0G16U$
	Account Domain:		WORKGROUP
	Logon ID:		0x3E7

Logon Information:
	Logon Type:		5
	Restricted Admin Mode:	-
	Virtual Account:		No
	Elevated Token:		Yes

Impersonation Level:		Impersonation

New Logon:
	Security ID:		S-1-5-18
	Account Name:		SYSTEM
	Account Domain:		NT AUTHORITY
	Logon ID:		0x3E7
	Linked Logon ID:		0x0
	Network Account Name:	-
	Network Account Domain:	-
	Logon GUID:		{00000000-0000-0000-0000-000000000000}

Process Information:
	Process ID:		0x2b0
	Process Name:		C:\Windows\System32\services.exe

Network Information:
	Workstation Name:	
	Source Network Address:	-
	Source Port:		-

Detailed Authentication Information:
	Logon Process:		Advapi  
	Authentication Package:	Negotiate
	Transited Services:	-
	Package Name (NTLM only):	-
	Key Length:		0

This event is generated when a logon session is created. It is generated on the computer that was accessed.

The subject fields indicate the account on the local system which requested the logon. This is most commonly a service such as the Server service, or a local process such as Winlogon.exe or Services.exe.

The logon type field indicates the kind of logon that occurred. The most common types are 2 (interactive) and 3 (network).

The New Logon fields indicate the account for whom the new logon was created, i.e. the account that was logged on.

The network fields indicate where a remote logon request originated. Workstation name is not always available and may be left blank in some cases.

The impersonation level field indicates the extent to which a process in the logon session can impersonate.

The authentication information fields provide detailed information about this specific logon request.
	- Logon GUID is a unique identifier that can be used to correlate this event with a KDC event.
	- Transited services indicate which intermediate services have participated in this logon request.
	- Package name indicates which sub-protocol was used among the NTLM protocols.
	- Key length indicates the length of the generated session key. This will be 0 if no session key was requested.","4624","2",,"0","12544","0","-9214364837600034816","94636","Microsoft-Windows-Security-Auditing","54849625-5478-4994-a5ba-3e3b0328c30d","Security","708","14036","DESKTOP-8O0G16U",,"07-08-2019 11:41:55","c62bfa3a-41a5-0002-3ffa-2bc6a541d501",,"g:\1.evtx","System.UInt32[]","System.Diagnostics.Eventing.Reader.EventBookmark","Information","Info","Logon","System.Collections.ObjectModel.ReadOnlyCollection`1[System.String]","System.Collections.Generic.List`1[System.Diagnostics.Eventing.Reader.EventProperty]"
"Special privileges assigned to new logon.

Subject:
	Security ID:		S-1-5-18
	Account Name:		SYSTEM
	Account Domain:		NT AUTHORITY
	Logon ID:		0x3E7

Privileges:		SeAssignPrimaryTokenPrivilege
			SeTcbPrivilege
			SeSecurityPrivilege
			SeTakeOwnershipPrivilege
			SeLoadDriverPrivilege
			SeBackupPrivilege
			SeRestorePrivilege
			SeDebugPrivilege
			SeAuditPrivilege
			SeSystemEnvironmentPrivilege
			SeImpersonatePrivilege","4672","0",,"0","12548","0","-9214364837600034816","94635","Microsoft-Windows-Security-Auditing","54849625-5478-4994-a5ba-3e3b0328c30d","Security","708","13152","DESKTOP-8O0G16U",,"07-08-2019 11:31:09","c62bfa3a-41a5-0002-3ffa-2bc6a541d501",,"g:\1.evtx","System.UInt32[]","System.Diagnostics.Eventing.Reader.EventBookmark","Information","Info","Special Logon","System.Collections.ObjectModel.ReadOnlyCollection`1[System.String]","System.Collections.Generic.List`1[System.Diagnostics.Eventing.Reader.EventProperty]"
"Group membership information.

Subject:
	Security ID:		S-1-5-18
	Account Name:		DESKTOP-8O0G16U$
	Account Domain:		WORKGROUP
	Logon ID:		0x3E7

Logon Type:			5

New Logon:
	Security ID:		S-1-5-18
	Account Name:		SYSTEM
	Account Domain:		NT AUTHORITY
	Logon ID:		0x3E7

Event in sequence:		1 of 1

Group Membership:			
		%{S-1-5-32-544}
		%{S-1-1-0}
		%{S-1-5-11}
		%{S-1-16-16384}

The subject fields indicate the account on the local system which requested the logon. This is most commonly a service such as the Server service, or a local process such as Winlogon.exe or Services.exe.

The logon type field indicates the kind of logon that occurred. The most common types are 2 (interactive) and 3 (network).

The New Logon fields indicate the account for whom the new logon was created, i.e. the account that was logged on.

This event is generated when the Audit Group Membership subcategory is configured.  The Logon ID field can be used to correlate this event with the corresponding user logon event as well as to any other security audit events generated during this logon session.","4627","0",,"0","12554","0","-9214364837600034816","94634","Microsoft-Windows-Security-Auditing","54849625-5478-4994-a5ba-3e3b0328c30d","Security","708","13152","DESKTOP-8O0G16U",,"07-08-2019 11:31:09","c62bfa3a-41a5-0002-3ffa-2bc6a541d501",,"g:\1.evtx","System.UInt32[]","System.Diagnostics.Eventing.Reader.EventBookmark","Information","Info","Group Membership","System.Collections.ObjectModel.ReadOnlyCollection`1[System.String]","System.Collections.Generic.List`1[System.Diagnostics.Eventing.Reader.EventProperty]"
"An account was successfully logged on.

Subject:
	Security ID:		S-1-5-18
	Account Name:		DESKTOP-8O0G16U$
	Account Domain:		WORKGROUP
	Logon ID:		0x3E7

Logon Information:
	Logon Type:		5
	Restricted Admin Mode:	-
	Virtual Account:		No
	Elevated Token:		Yes

Impersonation Level:		Impersonation

New Logon:
	Security ID:		S-1-5-18
	Account Name:		SYSTEM
	Account Domain:		NT AUTHORITY
	Logon ID:		0x3E7
	Linked Logon ID:		0x0
	Network Account Name:	-
	Network Account Domain:	-
	Logon GUID:		{00000000-0000-0000-0000-000000000000}

Process Information:
	Process ID:		0x2b0
	Process Name:		C:\Windows\System32\services.exe

Network Information:
	Workstation Name:	
	Source Network Address:	-
	Source Port:		-

Detailed Authentication Information:
	Logon Process:		Advapi  
	Authentication Package:	Negotiate
	Transited Services:	-
	Package Name (NTLM only):	-
	Key Length:		0

This event is generated when a logon session is created. It is generated on the computer that was accessed.

The subject fields indicate the account on the local system which requested the logon. This is most commonly a service such as the Server service, or a local process such as Winlogon.exe or Services.exe.

The logon type field indicates the kind of logon that occurred. The most common types are 2 (interactive) and 3 (network).

The New Logon fields indicate the account for whom the new logon was created, i.e. the account that was logged on.

The network fields indicate where a remote logon request originated. Workstation name is not always available and may be left blank in some cases.

The impersonation level field indicates the extent to which a process in the logon session can impersonate.

The authentication information fields provide detailed information about this specific logon request.
	- Logon GUID is a unique identifier that can be used to correlate this event with a KDC event.
	- Transited services indicate which intermediate services have participated in this logon request.
	- Package name indicates which sub-protocol was used among the NTLM protocols.
	- Key length indicates the length of the generated session key. This will be 0 if no session key was requested.","4624","2",,"0","12544","0","-9214364837600034816","94633","Microsoft-Windows-Security-Auditing","54849625-5478-4994-a5ba-3e3b0328c30d","Security","708","13152","DESKTOP-8O0G16U",,"07-08-2019 11:31:09","c62bfa3a-41a5-0002-3ffa-2bc6a541d501",,"g:\1.evtx","System.UInt32[]","System.Diagnostics.Eventing.Reader.EventBookmark","Information","Info","Logon","System.Collections.ObjectModel.ReadOnlyCollection`1[System.String]","System.Collections.Generic.List`1[System.Diagnostics.Eventing.Reader.EventProperty]"
"An account was logged off.

Subject:
	Security ID:		S-1-5-90-0-14
	Account Name:		DWM-14
	Account Domain:		Window Manager
	Logon ID:		0x1EC4E911

Logon Type:			2

This event is generated when a logon session is destroyed. It may be positively correlated with a logon event using the Logon ID value. Logon IDs are only unique between reboots on the same computer.","4634","0",,"0","12545","0","-9214364837600034816","94632","Microsoft-Windows-Security-Auditing","54849625-5478-4994-a5ba-3e3b0328c30d","Security","708","14036","DESKTOP-8O0G16U",,"07-08-2019 11:24:20",,,"g:\1.evtx","System.UInt32[]","System.Diagnostics.Eventing.Reader.EventBookmark","Information","Info","Logoff","System.Collections.ObjectModel.ReadOnlyCollection`1[System.String]","System.Collections.Generic.List`1[System.Diagnostics.Eventing.Reader.EventProperty]"
"An account was logged off.

Subject:
	Security ID:		S-1-5-90-0-14
	Account Name:		DWM-14
	Account Domain:		Window Manager
	Logon ID:		0x1EC4E948

Logon Type:			2

This event is generated when a logon session is destroyed. It may be positively correlated with a logon event using the Logon ID value. Logon IDs are only unique between reboots on the same computer.","4634","0",,"0","12545","0","-9214364837600034816","94631","Microsoft-Windows-Security-Auditing","54849625-5478-4994-a5ba-3e3b0328c30d","Security","708","10520","DESKTOP-8O0G16U",,"07-08-2019 11:24:20",,,"g:\1.evtx","System.UInt32[]","System.Diagnostics.Eventing.Reader.EventBookmark","Information","Info","Logoff","System.Collections.ObjectModel.ReadOnlyCollection`1[System.String]","System.Collections.Generic.List`1[System.Diagnostics.Eventing.Reader.EventProperty]"
"An account was logged off.

Subject:
	Security ID:		S-1-5-21-3497878331-16137086-3393786485-1001
	Account Name:		Dr. Chinmoy Karmakar
	Account Domain:		DESKTOP-8O0G16U
	Logon ID:		0x1ECA5BC8

Logon Type:			2

This event is generated when a logon session is destroyed. It may be positively correlated with a logon event using the Logon ID value. Logon IDs are only unique between reboots on the same computer.","4634","0",,"0","12545","0","-9214364837600034816","94630","Microsoft-Windows-Security-Auditing","54849625-5478-4994-a5ba-3e3b0328c30d","Security","708","14036","DESKTOP-8O0G16U",,"07-08-2019 11:24:20",,,"g:\1.evtx","System.UInt32[]","System.Diagnostics.Eventing.Reader.EventBookmark","Information","Info","Logoff","System.Collections.ObjectModel.ReadOnlyCollection`1[System.String]","System.Collections.Generic.List`1[System.Diagnostics.Eventing.Reader.EventProperty]"
"Special privileges assigned to new logon.

Subject:
	Security ID:		S-1-5-18
	Account Name:		SYSTEM
	Account Domain:		NT AUTHORITY
	Logon ID:		0x3E7

Privileges:		SeAssignPrimaryTokenPrivilege
			SeTcbPrivilege
			SeSecurityPrivilege
			SeTakeOwnershipPrivilege
			SeLoadDriverPrivilege
			SeBackupPrivilege
			SeRestorePrivilege
			SeDebugPrivilege
			SeAuditPrivilege
			SeSystemEnvironmentPrivilege
			SeImpersonatePrivilege","4672","0",,"0","12548","0","-9214364837600034816","94629","Microsoft-Windows-Security-Auditing","54849625-5478-4994-a5ba-3e3b0328c30d","Security","708","13152","DESKTOP-8O0G16U",,"07-08-2019 11:22:34","c62bfa3a-41a5-0002-3ffa-2bc6a541d501",,"g:\1.evtx","System.UInt32[]","System.Diagnostics.Eventing.Reader.EventBookmark","Information","Info","Special Logon","System.Collections.ObjectModel.ReadOnlyCollection`1[System.String]","System.Collections.Generic.List`1[System.Diagnostics.Eventing.Reader.EventProperty]"
"Group membership information.

Subject:
	Security ID:		S-1-5-18
	Account Name:		DESKTOP-8O0G16U$
	Account Domain:		WORKGROUP
	Logon ID:		0x3E7

Logon Type:			5

New Logon:
	Security ID:		S-1-5-18
	Account Name:		SYSTEM
	Account Domain:		NT AUTHORITY
	Logon ID:		0x3E7

Event in sequence:		1 of 1

Group Membership:			
		%{S-1-5-32-544}
		%{S-1-1-0}
		%{S-1-5-11}
		%{S-1-16-16384}

The subject fields indicate the account on the local system which requested the logon. This is most commonly a service such as the Server service, or a local process such as Winlogon.exe or Services.exe.

The logon type field indicates the kind of logon that occurred. The most common types are 2 (interactive) and 3 (network).

The New Logon fields indicate the account for whom the new logon was created, i.e. the account that was logged on.

This event is generated when the Audit Group Membership subcategory is configured.  The Logon ID field can be used to correlate this event with the corresponding user logon event as well as to any other security audit events generated during this logon session.","4627","0",,"0","12554","0","-9214364837600034816","94628","Microsoft-Windows-Security-Auditing","54849625-5478-4994-a5ba-3e3b0328c30d","Security","708","13152","DESKTOP-8O0G16U",,"07-08-2019 11:22:34","c62bfa3a-41a5-0002-3ffa-2bc6a541d501",,"g:\1.evtx","System.UInt32[]","System.Diagnostics.Eventing.Reader.EventBookmark","Information","Info","Group Membership","System.Collections.ObjectModel.ReadOnlyCollection`1[System.String]","System.Collections.Generic.List`1[System.Diagnostics.Eventing.Reader.EventProperty]"
"An account was successfully logged on.

