Subject:
	Security ID:		S-1-5-18
	Account Name:		DESKTOP-8O0G16U$
	Account Domain:		WORKGROUP
	Logon ID:		0x3E7

Logon Information:
	Logon Type:		5
	Restricted Admin Mode:	-
	Virtual Account:		No
	Elevated Token:		Yes

Impersonation Level:		Impersonation

New Logon:
	Security ID:		S-1-5-18
	Account Name:		SYSTEM
	Account Domain:		NT AUTHORITY
	Logon ID:		0x3E7
	Linked Logon ID:		0x0
	Network Account Name:	-
	Network Account Domain:	-
	Logon GUID:		{00000000-0000-0000-0000-000000000000}

Process Information:
	Process ID:		0x2b0
	Process Name:		C:\Windows\System32\services.exe

Network Information:
	Workstation Name:	
	Source Network Address:	-
	Source Port:		-

Detailed Authentication Information:
	Logon Process:		Advapi  
	Authentication Package:	Negotiate
	Transited Services:	-
	Package Name (NTLM only):	-
	Key Length:		0

This event is generated when a logon session is created. It is generated on the computer that was accessed.

The subject fields indicate the account on the local system which requested the logon. This is most commonly a service such as the Server service, or a local process such as Winlogon.exe or Services.exe.

The logon type field indicates the kind of logon that occurred. The most common types are 2 (interactive) and 3 (network).

The New Logon fields indicate the account for whom the new logon was created, i.e. the account that was logged on.

The network fields indicate where a remote logon request originated. Workstation name is not always available and may be left blank in some cases.

The impersonation level field indicates the extent to which a process in the logon session can impersonate.

The authentication information fields provide detailed information about this specific logon request.
	- Logon GUID is a unique identifier that can be used to correlate this event with a KDC event.
	- Transited services indicate which intermediate services have participated in this logon request.
	- Package name indicates which sub-protocol was used among the NTLM protocols.
	- Key length indicates the length of the generated session key. This will be 0 if no session key was requested.","4624","2",,"0","12544","0","-9214364837600034816","94446","Microsoft-Windows-Security-Auditing","54849625-5478-4994-a5ba-3e3b0328c30d","Security","708","14036","DESKTOP-8O0G16U",,"07-08-2019 10:11:21","c62bfa3a-41a5-0002-3ffa-2bc6a541d501",,"g:\1.evtx","System.UInt32[]","System.Diagnostics.Eventing.Reader.EventBookmark","Information","Info","Logon","System.Collections.ObjectModel.ReadOnlyCollection`1[System.String]","System.Collections.Generic.List`1[System.Diagnostics.Eventing.Reader.EventProperty]"
"Special privileges assigned to new logon.

Subject:
	Security ID:		S-1-5-19
	Account Name:		LOCAL SERVICE
	Account Domain:		NT AUTHORITY
	Logon ID:		0x3E5

Privileges:		SeAssignPrimaryTokenPrivilege
			SeAuditPrivilege
			SeImpersonatePrivilege","4672","0",,"0","12548","0","-9214364837600034816","94445","Microsoft-Windows-Security-Auditing","54849625-5478-4994-a5ba-3e3b0328c30d","Security","708","7580","DESKTOP-8O0G16U",,"07-08-2019 10:11:21","c62bfa3a-41a5-0002-3ffa-2bc6a541d501",,"g:\1.evtx","System.UInt32[]","System.Diagnostics.Eventing.Reader.EventBookmark","Information","Info","Special Logon","System.Collections.ObjectModel.ReadOnlyCollection`1[System.String]","System.Collections.Generic.List`1[System.Diagnostics.Eventing.Reader.EventProperty]"
"Group membership information.

Subject:
	Security ID:		S-1-5-18
	Account Name:		DESKTOP-8O0G16U$
	Account Domain:		WORKGROUP
	Logon ID:		0x3E7

Logon Type:			5

New Logon:
	Security ID:		S-1-5-19
	Account Name:		LOCAL SERVICE
	Account Domain:		NT AUTHORITY
	Logon ID:		0x3E5

Event in sequence:		1 of 1

Group Membership:			
		%{S-1-16-16384}
		%{S-1-1-0}
		%{S-1-5-32-545}
		%{S-1-5-6}
		%{S-1-2-1}
		%{S-1-5-11}
		%{S-1-5-15}
		%{S-1-5-80-3532809085-2652327567-2620918877-1058261733-582902671}
		%{S-1-5-80-2586557155-168560303-1373426920-983201488-1499765686}
		%{S-1-5-80-3433512109-503559027-1389316256-1766580070-2256751264}
		%{S-1-5-80-1772571935-1555666882-3369284645-1675012128-2386634627}
		%{S-1-5-80-364023826-931424190-487969545-1024119571-74567675}
		%{S-1-5-80-3655275221-2954682349-3644260495-855223267-1438849333}
		%{S-1-5-80-2168654060-3115992504-1782388893-2584760693-2634250426}
		%{S-1-5-80-940647296-341435850-43817331-158078607-2483727905}
		%{S-1-5-80-3635958274-2059881490-2225992882-984577281-633327304}
		%{S-1-5-80-2310782386-4237065203-3688974353-390202159-3511571085}
		%{S-1-5-80-2822507136-3601578665-1013168651-121944544-1825232178}
		%{S-1-5-80-3435701886-799518250-3791383489-3228296122-2938884314}
		%{S-1-5-80-4267341169-2882910712-659946508-2704364837-2204554466}
		%{S-1-5-80-3139157870-2983391045-3678747466-658725712-1809340420}
		%{S-1-5-80-324959683-3395802011-921526492-919036580-1730255754}
		%{S-1-5-80-2455429942-3131183193-3617688776-595395669-3772047725}
		%{S-1-5-80-3006764832-2469330069-4024865495-2754276538-3243839463}
		%{S-1-2-0}

The subject fields indicate the account on the local system which requested the logon. This is most commonly a service such as the Server service, or a local process such as Winlogon.exe or Services.exe.

The logon type field indicates the kind of logon that occurred. The most common types are 2 (interactive) and 3 (network).

The New Logon fields indicate the account for whom the new logon was created, i.e. the account that was logged on.

This event is generated when the Audit Group Membership subcategory is configured.  The Logon ID field can be used to correlate this event with the corresponding user logon event as well as to any other security audit events generated during this logon session.","4627","0",,"0","12554","0","-9214364837600034816","94444","Microsoft-Windows-Security-Auditing","54849625-5478-4994-a5ba-3e3b0328c30d","Security","708","7580","DESKTOP-8O0G16U",,"07-08-2019 10:11:21","c62bfa3a-41a5-0002-3ffa-2bc6a541d501",,"g:\1.evtx","System.UInt32[]","System.Diagnostics.Eventing.Reader.EventBookmark","Information","Info","Group Membership","System.Collections.ObjectModel.ReadOnlyCollection`1[System.String]","System.Collections.Generic.List`1[System.Diagnostics.Eventing.Reader.EventProperty]"
"An account was successfully logged on.

Subject:
	Security ID:		S-1-5-18
	Account Name:		DESKTOP-8O0G16U$
	Account Domain:		WORKGROUP
	Logon ID:		0x3E7

Logon Information:
	Logon Type:		5
	Restricted Admin Mode:	-
	Virtual Account:		No
	Elevated Token:		Yes

Impersonation Level:		Impersonation

New Logon:
	Security ID:		S-1-5-19
	Account Name:		LOCAL SERVICE
	Account Domain:		NT AUTHORITY
	Logon ID:		0x3E5
	Linked Logon ID:		0x0
	Network Account Name:	-
	Network Account Domain:	-
	Logon GUID:		{00000000-0000-0000-0000-000000000000}

Process Information:
	Process ID:		0x2b0
	Process Name:		C:\Windows\System32\services.exe

Network Information:
	Workstation Name:	
	Source Network Address:	-
	Source Port:		-

Detailed Authentication Information:
	Logon Process:		Advapi  
	Authentication Package:	Negotiate
	Transited Services:	-
	Package Name (NTLM only):	-
	Key Length:		0

This event is generated when a logon session is created. It is generated on the computer that was accessed.

The subject fields indicate the account on the local system which requested the logon. This is most commonly a service such as the Server service, or a local process such as Winlogon.exe or Services.exe.

The logon type field indicates the kind of logon that occurred. The most common types are 2 (interactive) and 3 (network).

The New Logon fields indicate the account for whom the new logon was created, i.e. the account that was logged on.

The network fields indicate where a remote logon request originated. Workstation name is not always available and may be left blank in some cases.

The impersonation level field indicates the extent to which a process in the logon session can impersonate.

The authentication information fields provide detailed information about this specific logon request.
	- Logon GUID is a unique identifier that can be used to correlate this event with a KDC event.
	- Transited services indicate which intermediate services have participated in this logon request.
	- Package name indicates which sub-protocol was used among the NTLM protocols.
	- Key length indicates the length of the generated session key. This will be 0 if no session key was requested.","4624","2",,"0","12544","0","-9214364837600034816","94443","Microsoft-Windows-Security-Auditing","54849625-5478-4994-a5ba-3e3b0328c30d","Security","708","7580","DESKTOP-8O0G16U",,"07-08-2019 10:11:21","c62bfa3a-41a5-0002-3ffa-2bc6a541d501",,"g:\1.evtx","System.UInt32[]","System.Diagnostics.Eventing.Reader.EventBookmark","Information","Info","Logon","System.Collections.ObjectModel.ReadOnlyCollection`1[System.String]","System.Collections.Generic.List`1[System.Diagnostics.Eventing.Reader.EventProperty]"
"A user's local group membership was enumerated.

Subject:
	Security ID:		S-1-5-21-3497878331-16137086-3393786485-1001
	Account Name:		Dr. Chinmoy Karmakar
	Account Domain:		DESKTOP-8O0G16U
	Logon ID:		0x1E6C1FFB

User:
	Security ID:		S-1-5-21-3497878331-16137086-3393786485-1001
	Account Name:		Dr. Chinmoy Karmakar
	Account Domain:		DESKTOP-8O0G16U

Process Information:
	Process ID:		0x1190
	Process Name:		C:\Windows\explorer.exe","4798","0",,"0","13824","0","-9214364837600034816","94442","Microsoft-Windows-Security-Auditing","54849625-5478-4994-a5ba-3e3b0328c30d","Security","708","7580","DESKTOP-8O0G16U",,"07-08-2019 10:11:13","c62bfa3a-41a5-0002-3ffa-2bc6a541d501",,"g:\1.evtx","System.UInt32[]","System.Diagnostics.Eventing.Reader.EventBookmark","Information","Info","User Account Management","System.Collections.ObjectModel.ReadOnlyCollection`1[System.String]","System.Collections.Generic.List`1[System.Diagnostics.Eventing.Reader.EventProperty]"
"A user's local group membership was enumerated.

Subject:
	Security ID:		S-1-5-21-3497878331-16137086-3393786485-1001
	Account Name:		Dr. Chinmoy Karmakar
	Account Domain:		DESKTOP-8O0G16U
	Logon ID:		0x1E6C1FFB

User:
	Security ID:		S-1-5-21-3497878331-16137086-3393786485-1001
	Account Name:		Dr. Chinmoy Karmakar
	Account Domain:		DESKTOP-8O0G16U

Process Information:
	Process ID:		0x1190
	Process Name:		C:\Windows\explorer.exe","4798","0",,"0","13824","0","-9214364837600034816","94441","Microsoft-Windows-Security-Auditing","54849625-5478-4994-a5ba-3e3b0328c30d","Security","708","7580","DESKTOP-8O0G16U",,"07-08-2019 10:11:11","c62bfa3a-41a5-0002-3ffa-2bc6a541d501",,"g:\1.evtx","System.UInt32[]","System.Diagnostics.Eventing.Reader.EventBookmark","Information","Info","User Account Management","System.Collections.ObjectModel.ReadOnlyCollection`1[System.String]","System.Collections.Generic.List`1[System.Diagnostics.Eventing.Reader.EventProperty]"
"An account was logged off.

Subject:
	Security ID:		S-1-5-90-0-12
	Account Name:		DWM-12
	Account Domain:		Window Manager
	Logon ID:		0x17F80DA5

Logon Type:			2

This event is generated when a logon session is destroyed. It may be positively correlated with a logon event using the Logon ID value. Logon IDs are only unique between reboots on the same computer.","4634","0",,"0","12545","0","-9214364837600034816","94440","Microsoft-Windows-Security-Auditing","54849625-5478-4994-a5ba-3e3b0328c30d","Security","708","7580","DESKTOP-8O0G16U",,"07-08-2019 10:10:19",,,"g:\1.evtx","System.UInt32[]","System.Diagnostics.Eventing.Reader.EventBookmark","Information","Info","Logoff","System.Collections.ObjectModel.ReadOnlyCollection`1[System.String]","System.Collections.Generic.List`1[System.Diagnostics.Eventing.Reader.EventProperty]"
"An account was logged off.

Subject:
	Security ID:		S-1-5-90-0-12
	Account Name:		DWM-12
	Account Domain:		Window Manager
	Logon ID:		0x17F80DC1

Logon Type:			2

This event is generated when a logon session is destroyed. It may be positively correlated with a logon event using the Logon ID value. Logon IDs are only unique between reboots on the same computer.","4634","0",,"0","12545","0","-9214364837600034816","94439","Microsoft-Windows-Security-Auditing","54849625-5478-4994-a5ba-3e3b0328c30d","Security","708","7580","DESKTOP-8O0G16U",,"07-08-2019 10:10:19",,,"g:\1.evtx","System.UInt32[]","System.Diagnostics.Eventing.Reader.EventBookmark","Information","Info","Logoff","System.Collections.ObjectModel.ReadOnlyCollection`1[System.String]","System.Collections.Generic.List`1[System.Diagnostics.Eventing.Reader.EventProperty]"
"A user's local group membership was enumerated.

Subject:
	Security ID:		S-1-5-21-3497878331-16137086-3393786485-1001
	Account Name:		Dr. Chinmoy Karmakar
	Account Domain:		DESKTOP-8O0G16U
	Logon ID:		0x1E6C1FFB

User:
	Security ID:		S-1-5-21-3497878331-16137086-3393786485-1001
	Account Name:		Dr. Chinmoy Karmakar
	Account Domain:		DESKTOP-8O0G16U

Process Information:
	Process ID:		0x266c
	Process Name:		C:\Program Files\Synaptics\SynTP\SynTPEnh.exe","4798","0",,"0","13824","0","-9214364837600034816","94438","Microsoft-Windows-Security-Auditing","54849625-5478-4994-a5ba-3e3b0328c30d","Security","708","7580","DESKTOP-8O0G16U",,"07-08-2019 10:10:19","c62bfa3a-41a5-0002-3ffa-2bc6a541d501",,"g:\1.evtx","System.UInt32[]","System.Diagnostics.Eventing.Reader.EventBookmark","Information","Info","User Account Management","System.Collections.ObjectModel.ReadOnlyCollection`1[System.String]","System.Collections.Generic.List`1[System.Diagnostics.Eventing.Reader.EventProperty]"
"A security-enabled local group membership was enumerated.

Subject:
	Security ID:		S-1-5-18
	Account Name:		DESKTOP-8O0G16U$
	Account Domain:		WORKGROUP
	Logon ID:		0x3E7

Group:
	Security ID:		S-1-5-32-544
	Group Name:		Administrators
	Group Domain:		Builtin

Process Information:
	Process ID:		0x128
	Process Name:		C:\Windows\System32\svchost.exe","4799","0",,"0","13826","0","-9214364837600034816","94437","Microsoft-Windows-Security-Auditing","54849625-5478-4994-a5ba-3e3b0328c30d","Security","708","7580","DESKTOP-8O0G16U",,"07-08-2019 10:10:18","c62bfa3a-41a5-0002-3ffa-2bc6a541d501",,"g:\1.evtx","System.UInt32[]","System.Diagnostics.Eventing.Reader.EventBookmark","Information","Info","Security Group Management","System.Collections.ObjectModel.ReadOnlyCollection`1[System.String]","System.Collections.Generic.List`1[System.Diagnostics.Eventing.Reader.EventProperty]"
"Special privileges assigned to new logon.

Subject:
	Security ID:		S-1-5-21-3497878331-16137086-3393786485-1001
	Account Name:		Dr. Chinmoy Karmakar
	Account Domain:		DESKTOP-8O0G16U
	Logon ID:		0x1E6C1F95

Privileges:		SeSecurityPrivilege
			SeTakeOwnershipPrivilege
			SeLoadDriverPrivilege
			SeBackupPrivilege
			SeRestorePrivilege
			SeDebugPrivilege
			SeSystemEnvironmentPrivilege
			SeImpersonatePrivilege","4672","0",,"0","12548","0","-9214364837600034816","94436","Microsoft-Windows-Security-Auditing","54849625-5478-4994-a5ba-3e3b0328c30d","Security","708","7580","DESKTOP-8O0G16U",,"07-08-2019 10:10:17","c62bfa3a-41a5-0002-3ffa-2bc6a541d501",,"g:\1.evtx","System.UInt32[]","System.Diagnostics.Eventing.Reader.EventBookmark","Information","Info","Special Logon","System.Collections.ObjectModel.ReadOnlyCollection`1[System.String]","System.Collections.Generic.List`1[System.Diagnostics.Eventing.Reader.EventProperty]"
"Group membership information.

Subject:
	Security ID:		S-1-5-18
	Account Name:		DESKTOP-8O0G16U$
	Account Domain:		WORKGROUP
	Logon ID:		0x3E7

Logon Type:			2

New Logon:
	Security ID:		S-1-5-21-3497878331-16137086-3393786485-1001
	Account Name:		Dr. Chinmoy Karmakar
	Account Domain:		DESKTOP-8O0G16U
	Logon ID:		0x1E6C1FFB

Event in sequence:		1 of 1

Group Membership:			
		%{S-1-5-21-3497878331-16137086-3393786485-513}
		%{S-1-1-0}
		%{S-1-5-114}
		%{S-1-5-32-544}
		%{S-1-5-32-545}
		%{S-1-5-4}
		%{S-1-2-1}
		%{S-1-5-11}
		%{S-1-5-15}
		%{S-1-5-113}
		%{S-1-2-0}
		%{S-1-5-64-10}
		%{S-1-16-8192}

The subject fields indicate the account on the local system which requested the logon. This is most commonly a service such as the Server service, or a local process such as Winlogon.exe or Services.exe.

The logon type field indicates the kind of logon that occurred. The most common types are 2 (interactive) and 3 (network).

The New Logon fields indicate the account for whom the new logon was created, i.e. the account that was logged on.

This event is generated when the Audit Group Membership subcategory is configured.  The Logon ID field can be used to correlate this event with the corresponding user logon event as well as to any other security audit events generated during this logon session.","4627","0",,"0","12554","0","-9214364837600034816","94435","Microsoft-Windows-Security-Auditing","54849625-5478-4994-a5ba-3e3b0328c30d","Security","708","7580","DESKTOP-8O0G16U",,"07-08-2019 10:10:17","c62bfa3a-41a5-0002-3ffa-2bc6a541d501",,"g:\1.evtx","System.UInt32[]","System.Diagnostics.Eventing.Reader.EventBookmark","Information","Info","Group Membership","System.Collections.ObjectModel.ReadOnlyCollection`1[System.String]","System.Collections.Generic.List`1[System.Diagnostics.Eventing.Reader.EventProperty]"
"An account was successfully logged on.

Subject:
	Security ID:		S-1-5-18
	Account Name:		DESKTOP-8O0G16U$
	Account Domain:		WORKGROUP
	Logon ID:		0x3E7

Logon Information:
	Logon Type:		2
	Restricted Admin Mode:	-
	Virtual Account:		No
	Elevated Token:		No

Impersonation Level:		Impersonation

New Logon:
	Security ID:		S-1-5-21-3497878331-16137086-3393786485-1001
	Account Name:		Dr. Chinmoy Karmakar
	Account Domain:		DESKTOP-8O0G16U
	Logon ID:		0x1E6C1FFB
	Linked Logon ID:		0x1E6C1F95
	Network Account Name:	-
	Network Account Domain:	-
	Logon GUID:		{00000000-0000-0000-0000-000000000000}

Process Information:
	Process ID:		0x128
	Process Name:		C:\Windows\System32\svchost.exe

Network Information:
	Workstation Name:	DESKTOP-8O0G16U
	Source Network Address:	127.0.0.1
	Source Port:		0

Detailed Authentication Information:
	Logon Process:		User32 
	Authentication Package:	Negotiate
	Transited Services:	-
	Package Name (NTLM only):	-
	Key Length:		0

This event is generated when a logon session is created. It is generated on the computer that was accessed.

The subject fields indicate the account on the local system which requested the logon. This is most commonly a service such as the Server service, or a local process such as Winlogon.exe or Services.exe.

The logon type field indicates the kind of logon that occurred. The most common types are 2 (interactive) and 3 (network).

The New Logon fields indicate the account for whom the new logon was created, i.e. the account that was logged on.

The network fields indicate where a remote logon request originated. Workstation name is not always available and may be left blank in some cases.

The impersonation level field indicates the extent to which a process in the logon session can impersonate.

The authentication information fields provide detailed information about this specific logon request.
	- Logon GUID is a unique identifier that can be used to correlate this event with a KDC event.
	- Transited services indicate which intermediate services have participated in this logon request.
	- Package name indicates which sub-protocol was used among the NTLM protocols.
	- Key length indicates the length of the generated session key. This will be 0 if no session key was requested.","4624","2",,"0","12544","0","-9214364837600034816","94434","Microsoft-Windows-Security-Auditing","54849625-5478-4994-a5ba-3e3b0328c30d","Security","708","7580","DESKTOP-8O0G16U",,"07-08-2019 10:10:17","c62bfa3a-41a5-0002-3ffa-2bc6a541d501",,"g:\1.evtx","System.UInt32[]","System.Diagnostics.Eventing.Reader.EventBookmark","Information","Info","Logon","System.Collections.ObjectModel.ReadOnlyCollection`1[System.String]","System.Collections.Generic.List`1[System.Diagnostics.Eventing.Reader.EventProperty]"
"Group membership information.

Subject:
	Security ID:		S-1-5-18
	Account Name:		DESKTOP-8O0G16U$
	Account Domain:		WORKGROUP
	Logon ID:		0x3E7

Logon Type:			2

New Logon:
	Security ID:		S-1-5-21-3497878331-16137086-3393786485-1001
	Account Name:		Dr. Chinmoy Karmakar
	Account Domain:		DESKTOP-8O0G16U
	Logon ID:		0x1E6C1F95

Event in sequence:		1 of 1

Group Membership:			
		%{S-1-5-21-3497878331-16137086-3393786485-513}
		%{S-1-1-0}
		%{S-1-5-114}
		%{S-1-5-32-544}
		%{S-1-5-32-545}
		%{S-1-5-4}
		%{S-1-2-1}
		%{S-1-5-11}
		%{S-1-5-15}
		%{S-1-5-113}
		%{S-1-2-0}
		%{S-1-5-64-10}
		%{S-1-16-12288}

The subject fields indicate the account on the local system which requested the logon. This is most commonly a service such as the Server service, or a local process such as Winlogon.exe or Services.exe.

The logon type field indicates the kind of logon that occurred. The most common types are 2 (interactive) and 3 (network).

The New Logon fields indicate the account for whom the new logon was created, i.e. the account that was logged on.

This event is generated when the Audit Group Membership subcategory is configured.  The Logon ID field can be used to correlate this event with the corresponding user logon event as well as to any other security audit events generated during this logon session.","4627","0",,"0","12554","0","-9214364837600034816","94433","Microsoft-Windows-Security-Auditing","54849625-5478-4994-a5ba-3e3b0328c30d","Security","708","7580","DESKTOP-8O0G16U",,"07-08-2019 10:10:17","c62bfa3a-41a5-0002-3ffa-2bc6a541d501",,"g:\1.evtx","System.UInt32[]","System.Diagnostics.Eventing.Reader.EventBookmark","Information","Info","Group Membership","System.Collections.ObjectModel.ReadOnlyCollection`1[System.String]","System.Collections.Generic.List`1[System.Diagnostics.Eventing.Reader.EventProperty]"
"An account was successfully logged on.

Subject:
	Security ID:		S-1-5-18
	Account Name:		DESKTOP-8O0G16U$
	Account Domain:		WORKGROUP
	Logon ID:		0x3E7

Logon Information:
	Logon Type:		2
	Restricted Admin Mode:	-
	Virtual Account:		No
	Elevated Token:		Yes

Impersonation Level:		Impersonation

New Logon:
	Security ID:		S-1-5-21-3497878331-16137086-3393786485-1001
	Account Name:		Dr. Chinmoy Karmakar
	Account Domain:		DESKTOP-8O0G16U
	Logon ID:		0x1E6C1F95
	Linked Logon ID:		0x1E6C1FFB
	Network Account Name:	-
	Network Account Domain:	-
	Logon GUID:		{00000000-0000-0000-0000-000000000000}

Process Information:
	Process ID:		0x128
	Process Name:		C:\Windows\System32\svchost.exe

Network Information:
	Workstation Name:	DESKTOP-8O0G16U
	Source Network Address:	127.0.0.1
	Source Port:		0

Detailed Authentication Information:
	Logon Process:		User32 
	Authentication Package:	Negotiate
	Transited Services:	-
	Package Name (NTLM only):	-
	Key Length:		0

This event is generated when a logon session is created. It is generated on the computer that was accessed.

The subject fields indicate the account on the local system which requested the logon. This is most commonly a service such as the Server service, or a local process such as Winlogon.exe or Services.exe.

The logon type field indicates the kind of logon that occurred. The most common types are 2 (interactive) and 3 (network).

The New Logon fields indicate the account for whom the new logon was created, i.e. the account that was logged on.

The network fields indicate where a remote logon request originated. Workstation name is not always available and may be left blank in some cases.

The impersonation level field indicates the extent to which a process in the logon session can impersonate.

The authentication information fields provide detailed information about this specific logon request.
	- Logon GUID is a unique identifier that can be used to correlate this event with a KDC event.
	- Transited services indicate which intermediate services have participated in this logon request.
	- Package name indicates which sub-protocol was used among the NTLM protocols.
	- Key length indicates the length of the generated session key. This will be 0 if no session key was requested.","4624","2",,"0","12544","0","-9214364837600034816","94432","Microsoft-Windows-Security-Auditing","54849625-5478-4994-a5ba-3e3b0328c30d","Security","708","7580","DESKTOP-8O0G16U",,"07-08-2019 10:10:17","c62bfa3a-41a5-0002-3ffa-2bc6a541d501",,"g:\1.evtx","System.UInt32[]","System.Diagnostics.Eventing.Reader.EventBookmark","Information","Info","Logon","System.Collections.ObjectModel.ReadOnlyCollection`1[System.String]","System.Collections.Generic.List`1[System.Diagnostics.Eventing.Reader.EventProperty]"
"A logon was attempted using explicit credentials.

Subject:
	Security ID:		S-1-5-18
	Account Name:		DESKTOP-8O0G16U$
	Account Domain:		WORKGROUP
	Logon ID:		0x3E7
	Logon GUID:		{00000000-0000-0000-0000-000000000000}

Account Whose Credentials Were Used:
	Account Name:		Dr. Chinmoy Karmakar
	Account Domain:		DESKTOP-8O0G16U
	Logon GUID:		{00000000-0000-0000-0000-000000000000}

Target Server:
	Target Server Name:	localhost
	Additional Information:	localhost

Process Information:
	Process ID:		0x128
	Process Name:		C:\Windows\System32\svchost.exe

Network Information:
	Network Address:	127.0.0.1
	Port:			0

This event is generated when a process attempts to log on an account by explicitly specifying that account?s credentials.  This most commonly occurs in batch-type configurations such as scheduled tasks, or when using the RUNAS command.","4648","0",,"0","12544","0","-9214364837600034816","94431","Microsoft-Windows-Security-Auditing","54849625-5478-4994-a5ba-3e3b0328c30d","Security","708","7580","DESKTOP-8O0G16U",,"07-08-2019 10:10:17","c62bfa3a-41a5-0002-3ffa-2bc6a541d501",,"g:\1.evtx","System.UInt32[]","System.Diagnostics.Eventing.Reader.EventBookmark","Information","Info","Logon","System.Collections.ObjectModel.ReadOnlyCollection`1[System.String]","System.Collections.Generic.List`1[System.Diagnostics.Eventing.Reader.EventProperty]"
"The computer attempted to validate the credentials for an account.

Authentication Package:	MICROSOFT_AUTHENTICATION_PACKAGE_V1_0
Logon Account:	Dr. Chinmoy Karmakar
Source Workstation:	DESKTOP-8O0G16U
Error Code:	0x0","4776","0",,"0","14336","0","-9214364837600034816","94430","Microsoft-Windows-Security-Auditing","54849625-5478-4994-a5ba-3e3b0328c30d","Security","708","7580","DESKTOP-8O0G16U",,"07-08-2019 10:10:17","c62bfa3a-41a5-0000-fca3-2cc6a541d501",,"g:\1.evtx","System.UInt32[]","System.Diagnostics.Eventing.Reader.EventBookmark","Information","Info","Credential Validation","System.Collections.ObjectModel.ReadOnlyCollection`1[System.String]","System.Collections.Generic.List`1[System.Diagnostics.Eventing.Reader.EventProperty]"
"A user's local group membership was enumerated.

Subject:
	Security ID:		S-1-5-18
	Account Name:		DESKTOP-8O0G16U$
	Account Domain:		WORKGROUP
	Logon ID:		0x3E7

User:
	Security ID:		S-1-5-21-3497878331-16137086-3393786485-1003
	Account Name:		Subhamoy
	Account Domain:		DESKTOP-8O0G16U

Process Information:
	Process ID:		0x16c8
	Process Name:		C:\Windows\System32\LogonUI.exe","4798","0",,"0","13824","0","-9214364837600034816","94429","Microsoft-Windows-Security-Auditing","54849625-5478-4994-a5ba-3e3b0328c30d","Security","708","7580","DESKTOP-8O0G16U",,"07-08-2019 10:10:17","c62bfa3a-41a5-0002-3ffa-2bc6a541d501",,"g:\1.evtx","System.UInt32[]","System.Diagnostics.Eventing.Reader.EventBookmark","Information","Info","User Account Management","System.Collections.ObjectModel.ReadOnlyCollection`1[System.String]","System.Collections.Generic.List`1[System.Diagnostics.Eventing.Reader.EventProperty]"
"A user's local group membership was enumerated.

Subject:
	Security ID:		S-1-5-18
	Account Name:		DESKTOP-8O0G16U$
	Account Domain:		WORKGROUP
	Logon ID:		0x3E7

User:
	Security ID:		S-1-5-21-3497878331-16137086-3393786485-1001
	Account Name:		Dr. Chinmoy Karmakar
	Account Domain:		DESKTOP-8O0G16U

Process Information:
	Process ID:		0x16c8
	Process Name:		C:\Windows\System32\LogonUI.exe","4798","0",,"0","13824","0","-9214364837600034816","94428","Microsoft-Windows-Security-Auditing","54849625-5478-4994-a5ba-3e3b0328c30d","Security","708","7580","DESKTOP-8O0G16U",,"07-08-2019 10:10:17","c62bfa3a-41a5-0002-3ffa-2bc6a541d501",,"g:\1.evtx","System.UInt32[]","System.Diagnostics.Eventing.Reader.EventBookmark","Information","Info","User Account Management","System.Collections.ObjectModel.ReadOnlyCollection`1[System.String]","System.Collections.Generic.List`1[System.Diagnostics.Eventing.Reader.EventProperty]"
"A user's local group membership was enumerated.

Subject:
	Security ID:		S-1-5-18
	Account Name:		DESKTOP-8O0G16U$
	Account Domain:		WORKGROUP
	Logon ID:		0x3E7

User:
	Security ID:		S-1-5-21-3497878331-16137086-3393786485-1003
	Account Name:		Subhamoy
	Account Domain:		DESKTOP-8O0G16U

Process Information:
	Process ID:		0x16c8
	Process Name:		C:\Windows\System32\LogonUI.exe","4798","0",,"0","13824","0","-9214364837600034816","94427","Microsoft-Windows-Security-Auditing","54849625-5478-4994-a5ba-3e3b0328c30d","Security","708","7580","DESKTOP-8O0G16U",,"07-08-2019 10:10:15","c62bfa3a-41a5-0002-3ffa-2bc6a541d501",,"g:\1.evtx","System.UInt32[]","System.Diagnostics.Eventing.Reader.EventBookmark","Information","Info","User Account Management","System.Collections.ObjectModel.ReadOnlyCollection`1[System.String]","System.Collections.Generic.List`1[System.Diagnostics.Eventing.Reader.EventProperty]"
"A user's local group membership was enumerated.

Subject:
	Security ID:		S-1-5-18
	Account Name:		DESKTOP-8O0G16U$
	Account Domain:		WORKGROUP
	Logon ID:		0x3E7

User:
	Security ID:		S-1-5-21-3497878331-16137086-3393786485-1001
	Account Name:		Dr. Chinmoy Karmakar
	Account Domain:		DESKTOP-8O0G16U

Process Information:
	Process ID:		0x16c8
	Process Name:		C:\Windows\System32\LogonUI.exe","4798","0",,"0","13824","0","-9214364837600034816","94426","Microsoft-Windows-Security-Auditing","54849625-5478-4994-a5ba-3e3b0328c30d","Security","708","7580","DESKTOP-8O0G16U",,"07-08-2019 10:10:15","c62bfa3a-41a5-0002-3ffa-2bc6a541d501",,"g:\1.evtx","System.UInt32[]","System.Diagnostics.Eventing.Reader.EventBookmark","Information","Info","User Account Management","System.Collections.ObjectModel.ReadOnlyCollection`1[System.String]","System.Collections.Generic.List`1[System.Diagnostics.Eventing.Reader.EventProperty]"
"User initiated logoff:

Subject:
	Security ID:		S-1-5-21-3497878331-16137086-3393786485-1001
	Account Name:		Dr. Chinmoy Karmakar
	Account Domain:		DESKTOP-8O0G16U
	Logon ID:		0x17FAD2E5

This event is generated when a logoff is initiated. No further user-initiated activity can occur. This event can be interpreted as a logoff event.","4647","0",,"0","12545","0","-9214364837600034816","94425","Microsoft-Windows-Security-Auditing","54849625-5478-4994-a5ba-3e3b0328c30d","Security","708","7580","DESKTOP-8O0G16U",,"07-08-2019 10:06:45","c62bfa3a-41a5-0002-3ffa-2bc6a541d501",,"g:\1.evtx","System.UInt32[]","System.Diagnostics.Eventing.Reader.EventBookmark","Information","Info","Logoff","System.Collections.ObjectModel.ReadOnlyCollection`1[System.String]","System.Collections.Generic.List`1[System.Diagnostics.Eventing.Reader.EventProperty]"
"Special privileges assigned to new logon.

Subject:
	Security ID:		S-1-5-90-0-13
	Account Name:		DWM-13
	Account Domain:		Window Manager
	Logon ID:		0x1E68B1F2

Privileges:		SeAssignPrimaryTokenPrivilege
			SeAuditPrivilege","4672","0",,"0","12548","0","-9214364837600034816","94424","Microsoft-Windows-Security-Auditing","54849625-5478-4994-a5ba-3e3b0328c30d","Security","708","14036","DESKTOP-8O0G16U",,"07-08-2019 10:06:34","c62bfa3a-41a5-0002-3ffa-2bc6a541d501",,"g:\1.evtx","System.UInt32[]","System.Diagnostics.Eventing.Reader.EventBookmark","Information","Info","Special Logon","System.Collections.ObjectModel.ReadOnlyCollection`1[System.String]","System.Collections.Generic.List`1[System.Diagnostics.Eventing.Reader.EventProperty]"
"Special privileges assigned to new logon.

Subject:
	Security ID:		S-1-5-90-0-13
	Account Name:		DWM-13
	Account Domain:		Window Manager
	Logon ID:		0x1E68B1BB

Privileges:		SeAssignPrimaryTokenPrivilege
			SeAuditPrivilege
			SeImpersonatePrivilege","4672","0",,"0","12548","0","-9214364837600034816","94423","Microsoft-Windows-Security-Auditing","54849625-5478-4994-a5ba-3e3b0328c30d","Security","708","14036","DESKTOP-8O0G16U",,"07-08-2019 10:06:34","c62bfa3a-41a5-0002-3ffa-2bc6a541d501",,"g:\1.evtx","System.UInt32[]","System.Diagnostics.Eventing.Reader.EventBookmark","Information","Info","Special Logon","System.Collections.ObjectModel.ReadOnlyCollection`1[System.String]","System.Collections.Generic.List`1[System.Diagnostics.Eventing.Reader.EventProperty]"
"Group membership information.

Subject:
	Security ID:		S-1-5-18
	Account Name:		DESKTOP-8O0G16U$
	Account Domain:		WORKGROUP
	Logon ID:		0x3E7

Logon Type:			2

New Logon:
	Security ID:		S-1-5-90-0-13
	Account Name:		DWM-13
	Account Domain:		Window Manager
	Logon ID:		0x1E68B1F2

Event in sequence:		1 of 1

Group Membership:			
		%{S-1-16-8192}
		%{S-1-1-0}
		%{S-1-5-32-545}
		%{S-1-5-4}
		%{S-1-5-11}
		%{S-1-5-15}
		%{S-1-5-19}
		%{S-1-2-0}
		%{S-1-5-90-0}

The subject fields indicate the account on the local system which requested the logon. This is most commonly a service such as the Server service, or a local process such as Winlogon.exe or Services.exe.

The logon type field indicates the kind of logon that occurred. The most common types are 2 (interactive) and 3 (network).

The New Logon fields indicate the account for whom the new logon was created, i.e. the account that was logged on.

This event is generated when the Audit Group Membership subcategory is configured.  The Logon ID field can be used to correlate this event with the corresponding user logon event as well as to any other security audit events generated during this logon session.","4627","0",,"0","12554","0","-9214364837600034816","94422","Microsoft-Windows-Security-Auditing","54849625-5478-4994-a5ba-3e3b0328c30d","Security","708","14036","DESKTOP-8O0G16U",,"07-08-2019 10:06:34","c62bfa3a-41a5-0002-3ffa-2bc6a541d501",,"g:\1.evtx","System.UInt32[]","System.Diagnostics.Eventing.Reader.EventBookmark","Information","Info","Group Membership","System.Collections.ObjectModel.ReadOnlyCollection`1[System.String]","System.Collections.Generic.List`1[System.Diagnostics.Eventing.Reader.EventProperty]"
"An account was successfully logged on.

Subject:
	Security ID:		S-1-5-18
	Account Name:		DESKTOP-8O0G16U$
	Account Domain:		WORKGROUP
	Logon ID:		0x3E7

Logon Information:
	Logon Type:		2
	Restricted Admin Mode:	-
	Virtual Account:		Yes
	Elevated Token:		No

Impersonation Level:		Impersonation

New Logon:
	Security ID:		S-1-5-90-0-13
	Account Name:		DWM-13
	Account Domain:		Window Manager
	Logon ID:		0x1E68B1F2
	Linked Logon ID:		0x1E68B1BB
	Network Account Name:	-
	Network Account Domain:	-
	Logon GUID:		{00000000-0000-0000-0000-000000000000}

Process Information:
	Process ID:		0x2734
	Process Name:		C:\Windows\System32\winlogon.exe

Network Information:
	Workstation Name:	
	Source Network Address:	-
	Source Port:		-

Detailed Authentication Information:
	Logon Process:		Advapi  
	Authentication Package:	Negotiate
	Transited Services:	-
	Package Name (NTLM only):	-
	Key Length:		0

This event is generated when a logon session is created. It is generated on the computer that was accessed.

The subject fields indicate the account on the local system which requested the logon. This is most commonly a service such as the Server service, or a local process such as Winlogon.exe or Services.exe.

The logon type field indicates the kind of logon that occurred. The most common types are 2 (interactive) and 3 (network).

The New Logon fields indicate the account for whom the new logon was created, i.e. the account that was logged on.

The network fields indicate where a remote logon request originated. Workstation name is not always available and may be left blank in some cases.

The impersonation level field indicates the extent to which a process in the logon session can impersonate.

The authentication information fields provide detailed information about this specific logon request.
	- Logon GUID is a unique identifier that can be used to correlate this event with a KDC event.
	- Transited services indicate which intermediate services have participated in this logon request.
	- Package name indicates which sub-protocol was used among the NTLM protocols.
	- Key length indicates the length of the generated session key. This will be 0 if no session key was requested.","4624","2",,"0","12544","0","-9214364837600034816","94421","Microsoft-Windows-Security-Auditing","54849625-5478-4994-a5ba-3e3b0328c30d","Security","708","14036","DESKTOP-8O0G16U",,"07-08-2019 10:06:34","c62bfa3a-41a5-0002-3ffa-2bc6a541d501",,"g:\1.evtx","System.UInt32[]","System.Diagnostics.Eventing.Reader.EventBookmark","Information","Info","Logon","System.Collections.ObjectModel.ReadOnlyCollection`1[System.String]","System.Collections.Generic.List`1[System.Diagnostics.Eventing.Reader.EventProperty]"
"Group membership information.

Subject:
	Security ID:		S-1-5-18
	Account Name:		DESKTOP-8O0G16U$
	Account Domain:		WORKGROUP
	Logon ID:		0x3E7

Logon Type:			2

New Logon:
	Security ID:		S-1-5-90-0-13
	Account Name:		DWM-13
	Account Domain:		Window Manager
	Logon ID:		0x1E68B1BB

Event in sequence:		1 of 1

Group Membership:			
		%{S-1-16-16384}
		%{S-1-1-0}
		%{S-1-5-32-545}
		%{S-1-5-4}
		%{S-1-5-11}
		%{S-1-5-15}
		%{S-1-5-19}
		%{S-1-2-0}
		%{S-1-5-90-0}

The subject fields indicate the account on the local system which requested the logon. This is most commonly a service such as the Server service, or a local process such as Winlogon.exe or Services.exe.

The logon type field indicates the kind of logon that occurred. The most common types are 2 (interactive) and 3 (network).

The New Logon fields indicate the account for whom the new logon was created, i.e. the account that was logged on.

This event is generated when the Audit Group Membership subcategory is configured.  The Logon ID field can be used to correlate this event with the corresponding user logon event as well as to any other security audit events generated during this logon session.","4627","0",,"0","12554","0","-9214364837600034816","94420","Microsoft-Windows-Security-Auditing","54849625-5478-4994-a5ba-3e3b0328c30d","Security","708","14036","DESKTOP-8O0G16U",,"07-08-2019 10:06:34","c62bfa3a-41a5-0002-3ffa-2bc6a541d501",,"g:\1.evtx","System.UInt32[]","System.Diagnostics.Eventing.Reader.EventBookmark","Information","Info","Group Membership","System.Collections.ObjectModel.ReadOnlyCollection`1[System.String]","System.Collections.Generic.List`1[System.Diagnostics.Eventing.Reader.EventProperty]"
"An account was successfully logged on.

Subject:
	Security ID:		S-1-5-18
	Account Name:		DESKTOP-8O0G16U$
	Account Domain:		WORKGROUP
	Logon ID:		0x3E7

Logon Information:
	Logon Type:		2
	Restricted Admin Mode:	-
	Virtual Account:		Yes
	Elevated Token:		Yes

Impersonation Level:		Impersonation

New Logon:
	Security ID:		S-1-5-90-0-13
	Account Name:		DWM-13
	Account Domain:		Window Manager
	Logon ID:		0x1E68B1BB
	Linked Logon ID:		0x1E68B1F2
	Network Account Name:	-
	Network Account Domain:	-
	Logon GUID:		{00000000-0000-0000-0000-000000000000}

Process Information:
	Process ID:		0x2734
	Process Name:		C:\Windows\System32\winlogon.exe

Network Information:
	Workstation Name:	
	Source Network Address:	-
	Source Port:		-

Detailed Authentication Information:
	Logon Process:		Advapi  
	Authentication Package:	Negotiate
	Transited Services:	-
	Package Name (NTLM only):	-
	Key Length:		0

This event is generated when a logon session is created. It is generated on the computer that was accessed.

The subject fields indicate the account on the local system which requested the logon. This is most commonly a service such as the Server service, or a local process such as Winlogon.exe or Services.exe.

The logon type field indicates the kind of logon that occurred. The most common types are 2 (interactive) and 3 (network).

The New Logon fields indicate the account for whom the new logon was created, i.e. the account that was logged on.

The network fields indicate where a remote logon request originated. Workstation name is not always available and may be left blank in some cases.

The impersonation level field indicates the extent to which a process in the logon session can impersonate.

The authentication information fields provide detailed information about this specific logon request.
	- Logon GUID is a unique identifier that can be used to correlate this event with a KDC event.
	- Transited services indicate which intermediate services have participated in this logon request.
	- Package name indicates which sub-protocol was used among the NTLM protocols.
	- Key length indicates the length of the generated session key. This will be 0 if no session key was requested.","4624","2",,"0","12544","0","-9214364837600034816","94419","Microsoft-Windows-Security-Auditing","54849625-5478-4994-a5ba-3e3b0328c30d","Security","708","14036","DESKTOP-8O0G16U",,"07-08-2019 10:06:34","c62bfa3a-41a5-0002-3ffa-2bc6a541d501",,"g:\1.evtx","System.UInt32[]","System.Diagnostics.Eventing.Reader.EventBookmark","Information","Info","Logon","System.Collections.ObjectModel.ReadOnlyCollection`1[System.String]","System.Collections.Generic.List`1[System.Diagnostics.Eventing.Reader.EventProperty]"
"A logon was attempted using explicit credentials.

Subject:
	Security ID:		S-1-5-18
	Account Name:		DESKTOP-8O0G16U$
	Account Domain:		WORKGROUP
	Logon ID:		0x3E7
	Logon GUID:		{00000000-0000-0000-0000-000000000000}

Account Whose Credentials Were Used:
	Account Name:		DWM-13
	Account Domain:		Window Manager
	Logon GUID:		{00000000-0000-0000-0000-000000000000}

Target Server:
	Target Server Name:	localhost
	Additional Information:	localhost

Process Information:
	Process ID:		0x2734
	Process Name:		C:\Windows\System32\winlogon.exe

Network Information:
	Network Address:	-
	Port:			-

This event is generated when a process attempts to log on an account by explicitly specifying that account?s credentials.  This most commonly occurs in batch-type configurations such as scheduled tasks, or when using the RUNAS command.","4648","0",,"0","12544","0","-9214364837600034816","94418","Microsoft-Windows-Security-Auditing","54849625-5478-4994-a5ba-3e3b0328c30d","Security","708","14036","DESKTOP-8O0G16U",,"07-08-2019 10:06:34","c62bfa3a-41a5-0002-3ffa-2bc6a541d501",,"g:\1.evtx","System.UInt32[]","System.Diagnostics.Eventing.Reader.EventBookmark","Information","Info","Logon","System.Collections.ObjectModel.ReadOnlyCollection`1[System.String]","System.Collections.Generic.List`1[System.Diagnostics.Eventing.Reader.EventProperty]"
"The audit log was cleared.
Subject:
	Security ID:	S-1-5-21-3497878331-16137086-3393786485-1001
	Account Name:	Dr. Chinmoy Karmakar
	Domain Name:	DESKTOP-8O0G16U
	Logon ID:	0x17FAD27F","1102","0",,"4","104","0","4620693217682128896","94417","Microsoft-Windows-Eventlog","fc65ddd8-d6ef-4962-83d5-6e5cfe9ce148","Security","1264","2936","DESKTOP-8O0G16U",,"07-08-2019 10:06:11",,,"g:\1.evtx","System.UInt32[]","System.Diagnostics.Eventing.Reader.EventBookmark","Information","Info","Log clear","System.Collections.ObjectModel.ReadOnlyCollection`1[System.String]","System.Collections.Generic.List`1[System.Diagnostics.Eventing.Reader.EventProperty]"
