	Security ID:		S-1-5-18
	Account Name:		DESKTOP-0526O8D$
	Account Domain:		WORKGROUP
	Logon ID:		0x3E7

Object:
	Object Server:		Security
	Handle ID:		0x388

Process Information:
	Process ID:		0x13b0
	Process Name:		C:\Windows\System32\wbem\WmiPrvSE.exe","4658","0",,"0","12802","0","-9214364837600034816","252095","Microsoft-Windows-Security-Auditing","54849625-5478-4994-a5ba-3e3b0328c30d","Security","4","5988","DESKTOP-0526O8D",,"8/5/2019 6:07:17 PM",,,"h:\subhamoy_logs\new\step 14_debashishlogout-accno_debashish.evtx","System.UInt32[]","System.Diagnostics.Eventing.Reader.EventBookmark","Information","Info","Kernel Object","System.Collections.ObjectModel.ReadOnlyCollection`1[System.String]","System.Collections.Generic.List`1[System.Diagnostics.Eventing.Reader.EventProperty]"
"An attempt was made to access an object.

Subject:
	Security ID:		S-1-5-18
	Account Name:		DESKTOP-0526O8D$
	Account Domain:		WORKGROUP
	Logon ID:		0x3E7

Object:
	Object Server:		Security
	Object Type:		Process
	Object Name:		\Device\HarddiskVolume4\Windows\System32\lsass.exe
	Handle ID:		0x388
	Resource Attributes:	-

Process Information:
	Process ID:		0x13b0
	Process Name:		C:\Windows\System32\wbem\WmiPrvSE.exe

Access Request Information:
	Accesses:		Read from process memory
				
	Access Mask:		0x10","4663","1",,"0","12802","0","-9214364837600034816","252094","Microsoft-Windows-Security-Auditing","54849625-5478-4994-a5ba-3e3b0328c30d","Security","4","5988","DESKTOP-0526O8D",,"8/5/2019 6:07:17 PM",,,"h:\subhamoy_logs\new\step 14_debashishlogout-accno_debashish.evtx","System.UInt32[]","System.Diagnostics.Eventing.Reader.EventBookmark","Information","Info","Kernel Object","System.Collections.ObjectModel.ReadOnlyCollection`1[System.String]","System.Collections.Generic.List`1[System.Diagnostics.Eventing.Reader.EventProperty]"
"A handle to an object was requested.

Subject:
	Security ID:		S-1-5-18
	Account Name:		DESKTOP-0526O8D$
	Account Domain:		WORKGROUP
	Logon ID:		0x3E7

Object:
	Object Server:		Security
	Object Type:		Process
	Object Name:		\Device\HarddiskVolume4\Windows\System32\lsass.exe
	Handle ID:		0x388
	Resource Attributes:	-

Process Information:
	Process ID:		0x13b0
	Process Name:		C:\Windows\System32\wbem\WmiPrvSE.exe

Access Request Information:
	Transaction ID:		{00000000-0000-0000-0000-000000000000}
	Accesses:		Read from process memory
				Query process information
				Undefined Access (no effect) Bit 12
				
	Access Reasons:		-
	Access Mask:		0x1410
	Privileges Used for Access Check:	-
	Restricted SID Count:	0","4656","1",,"0","12802","0","-9214364837600034816","252093","Microsoft-Windows-Security-Auditing","54849625-5478-4994-a5ba-3e3b0328c30d","Security","4","5988","DESKTOP-0526O8D",,"8/5/2019 6:07:17 PM",,,"h:\subhamoy_logs\new\step 14_debashishlogout-accno_debashish.evtx","System.UInt32[]","System.Diagnostics.Eventing.Reader.EventBookmark","Information","Info","Kernel Object","System.Collections.ObjectModel.ReadOnlyCollection`1[System.String]","System.Collections.Generic.List`1[System.Diagnostics.Eventing.Reader.EventProperty]"
"The handle to an object was closed.

Subject :
	Security ID:		S-1-5-18
	Account Name:		DESKTOP-0526O8D$
	Account Domain:		WORKGROUP
	Logon ID:		0x3E7

Object:
	Object Server:		Security
	Handle ID:		0x4644

Process Information:
	Process ID:		0x13b0
	Process Name:		C:\Windows\System32\wbem\WmiPrvSE.exe","4658","0",,"0","12802","0","-9214364837600034816","252092","Microsoft-Windows-Security-Auditing","54849625-5478-4994-a5ba-3e3b0328c30d","Security","4","5988","DESKTOP-0526O8D",,"8/5/2019 6:07:17 PM",,,"h:\subhamoy_logs\new\step 14_debashishlogout-accno_debashish.evtx","System.UInt32[]","System.Diagnostics.Eventing.Reader.EventBookmark","Information","Info","Kernel Object","System.Collections.ObjectModel.ReadOnlyCollection`1[System.String]","System.Collections.Generic.List`1[System.Diagnostics.Eventing.Reader.EventProperty]"
"An attempt was made to duplicate a handle to an object.

Subject:
	Security ID:		S-1-5-18
	Account Name:		DESKTOP-0526O8D$
	Account Domain:		WORKGROUP
	Logon ID:		0x3E7

Source Handle Information:
	Source Handle ID:	0x388
	Source Process ID:	0x13b0

New Handle Information:
	Target Handle ID:	0x4644
	Target Process ID:	0x4","4690","0",,"0","12807","0","-9214364837600034816","252091","Microsoft-Windows-Security-Auditing","54849625-5478-4994-a5ba-3e3b0328c30d","Security","4","5988","DESKTOP-0526O8D",,"8/5/2019 6:07:17 PM",,,"h:\subhamoy_logs\new\step 14_debashishlogout-accno_debashish.evtx","System.UInt32[]","System.Diagnostics.Eventing.Reader.EventBookmark","Information","Info","Handle Manipulation","System.Collections.ObjectModel.ReadOnlyCollection`1[System.String]","System.Collections.Generic.List`1[System.Diagnostics.Eventing.Reader.EventProperty]"
"The handle to an object was closed.

Subject :
	Security ID:		S-1-5-18
	Account Name:		DESKTOP-0526O8D$
	Account Domain:		WORKGROUP
	Logon ID:		0x3E7

Object:
	Object Server:		Security
	Handle ID:		0x388

Process Information:
	Process ID:		0x13b0
	Process Name:		C:\Windows\System32\wbem\WmiPrvSE.exe","4658","0",,"0","12802","0","-9214364837600034816","252090","Microsoft-Windows-Security-Auditing","54849625-5478-4994-a5ba-3e3b0328c30d","Security","4","4480","DESKTOP-0526O8D",,"8/5/2019 6:07:16 PM",,,"h:\subhamoy_logs\new\step 14_debashishlogout-accno_debashish.evtx","System.UInt32[]","System.Diagnostics.Eventing.Reader.EventBookmark","Information","Info","Kernel Object","System.Collections.ObjectModel.ReadOnlyCollection`1[System.String]","System.Collections.Generic.List`1[System.Diagnostics.Eventing.Reader.EventProperty]"
"An attempt was made to access an object.

Subject:
	Security ID:		S-1-5-18
	Account Name:		DESKTOP-0526O8D$
	Account Domain:		WORKGROUP
	Logon ID:		0x3E7

Object:
	Object Server:		Security
	Object Type:		Process
	Object Name:		\Device\HarddiskVolume4\Windows\System32\lsass.exe
	Handle ID:		0x388
	Resource Attributes:	-

Process Information:
	Process ID:		0x13b0
	Process Name:		C:\Windows\System32\wbem\WmiPrvSE.exe

Access Request Information:
	Accesses:		Read from process memory
				
	Access Mask:		0x10","4663","1",,"0","12802","0","-9214364837600034816","252089","Microsoft-Windows-Security-Auditing","54849625-5478-4994-a5ba-3e3b0328c30d","Security","4","4480","DESKTOP-0526O8D",,"8/5/2019 6:07:16 PM",,,"h:\subhamoy_logs\new\step 14_debashishlogout-accno_debashish.evtx","System.UInt32[]","System.Diagnostics.Eventing.Reader.EventBookmark","Information","Info","Kernel Object","System.Collections.ObjectModel.ReadOnlyCollection`1[System.String]","System.Collections.Generic.List`1[System.Diagnostics.Eventing.Reader.EventProperty]"
"A handle to an object was requested.

Subject:
	Security ID:		S-1-5-18
	Account Name:		DESKTOP-0526O8D$
	Account Domain:		WORKGROUP
	Logon ID:		0x3E7

Object:
	Object Server:		Security
	Object Type:		Process
	Object Name:		\Device\HarddiskVolume4\Windows\System32\lsass.exe
	Handle ID:		0x388
	Resource Attributes:	-

Process Information:
	Process ID:		0x13b0
	Process Name:		C:\Windows\System32\wbem\WmiPrvSE.exe

Access Request Information:
	Transaction ID:		{00000000-0000-0000-0000-000000000000}
	Accesses:		Read from process memory
				Query process information
				Undefined Access (no effect) Bit 12
				
	Access Reasons:		-
	Access Mask:		0x1410
	Privileges Used for Access Check:	-
	Restricted SID Count:	0","4656","1",,"0","12802","0","-9214364837600034816","252088","Microsoft-Windows-Security-Auditing","54849625-5478-4994-a5ba-3e3b0328c30d","Security","4","4480","DESKTOP-0526O8D",,"8/5/2019 6:07:16 PM",,,"h:\subhamoy_logs\new\step 14_debashishlogout-accno_debashish.evtx","System.UInt32[]","System.Diagnostics.Eventing.Reader.EventBookmark","Information","Info","Kernel Object","System.Collections.ObjectModel.ReadOnlyCollection`1[System.String]","System.Collections.Generic.List`1[System.Diagnostics.Eventing.Reader.EventProperty]"
"The handle to an object was closed.

Subject :
	Security ID:		S-1-5-18
	Account Name:		DESKTOP-0526O8D$
	Account Domain:		WORKGROUP
	Logon ID:		0x3E7

Object:
	Object Server:		Security
	Handle ID:		0x4644

Process Information:
	Process ID:		0x13b0
	Process Name:		C:\Windows\System32\wbem\WmiPrvSE.exe","4658","0",,"0","12802","0","-9214364837600034816","252087","Microsoft-Windows-Security-Auditing","54849625-5478-4994-a5ba-3e3b0328c30d","Security","4","4480","DESKTOP-0526O8D",,"8/5/2019 6:07:16 PM",,,"h:\subhamoy_logs\new\step 14_debashishlogout-accno_debashish.evtx","System.UInt32[]","System.Diagnostics.Eventing.Reader.EventBookmark","Information","Info","Kernel Object","System.Collections.ObjectModel.ReadOnlyCollection`1[System.String]","System.Collections.Generic.List`1[System.Diagnostics.Eventing.Reader.EventProperty]"
"An attempt was made to duplicate a handle to an object.

Subject:
	Security ID:		S-1-5-18
	Account Name:		DESKTOP-0526O8D$
	Account Domain:		WORKGROUP
	Logon ID:		0x3E7

Source Handle Information:
	Source Handle ID:	0x388
	Source Process ID:	0x13b0

New Handle Information:
	Target Handle ID:	0x4644
	Target Process ID:	0x4","4690","0",,"0","12807","0","-9214364837600034816","252086","Microsoft-Windows-Security-Auditing","54849625-5478-4994-a5ba-3e3b0328c30d","Security","4","4480","DESKTOP-0526O8D",,"8/5/2019 6:07:16 PM",,,"h:\subhamoy_logs\new\step 14_debashishlogout-accno_debashish.evtx","System.UInt32[]","System.Diagnostics.Eventing.Reader.EventBookmark","Information","Info","Handle Manipulation","System.Collections.ObjectModel.ReadOnlyCollection`1[System.String]","System.Collections.Generic.List`1[System.Diagnostics.Eventing.Reader.EventProperty]"
"The handle to an object was closed.

Subject :
	Security ID:		S-1-5-18
	Account Name:		DESKTOP-0526O8D$
	Account Domain:		WORKGROUP
	Logon ID:		0x3E7

Object:
	Object Server:		Security
	Handle ID:		0x29c

Process Information:
	Process ID:		0x13b0
	Process Name:		C:\Windows\System32\wbem\WmiPrvSE.exe","4658","0",,"0","12802","0","-9214364837600034816","252085","Microsoft-Windows-Security-Auditing","54849625-5478-4994-a5ba-3e3b0328c30d","Security","4","4480","DESKTOP-0526O8D",,"8/5/2019 6:07:15 PM",,,"h:\subhamoy_logs\new\step 14_debashishlogout-accno_debashish.evtx","System.UInt32[]","System.Diagnostics.Eventing.Reader.EventBookmark","Information","Info","Kernel Object","System.Collections.ObjectModel.ReadOnlyCollection`1[System.String]","System.Collections.Generic.List`1[System.Diagnostics.Eventing.Reader.EventProperty]"
"An attempt was made to access an object.

Subject:
	Security ID:		S-1-5-18
	Account Name:		DESKTOP-0526O8D$
	Account Domain:		WORKGROUP
	Logon ID:		0x3E7

Object:
	Object Server:		Security
	Object Type:		Process
	Object Name:		\Device\HarddiskVolume4\Windows\System32\lsass.exe
	Handle ID:		0x29c
	Resource Attributes:	-

Process Information:
	Process ID:		0x13b0
	Process Name:		C:\Windows\System32\wbem\WmiPrvSE.exe

Access Request Information:
	Accesses:		Read from process memory
				
	Access Mask:		0x10","4663","1",,"0","12802","0","-9214364837600034816","252084","Microsoft-Windows-Security-Auditing","54849625-5478-4994-a5ba-3e3b0328c30d","Security","4","4480","DESKTOP-0526O8D",,"8/5/2019 6:07:15 PM",,,"h:\subhamoy_logs\new\step 14_debashishlogout-accno_debashish.evtx","System.UInt32[]","System.Diagnostics.Eventing.Reader.EventBookmark","Information","Info","Kernel Object","System.Collections.ObjectModel.ReadOnlyCollection`1[System.String]","System.Collections.Generic.List`1[System.Diagnostics.Eventing.Reader.EventProperty]"
"A handle to an object was requested.

Subject:
	Security ID:		S-1-5-18
	Account Name:		DESKTOP-0526O8D$
	Account Domain:		WORKGROUP
	Logon ID:		0x3E7

Object:
	Object Server:		Security
	Object Type:		Process
	Object Name:		\Device\HarddiskVolume4\Windows\System32\lsass.exe
	Handle ID:		0x29c
	Resource Attributes:	-

Process Information:
	Process ID:		0x13b0
	Process Name:		C:\Windows\System32\wbem\WmiPrvSE.exe

Access Request Information:
	Transaction ID:		{00000000-0000-0000-0000-000000000000}
	Accesses:		Read from process memory
				Query process information
				Undefined Access (no effect) Bit 12
				
	Access Reasons:		-
	Access Mask:		0x1410
	Privileges Used for Access Check:	-
	Restricted SID Count:	0","4656","1",,"0","12802","0","-9214364837600034816","252083","Microsoft-Windows-Security-Auditing","54849625-5478-4994-a5ba-3e3b0328c30d","Security","4","4480","DESKTOP-0526O8D",,"8/5/2019 6:07:15 PM",,,"h:\subhamoy_logs\new\step 14_debashishlogout-accno_debashish.evtx","System.UInt32[]","System.Diagnostics.Eventing.Reader.EventBookmark","Information","Info","Kernel Object","System.Collections.ObjectModel.ReadOnlyCollection`1[System.String]","System.Collections.Generic.List`1[System.Diagnostics.Eventing.Reader.EventProperty]"
"The handle to an object was closed.

Subject :
	Security ID:		S-1-5-18
	Account Name:		DESKTOP-0526O8D$
	Account Domain:		WORKGROUP
	Logon ID:		0x3E7

Object:
	Object Server:		Security
	Handle ID:		0x1d08

Process Information:
	Process ID:		0x13b0
	Process Name:		C:\Windows\System32\wbem\WmiPrvSE.exe","4658","0",,"0","12802","0","-9214364837600034816","252082","Microsoft-Windows-Security-Auditing","54849625-5478-4994-a5ba-3e3b0328c30d","Security","4","4480","DESKTOP-0526O8D",,"8/5/2019 6:07:15 PM",,,"h:\subhamoy_logs\new\step 14_debashishlogout-accno_debashish.evtx","System.UInt32[]","System.Diagnostics.Eventing.Reader.EventBookmark","Information","Info","Kernel Object","System.Collections.ObjectModel.ReadOnlyCollection`1[System.String]","System.Collections.Generic.List`1[System.Diagnostics.Eventing.Reader.EventProperty]"
"An attempt was made to duplicate a handle to an object.

Subject:
	Security ID:		S-1-5-18
	Account Name:		DESKTOP-0526O8D$
	Account Domain:		WORKGROUP
	Logon ID:		0x3E7

Source Handle Information:
	Source Handle ID:	0x29c
	Source Process ID:	0x13b0

New Handle Information:
	Target Handle ID:	0x1d08
	Target Process ID:	0x4","4690","0",,"0","12807","0","-9214364837600034816","252081","Microsoft-Windows-Security-Auditing","54849625-5478-4994-a5ba-3e3b0328c30d","Security","4","4480","DESKTOP-0526O8D",,"8/5/2019 6:07:15 PM",,,"h:\subhamoy_logs\new\step 14_debashishlogout-accno_debashish.evtx","System.UInt32[]","System.Diagnostics.Eventing.Reader.EventBookmark","Information","Info","Handle Manipulation","System.Collections.ObjectModel.ReadOnlyCollection`1[System.String]","System.Collections.Generic.List`1[System.Diagnostics.Eventing.Reader.EventProperty]"
"The handle to an object was closed.

Subject :
	Security ID:		S-1-5-18
	Account Name:		DESKTOP-0526O8D$
	Account Domain:		WORKGROUP
	Logon ID:		0x3E7

Object:
	Object Server:		Security
	Handle ID:		0x29c

Process Information:
	Process ID:		0x13b0
	Process Name:		C:\Windows\System32\wbem\WmiPrvSE.exe","4658","0",,"0","12802","0","-9214364837600034816","252080","Microsoft-Windows-Security-Auditing","54849625-5478-4994-a5ba-3e3b0328c30d","Security","4","4480","DESKTOP-0526O8D",,"8/5/2019 6:07:14 PM",,,"h:\subhamoy_logs\new\step 14_debashishlogout-accno_debashish.evtx","System.UInt32[]","System.Diagnostics.Eventing.Reader.EventBookmark","Information","Info","Kernel Object","System.Collections.ObjectModel.ReadOnlyCollection`1[System.String]","System.Collections.Generic.List`1[System.Diagnostics.Eventing.Reader.EventProperty]"
"An attempt was made to access an object.

Subject:
	Security ID:		S-1-5-18
	Account Name:		DESKTOP-0526O8D$
	Account Domain:		WORKGROUP
	Logon ID:		0x3E7

Object:
	Object Server:		Security
	Object Type:		Process
	Object Name:		\Device\HarddiskVolume4\Windows\System32\lsass.exe
	Handle ID:		0x29c
	Resource Attributes:	-

Process Information:
	Process ID:		0x13b0
	Process Name:		C:\Windows\System32\wbem\WmiPrvSE.exe

Access Request Information:
	Accesses:		Read from process memory
				
	Access Mask:		0x10","4663","1",,"0","12802","0","-9214364837600034816","252079","Microsoft-Windows-Security-Auditing","54849625-5478-4994-a5ba-3e3b0328c30d","Security","4","4480","DESKTOP-0526O8D",,"8/5/2019 6:07:14 PM",,,"h:\subhamoy_logs\new\step 14_debashishlogout-accno_debashish.evtx","System.UInt32[]","System.Diagnostics.Eventing.Reader.EventBookmark","Information","Info","Kernel Object","System.Collections.ObjectModel.ReadOnlyCollection`1[System.String]","System.Collections.Generic.List`1[System.Diagnostics.Eventing.Reader.EventProperty]"
"A handle to an object was requested.

Subject:
	Security ID:		S-1-5-18
	Account Name:		DESKTOP-0526O8D$
	Account Domain:		WORKGROUP
	Logon ID:		0x3E7

Object:
	Object Server:		Security
	Object Type:		Process
	Object Name:		\Device\HarddiskVolume4\Windows\System32\lsass.exe
	Handle ID:		0x29c
	Resource Attributes:	-

Process Information:
	Process ID:		0x13b0
	Process Name:		C:\Windows\System32\wbem\WmiPrvSE.exe

Access Request Information:
	Transaction ID:		{00000000-0000-0000-0000-000000000000}
	Accesses:		Read from process memory
				Query process information
				Undefined Access (no effect) Bit 12
				
	Access Reasons:		-
	Access Mask:		0x1410
	Privileges Used for Access Check:	-
	Restricted SID Count:	0","4656","1",,"0","12802","0","-9214364837600034816","252078","Microsoft-Windows-Security-Auditing","54849625-5478-4994-a5ba-3e3b0328c30d","Security","4","4480","DESKTOP-0526O8D",,"8/5/2019 6:07:14 PM",,,"h:\subhamoy_logs\new\step 14_debashishlogout-accno_debashish.evtx","System.UInt32[]","System.Diagnostics.Eventing.Reader.EventBookmark","Information","Info","Kernel Object","System.Collections.ObjectModel.ReadOnlyCollection`1[System.String]","System.Collections.Generic.List`1[System.Diagnostics.Eventing.Reader.EventProperty]"
"The handle to an object was closed.

Subject :
	Security ID:		S-1-5-18
	Account Name:		DESKTOP-0526O8D$
	Account Domain:		WORKGROUP
	Logon ID:		0x3E7

Object:
	Object Server:		Security
	Handle ID:		0x4ea8

Process Information:
	Process ID:		0x13b0
	Process Name:		C:\Windows\System32\wbem\WmiPrvSE.exe","4658","0",,"0","12802","0","-9214364837600034816","252077","Microsoft-Windows-Security-Auditing","54849625-5478-4994-a5ba-3e3b0328c30d","Security","4","4480","DESKTOP-0526O8D",,"8/5/2019 6:07:14 PM",,,"h:\subhamoy_logs\new\step 14_debashishlogout-accno_debashish.evtx","System.UInt32[]","System.Diagnostics.Eventing.Reader.EventBookmark","Information","Info","Kernel Object","System.Collections.ObjectModel.ReadOnlyCollection`1[System.String]","System.Collections.Generic.List`1[System.Diagnostics.Eventing.Reader.EventProperty]"
"An attempt was made to duplicate a handle to an object.

Subject:
	Security ID:		S-1-5-18
	Account Name:		DESKTOP-0526O8D$
	Account Domain:		WORKGROUP
	Logon ID:		0x3E7

Source Handle Information:
	Source Handle ID:	0x29c
	Source Process ID:	0x13b0

New Handle Information:
	Target Handle ID:	0x4ea8
	Target Process ID:	0x4","4690","0",,"0","12807","0","-9214364837600034816","252076","Microsoft-Windows-Security-Auditing","54849625-5478-4994-a5ba-3e3b0328c30d","Security","4","4480","DESKTOP-0526O8D",,"8/5/2019 6:07:14 PM",,,"h:\subhamoy_logs\new\step 14_debashishlogout-accno_debashish.evtx","System.UInt32[]","System.Diagnostics.Eventing.Reader.EventBookmark","Information","Info","Handle Manipulation","System.Collections.ObjectModel.ReadOnlyCollection`1[System.String]","System.Collections.Generic.List`1[System.Diagnostics.Eventing.Reader.EventProperty]"
"The handle to an object was closed.

Subject :
	Security ID:		S-1-5-18
	Account Name:		DESKTOP-0526O8D$
	Account Domain:		WORKGROUP
	Logon ID:		0x3E7

Object:
	Object Server:		Security
	Handle ID:		0x29c

Process Information:
	Process ID:		0x13b0
	Process Name:		C:\Windows\System32\wbem\WmiPrvSE.exe","4658","0",,"0","12802","0","-9214364837600034816","252075","Microsoft-Windows-Security-Auditing","54849625-5478-4994-a5ba-3e3b0328c30d","Security","4","1460","DESKTOP-0526O8D",,"8/5/2019 6:07:13 PM",,,"h:\subhamoy_logs\new\step 14_debashishlogout-accno_debashish.evtx","System.UInt32[]","System.Diagnostics.Eventing.Reader.EventBookmark","Information","Info","Kernel Object","System.Collections.ObjectModel.ReadOnlyCollection`1[System.String]","System.Collections.Generic.List`1[System.Diagnostics.Eventing.Reader.EventProperty]"
"An attempt was made to access an object.

Subject:
	Security ID:		S-1-5-18
	Account Name:		DESKTOP-0526O8D$
	Account Domain:		WORKGROUP
	Logon ID:		0x3E7

Object:
	Object Server:		Security
	Object Type:		Process
	Object Name:		\Device\HarddiskVolume4\Windows\System32\lsass.exe
	Handle ID:		0x29c
	Resource Attributes:	-

Process Information:
	Process ID:		0x13b0
	Process Name:		C:\Windows\System32\wbem\WmiPrvSE.exe

Access Request Information:
	Accesses:		Read from process memory
				
	Access Mask:		0x10","4663","1",,"0","12802","0","-9214364837600034816","252074","Microsoft-Windows-Security-Auditing","54849625-5478-4994-a5ba-3e3b0328c30d","Security","4","1460","DESKTOP-0526O8D",,"8/5/2019 6:07:13 PM",,,"h:\subhamoy_logs\new\step 14_debashishlogout-accno_debashish.evtx","System.UInt32[]","System.Diagnostics.Eventing.Reader.EventBookmark","Information","Info","Kernel Object","System.Collections.ObjectModel.ReadOnlyCollection`1[System.String]","System.Collections.Generic.List`1[System.Diagnostics.Eventing.Reader.EventProperty]"
"A handle to an object was requested.

Subject:
	Security ID:		S-1-5-18
	Account Name:		DESKTOP-0526O8D$
	Account Domain:		WORKGROUP
	Logon ID:		0x3E7

Object:
	Object Server:		Security
	Object Type:		Process
	Object Name:		\Device\HarddiskVolume4\Windows\System32\lsass.exe
	Handle ID:		0x29c
	Resource Attributes:	-

Process Information:
	Process ID:		0x13b0
	Process Name:		C:\Windows\System32\wbem\WmiPrvSE.exe

Access Request Information:
	Transaction ID:		{00000000-0000-0000-0000-000000000000}
	Accesses:		Read from process memory
				Query process information
				Undefined Access (no effect) Bit 12
				
	Access Reasons:		-
	Access Mask:		0x1410
	Privileges Used for Access Check:	-
	Restricted SID Count:	0","4656","1",,"0","12802","0","-9214364837600034816","252073","Microsoft-Windows-Security-Auditing","54849625-5478-4994-a5ba-3e3b0328c30d","Security","4","1460","DESKTOP-0526O8D",,"8/5/2019 6:07:13 PM",,,"h:\subhamoy_logs\new\step 14_debashishlogout-accno_debashish.evtx","System.UInt32[]","System.Diagnostics.Eventing.Reader.EventBookmark","Information","Info","Kernel Object","System.Collections.ObjectModel.ReadOnlyCollection`1[System.String]","System.Collections.Generic.List`1[System.Diagnostics.Eventing.Reader.EventProperty]"
"The handle to an object was closed.

Subject :
	Security ID:		S-1-5-18
	Account Name:		DESKTOP-0526O8D$
	Account Domain:		WORKGROUP
	Logon ID:		0x3E7

Object:
	Object Server:		Security
	Handle ID:		0x4df4

Process Information:
	Process ID:		0x13b0
	Process Name:		C:\Windows\System32\wbem\WmiPrvSE.exe","4658","0",,"0","12802","0","-9214364837600034816","252072","Microsoft-Windows-Security-Auditing","54849625-5478-4994-a5ba-3e3b0328c30d","Security","4","1460","DESKTOP-0526O8D",,"8/5/2019 6:07:13 PM",,,"h:\subhamoy_logs\new\step 14_debashishlogout-accno_debashish.evtx","System.UInt32[]","System.Diagnostics.Eventing.Reader.EventBookmark","Information","Info","Kernel Object","System.Collections.ObjectModel.ReadOnlyCollection`1[System.String]","System.Collections.Generic.List`1[System.Diagnostics.Eventing.Reader.EventProperty]"
"An attempt was made to duplicate a handle to an object.

Subject:
	Security ID:		S-1-5-18
	Account Name:		DESKTOP-0526O8D$
	Account Domain:		WORKGROUP
	Logon ID:		0x3E7

Source Handle Information:
	Source Handle ID:	0x29c
	Source Process ID:	0x13b0

New Handle Information:
	Target Handle ID:	0x4df4
	Target Process ID:	0x4","4690","0",,"0","12807","0","-9214364837600034816","252071","Microsoft-Windows-Security-Auditing","54849625-5478-4994-a5ba-3e3b0328c30d","Security","4","1460","DESKTOP-0526O8D",,"8/5/2019 6:07:13 PM",,,"h:\subhamoy_logs\new\step 14_debashishlogout-accno_debashish.evtx","System.UInt32[]","System.Diagnostics.Eventing.Reader.EventBookmark","Information","Info","Handle Manipulation","System.Collections.ObjectModel.ReadOnlyCollection`1[System.String]","System.Collections.Generic.List`1[System.Diagnostics.Eventing.Reader.EventProperty]"
"The handle to an object was closed.

Subject :
	Security ID:		S-1-5-18
	Account Name:		DESKTOP-0526O8D$
	Account Domain:		WORKGROUP
	Logon ID:		0x3E7

Object:
	Object Server:		Security
	Handle ID:		0x29c

Process Information:
	Process ID:		0x13b0
	Process Name:		C:\Windows\System32\wbem\WmiPrvSE.exe","4658","0",,"0","12802","0","-9214364837600034816","252070","Microsoft-Windows-Security-Auditing","54849625-5478-4994-a5ba-3e3b0328c30d","Security","4","3248","DESKTOP-0526O8D",,"8/5/2019 6:07:12 PM",,,"h:\subhamoy_logs\new\step 14_debashishlogout-accno_debashish.evtx","System.UInt32[]","System.Diagnostics.Eventing.Reader.EventBookmark","Information","Info","Kernel Object","System.Collections.ObjectModel.ReadOnlyCollection`1[System.String]","System.Collections.Generic.List`1[System.Diagnostics.Eventing.Reader.EventProperty]"
"An attempt was made to access an object.

Subject:
	Security ID:		S-1-5-18
	Account Name:		DESKTOP-0526O8D$
	Account Domain:		WORKGROUP
	Logon ID:		0x3E7

Object:
	Object Server:		Security
	Object Type:		Process
	Object Name:		\Device\HarddiskVolume4\Windows\System32\lsass.exe
	Handle ID:		0x29c
	Resource Attributes:	-

Process Information:
	Process ID:		0x13b0
	Process Name:		C:\Windows\System32\wbem\WmiPrvSE.exe

Access Request Information:
	Accesses:		Read from process memory
				
	Access Mask:		0x10","4663","1",,"0","12802","0","-9214364837600034816","252069","Microsoft-Windows-Security-Auditing","54849625-5478-4994-a5ba-3e3b0328c30d","Security","4","3248","DESKTOP-0526O8D",,"8/5/2019 6:07:12 PM",,,"h:\subhamoy_logs\new\step 14_debashishlogout-accno_debashish.evtx","System.UInt32[]","System.Diagnostics.Eventing.Reader.EventBookmark","Information","Info","Kernel Object","System.Collections.ObjectModel.ReadOnlyCollection`1[System.String]","System.Collections.Generic.List`1[System.Diagnostics.Eventing.Reader.EventProperty]"
"A handle to an object was requested.

Subject:
	Security ID:		S-1-5-18
	Account Name:		DESKTOP-0526O8D$
	Account Domain:		WORKGROUP
	Logon ID:		0x3E7

Object:
	Object Server:		Security
	Object Type:		Process
	Object Name:		\Device\HarddiskVolume4\Windows\System32\lsass.exe
	Handle ID:		0x29c
	Resource Attributes:	-

Process Information:
	Process ID:		0x13b0
	Process Name:		C:\Windows\System32\wbem\WmiPrvSE.exe

Access Request Information:
	Transaction ID:		{00000000-0000-0000-0000-000000000000}
	Accesses:		Read from process memory
				Query process information
				Undefined Access (no effect) Bit 12
				
	Access Reasons:		-
	Access Mask:		0x1410
	Privileges Used for Access Check:	-
	Restricted SID Count:	0","4656","1",,"0","12802","0","-9214364837600034816","252068","Microsoft-Windows-Security-Auditing","54849625-5478-4994-a5ba-3e3b0328c30d","Security","4","3248","DESKTOP-0526O8D",,"8/5/2019 6:07:12 PM",,,"h:\subhamoy_logs\new\step 14_debashishlogout-accno_debashish.evtx","System.UInt32[]","System.Diagnostics.Eventing.Reader.EventBookmark","Information","Info","Kernel Object","System.Collections.ObjectModel.ReadOnlyCollection`1[System.String]","System.Collections.Generic.List`1[System.Diagnostics.Eventing.Reader.EventProperty]"
"The handle to an object was closed.

Subject :
	Security ID:		S-1-5-18
	Account Name:		DESKTOP-0526O8D$
	Account Domain:		WORKGROUP
	Logon ID:		0x3E7

Object:
	Object Server:		Security
	Handle ID:		0x22a8

Process Information:
	Process ID:		0x13b0
	Process Name:		C:\Windows\System32\wbem\WmiPrvSE.exe","4658","0",,"0","12802","0","-9214364837600034816","252067","Microsoft-Windows-Security-Auditing","54849625-5478-4994-a5ba-3e3b0328c30d","Security","4","3248","DESKTOP-0526O8D",,"8/5/2019 6:07:12 PM",,,"h:\subhamoy_logs\new\step 14_debashishlogout-accno_debashish.evtx","System.UInt32[]","System.Diagnostics.Eventing.Reader.EventBookmark","Information","Info","Kernel Object","System.Collections.ObjectModel.ReadOnlyCollection`1[System.String]","System.Collections.Generic.List`1[System.Diagnostics.Eventing.Reader.EventProperty]"
"An attempt was made to duplicate a handle to an object.

Subject:
	Security ID:		S-1-5-18
	Account Name:		DESKTOP-0526O8D$
	Account Domain:		WORKGROUP
	Logon ID:		0x3E7

Source Handle Information:
	Source Handle ID:	0x29c
	Source Process ID:	0x13b0

New Handle Information:
	Target Handle ID:	0x22a8
	Target Process ID:	0x4","4690","0",,"0","12807","0","-9214364837600034816","252066","Microsoft-Windows-Security-Auditing","54849625-5478-4994-a5ba-3e3b0328c30d","Security","4","3248","DESKTOP-0526O8D",,"8/5/2019 6:07:12 PM",,,"h:\subhamoy_logs\new\step 14_debashishlogout-accno_debashish.evtx","System.UInt32[]","System.Diagnostics.Eventing.Reader.EventBookmark","Information","Info","Handle Manipulation","System.Collections.ObjectModel.ReadOnlyCollection`1[System.String]","System.Collections.Generic.List`1[System.Diagnostics.Eventing.Reader.EventProperty]"
"The handle to an object was closed.

Subject :
	Security ID:		S-1-5-18
	Account Name:		DESKTOP-0526O8D$
	Account Domain:		WORKGROUP
	Logon ID:		0x3E7

Object:
	Object Server:		Security
	Handle ID:		0x29c

Process Information:
	Process ID:		0x13b0
	Process Name:		C:\Windows\System32\wbem\WmiPrvSE.exe","4658","0",,"0","12802","0","-9214364837600034816","252065","Microsoft-Windows-Security-Auditing","54849625-5478-4994-a5ba-3e3b0328c30d","Security","4","5988","DESKTOP-0526O8D",,"8/5/2019 6:07:11 PM",,,"h:\subhamoy_logs\new\step 14_debashishlogout-accno_debashish.evtx","System.UInt32[]","System.Diagnostics.Eventing.Reader.EventBookmark","Information","Info","Kernel Object","System.Collections.ObjectModel.ReadOnlyCollection`1[System.String]","System.Collections.Generic.List`1[System.Diagnostics.Eventing.Reader.EventProperty]"
"An attempt was made to access an object.

Subject:
	Security ID:		S-1-5-18
	Account Name:		DESKTOP-0526O8D$
	Account Domain:		WORKGROUP
	Logon ID:		0x3E7

Object:
	Object Server:		Security
	Object Type:		Process
	Object Name:		\Device\HarddiskVolume4\Windows\System32\lsass.exe
	Handle ID:		0x29c
	Resource Attributes:	-

Process Information:
	Process ID:		0x13b0
	Process Name:		C:\Windows\System32\wbem\WmiPrvSE.exe

Access Request Information:
	Accesses:		Read from process memory
				
	Access Mask:		0x10","4663","1",,"0","12802","0","-9214364837600034816","252064","Microsoft-Windows-Security-Auditing","54849625-5478-4994-a5ba-3e3b0328c30d","Security","4","5988","DESKTOP-0526O8D",,"8/5/2019 6:07:11 PM",,,"h:\subhamoy_logs\new\step 14_debashishlogout-accno_debashish.evtx","System.UInt32[]","System.Diagnostics.Eventing.Reader.EventBookmark","Information","Info","Kernel Object","System.Collections.ObjectModel.ReadOnlyCollection`1[System.String]","System.Collections.Generic.List`1[System.Diagnostics.Eventing.Reader.EventProperty]"
"A handle to an object was requested.

Subject:
	Security ID:		S-1-5-18
	Account Name:		DESKTOP-0526O8D$
	Account Domain:		WORKGROUP
	Logon ID:		0x3E7

Object:
	Object Server:		Security
	Object Type:		Process
	Object Name:		\Device\HarddiskVolume4\Windows\System32\lsass.exe
	Handle ID:		0x29c
	Resource Attributes:	-

Process Information:
	Process ID:		0x13b0
	Process Name:		C:\Windows\System32\wbem\WmiPrvSE.exe

Access Request Information:
	Transaction ID:		{00000000-0000-0000-0000-000000000000}
	Accesses:		Read from process memory
				Query process information
				Undefined Access (no effect) Bit 12
				
	Access Reasons:		-
	Access Mask:		0x1410
	Privileges Used for Access Check:	-
	Restricted SID Count:	0","4656","1",,"0","12802","0","-9214364837600034816","252063","Microsoft-Windows-Security-Auditing","54849625-5478-4994-a5ba-3e3b0328c30d","Security","4","5988","DESKTOP-0526O8D",,"8/5/2019 6:07:11 PM",,,"h:\subhamoy_logs\new\step 14_debashishlogout-accno_debashish.evtx","System.UInt32[]","System.Diagnostics.Eventing.Reader.EventBookmark","Information","Info","Kernel Object","System.Collections.ObjectModel.ReadOnlyCollection`1[System.String]","System.Collections.Generic.List`1[System.Diagnostics.Eventing.Reader.EventProperty]"
"The handle to an object was closed.

Subject :
	Security ID:		S-1-5-18
	Account Name:		DESKTOP-0526O8D$
	Account Domain:		WORKGROUP
	Logon ID:		0x3E7

Object:
	Object Server:		Security
	Handle ID:		0x4328

Process Information:
	Process ID:		0x13b0
	Process Name:		C:\Windows\System32\wbem\WmiPrvSE.exe","4658","0",,"0","12802","0","-9214364837600034816","252062","Microsoft-Windows-Security-Auditing","54849625-5478-4994-a5ba-3e3b0328c30d","Security","4","5988","DESKTOP-0526O8D",,"8/5/2019 6:07:11 PM",,,"h:\subhamoy_logs\new\step 14_debashishlogout-accno_debashish.evtx","System.UInt32[]","System.Diagnostics.Eventing.Reader.EventBookmark","Information","Info","Kernel Object","System.Collections.ObjectModel.ReadOnlyCollection`1[System.String]","System.Collections.Generic.List`1[System.Diagnostics.Eventing.Reader.EventProperty]"
"An attempt was made to duplicate a handle to an object.

Subject:
	Security ID:		S-1-5-18
	Account Name:		DESKTOP-0526O8D$
	Account Domain:		WORKGROUP
	Logon ID:		0x3E7

Source Handle Information:
	Source Handle ID:	0x29c
	Source Process ID:	0x13b0

New Handle Information:
	Target Handle ID:	0x4328
	Target Process ID:	0x4","4690","0",,"0","12807","0","-9214364837600034816","252061","Microsoft-Windows-Security-Auditing","54849625-5478-4994-a5ba-3e3b0328c30d","Security","4","5988","DESKTOP-0526O8D",,"8/5/2019 6:07:11 PM",,,"h:\subhamoy_logs\new\step 14_debashishlogout-accno_debashish.evtx","System.UInt32[]","System.Diagnostics.Eventing.Reader.EventBookmark","Information","Info","Handle Manipulation","System.Collections.ObjectModel.ReadOnlyCollection`1[System.String]","System.Collections.Generic.List`1[System.Diagnostics.Eventing.Reader.EventProperty]"
"The handle to an object was closed.

Subject :
	Security ID:		S-1-5-18
	Account Name:		DESKTOP-0526O8D$
	Account Domain:		WORKGROUP
	Logon ID:		0x3E7

Object:
	Object Server:		Security
	Handle ID:		0x29c

Process Information:
	Process ID:		0x13b0
	Process Name:		C:\Windows\System32\wbem\WmiPrvSE.exe","4658","0",,"0","12802","0","-9214364837600034816","252060","Microsoft-Windows-Security-Auditing","54849625-5478-4994-a5ba-3e3b0328c30d","Security","4","3248","DESKTOP-0526O8D",,"8/5/2019 6:07:10 PM",,,"h:\subhamoy_logs\new\step 14_debashishlogout-accno_debashish.evtx","System.UInt32[]","System.Diagnostics.Eventing.Reader.EventBookmark","Information","Info","Kernel Object","System.Collections.ObjectModel.ReadOnlyCollection`1[System.String]","System.Collections.Generic.List`1[System.Diagnostics.Eventing.Reader.EventProperty]"
"An attempt was made to access an object.

Subject:
	Security ID:		S-1-5-18
	Account Name:		DESKTOP-0526O8D$
	Account Domain:		WORKGROUP
	Logon ID:		0x3E7

Object:
	Object Server:		Security
	Object Type:		Process
	Object Name:		\Device\HarddiskVolume4\Windows\System32\lsass.exe
	Handle ID:		0x29c
	Resource Attributes:	-

Process Information:
	Process ID:		0x13b0
	Process Name:		C:\Windows\System32\wbem\WmiPrvSE.exe

Access Request Information:
	Accesses:		Read from process memory
				
	Access Mask:		0x10","4663","1",,"0","12802","0","-9214364837600034816","252059","Microsoft-Windows-Security-Auditing","54849625-5478-4994-a5ba-3e3b0328c30d","Security","4","3248","DESKTOP-0526O8D",,"8/5/2019 6:07:10 PM",,,"h:\subhamoy_logs\new\step 14_debashishlogout-accno_debashish.evtx","System.UInt32[]","System.Diagnostics.Eventing.Reader.EventBookmark","Information","Info","Kernel Object","System.Collections.ObjectModel.ReadOnlyCollection`1[System.String]","System.Collections.Generic.List`1[System.Diagnostics.Eventing.Reader.EventProperty]"
"A handle to an object was requested.

Subject:
	Security ID:		S-1-5-18
	Account Name:		DESKTOP-0526O8D$
	Account Domain:		WORKGROUP
	Logon ID:		0x3E7

Object:
	Object Server:		Security
	Object Type:		Process
	Object Name:		\Device\HarddiskVolume4\Windows\System32\lsass.exe
	Handle ID:		0x29c
	Resource Attributes:	-

Process Information:
	Process ID:		0x13b0
	Process Name:		C:\Windows\System32\wbem\WmiPrvSE.exe

Access Request Information:
	Transaction ID:		{00000000-0000-0000-0000-000000000000}
	Accesses:		Read from process memory
				Query process information
				Undefined Access (no effect) Bit 12
				
	Access Reasons:		-
	Access Mask:		0x1410
	Privileges Used for Access Check:	-
	Restricted SID Count:	0","4656","1",,"0","12802","0","-9214364837600034816","252058","Microsoft-Windows-Security-Auditing","54849625-5478-4994-a5ba-3e3b0328c30d","Security","4","3248","DESKTOP-0526O8D",,"8/5/2019 6:07:10 PM",,,"h:\subhamoy_logs\new\step 14_debashishlogout-accno_debashish.evtx","System.UInt32[]","System.Diagnostics.Eventing.Reader.EventBookmark","Information","Info","Kernel Object","System.Collections.ObjectModel.ReadOnlyCollection`1[System.String]","System.Collections.Generic.List`1[System.Diagnostics.Eventing.Reader.EventProperty]"
"The handle to an object was closed.

Subject :
	Security ID:		S-1-5-18
	Account Name:		DESKTOP-0526O8D$
	Account Domain:		WORKGROUP
	Logon ID:		0x3E7

Object:
	Object Server:		Security
	Handle ID:		0x42c8

Process Information:
	Process ID:		0x13b0
	Process Name:		C:\Windows\System32\wbem\WmiPrvSE.exe","4658","0",,"0","12802","0","-9214364837600034816","252057","Microsoft-Windows-Security-Auditing","54849625-5478-4994-a5ba-3e3b0328c30d","Security","4","3248","DESKTOP-0526O8D",,"8/5/2019 6:07:10 PM",,,"h:\subhamoy_logs\new\step 14_debashishlogout-accno_debashish.evtx","System.UInt32[]","System.Diagnostics.Eventing.Reader.EventBookmark","Information","Info","Kernel Object","System.Collections.ObjectModel.ReadOnlyCollection`1[System.String]","System.Collections.Generic.List`1[System.Diagnostics.Eventing.Reader.EventProperty]"
"An attempt was made to duplicate a handle to an object.

Subject:
	Security ID:		S-1-5-18
	Account Name:		DESKTOP-0526O8D$
	Account Domain:		WORKGROUP
	Logon ID:		0x3E7

Source Handle Information:
	Source Handle ID:	0x29c
	Source Process ID:	0x13b0

New Handle Information:
	Target Handle ID:	0x42c8
	Target Process ID:	0x4","4690","0",,"0","12807","0","-9214364837600034816","252056","Microsoft-Windows-Security-Auditing","54849625-5478-4994-a5ba-3e3b0328c30d","Security","4","3248","DESKTOP-0526O8D",,"8/5/2019 6:07:10 PM",,,"h:\subhamoy_logs\new\step 14_debashishlogout-accno_debashish.evtx","System.UInt32[]","System.Diagnostics.Eventing.Reader.EventBookmark","Information","Info","Handle Manipulation","System.Collections.ObjectModel.ReadOnlyCollection`1[System.String]","System.Collections.Generic.List`1[System.Diagnostics.Eventing.Reader.EventProperty]"
"The handle to an object was closed.

Subject :
	Security ID:		S-1-5-18
	Account Name:		DESKTOP-0526O8D$
	Account Domain:		WORKGROUP
	Logon ID:		0x3E7

Object:
	Object Server:		Security
	Handle ID:		0x660

Process Information:
	Process ID:		0x13b0
	Process Name:		C:\Windows\System32\wbem\WmiPrvSE.exe","4658","0",,"0","12802","0","-9214364837600034816","252055","Microsoft-Windows-Security-Auditing","54849625-5478-4994-a5ba-3e3b0328c30d","Security","4","1460","DESKTOP-0526O8D",,"8/5/2019 6:07:09 PM",,,"h:\subhamoy_logs\new\step 14_debashishlogout-accno_debashish.evtx","System.UInt32[]","System.Diagnostics.Eventing.Reader.EventBookmark","Information","Info","Kernel Object","System.Collections.ObjectModel.ReadOnlyCollection`1[System.String]","System.Collections.Generic.List`1[System.Diagnostics.Eventing.Reader.EventProperty]"
"An attempt was made to access an object.

Subject:
	Security ID:		S-1-5-18
	Account Name:		DESKTOP-0526O8D$
	Account Domain:		WORKGROUP
	Logon ID:		0x3E7

Object:
	Object Server:		Security
	Object Type:		Process
	Object Name:		\Device\HarddiskVolume4\Windows\System32\lsass.exe
	Handle ID:		0x660
	Resource Attributes:	-

Process Information:
	Process ID:		0x13b0
	Process Name:		C:\Windows\System32\wbem\WmiPrvSE.exe

Access Request Information:
	Accesses:		Read from process memory
				
	Access Mask:		0x10","4663","1",,"0","12802","0","-9214364837600034816","252054","Microsoft-Windows-Security-Auditing","54849625-5478-4994-a5ba-3e3b0328c30d","Security","4","1460","DESKTOP-0526O8D",,"8/5/2019 6:07:09 PM",,,"h:\subhamoy_logs\new\step 14_debashishlogout-accno_debashish.evtx","System.UInt32[]","System.Diagnostics.Eventing.Reader.EventBookmark","Information","Info","Kernel Object","System.Collections.ObjectModel.ReadOnlyCollection`1[System.String]","System.Collections.Generic.List`1[System.Diagnostics.Eventing.Reader.EventProperty]"
"A handle to an object was requested.

Subject:
	Security ID:		S-1-5-18
	Account Name:		DESKTOP-0526O8D$
	Account Domain:		WORKGROUP
	Logon ID:		0x3E7

Object:
	Object Server:		Security
	Object Type:		Process
	Object Name:		\Device\HarddiskVolume4\Windows\System32\lsass.exe
	Handle ID:		0x660
	Resource Attributes:	-

Process Information:
	Process ID:		0x13b0
	Process Name:		C:\Windows\System32\wbem\WmiPrvSE.exe

Access Request Information:
	Transaction ID:		{00000000-0000-0000-0000-000000000000}
	Accesses:		Read from process memory
				Query process information
				Undefined Access (no effect) Bit 12
				
	Access Reasons:		-
	Access Mask:		0x1410
	Privileges Used for Access Check:	-
	Restricted SID Count:	0","4656","1",,"0","12802","0","-9214364837600034816","252053","Microsoft-Windows-Security-Auditing","54849625-5478-4994-a5ba-3e3b0328c30d","Security","4","1460","DESKTOP-0526O8D",,"8/5/2019 6:07:09 PM",,,"h:\subhamoy_logs\new\step 14_debashishlogout-accno_debashish.evtx","System.UInt32[]","System.Diagnostics.Eventing.Reader.EventBookmark","Information","Info","Kernel Object","System.Collections.ObjectModel.ReadOnlyCollection`1[System.String]","System.Collections.Generic.List`1[System.Diagnostics.Eventing.Reader.EventProperty]"
"The handle to an object was closed.

Subject :
	Security ID:		S-1-5-18
	Account Name:		DESKTOP-0526O8D$
	Account Domain:		WORKGROUP
	Logon ID:		0x3E7

Object:
	Object Server:		Security
	Handle ID:		0x28ec

Process Information:
	Process ID:		0x13b0
	Process Name:		C:\Windows\System32\wbem\WmiPrvSE.exe","4658","0",,"0","12802","0","-9214364837600034816","252052","Microsoft-Windows-Security-Auditing","54849625-5478-4994-a5ba-3e3b0328c30d","Security","4","1460","DESKTOP-0526O8D",,"8/5/2019 6:07:09 PM",,,"h:\subhamoy_logs\new\step 14_debashishlogout-accno_debashish.evtx","System.UInt32[]","System.Diagnostics.Eventing.Reader.EventBookmark","Information","Info","Kernel Object","System.Collections.ObjectModel.ReadOnlyCollection`1[System.String]","System.Collections.Generic.List`1[System.Diagnostics.Eventing.Reader.EventProperty]"
"An attempt was made to duplicate a handle to an object.

Subject:
	Security ID:		S-1-5-18
	Account Name:		DESKTOP-0526O8D$
	Account Domain:		WORKGROUP
	Logon ID:		0x3E7

Source Handle Information:
	Source Handle ID:	0x660
	Source Process ID:	0x13b0

New Handle Information:
	Target Handle ID:	0x28ec
	Target Process ID:	0x4","4690","0",,"0","12807","0","-9214364837600034816","252051","Microsoft-Windows-Security-Auditing","54849625-5478-4994-a5ba-3e3b0328c30d","Security","4","1460","DESKTOP-0526O8D",,"8/5/2019 6:07:09 PM",,,"h:\subhamoy_logs\new\step 14_debashishlogout-accno_debashish.evtx","System.UInt32[]","System.Diagnostics.Eventing.Reader.EventBookmark","Information","Info","Handle Manipulation","System.Collections.ObjectModel.ReadOnlyCollection`1[System.String]","System.Collections.Generic.List`1[System.Diagnostics.Eventing.Reader.EventProperty]"
"The handle to an object was closed.

Subject :
	Security ID:		S-1-5-18
	Account Name:		DESKTOP-0526O8D$
	Account Domain:		WORKGROUP
	Logon ID:		0x3E7

Object:
	Object Server:		Security
	Handle ID:		0x650

Process Information:
	Process ID:		0x13b0
	Process Name:		C:\Windows\System32\wbem\WmiPrvSE.exe","4658","0",,"0","12802","0","-9214364837600034816","252050","Microsoft-Windows-Security-Auditing","54849625-5478-4994-a5ba-3e3b0328c30d","Security","4","1460","DESKTOP-0526O8D",,"8/5/2019 6:07:07 PM",,,"h:\subhamoy_logs\new\step 14_debashishlogout-accno_debashish.evtx","System.UInt32[]","System.Diagnostics.Eventing.Reader.EventBookmark","Information","Info","Kernel Object","System.Collections.ObjectModel.ReadOnlyCollection`1[System.String]","System.Collections.Generic.List`1[System.Diagnostics.Eventing.Reader.EventProperty]"
"An attempt was made to access an object.

Subject:
	Security ID:		S-1-5-18
	Account Name:		DESKTOP-0526O8D$
	Account Domain:		WORKGROUP
	Logon ID:		0x3E7

Object:
	Object Server:		Security
	Object Type:		Process
	Object Name:		\Device\HarddiskVolume4\Windows\System32\lsass.exe
	Handle ID:		0x650
	Resource Attributes:	-

Process Information:
	Process ID:		0x13b0
	Process Name:		C:\Windows\System32\wbem\WmiPrvSE.exe

Access Request Information:
	Accesses:		Read from process memory
				
	Access Mask:		0x10","4663","1",,"0","12802","0","-9214364837600034816","252049","Microsoft-Windows-Security-Auditing","54849625-5478-4994-a5ba-3e3b0328c30d","Security","4","1460","DESKTOP-0526O8D",,"8/5/2019 6:07:07 PM",,,"h:\subhamoy_logs\new\step 14_debashishlogout-accno_debashish.evtx","System.UInt32[]","System.Diagnostics.Eventing.Reader.EventBookmark","Information","Info","Kernel Object","System.Collections.ObjectModel.ReadOnlyCollection`1[System.String]","System.Collections.Generic.List`1[System.Diagnostics.Eventing.Reader.EventProperty]"
"A handle to an object was requested.

Subject:
	Security ID:		S-1-5-18
	Account Name:		DESKTOP-0526O8D$
	Account Domain:		WORKGROUP
	Logon ID:		0x3E7

Object:
	Object Server:		Security
	Object Type:		Process
	Object Name:		\Device\HarddiskVolume4\Windows\System32\lsass.exe
	Handle ID:		0x650
	Resource Attributes:	-

Process Information:
	Process ID:		0x13b0
	Process Name:		C:\Windows\System32\wbem\WmiPrvSE.exe

Access Request Information:
	Transaction ID:		{00000000-0000-0000-0000-000000000000}
	Accesses:		Read from process memory
				Query process information
				Undefined Access (no effect) Bit 12
				
	Access Reasons:		-
	Access Mask:		0x1410
	Privileges Used for Access Check:	-
	Restricted SID Count:	0","4656","1",,"0","12802","0","-9214364837600034816","252048","Microsoft-Windows-Security-Auditing","54849625-5478-4994-a5ba-3e3b0328c30d","Security","4","1460","DESKTOP-0526O8D",,"8/5/2019 6:07:07 PM",,,"h:\subhamoy_logs\new\step 14_debashishlogout-accno_debashish.evtx","System.UInt32[]","System.Diagnostics.Eventing.Reader.EventBookmark","Information","Info","Kernel Object","System.Collections.ObjectModel.ReadOnlyCollection`1[System.String]","System.Collections.Generic.List`1[System.Diagnostics.Eventing.Reader.EventProperty]"
"The handle to an object was closed.

Subject :
	Security ID:		S-1-5-18
	Account Name:		DESKTOP-0526O8D$
	Account Domain:		WORKGROUP
	Logon ID:		0x3E7

Object:
	Object Server:		Security
	Handle ID:		0x3454

Process Information:
	Process ID:		0x13b0
	Process Name:		C:\Windows\System32\wbem\WmiPrvSE.exe","4658","0",,"0","12802","0","-9214364837600034816","252047","Microsoft-Windows-Security-Auditing","54849625-5478-4994-a5ba-3e3b0328c30d","Security","4","1460","DESKTOP-0526O8D",,"8/5/2019 6:07:07 PM",,,"h:\subhamoy_logs\new\step 14_debashishlogout-accno_debashish.evtx","System.UInt32[]","System.Diagnostics.Eventing.Reader.EventBookmark","Information","Info","Kernel Object","System.Collections.ObjectModel.ReadOnlyCollection`1[System.String]","System.Collections.Generic.List`1[System.Diagnostics.Eventing.Reader.EventProperty]"
"An attempt was made to duplicate a handle to an object.

Subject:
	Security ID:		S-1-5-18
	Account Name:		DESKTOP-0526O8D$
	Account Domain:		WORKGROUP
	Logon ID:		0x3E7

Source Handle Information:
	Source Handle ID:	0x650
	Source Process ID:	0x13b0

New Handle Information:
	Target Handle ID:	0x3454
	Target Process ID:	0x4","4690","0",,"0","12807","0","-9214364837600034816","252046","Microsoft-Windows-Security-Auditing","54849625-5478-4994-a5ba-3e3b0328c30d","Security","4","1460","DESKTOP-0526O8D",,"8/5/2019 6:07:07 PM",,,"h:\subhamoy_logs\new\step 14_debashishlogout-accno_debashish.evtx","System.UInt32[]","System.Diagnostics.Eventing.Reader.EventBookmark","Information","Info","Handle Manipulation","System.Collections.ObjectModel.ReadOnlyCollection`1[System.String]","System.Collections.Generic.List`1[System.Diagnostics.Eventing.Reader.EventProperty]"
"The handle to an object was closed.

Subject :
