	Security ID:		S-1-5-18
	Account Name:		DESKTOP-0526O8D$
	Account Domain:		WORKGROUP
	Logon ID:		0x3E7

Object:
	Object Server:		Security Account Manager
	Object Type:		SAM_DOMAIN
	Object Name:		DESKTOP-0526O8D
	Handle ID:		0x193f7e7c840
	Resource Attributes:	-

Process Information:
	Process ID:		0x310
	Process Name:		C:\Windows\System32\lsass.exe

Access Request Information:
	Transaction ID:		{00000000-0000-0000-0000-000000000000}
	Accesses:		DELETE
				READ_CONTROL
				WRITE_DAC
				WRITE_OWNER
				ReadPasswordParameters
				WritePasswordParameters
				ReadOtherParameters
				WriteOtherParameters
				CreateUser
				CreateLocalGroup
				GetLocalGroupMembership
				ListAccounts
				LookupIDs
				AdministerServer
				
	Access Reasons:		-
	Access Mask:		0xF07DF
	Privileges Used for Access Check:	-
	Restricted SID Count:	0","4656","1",,"0","12803","0","-9214364837600034816","244113","Microsoft-Windows-Security-Auditing","54849625-5478-4994-a5ba-3e3b0328c30d","Security","4","8172","DESKTOP-0526O8D",,"8/5/2019 5:44:59 PM",,,"h:\subhamoy_logs\new\step 09_wrongpassword-accno_debashish.evtx","System.UInt32[]","System.Diagnostics.Eventing.Reader.EventBookmark","Information","Info","SAM","System.Collections.ObjectModel.ReadOnlyCollection`1[System.String]","System.Collections.Generic.List`1[System.Diagnostics.Eventing.Reader.EventProperty]"
"A handle to an object was requested.

Subject:
	Security ID:		S-1-5-18
	Account Name:		DESKTOP-0526O8D$
	Account Domain:		WORKGROUP
	Logon ID:		0x3E7

Object:
	Object Server:		Security Account Manager
	Object Type:		SAM_SERVER
	Object Name:		SAM
	Handle ID:		0x193f7e7d740
	Resource Attributes:	-

Process Information:
	Process ID:		0x310
	Process Name:		C:\Windows\System32\lsass.exe

Access Request Information:
	Transaction ID:		{00000000-0000-0000-0000-000000000000}
	Accesses:		DELETE
				READ_CONTROL
				WRITE_DAC
				WRITE_OWNER
				ConnectToServer
				ShutdownServer
				InitializeServer
				CreateDomain
				EnumerateDomains
				LookupDomain
				
	Access Reasons:		-
	Access Mask:		0xF003F
	Privileges Used for Access Check:	-
	Restricted SID Count:	0","4656","1",,"0","12803","0","-9214364837600034816","244112","Microsoft-Windows-Security-Auditing","54849625-5478-4994-a5ba-3e3b0328c30d","Security","4","8172","DESKTOP-0526O8D",,"8/5/2019 5:44:59 PM",,,"h:\subhamoy_logs\new\step 09_wrongpassword-accno_debashish.evtx","System.UInt32[]","System.Diagnostics.Eventing.Reader.EventBookmark","Information","Info","SAM","System.Collections.ObjectModel.ReadOnlyCollection`1[System.String]","System.Collections.Generic.List`1[System.Diagnostics.Eventing.Reader.EventProperty]"
"A user's local group membership was enumerated.

Subject:
	Security ID:		S-1-5-18
	Account Name:		DESKTOP-0526O8D$
	Account Domain:		WORKGROUP
	Logon ID:		0x3E7

User:
	Security ID:		S-1-5-21-1874035555-1170827713-1978778435-1001
	Account Name:		DEBASHISH
	Account Domain:		DESKTOP-0526O8D

Process Information:
	Process ID:		0x2994
	Process Name:		C:\Windows\System32\LogonUI.exe","4798","0",,"0","13824","0","-9214364837600034816","244111","Microsoft-Windows-Security-Auditing","54849625-5478-4994-a5ba-3e3b0328c30d","Security","784","6744","DESKTOP-0526O8D",,"8/5/2019 5:44:59 PM","e10bc0fc-45db-0000-45c1-0be1db45d501",,"h:\subhamoy_logs\new\step 09_wrongpassword-accno_debashish.evtx","System.UInt32[]","System.Diagnostics.Eventing.Reader.EventBookmark","Information","Info","User Account Management","System.Collections.ObjectModel.ReadOnlyCollection`1[System.String]","System.Collections.Generic.List`1[System.Diagnostics.Eventing.Reader.EventProperty]"
"The handle to an object was closed.

Subject :
	Security ID:		S-1-5-18
	Account Name:		DESKTOP-0526O8D$
	Account Domain:		WORKGROUP
	Logon ID:		0x3E7

Object:
	Object Server:		Security Account Manager
	Handle ID:		0x193f7e7b940

Process Information:
	Process ID:		0x310
	Process Name:		C:\Windows\System32\lsass.exe","4658","0",,"0","12804","0","-9214364837600034816","244110","Microsoft-Windows-Security-Auditing","54849625-5478-4994-a5ba-3e3b0328c30d","Security","4","8172","DESKTOP-0526O8D",,"8/5/2019 5:44:59 PM",,,"h:\subhamoy_logs\new\step 09_wrongpassword-accno_debashish.evtx","System.UInt32[]","System.Diagnostics.Eventing.Reader.EventBookmark","Information","Info","Other Object Access Events","System.Collections.ObjectModel.ReadOnlyCollection`1[System.String]","System.Collections.Generic.List`1[System.Diagnostics.Eventing.Reader.EventProperty]"
"The handle to an object was closed.

Subject :
	Security ID:		S-1-5-18
	Account Name:		DESKTOP-0526O8D$
	Account Domain:		WORKGROUP
	Logon ID:		0x3E7

Object:
	Object Server:		Security Account Manager
	Handle ID:		0x193f7e7a540

Process Information:
	Process ID:		0x310
	Process Name:		C:\Windows\System32\lsass.exe","4658","0",,"0","12804","0","-9214364837600034816","244109","Microsoft-Windows-Security-Auditing","54849625-5478-4994-a5ba-3e3b0328c30d","Security","4","8172","DESKTOP-0526O8D",,"8/5/2019 5:44:59 PM",,,"h:\subhamoy_logs\new\step 09_wrongpassword-accno_debashish.evtx","System.UInt32[]","System.Diagnostics.Eventing.Reader.EventBookmark","Information","Info","Other Object Access Events","System.Collections.ObjectModel.ReadOnlyCollection`1[System.String]","System.Collections.Generic.List`1[System.Diagnostics.Eventing.Reader.EventProperty]"
"A handle to an object was requested.

Subject:
	Security ID:		S-1-5-18
	Account Name:		DESKTOP-0526O8D$
	Account Domain:		WORKGROUP
	Logon ID:		0x3E7

Object:
	Object Server:		Security Account Manager
	Object Type:		SAM_DOMAIN
	Object Name:		DESKTOP-0526O8D
	Handle ID:		0x193f7e7a540
	Resource Attributes:	-

Process Information:
	Process ID:		0x310
	Process Name:		C:\Windows\System32\lsass.exe

Access Request Information:
	Transaction ID:		{00000000-0000-0000-0000-000000000000}
	Accesses:		DELETE
				READ_CONTROL
				WRITE_DAC
				WRITE_OWNER
				ReadPasswordParameters
				WritePasswordParameters
				ReadOtherParameters
				WriteOtherParameters
				CreateUser
				CreateLocalGroup
				GetLocalGroupMembership
				ListAccounts
				LookupIDs
				AdministerServer
				
	Access Reasons:		-
	Access Mask:		0xF07DF
	Privileges Used for Access Check:	-
	Restricted SID Count:	0","4656","1",,"0","12803","0","-9214364837600034816","244108","Microsoft-Windows-Security-Auditing","54849625-5478-4994-a5ba-3e3b0328c30d","Security","4","8172","DESKTOP-0526O8D",,"8/5/2019 5:44:59 PM",,,"h:\subhamoy_logs\new\step 09_wrongpassword-accno_debashish.evtx","System.UInt32[]","System.Diagnostics.Eventing.Reader.EventBookmark","Information","Info","SAM","System.Collections.ObjectModel.ReadOnlyCollection`1[System.String]","System.Collections.Generic.List`1[System.Diagnostics.Eventing.Reader.EventProperty]"
"A handle to an object was requested.

Subject:
	Security ID:		S-1-5-18
	Account Name:		DESKTOP-0526O8D$
	Account Domain:		WORKGROUP
	Logon ID:		0x3E7

Object:
	Object Server:		Security Account Manager
	Object Type:		SAM_SERVER
	Object Name:		SAM
	Handle ID:		0x193f7e7b940
	Resource Attributes:	-

Process Information:
	Process ID:		0x310
	Process Name:		C:\Windows\System32\lsass.exe

Access Request Information:
	Transaction ID:		{00000000-0000-0000-0000-000000000000}
	Accesses:		DELETE
				READ_CONTROL
				WRITE_DAC
				WRITE_OWNER
				ConnectToServer
				ShutdownServer
				InitializeServer
				CreateDomain
				EnumerateDomains
				LookupDomain
				
	Access Reasons:		-
	Access Mask:		0xF003F
	Privileges Used for Access Check:	-
	Restricted SID Count:	0","4656","1",,"0","12803","0","-9214364837600034816","244107","Microsoft-Windows-Security-Auditing","54849625-5478-4994-a5ba-3e3b0328c30d","Security","4","8172","DESKTOP-0526O8D",,"8/5/2019 5:44:59 PM",,,"h:\subhamoy_logs\new\step 09_wrongpassword-accno_debashish.evtx","System.UInt32[]","System.Diagnostics.Eventing.Reader.EventBookmark","Information","Info","SAM","System.Collections.ObjectModel.ReadOnlyCollection`1[System.String]","System.Collections.Generic.List`1[System.Diagnostics.Eventing.Reader.EventProperty]"
"The handle to an object was closed.

Subject :
	Security ID:		S-1-5-18
	Account Name:		DESKTOP-0526O8D$
	Account Domain:		WORKGROUP
	Logon ID:		0x3E7

Object:
	Object Server:		Security Account Manager
	Handle ID:		0x193f7e7a540

Process Information:
	Process ID:		0x310
	Process Name:		C:\Windows\System32\lsass.exe","4658","0",,"0","12804","0","-9214364837600034816","244106","Microsoft-Windows-Security-Auditing","54849625-5478-4994-a5ba-3e3b0328c30d","Security","4","8172","DESKTOP-0526O8D",,"8/5/2019 5:44:59 PM",,,"h:\subhamoy_logs\new\step 09_wrongpassword-accno_debashish.evtx","System.UInt32[]","System.Diagnostics.Eventing.Reader.EventBookmark","Information","Info","Other Object Access Events","System.Collections.ObjectModel.ReadOnlyCollection`1[System.String]","System.Collections.Generic.List`1[System.Diagnostics.Eventing.Reader.EventProperty]"
"The handle to an object was closed.

Subject :
	Security ID:		S-1-5-18
	Account Name:		DESKTOP-0526O8D$
	Account Domain:		WORKGROUP
	Logon ID:		0x3E7

Object:
	Object Server:		Security Account Manager
	Handle ID:		0x193f7e7be40

Process Information:
	Process ID:		0x310
	Process Name:		C:\Windows\System32\lsass.exe","4658","0",,"0","12804","0","-9214364837600034816","244105","Microsoft-Windows-Security-Auditing","54849625-5478-4994-a5ba-3e3b0328c30d","Security","4","8172","DESKTOP-0526O8D",,"8/5/2019 5:44:59 PM",,,"h:\subhamoy_logs\new\step 09_wrongpassword-accno_debashish.evtx","System.UInt32[]","System.Diagnostics.Eventing.Reader.EventBookmark","Information","Info","Other Object Access Events","System.Collections.ObjectModel.ReadOnlyCollection`1[System.String]","System.Collections.Generic.List`1[System.Diagnostics.Eventing.Reader.EventProperty]"
"A handle to an object was requested.

Subject:
	Security ID:		S-1-5-18
	Account Name:		DESKTOP-0526O8D$
	Account Domain:		WORKGROUP
	Logon ID:		0x3E7

Object:
	Object Server:		Security Account Manager
	Object Type:		SAM_DOMAIN
	Object Name:		DESKTOP-0526O8D
	Handle ID:		0x193f7e7be40
	Resource Attributes:	-

Process Information:
	Process ID:		0x310
	Process Name:		C:\Windows\System32\lsass.exe

Access Request Information:
	Transaction ID:		{00000000-0000-0000-0000-000000000000}
	Accesses:		DELETE
				READ_CONTROL
				WRITE_DAC
				WRITE_OWNER
				ReadPasswordParameters
				WritePasswordParameters
				ReadOtherParameters
				WriteOtherParameters
				CreateUser
				CreateLocalGroup
				GetLocalGroupMembership
				ListAccounts
				LookupIDs
				AdministerServer
				
	Access Reasons:		-
	Access Mask:		0xF07DF
	Privileges Used for Access Check:	-
	Restricted SID Count:	0","4656","1",,"0","12803","0","-9214364837600034816","244104","Microsoft-Windows-Security-Auditing","54849625-5478-4994-a5ba-3e3b0328c30d","Security","4","8172","DESKTOP-0526O8D",,"8/5/2019 5:44:59 PM",,,"h:\subhamoy_logs\new\step 09_wrongpassword-accno_debashish.evtx","System.UInt32[]","System.Diagnostics.Eventing.Reader.EventBookmark","Information","Info","SAM","System.Collections.ObjectModel.ReadOnlyCollection`1[System.String]","System.Collections.Generic.List`1[System.Diagnostics.Eventing.Reader.EventProperty]"
"A handle to an object was requested.

Subject:
	Security ID:		S-1-5-18
	Account Name:		DESKTOP-0526O8D$
	Account Domain:		WORKGROUP
	Logon ID:		0x3E7

Object:
	Object Server:		Security Account Manager
	Object Type:		SAM_SERVER
	Object Name:		SAM
	Handle ID:		0x193f7e7a540
	Resource Attributes:	-

Process Information:
	Process ID:		0x310
	Process Name:		C:\Windows\System32\lsass.exe

Access Request Information:
	Transaction ID:		{00000000-0000-0000-0000-000000000000}
	Accesses:		DELETE
				READ_CONTROL
				WRITE_DAC
				WRITE_OWNER
				ConnectToServer
				ShutdownServer
				InitializeServer
				CreateDomain
				EnumerateDomains
				LookupDomain
				
	Access Reasons:		-
	Access Mask:		0xF003F
	Privileges Used for Access Check:	-
	Restricted SID Count:	0","4656","1",,"0","12803","0","-9214364837600034816","244103","Microsoft-Windows-Security-Auditing","54849625-5478-4994-a5ba-3e3b0328c30d","Security","4","8172","DESKTOP-0526O8D",,"8/5/2019 5:44:59 PM",,,"h:\subhamoy_logs\new\step 09_wrongpassword-accno_debashish.evtx","System.UInt32[]","System.Diagnostics.Eventing.Reader.EventBookmark","Information","Info","SAM","System.Collections.ObjectModel.ReadOnlyCollection`1[System.String]","System.Collections.Generic.List`1[System.Diagnostics.Eventing.Reader.EventProperty]"
"Permissions on an object were changed.

Subject:
	Security ID:		S-1-5-18
	Account Name:		DESKTOP-0526O8D$
	Account Domain:		WORKGROUP
	Logon ID:		0x3E7

Object:
	Object Server:	Security
	Object Type:	Token
	Object Name:	-
	Handle ID:	0x7a0

Process:
	Process ID:	0x8b4
	Process Name:	C:\Windows\System32\SearchIndexer.exe

Permissions Change:
	Original Security Descriptor:	D:(A;;GA;;;SY)(A;;RC;;;OW)(A;;GA;;;S-1-5-80-117416528-2204451360-1913602512-1355018040-1234992034)(A;;GA;;;BA)(A;;GA;;;SY)
	New Security Descriptor:	D:(A;;GA;;;SY)(A;;RC;;;OW)(A;;GA;;;S-1-5-80-117416528-2204451360-1913602512-1355018040-1234992034)(A;;GA;;;BA)(A;;GA;;;SY)(A;;SWRPRC;;;S-1-5-5-0-1779235)","4670","0",,"0","13570","0","-9214364837600034816","244102","Microsoft-Windows-Security-Auditing","54849625-5478-4994-a5ba-3e3b0328c30d","Security","4","3248","DESKTOP-0526O8D",,"8/5/2019 5:44:58 PM",,,"h:\subhamoy_logs\new\step 09_wrongpassword-accno_debashish.evtx","System.UInt32[]","System.Diagnostics.Eventing.Reader.EventBookmark","Information","Info","Authorization Policy Change","System.Collections.ObjectModel.ReadOnlyCollection`1[System.String]","System.Collections.Generic.List`1[System.Diagnostics.Eventing.Reader.EventProperty]"
"Special privileges assigned to new logon.

Subject:
	Security ID:		S-1-5-90-0-14
	Account Name:		DWM-14
	Account Domain:		Window Manager
	Logon ID:		0x7BB7E68

Privileges:		SeAssignPrimaryTokenPrivilege
			SeAuditPrivilege","4672","0",,"0","12548","0","-9214364837600034816","244101","Microsoft-Windows-Security-Auditing","54849625-5478-4994-a5ba-3e3b0328c30d","Security","784","6744","DESKTOP-0526O8D",,"8/5/2019 5:44:58 PM","e10bc0fc-45db-0000-45c1-0be1db45d501",,"h:\subhamoy_logs\new\step 09_wrongpassword-accno_debashish.evtx","System.UInt32[]","System.Diagnostics.Eventing.Reader.EventBookmark","Information","Info","Special Logon","System.Collections.ObjectModel.ReadOnlyCollection`1[System.String]","System.Collections.Generic.List`1[System.Diagnostics.Eventing.Reader.EventProperty]"
"Special privileges assigned to new logon.

Subject:
	Security ID:		S-1-5-90-0-14
	Account Name:		DWM-14
	Account Domain:		Window Manager
	Logon ID:		0x7BB7E4F

Privileges:		SeAssignPrimaryTokenPrivilege
			SeAuditPrivilege
			SeImpersonatePrivilege","4672","0",,"0","12548","0","-9214364837600034816","244100","Microsoft-Windows-Security-Auditing","54849625-5478-4994-a5ba-3e3b0328c30d","Security","784","6744","DESKTOP-0526O8D",,"8/5/2019 5:44:58 PM","e10bc0fc-45db-0000-45c1-0be1db45d501",,"h:\subhamoy_logs\new\step 09_wrongpassword-accno_debashish.evtx","System.UInt32[]","System.Diagnostics.Eventing.Reader.EventBookmark","Information","Info","Special Logon","System.Collections.ObjectModel.ReadOnlyCollection`1[System.String]","System.Collections.Generic.List`1[System.Diagnostics.Eventing.Reader.EventProperty]"
"Group membership information.

Subject:
	Security ID:		S-1-5-18
	Account Name:		DESKTOP-0526O8D$
	Account Domain:		WORKGROUP
	Logon ID:		0x3E7

Logon Type:			2

New Logon:
	Security ID:		S-1-5-90-0-14
	Account Name:		DWM-14
	Account Domain:		Window Manager
	Logon ID:		0x7BB7E68

Event in sequence:		1 of 1

Group Membership:			
		%{S-1-16-8192}
		%{S-1-1-0}
		%{S-1-5-32-545}
		%{S-1-5-4}
		%{S-1-2-1}
		%{S-1-5-11}
		%{S-1-5-15}
		%{S-1-5-19}
		%{S-1-2-0}
		%{S-1-5-90-0}

The subject fields indicate the account on the local system which requested the logon. This is most commonly a service such as the Server service, or a local process such as Winlogon.exe or Services.exe.

The logon type field indicates the kind of logon that occurred. The most common types are 2 (interactive) and 3 (network).

The New Logon fields indicate the account for whom the new logon was created, i.e. the account that was logged on.

This event is generated when the Audit Group Membership subcategory is configured.  The Logon ID field can be used to correlate this event with the corresponding user logon event as well as to any other security audit events generated during this logon session.","4627","0",,"0","12554","0","-9214364837600034816","244099","Microsoft-Windows-Security-Auditing","54849625-5478-4994-a5ba-3e3b0328c30d","Security","784","6744","DESKTOP-0526O8D",,"8/5/2019 5:44:58 PM","e10bc0fc-45db-0000-45c1-0be1db45d501",,"h:\subhamoy_logs\new\step 09_wrongpassword-accno_debashish.evtx","System.UInt32[]","System.Diagnostics.Eventing.Reader.EventBookmark","Information","Info","Group Membership","System.Collections.ObjectModel.ReadOnlyCollection`1[System.String]","System.Collections.Generic.List`1[System.Diagnostics.Eventing.Reader.EventProperty]"
"An account was successfully logged on.

Subject:
	Security ID:		S-1-5-18
	Account Name:		DESKTOP-0526O8D$
	Account Domain:		WORKGROUP
	Logon ID:		0x3E7

Logon Information:
	Logon Type:		2
	Restricted Admin Mode:	-
	Virtual Account:		Yes
	Elevated Token:		No

Impersonation Level:		Impersonation

New Logon:
	Security ID:		S-1-5-90-0-14
	Account Name:		DWM-14
	Account Domain:		Window Manager
	Logon ID:		0x7BB7E68
	Linked Logon ID:		0x7BB7E4F
	Network Account Name:	-
	Network Account Domain:	-
	Logon GUID:		{00000000-0000-0000-0000-000000000000}

Process Information:
	Process ID:		0x16f0
	Process Name:		C:\Windows\System32\winlogon.exe

Network Information:
	Workstation Name:	-
	Source Network Address:	-
	Source Port:		-

Detailed Authentication Information:
	Logon Process:		Advapi  
	Authentication Package:	Negotiate
	Transited Services:	-
	Package Name (NTLM only):	-
	Key Length:		0

This event is generated when a logon session is created. It is generated on the computer that was accessed.

The subject fields indicate the account on the local system which requested the logon. This is most commonly a service such as the Server service, or a local process such as Winlogon.exe or Services.exe.

The logon type field indicates the kind of logon that occurred. The most common types are 2 (interactive) and 3 (network).

The New Logon fields indicate the account for whom the new logon was created, i.e. the account that was logged on.

The network fields indicate where a remote logon request originated. Workstation name is not always available and may be left blank in some cases.

The impersonation level field indicates the extent to which a process in the logon session can impersonate.

The authentication information fields provide detailed information about this specific logon request.
	- Logon GUID is a unique identifier that can be used to correlate this event with a KDC event.
	- Transited services indicate which intermediate services have participated in this logon request.
	- Package name indicates which sub-protocol was used among the NTLM protocols.
	- Key length indicates the length of the generated session key. This will be 0 if no session key was requested.","4624","2",,"0","12544","0","-9214364837600034816","244098","Microsoft-Windows-Security-Auditing","54849625-5478-4994-a5ba-3e3b0328c30d","Security","784","6744","DESKTOP-0526O8D",,"8/5/2019 5:44:58 PM","e10bc0fc-45db-0000-45c1-0be1db45d501",,"h:\subhamoy_logs\new\step 09_wrongpassword-accno_debashish.evtx","System.UInt32[]","System.Diagnostics.Eventing.Reader.EventBookmark","Information","Info","Logon","System.Collections.ObjectModel.ReadOnlyCollection`1[System.String]","System.Collections.Generic.List`1[System.Diagnostics.Eventing.Reader.EventProperty]"
"Group membership information.

Subject:
	Security ID:		S-1-5-18
	Account Name:		DESKTOP-0526O8D$
	Account Domain:		WORKGROUP
	Logon ID:		0x3E7

Logon Type:			2

New Logon:
	Security ID:		S-1-5-90-0-14
	Account Name:		DWM-14
	Account Domain:		Window Manager
	Logon ID:		0x7BB7E4F

Event in sequence:		1 of 1

Group Membership:			
		%{S-1-16-16384}
		%{S-1-1-0}
		%{S-1-5-32-545}
		%{S-1-5-4}
		%{S-1-2-1}
		%{S-1-5-11}
		%{S-1-5-15}
		%{S-1-5-19}
		%{S-1-2-0}
		%{S-1-5-90-0}

The subject fields indicate the account on the local system which requested the logon. This is most commonly a service such as the Server service, or a local process such as Winlogon.exe or Services.exe.

The logon type field indicates the kind of logon that occurred. The most common types are 2 (interactive) and 3 (network).

The New Logon fields indicate the account for whom the new logon was created, i.e. the account that was logged on.

This event is generated when the Audit Group Membership subcategory is configured.  The Logon ID field can be used to correlate this event with the corresponding user logon event as well as to any other security audit events generated during this logon session.","4627","0",,"0","12554","0","-9214364837600034816","244097","Microsoft-Windows-Security-Auditing","54849625-5478-4994-a5ba-3e3b0328c30d","Security","784","6744","DESKTOP-0526O8D",,"8/5/2019 5:44:58 PM","e10bc0fc-45db-0000-45c1-0be1db45d501",,"h:\subhamoy_logs\new\step 09_wrongpassword-accno_debashish.evtx","System.UInt32[]","System.Diagnostics.Eventing.Reader.EventBookmark","Information","Info","Group Membership","System.Collections.ObjectModel.ReadOnlyCollection`1[System.String]","System.Collections.Generic.List`1[System.Diagnostics.Eventing.Reader.EventProperty]"
"An account was successfully logged on.

Subject:
	Security ID:		S-1-5-18
	Account Name:		DESKTOP-0526O8D$
	Account Domain:		WORKGROUP
	Logon ID:		0x3E7

Logon Information:
	Logon Type:		2
	Restricted Admin Mode:	-
	Virtual Account:		Yes
	Elevated Token:		Yes

Impersonation Level:		Impersonation

New Logon:
	Security ID:		S-1-5-90-0-14
	Account Name:		DWM-14
	Account Domain:		Window Manager
	Logon ID:		0x7BB7E4F
	Linked Logon ID:		0x7BB7E68
	Network Account Name:	-
	Network Account Domain:	-
	Logon GUID:		{00000000-0000-0000-0000-000000000000}

Process Information:
	Process ID:		0x16f0
	Process Name:		C:\Windows\System32\winlogon.exe

Network Information:
	Workstation Name:	-
	Source Network Address:	-
	Source Port:		-

Detailed Authentication Information:
	Logon Process:		Advapi  
	Authentication Package:	Negotiate
	Transited Services:	-
	Package Name (NTLM only):	-
	Key Length:		0

This event is generated when a logon session is created. It is generated on the computer that was accessed.

The subject fields indicate the account on the local system which requested the logon. This is most commonly a service such as the Server service, or a local process such as Winlogon.exe or Services.exe.

The logon type field indicates the kind of logon that occurred. The most common types are 2 (interactive) and 3 (network).

The New Logon fields indicate the account for whom the new logon was created, i.e. the account that was logged on.

The network fields indicate where a remote logon request originated. Workstation name is not always available and may be left blank in some cases.

The impersonation level field indicates the extent to which a process in the logon session can impersonate.

The authentication information fields provide detailed information about this specific logon request.
	- Logon GUID is a unique identifier that can be used to correlate this event with a KDC event.
	- Transited services indicate which intermediate services have participated in this logon request.
	- Package name indicates which sub-protocol was used among the NTLM protocols.
	- Key length indicates the length of the generated session key. This will be 0 if no session key was requested.","4624","2",,"0","12544","0","-9214364837600034816","244096","Microsoft-Windows-Security-Auditing","54849625-5478-4994-a5ba-3e3b0328c30d","Security","784","6744","DESKTOP-0526O8D",,"8/5/2019 5:44:58 PM","e10bc0fc-45db-0000-45c1-0be1db45d501",,"h:\subhamoy_logs\new\step 09_wrongpassword-accno_debashish.evtx","System.UInt32[]","System.Diagnostics.Eventing.Reader.EventBookmark","Information","Info","Logon","System.Collections.ObjectModel.ReadOnlyCollection`1[System.String]","System.Collections.Generic.List`1[System.Diagnostics.Eventing.Reader.EventProperty]"
"A logon was attempted using explicit credentials.

Subject:
	Security ID:		S-1-5-18
	Account Name:		DESKTOP-0526O8D$
	Account Domain:		WORKGROUP
	Logon ID:		0x3E7
	Logon GUID:		{00000000-0000-0000-0000-000000000000}

Account Whose Credentials Were Used:
	Account Name:		DWM-14
	Account Domain:		Window Manager
	Logon GUID:		{00000000-0000-0000-0000-000000000000}

Target Server:
	Target Server Name:	localhost
	Additional Information:	localhost

Process Information:
	Process ID:		0x16f0
	Process Name:		C:\Windows\System32\winlogon.exe

Network Information:
	Network Address:	-
	Port:			-

This event is generated when a process attempts to log on an account by explicitly specifying that account?s credentials.  This most commonly occurs in batch-type configurations such as scheduled tasks, or when using the RUNAS command.","4648","0",,"0","12544","0","-9214364837600034816","244095","Microsoft-Windows-Security-Auditing","54849625-5478-4994-a5ba-3e3b0328c30d","Security","784","6744","DESKTOP-0526O8D",,"8/5/2019 5:44:58 PM","e10bc0fc-45db-0000-45c1-0be1db45d501",,"h:\subhamoy_logs\new\step 09_wrongpassword-accno_debashish.evtx","System.UInt32[]","System.Diagnostics.Eventing.Reader.EventBookmark","Information","Info","Logon","System.Collections.ObjectModel.ReadOnlyCollection`1[System.String]","System.Collections.Generic.List`1[System.Diagnostics.Eventing.Reader.EventProperty]"
"A change was made to the Windows Firewall exception list. A rule was added.
	
Profile Changed:	All

Added Rule:
	Rule ID:	{0B932168-7A95-4487-83FB-83EFA040A302}
	Rule Name:	Usermode Font Driver Host","4946","0",,"0","13571","0","-9214364837600034816","244094","Microsoft-Windows-Security-Auditing","54849625-5478-4994-a5ba-3e3b0328c30d","Security","784","6744","DESKTOP-0526O8D",,"8/5/2019 5:44:58 PM","e10bc0fc-45db-0000-45c1-0be1db45d501",,"h:\subhamoy_logs\new\step 09_wrongpassword-accno_debashish.evtx","System.UInt32[]","System.Diagnostics.Eventing.Reader.EventBookmark","Information","Info","MPSSVC Rule-Level Policy Change","System.Collections.ObjectModel.ReadOnlyCollection`1[System.String]","System.Collections.Generic.List`1[System.Diagnostics.Eventing.Reader.EventProperty]"
"A change was made to the Windows Firewall exception list. A rule was added.
	
Profile Changed:	All

Added Rule:
	Rule ID:	{2A912710-AA75-4697-A565-5C89F0AD88C5}
	Rule Name:	Usermode Font Driver Host","4946","0",,"0","13571","0","-9214364837600034816","244093","Microsoft-Windows-Security-Auditing","54849625-5478-4994-a5ba-3e3b0328c30d","Security","784","6744","DESKTOP-0526O8D",,"8/5/2019 5:44:58 PM","e10bc0fc-45db-0000-45c1-0be1db45d501",,"h:\subhamoy_logs\new\step 09_wrongpassword-accno_debashish.evtx","System.UInt32[]","System.Diagnostics.Eventing.Reader.EventBookmark","Information","Info","MPSSVC Rule-Level Policy Change","System.Collections.ObjectModel.ReadOnlyCollection`1[System.String]","System.Collections.Generic.List`1[System.Diagnostics.Eventing.Reader.EventProperty]"
"A change was made to the Windows Firewall exception list. A rule was deleted.
	
Profile Changed:	All

Deleted Rule:
	Rule ID:	{975513CB-AFC3-4D3F-BA6B-3D6BC2BB346B}
	Rule Name:	Usermode Font Driver Host","4948","0",,"0","13571","0","-9214364837600034816","244092","Microsoft-Windows-Security-Auditing","54849625-5478-4994-a5ba-3e3b0328c30d","Security","784","6744","DESKTOP-0526O8D",,"8/5/2019 5:44:58 PM","e10bc0fc-45db-0000-45c1-0be1db45d501",,"h:\subhamoy_logs\new\step 09_wrongpassword-accno_debashish.evtx","System.UInt32[]","System.Diagnostics.Eventing.Reader.EventBookmark","Information","Info","MPSSVC Rule-Level Policy Change","System.Collections.ObjectModel.ReadOnlyCollection`1[System.String]","System.Collections.Generic.List`1[System.Diagnostics.Eventing.Reader.EventProperty]"
"A change was made to the Windows Firewall exception list. A rule was deleted.
	
Profile Changed:	All

Deleted Rule:
	Rule ID:	{33D2AFC4-5D67-436F-A49B-59E2598E7028}
	Rule Name:	Usermode Font Driver Host","4948","0",,"0","13571","0","-9214364837600034816","244091","Microsoft-Windows-Security-Auditing","54849625-5478-4994-a5ba-3e3b0328c30d","Security","784","6744","DESKTOP-0526O8D",,"8/5/2019 5:44:58 PM","e10bc0fc-45db-0000-45c1-0be1db45d501",,"h:\subhamoy_logs\new\step 09_wrongpassword-accno_debashish.evtx","System.UInt32[]","System.Diagnostics.Eventing.Reader.EventBookmark","Information","Info","MPSSVC Rule-Level Policy Change","System.Collections.ObjectModel.ReadOnlyCollection`1[System.String]","System.Collections.Generic.List`1[System.Diagnostics.Eventing.Reader.EventProperty]"
"Permissions on an object were changed.

Subject:
	Security ID:		S-1-5-18
	Account Name:		DESKTOP-0526O8D$
	Account Domain:		WORKGROUP
	Logon ID:		0x3E7

Object:
	Object Server:	Security
	Object Type:	Token
	Object Name:	-
	Handle ID:	0x190

Process:
	Process ID:	0x16f0
	Process Name:	C:\Windows\System32\winlogon.exe

Permissions Change:
	Original Security Descriptor:	D:(A;;GA;;;SY)(A;;GA;;;S-1-5-96-0-14)
	New Security Descriptor:	D:(A;;GA;;;S-1-5-96-0-14)(A;;GA;;;SY)","4670","0",,"0","13570","0","-9214364837600034816","244090","Microsoft-Windows-Security-Auditing","54849625-5478-4994-a5ba-3e3b0328c30d","Security","4","8204","DESKTOP-0526O8D",,"8/5/2019 5:44:58 PM",,,"h:\subhamoy_logs\new\step 09_wrongpassword-accno_debashish.evtx","System.UInt32[]","System.Diagnostics.Eventing.Reader.EventBookmark","Information","Info","Authorization Policy Change","System.Collections.ObjectModel.ReadOnlyCollection`1[System.String]","System.Collections.Generic.List`1[System.Diagnostics.Eventing.Reader.EventProperty]"
"Group membership information.

Subject:
	Security ID:		S-1-5-18
	Account Name:		DESKTOP-0526O8D$
	Account Domain:		WORKGROUP
	Logon ID:		0x3E7

Logon Type:			2

New Logon:
	Security ID:		S-1-5-96-0-14
	Account Name:		UMFD-14
	Account Domain:		Font Driver Host
	Logon ID:		0x7BB72E8

Event in sequence:		1 of 1

Group Membership:			
		%{S-1-16-8192}
		%{S-1-1-0}
		%{S-1-5-32-545}
		%{S-1-5-4}
		%{S-1-2-1}
		%{S-1-5-11}
		%{S-1-5-15}
		%{S-1-5-96-0}

The subject fields indicate the account on the local system which requested the logon. This is most commonly a service such as the Server service, or a local process such as Winlogon.exe or Services.exe.

The logon type field indicates the kind of logon that occurred. The most common types are 2 (interactive) and 3 (network).

The New Logon fields indicate the account for whom the new logon was created, i.e. the account that was logged on.

This event is generated when the Audit Group Membership subcategory is configured.  The Logon ID field can be used to correlate this event with the corresponding user logon event as well as to any other security audit events generated during this logon session.","4627","0",,"0","12554","0","-9214364837600034816","244089","Microsoft-Windows-Security-Auditing","54849625-5478-4994-a5ba-3e3b0328c30d","Security","784","6744","DESKTOP-0526O8D",,"8/5/2019 5:44:58 PM","e10bc0fc-45db-0000-45c1-0be1db45d501",,"h:\subhamoy_logs\new\step 09_wrongpassword-accno_debashish.evtx","System.UInt32[]","System.Diagnostics.Eventing.Reader.EventBookmark","Information","Info","Group Membership","System.Collections.ObjectModel.ReadOnlyCollection`1[System.String]","System.Collections.Generic.List`1[System.Diagnostics.Eventing.Reader.EventProperty]"
"An account was successfully logged on.

Subject:
	Security ID:		S-1-5-18
	Account Name:		DESKTOP-0526O8D$
	Account Domain:		WORKGROUP
	Logon ID:		0x3E7

Logon Information:
	Logon Type:		2
	Restricted Admin Mode:	-
	Virtual Account:		Yes
	Elevated Token:		No

Impersonation Level:		Impersonation

New Logon:
	Security ID:		S-1-5-96-0-14
	Account Name:		UMFD-14
	Account Domain:		Font Driver Host
	Logon ID:		0x7BB72E8
	Linked Logon ID:		0x0
	Network Account Name:	-
	Network Account Domain:	-
	Logon GUID:		{00000000-0000-0000-0000-000000000000}

Process Information:
	Process ID:		0x16f0
	Process Name:		C:\Windows\System32\winlogon.exe

Network Information:
	Workstation Name:	-
	Source Network Address:	-
	Source Port:		-

Detailed Authentication Information:
	Logon Process:		Advapi  
	Authentication Package:	Negotiate
	Transited Services:	-
	Package Name (NTLM only):	-
	Key Length:		0

This event is generated when a logon session is created. It is generated on the computer that was accessed.

The subject fields indicate the account on the local system which requested the logon. This is most commonly a service such as the Server service, or a local process such as Winlogon.exe or Services.exe.

The logon type field indicates the kind of logon that occurred. The most common types are 2 (interactive) and 3 (network).

The New Logon fields indicate the account for whom the new logon was created, i.e. the account that was logged on.

The network fields indicate where a remote logon request originated. Workstation name is not always available and may be left blank in some cases.

The impersonation level field indicates the extent to which a process in the logon session can impersonate.

The authentication information fields provide detailed information about this specific logon request.
	- Logon GUID is a unique identifier that can be used to correlate this event with a KDC event.
	- Transited services indicate which intermediate services have participated in this logon request.
	- Package name indicates which sub-protocol was used among the NTLM protocols.
	- Key length indicates the length of the generated session key. This will be 0 if no session key was requested.","4624","2",,"0","12544","0","-9214364837600034816","244088","Microsoft-Windows-Security-Auditing","54849625-5478-4994-a5ba-3e3b0328c30d","Security","784","6744","DESKTOP-0526O8D",,"8/5/2019 5:44:58 PM","e10bc0fc-45db-0000-45c1-0be1db45d501",,"h:\subhamoy_logs\new\step 09_wrongpassword-accno_debashish.evtx","System.UInt32[]","System.Diagnostics.Eventing.Reader.EventBookmark","Information","Info","Logon","System.Collections.ObjectModel.ReadOnlyCollection`1[System.String]","System.Collections.Generic.List`1[System.Diagnostics.Eventing.Reader.EventProperty]"
"A logon was attempted using explicit credentials.

Subject:
	Security ID:		S-1-5-18
	Account Name:		DESKTOP-0526O8D$
	Account Domain:		WORKGROUP
	Logon ID:		0x3E7
	Logon GUID:		{00000000-0000-0000-0000-000000000000}

Account Whose Credentials Were Used:
	Account Name:		UMFD-14
	Account Domain:		Font Driver Host
	Logon GUID:		{00000000-0000-0000-0000-000000000000}

Target Server:
	Target Server Name:	localhost
	Additional Information:	localhost

Process Information:
	Process ID:		0x16f0
	Process Name:		C:\Windows\System32\winlogon.exe

Network Information:
	Network Address:	-
	Port:			-

This event is generated when a process attempts to log on an account by explicitly specifying that account?s credentials.  This most commonly occurs in batch-type configurations such as scheduled tasks, or when using the RUNAS command.","4648","0",,"0","12544","0","-9214364837600034816","244087","Microsoft-Windows-Security-Auditing","54849625-5478-4994-a5ba-3e3b0328c30d","Security","784","6744","DESKTOP-0526O8D",,"8/5/2019 5:44:58 PM","e10bc0fc-45db-0000-45c1-0be1db45d501",,"h:\subhamoy_logs\new\step 09_wrongpassword-accno_debashish.evtx","System.UInt32[]","System.Diagnostics.Eventing.Reader.EventBookmark","Information","Info","Logon","System.Collections.ObjectModel.ReadOnlyCollection`1[System.String]","System.Collections.Generic.List`1[System.Diagnostics.Eventing.Reader.EventProperty]"
"Permissions on an object were changed.

Subject:
	Security ID:		S-1-5-18
	Account Name:		DESKTOP-0526O8D$
	Account Domain:		WORKGROUP
	Logon ID:		0x3E7

Object:
	Object Server:	Security
	Object Type:	Token
	Object Name:	-
	Handle ID:	0x1030

Process:
	Process ID:	0x8b4
	Process Name:	C:\Windows\System32\SearchIndexer.exe

Permissions Change:
	Original Security Descriptor:	D:(A;;GA;;;SY)(A;;RC;;;OW)(A;;GA;;;S-1-5-80-117416528-2204451360-1913602512-1355018040-1234992034)(A;;GA;;;BA)(A;;GA;;;SY)(A;;GA;;;BA)
	New Security Descriptor:	D:(A;;GA;;;SY)(A;;RC;;;OW)(A;;GA;;;S-1-5-80-117416528-2204451360-1913602512-1355018040-1234992034)(A;;GA;;;BA)(A;;GA;;;SY)(A;;GA;;;BA)(A;;GA;;;SY)","4670","0",,"0","13570","0","-9214364837600034816","244086","Microsoft-Windows-Security-Auditing","54849625-5478-4994-a5ba-3e3b0328c30d","Security","4","8172","DESKTOP-0526O8D",,"8/5/2019 5:44:58 PM",,,"h:\subhamoy_logs\new\step 09_wrongpassword-accno_debashish.evtx","System.UInt32[]","System.Diagnostics.Eventing.Reader.EventBookmark","Information","Info","Authorization Policy Change","System.Collections.ObjectModel.ReadOnlyCollection`1[System.String]","System.Collections.Generic.List`1[System.Diagnostics.Eventing.Reader.EventProperty]"
"Permissions on an object were changed.

Subject:
	Security ID:		S-1-5-18
	Account Name:		DESKTOP-0526O8D$
	Account Domain:		WORKGROUP
	Logon ID:		0x3E7

Object:
	Object Server:	Security
	Object Type:	Token
	Object Name:	-
	Handle ID:	0x1030

Process:
	Process ID:	0x8b4
	Process Name:	C:\Windows\System32\SearchIndexer.exe

Permissions Change:
	Original Security Descriptor:	D:(A;;GA;;;SY)(A;;RC;;;OW)(A;;GA;;;S-1-5-80-117416528-2204451360-1913602512-1355018040-1234992034)(A;;GA;;;BA)(A;;GA;;;SY)
	New Security Descriptor:	D:(A;;GA;;;SY)(A;;RC;;;OW)(A;;GA;;;S-1-5-80-117416528-2204451360-1913602512-1355018040-1234992034)(A;;GA;;;BA)(A;;GA;;;SY)(A;;GA;;;BA)","4670","0",,"0","13570","0","-9214364837600034816","244085","Microsoft-Windows-Security-Auditing","54849625-5478-4994-a5ba-3e3b0328c30d","Security","4","8172","DESKTOP-0526O8D",,"8/5/2019 5:44:58 PM",,,"h:\subhamoy_logs\new\step 09_wrongpassword-accno_debashish.evtx","System.UInt32[]","System.Diagnostics.Eventing.Reader.EventBookmark","Information","Info","Authorization Policy Change","System.Collections.ObjectModel.ReadOnlyCollection`1[System.String]","System.Collections.Generic.List`1[System.Diagnostics.Eventing.Reader.EventProperty]"
"An account was logged off.

Subject:
	Security ID:		S-1-5-96-0-13
	Account Name:		UMFD-13
	Account Domain:		Font Driver Host
	Logon ID:		0x78499AA

Logon Type:			2

This event is generated when a logon session is destroyed. It may be positively correlated with a logon event using the Logon ID value. Logon IDs are only unique between reboots on the same computer.","4634","0",,"0","12545","0","-9214364837600034816","244084","Microsoft-Windows-Security-Auditing","54849625-5478-4994-a5ba-3e3b0328c30d","Security","784","6744","DESKTOP-0526O8D",,"8/5/2019 5:44:58 PM",,,"h:\subhamoy_logs\new\step 09_wrongpassword-accno_debashish.evtx","System.UInt32[]","System.Diagnostics.Eventing.Reader.EventBookmark","Information","Info","Logoff","System.Collections.ObjectModel.ReadOnlyCollection`1[System.String]","System.Collections.Generic.List`1[System.Diagnostics.Eventing.Reader.EventProperty]"
"The handle to an object was closed.

Subject :
	Security ID:		S-1-5-18
	Account Name:		DESKTOP-0526O8D$
	Account Domain:		WORKGROUP
	Logon ID:		0x3E7

Object:
	Object Server:		Security
	Handle ID:		0x778

Process Information:
	Process ID:		0x13b0
	Process Name:		C:\Windows\System32\wbem\WmiPrvSE.exe","4658","0",,"0","12802","0","-9214364837600034816","244083","Microsoft-Windows-Security-Auditing","54849625-5478-4994-a5ba-3e3b0328c30d","Security","4","6332","DESKTOP-0526O8D",,"8/5/2019 5:44:58 PM",,,"h:\subhamoy_logs\new\step 09_wrongpassword-accno_debashish.evtx","System.UInt32[]","System.Diagnostics.Eventing.Reader.EventBookmark","Information","Info","Kernel Object","System.Collections.ObjectModel.ReadOnlyCollection`1[System.String]","System.Collections.Generic.List`1[System.Diagnostics.Eventing.Reader.EventProperty]"
"An attempt was made to access an object.

Subject:
	Security ID:		S-1-5-18
	Account Name:		DESKTOP-0526O8D$
	Account Domain:		WORKGROUP
	Logon ID:		0x3E7

Object:
	Object Server:		Security
	Object Type:		Process
	Object Name:		\Device\HarddiskVolume4\Windows\System32\lsass.exe
	Handle ID:		0x778
	Resource Attributes:	-

Process Information:
	Process ID:		0x13b0
	Process Name:		C:\Windows\System32\wbem\WmiPrvSE.exe

Access Request Information:
	Accesses:		Read from process memory
				
	Access Mask:		0x10","4663","1",,"0","12802","0","-9214364837600034816","244082","Microsoft-Windows-Security-Auditing","54849625-5478-4994-a5ba-3e3b0328c30d","Security","4","6332","DESKTOP-0526O8D",,"8/5/2019 5:44:58 PM",,,"h:\subhamoy_logs\new\step 09_wrongpassword-accno_debashish.evtx","System.UInt32[]","System.Diagnostics.Eventing.Reader.EventBookmark","Information","Info","Kernel Object","System.Collections.ObjectModel.ReadOnlyCollection`1[System.String]","System.Collections.Generic.List`1[System.Diagnostics.Eventing.Reader.EventProperty]"
"A handle to an object was requested.

Subject:
	Security ID:		S-1-5-18
	Account Name:		DESKTOP-0526O8D$
	Account Domain:		WORKGROUP
	Logon ID:		0x3E7

Object:
	Object Server:		Security
	Object Type:		Process
	Object Name:		\Device\HarddiskVolume4\Windows\System32\lsass.exe
	Handle ID:		0x778
	Resource Attributes:	-

Process Information:
	Process ID:		0x13b0
	Process Name:		C:\Windows\System32\wbem\WmiPrvSE.exe

Access Request Information:
	Transaction ID:		{00000000-0000-0000-0000-000000000000}
	Accesses:		Read from process memory
				Query process information
				Undefined Access (no effect) Bit 12
				
	Access Reasons:		-
	Access Mask:		0x1410
	Privileges Used for Access Check:	-
	Restricted SID Count:	0","4656","1",,"0","12802","0","-9214364837600034816","244081","Microsoft-Windows-Security-Auditing","54849625-5478-4994-a5ba-3e3b0328c30d","Security","4","6332","DESKTOP-0526O8D",,"8/5/2019 5:44:58 PM",,,"h:\subhamoy_logs\new\step 09_wrongpassword-accno_debashish.evtx","System.UInt32[]","System.Diagnostics.Eventing.Reader.EventBookmark","Information","Info","Kernel Object","System.Collections.ObjectModel.ReadOnlyCollection`1[System.String]","System.Collections.Generic.List`1[System.Diagnostics.Eventing.Reader.EventProperty]"
"The handle to an object was closed.

Subject :
	Security ID:		S-1-5-18
	Account Name:		DESKTOP-0526O8D$
	Account Domain:		WORKGROUP
	Logon ID:		0x3E7

Object:
	Object Server:		Security
	Handle ID:		0x27ac

Process Information:
	Process ID:		0x13b0
	Process Name:		C:\Windows\System32\wbem\WmiPrvSE.exe","4658","0",,"0","12802","0","-9214364837600034816","244080","Microsoft-Windows-Security-Auditing","54849625-5478-4994-a5ba-3e3b0328c30d","Security","4","6332","DESKTOP-0526O8D",,"8/5/2019 5:44:58 PM",,,"h:\subhamoy_logs\new\step 09_wrongpassword-accno_debashish.evtx","System.UInt32[]","System.Diagnostics.Eventing.Reader.EventBookmark","Information","Info","Kernel Object","System.Collections.ObjectModel.ReadOnlyCollection`1[System.String]","System.Collections.Generic.List`1[System.Diagnostics.Eventing.Reader.EventProperty]"
"An attempt was made to duplicate a handle to an object.

Subject:
	Security ID:		S-1-5-18
	Account Name:		DESKTOP-0526O8D$
	Account Domain:		WORKGROUP
	Logon ID:		0x3E7

Source Handle Information:
	Source Handle ID:	0x778
	Source Process ID:	0x13b0

New Handle Information:
	Target Handle ID:	0x27ac
	Target Process ID:	0x4","4690","0",,"0","12807","0","-9214364837600034816","244079","Microsoft-Windows-Security-Auditing","54849625-5478-4994-a5ba-3e3b0328c30d","Security","4","6332","DESKTOP-0526O8D",,"8/5/2019 5:44:58 PM",,,"h:\subhamoy_logs\new\step 09_wrongpassword-accno_debashish.evtx","System.UInt32[]","System.Diagnostics.Eventing.Reader.EventBookmark","Information","Info","Handle Manipulation","System.Collections.ObjectModel.ReadOnlyCollection`1[System.String]","System.Collections.Generic.List`1[System.Diagnostics.Eventing.Reader.EventProperty]"
"The handle to an object was closed.

Subject :
	Security ID:		S-1-5-18
	Account Name:		DESKTOP-0526O8D$
	Account Domain:		WORKGROUP
	Logon ID:		0x3E7

Object:
	Object Server:		Security Account Manager
	Handle ID:		0x193f7ef5540

Process Information:
	Process ID:		0x310
	Process Name:		C:\Windows\System32\lsass.exe","4658","0",,"0","12804","0","-9214364837600034816","244078","Microsoft-Windows-Security-Auditing","54849625-5478-4994-a5ba-3e3b0328c30d","Security","4","6332","DESKTOP-0526O8D",,"8/5/2019 5:44:58 PM",,,"h:\subhamoy_logs\new\step 09_wrongpassword-accno_debashish.evtx","System.UInt32[]","System.Diagnostics.Eventing.Reader.EventBookmark","Information","Info","Other Object Access Events","System.Collections.ObjectModel.ReadOnlyCollection`1[System.String]","System.Collections.Generic.List`1[System.Diagnostics.Eventing.Reader.EventProperty]"
"The handle to an object was closed.

Subject :
	Security ID:		S-1-5-18
	Account Name:		DESKTOP-0526O8D$
	Account Domain:		WORKGROUP
	Logon ID:		0x3E7

Object:
	Object Server:		Security Account Manager
	Handle ID:		0x193f7ef6940

Process Information:
	Process ID:		0x310
	Process Name:		C:\Windows\System32\lsass.exe","4658","0",,"0","12804","0","-9214364837600034816","244077","Microsoft-Windows-Security-Auditing","54849625-5478-4994-a5ba-3e3b0328c30d","Security","4","6332","DESKTOP-0526O8D",,"8/5/2019 5:44:58 PM",,,"h:\subhamoy_logs\new\step 09_wrongpassword-accno_debashish.evtx","System.UInt32[]","System.Diagnostics.Eventing.Reader.EventBookmark","Information","Info","Other Object Access Events","System.Collections.ObjectModel.ReadOnlyCollection`1[System.String]","System.Collections.Generic.List`1[System.Diagnostics.Eventing.Reader.EventProperty]"
"A handle to an object was requested.

Subject:
	Security ID:		S-1-5-18
	Account Name:		DESKTOP-0526O8D$
	Account Domain:		WORKGROUP
	Logon ID:		0x3E7

Object:
	Object Server:		Security Account Manager
	Object Type:		SAM_DOMAIN
	Object Name:		DESKTOP-0526O8D
	Handle ID:		0x193f7ef6940
	Resource Attributes:	-

Process Information:
	Process ID:		0x310
	Process Name:		C:\Windows\System32\lsass.exe

Access Request Information:
	Transaction ID:		{00000000-0000-0000-0000-000000000000}
	Accesses:		DELETE
				READ_CONTROL
				WRITE_DAC
				WRITE_OWNER
				ReadPasswordParameters
				WritePasswordParameters
				ReadOtherParameters
				WriteOtherParameters
				CreateUser
				CreateLocalGroup
				GetLocalGroupMembership
				ListAccounts
				LookupIDs
				AdministerServer
				
	Access Reasons:		-
	Access Mask:		0xF07DF
	Privileges Used for Access Check:	-
	Restricted SID Count:	0","4656","1",,"0","12803","0","-9214364837600034816","244076","Microsoft-Windows-Security-Auditing","54849625-5478-4994-a5ba-3e3b0328c30d","Security","4","6332","DESKTOP-0526O8D",,"8/5/2019 5:44:58 PM",,,"h:\subhamoy_logs\new\step 09_wrongpassword-accno_debashish.evtx","System.UInt32[]","System.Diagnostics.Eventing.Reader.EventBookmark","Information","Info","SAM","System.Collections.ObjectModel.ReadOnlyCollection`1[System.String]","System.Collections.Generic.List`1[System.Diagnostics.Eventing.Reader.EventProperty]"
"A handle to an object was requested.

Subject:
	Security ID:		S-1-5-18
	Account Name:		DESKTOP-0526O8D$
	Account Domain:		WORKGROUP
	Logon ID:		0x3E7

Object:
	Object Server:		Security Account Manager
	Object Type:		SAM_SERVER
	Object Name:		SAM
	Handle ID:		0x193f7ef5540
	Resource Attributes:	-

Process Information:
	Process ID:		0x310
	Process Name:		C:\Windows\System32\lsass.exe

Access Request Information:
	Transaction ID:		{00000000-0000-0000-0000-000000000000}
	Accesses:		DELETE
				READ_CONTROL
				WRITE_DAC
				WRITE_OWNER
				ConnectToServer
				ShutdownServer
				InitializeServer
				CreateDomain
				EnumerateDomains
				LookupDomain
				
	Access Reasons:		-
	Access Mask:		0xF003F
	Privileges Used for Access Check:	-
	Restricted SID Count:	0","4656","1",,"0","12803","0","-9214364837600034816","244075","Microsoft-Windows-Security-Auditing","54849625-5478-4994-a5ba-3e3b0328c30d","Security","4","6332","DESKTOP-0526O8D",,"8/5/2019 5:44:58 PM",,,"h:\subhamoy_logs\new\step 09_wrongpassword-accno_debashish.evtx","System.UInt32[]","System.Diagnostics.Eventing.Reader.EventBookmark","Information","Info","SAM","System.Collections.ObjectModel.ReadOnlyCollection`1[System.String]","System.Collections.Generic.List`1[System.Diagnostics.Eventing.Reader.EventProperty]"
"User initiated logoff:

Subject:
