	Security ID:		S-1-5-18
	Account Name:		DESKTOP-0526O8D$
	Account Domain:		WORKGROUP
	Logon ID:		0x3E7

Object:
	Object Server:		Security
	Handle ID:		0x724

Process Information:
	Process ID:		0x13b0
	Process Name:		C:\Windows\System32\wbem\WmiPrvSE.exe","4658","0",,"0","12802","0","-9214364837600034816","245707","Microsoft-Windows-Security-Auditing","54849625-5478-4994-a5ba-3e3b0328c30d","Security","4","8172","DESKTOP-0526O8D",,"8/5/2019 5:49:06 PM",,,"h:\subhamoy_logs\new\step 09_wrongpassword-accno_debashish.evtx","System.UInt32[]","System.Diagnostics.Eventing.Reader.EventBookmark","Information","Info","Kernel Object","System.Collections.ObjectModel.ReadOnlyCollection`1[System.String]","System.Collections.Generic.List`1[System.Diagnostics.Eventing.Reader.EventProperty]"
"An attempt was made to access an object.

Subject:
	Security ID:		S-1-5-18
	Account Name:		DESKTOP-0526O8D$
	Account Domain:		WORKGROUP
	Logon ID:		0x3E7

Object:
	Object Server:		Security
	Object Type:		Process
	Object Name:		\Device\HarddiskVolume4\Windows\System32\lsass.exe
	Handle ID:		0x724
	Resource Attributes:	-

Process Information:
	Process ID:		0x13b0
	Process Name:		C:\Windows\System32\wbem\WmiPrvSE.exe

Access Request Information:
	Accesses:		Read from process memory
				
	Access Mask:		0x10","4663","1",,"0","12802","0","-9214364837600034816","245706","Microsoft-Windows-Security-Auditing","54849625-5478-4994-a5ba-3e3b0328c30d","Security","4","8172","DESKTOP-0526O8D",,"8/5/2019 5:49:06 PM",,,"h:\subhamoy_logs\new\step 09_wrongpassword-accno_debashish.evtx","System.UInt32[]","System.Diagnostics.Eventing.Reader.EventBookmark","Information","Info","Kernel Object","System.Collections.ObjectModel.ReadOnlyCollection`1[System.String]","System.Collections.Generic.List`1[System.Diagnostics.Eventing.Reader.EventProperty]"
"A handle to an object was requested.

Subject:
	Security ID:		S-1-5-18
	Account Name:		DESKTOP-0526O8D$
	Account Domain:		WORKGROUP
	Logon ID:		0x3E7

Object:
	Object Server:		Security
	Object Type:		Process
	Object Name:		\Device\HarddiskVolume4\Windows\System32\lsass.exe
	Handle ID:		0x724
	Resource Attributes:	-

Process Information:
	Process ID:		0x13b0
	Process Name:		C:\Windows\System32\wbem\WmiPrvSE.exe

Access Request Information:
	Transaction ID:		{00000000-0000-0000-0000-000000000000}
	Accesses:		Read from process memory
				Query process information
				Undefined Access (no effect) Bit 12
				
	Access Reasons:		-
	Access Mask:		0x1410
	Privileges Used for Access Check:	-
	Restricted SID Count:	0","4656","1",,"0","12802","0","-9214364837600034816","245705","Microsoft-Windows-Security-Auditing","54849625-5478-4994-a5ba-3e3b0328c30d","Security","4","8172","DESKTOP-0526O8D",,"8/5/2019 5:49:06 PM",,,"h:\subhamoy_logs\new\step 09_wrongpassword-accno_debashish.evtx","System.UInt32[]","System.Diagnostics.Eventing.Reader.EventBookmark","Information","Info","Kernel Object","System.Collections.ObjectModel.ReadOnlyCollection`1[System.String]","System.Collections.Generic.List`1[System.Diagnostics.Eventing.Reader.EventProperty]"
"The handle to an object was closed.

Subject :
	Security ID:		S-1-5-18
	Account Name:		DESKTOP-0526O8D$
	Account Domain:		WORKGROUP
	Logon ID:		0x3E7

Object:
	Object Server:		Security
	Handle ID:		0x4d50

Process Information:
	Process ID:		0x13b0
	Process Name:		C:\Windows\System32\wbem\WmiPrvSE.exe","4658","0",,"0","12802","0","-9214364837600034816","245704","Microsoft-Windows-Security-Auditing","54849625-5478-4994-a5ba-3e3b0328c30d","Security","4","8172","DESKTOP-0526O8D",,"8/5/2019 5:49:06 PM",,,"h:\subhamoy_logs\new\step 09_wrongpassword-accno_debashish.evtx","System.UInt32[]","System.Diagnostics.Eventing.Reader.EventBookmark","Information","Info","Kernel Object","System.Collections.ObjectModel.ReadOnlyCollection`1[System.String]","System.Collections.Generic.List`1[System.Diagnostics.Eventing.Reader.EventProperty]"
"An attempt was made to duplicate a handle to an object.

Subject:
	Security ID:		S-1-5-18
	Account Name:		DESKTOP-0526O8D$
	Account Domain:		WORKGROUP
	Logon ID:		0x3E7

Source Handle Information:
	Source Handle ID:	0x724
	Source Process ID:	0x13b0

New Handle Information:
	Target Handle ID:	0x4d50
	Target Process ID:	0x4","4690","0",,"0","12807","0","-9214364837600034816","245703","Microsoft-Windows-Security-Auditing","54849625-5478-4994-a5ba-3e3b0328c30d","Security","4","8172","DESKTOP-0526O8D",,"8/5/2019 5:49:06 PM",,,"h:\subhamoy_logs\new\step 09_wrongpassword-accno_debashish.evtx","System.UInt32[]","System.Diagnostics.Eventing.Reader.EventBookmark","Information","Info","Handle Manipulation","System.Collections.ObjectModel.ReadOnlyCollection`1[System.String]","System.Collections.Generic.List`1[System.Diagnostics.Eventing.Reader.EventProperty]"
"The handle to an object was closed.

Subject :
	Security ID:		S-1-5-18
	Account Name:		DESKTOP-0526O8D$
	Account Domain:		WORKGROUP
	Logon ID:		0x3E7

Object:
	Object Server:		Security
	Handle ID:		0x5f8

Process Information:
	Process ID:		0x13b0
	Process Name:		C:\Windows\System32\wbem\WmiPrvSE.exe","4658","0",,"0","12802","0","-9214364837600034816","245702","Microsoft-Windows-Security-Auditing","54849625-5478-4994-a5ba-3e3b0328c30d","Security","4","8172","DESKTOP-0526O8D",,"8/5/2019 5:49:05 PM",,,"h:\subhamoy_logs\new\step 09_wrongpassword-accno_debashish.evtx","System.UInt32[]","System.Diagnostics.Eventing.Reader.EventBookmark","Information","Info","Kernel Object","System.Collections.ObjectModel.ReadOnlyCollection`1[System.String]","System.Collections.Generic.List`1[System.Diagnostics.Eventing.Reader.EventProperty]"
"An attempt was made to access an object.

Subject:
	Security ID:		S-1-5-18
	Account Name:		DESKTOP-0526O8D$
	Account Domain:		WORKGROUP
	Logon ID:		0x3E7

Object:
	Object Server:		Security
	Object Type:		Process
	Object Name:		\Device\HarddiskVolume4\Windows\System32\lsass.exe
	Handle ID:		0x5f8
	Resource Attributes:	-

Process Information:
	Process ID:		0x13b0
	Process Name:		C:\Windows\System32\wbem\WmiPrvSE.exe

Access Request Information:
	Accesses:		Read from process memory
				
	Access Mask:		0x10","4663","1",,"0","12802","0","-9214364837600034816","245701","Microsoft-Windows-Security-Auditing","54849625-5478-4994-a5ba-3e3b0328c30d","Security","4","8172","DESKTOP-0526O8D",,"8/5/2019 5:49:05 PM",,,"h:\subhamoy_logs\new\step 09_wrongpassword-accno_debashish.evtx","System.UInt32[]","System.Diagnostics.Eventing.Reader.EventBookmark","Information","Info","Kernel Object","System.Collections.ObjectModel.ReadOnlyCollection`1[System.String]","System.Collections.Generic.List`1[System.Diagnostics.Eventing.Reader.EventProperty]"
"A handle to an object was requested.

Subject:
	Security ID:		S-1-5-18
	Account Name:		DESKTOP-0526O8D$
	Account Domain:		WORKGROUP
	Logon ID:		0x3E7

Object:
	Object Server:		Security
	Object Type:		Process
	Object Name:		\Device\HarddiskVolume4\Windows\System32\lsass.exe
	Handle ID:		0x5f8
	Resource Attributes:	-

Process Information:
	Process ID:		0x13b0
	Process Name:		C:\Windows\System32\wbem\WmiPrvSE.exe

Access Request Information:
	Transaction ID:		{00000000-0000-0000-0000-000000000000}
	Accesses:		Read from process memory
				Query process information
				Undefined Access (no effect) Bit 12
				
	Access Reasons:		-
	Access Mask:		0x1410
	Privileges Used for Access Check:	-
	Restricted SID Count:	0","4656","1",,"0","12802","0","-9214364837600034816","245700","Microsoft-Windows-Security-Auditing","54849625-5478-4994-a5ba-3e3b0328c30d","Security","4","8172","DESKTOP-0526O8D",,"8/5/2019 5:49:05 PM",,,"h:\subhamoy_logs\new\step 09_wrongpassword-accno_debashish.evtx","System.UInt32[]","System.Diagnostics.Eventing.Reader.EventBookmark","Information","Info","Kernel Object","System.Collections.ObjectModel.ReadOnlyCollection`1[System.String]","System.Collections.Generic.List`1[System.Diagnostics.Eventing.Reader.EventProperty]"
"The handle to an object was closed.

Subject :
	Security ID:		S-1-5-18
	Account Name:		DESKTOP-0526O8D$
	Account Domain:		WORKGROUP
	Logon ID:		0x3E7

Object:
	Object Server:		Security
	Handle ID:		0x3ca8

Process Information:
	Process ID:		0x13b0
	Process Name:		C:\Windows\System32\wbem\WmiPrvSE.exe","4658","0",,"0","12802","0","-9214364837600034816","245699","Microsoft-Windows-Security-Auditing","54849625-5478-4994-a5ba-3e3b0328c30d","Security","4","8172","DESKTOP-0526O8D",,"8/5/2019 5:49:05 PM",,,"h:\subhamoy_logs\new\step 09_wrongpassword-accno_debashish.evtx","System.UInt32[]","System.Diagnostics.Eventing.Reader.EventBookmark","Information","Info","Kernel Object","System.Collections.ObjectModel.ReadOnlyCollection`1[System.String]","System.Collections.Generic.List`1[System.Diagnostics.Eventing.Reader.EventProperty]"
"An attempt was made to duplicate a handle to an object.

Subject:
	Security ID:		S-1-5-18
	Account Name:		DESKTOP-0526O8D$
	Account Domain:		WORKGROUP
	Logon ID:		0x3E7

Source Handle Information:
	Source Handle ID:	0x5f8
	Source Process ID:	0x13b0

New Handle Information:
	Target Handle ID:	0x3ca8
	Target Process ID:	0x4","4690","0",,"0","12807","0","-9214364837600034816","245698","Microsoft-Windows-Security-Auditing","54849625-5478-4994-a5ba-3e3b0328c30d","Security","4","8172","DESKTOP-0526O8D",,"8/5/2019 5:49:05 PM",,,"h:\subhamoy_logs\new\step 09_wrongpassword-accno_debashish.evtx","System.UInt32[]","System.Diagnostics.Eventing.Reader.EventBookmark","Information","Info","Handle Manipulation","System.Collections.ObjectModel.ReadOnlyCollection`1[System.String]","System.Collections.Generic.List`1[System.Diagnostics.Eventing.Reader.EventProperty]"
"The handle to an object was closed.

Subject :
	Security ID:		S-1-5-21-1874035555-1170827713-1978778435-1001
	Account Name:		DEBASHISH
	Account Domain:		DESKTOP-0526O8D
	Logon ID:		0x7BC745E

Object:
	Object Server:		Security
	Handle ID:		0x65c

Process Information:
	Process ID:		0x19c8
	Process Name:		C:\Program Files\WindowsApps\Microsoft.WindowsCalculator_10.1905.30.0_x64__8wekyb3d8bbwe\Calculator.exe","4658","0",,"0","12800","0","-9214364837600034816","245697","Microsoft-Windows-Security-Auditing","54849625-5478-4994-a5ba-3e3b0328c30d","Security","4","6332","DESKTOP-0526O8D",,"8/5/2019 5:49:04 PM",,,"h:\subhamoy_logs\new\step 09_wrongpassword-accno_debashish.evtx","System.UInt32[]","System.Diagnostics.Eventing.Reader.EventBookmark","Information","Info","File System","System.Collections.ObjectModel.ReadOnlyCollection`1[System.String]","System.Collections.Generic.List`1[System.Diagnostics.Eventing.Reader.EventProperty]"
"A handle to an object was requested.

Subject:
	Security ID:		S-1-5-21-1874035555-1170827713-1978778435-1001
	Account Name:		DEBASHISH
	Account Domain:		DESKTOP-0526O8D
	Logon ID:		0x7BC745E

Object:
	Object Server:		Security
	Object Type:		File
	Object Name:		C:\Windows\System32\WinMetadata
	Handle ID:		0x65c
	Resource Attributes:	-

Process Information:
	Process ID:		0x19c8
	Process Name:		C:\Program Files\WindowsApps\Microsoft.WindowsCalculator_10.1905.30.0_x64__8wekyb3d8bbwe\Calculator.exe

Access Request Information:
	Transaction ID:		{00000000-0000-0000-0000-000000000000}
	Accesses:		SYNCHRONIZE
				ReadData (or ListDirectory)
				
	Access Reasons:		SYNCHRONIZE:	Granted by	D:(A;;0x1200a9;;;BU)
				ReadData (or ListDirectory):	Granted by	D:(A;;0x1200a9;;;BU)
				
	Access Mask:		0x100001
	Privileges Used for Access Check:	-
	Restricted SID Count:	0","4656","1",,"0","12800","0","-9214364837600034816","245696","Microsoft-Windows-Security-Auditing","54849625-5478-4994-a5ba-3e3b0328c30d","Security","4","6332","DESKTOP-0526O8D",,"8/5/2019 5:49:04 PM",,,"h:\subhamoy_logs\new\step 09_wrongpassword-accno_debashish.evtx","System.UInt32[]","System.Diagnostics.Eventing.Reader.EventBookmark","Information","Info","File System","System.Collections.ObjectModel.ReadOnlyCollection`1[System.String]","System.Collections.Generic.List`1[System.Diagnostics.Eventing.Reader.EventProperty]"
"The handle to an object was closed.

Subject :
	Security ID:		S-1-5-21-1874035555-1170827713-1978778435-1001
	Account Name:		DEBASHISH
	Account Domain:		DESKTOP-0526O8D
	Logon ID:		0x7BC745E

Object:
	Object Server:		Security
	Handle ID:		0x3eb0

Process Information:
	Process ID:		0x19c8
	Process Name:		C:\Program Files\WindowsApps\Microsoft.WindowsCalculator_10.1905.30.0_x64__8wekyb3d8bbwe\Calculator.exe","4658","0",,"0","12800","0","-9214364837600034816","245695","Microsoft-Windows-Security-Auditing","54849625-5478-4994-a5ba-3e3b0328c30d","Security","4","6332","DESKTOP-0526O8D",,"8/5/2019 5:49:04 PM",,,"h:\subhamoy_logs\new\step 09_wrongpassword-accno_debashish.evtx","System.UInt32[]","System.Diagnostics.Eventing.Reader.EventBookmark","Information","Info","File System","System.Collections.ObjectModel.ReadOnlyCollection`1[System.String]","System.Collections.Generic.List`1[System.Diagnostics.Eventing.Reader.EventProperty]"
"An attempt was made to duplicate a handle to an object.

Subject:
	Security ID:		S-1-5-21-1874035555-1170827713-1978778435-1001
	Account Name:		DEBASHISH
	Account Domain:		DESKTOP-0526O8D
	Logon ID:		0x7BC745E

Source Handle Information:
	Source Handle ID:	0x65c
	Source Process ID:	0x19c8

New Handle Information:
	Target Handle ID:	0x3eb0
	Target Process ID:	0x4","4690","0",,"0","12807","0","-9214364837600034816","245694","Microsoft-Windows-Security-Auditing","54849625-5478-4994-a5ba-3e3b0328c30d","Security","4","6332","DESKTOP-0526O8D",,"8/5/2019 5:49:04 PM",,,"h:\subhamoy_logs\new\step 09_wrongpassword-accno_debashish.evtx","System.UInt32[]","System.Diagnostics.Eventing.Reader.EventBookmark","Information","Info","Handle Manipulation","System.Collections.ObjectModel.ReadOnlyCollection`1[System.String]","System.Collections.Generic.List`1[System.Diagnostics.Eventing.Reader.EventProperty]"
"The handle to an object was closed.

Subject :
	Security ID:		S-1-5-21-1874035555-1170827713-1978778435-1001
	Account Name:		DEBASHISH
	Account Domain:		DESKTOP-0526O8D
	Logon ID:		0x7BC745E

Object:
	Object Server:		Security
	Handle ID:		0x638

Process Information:
	Process ID:		0x19c8
	Process Name:		C:\Program Files\WindowsApps\Microsoft.WindowsCalculator_10.1905.30.0_x64__8wekyb3d8bbwe\Calculator.exe","4658","0",,"0","12800","0","-9214364837600034816","245693","Microsoft-Windows-Security-Auditing","54849625-5478-4994-a5ba-3e3b0328c30d","Security","4","6332","DESKTOP-0526O8D",,"8/5/2019 5:49:04 PM",,,"h:\subhamoy_logs\new\step 09_wrongpassword-accno_debashish.evtx","System.UInt32[]","System.Diagnostics.Eventing.Reader.EventBookmark","Information","Info","File System","System.Collections.ObjectModel.ReadOnlyCollection`1[System.String]","System.Collections.Generic.List`1[System.Diagnostics.Eventing.Reader.EventProperty]"
"A handle to an object was requested.

Subject:
	Security ID:		S-1-5-21-1874035555-1170827713-1978778435-1001
	Account Name:		DEBASHISH
	Account Domain:		DESKTOP-0526O8D
	Logon ID:		0x7BC745E

Object:
	Object Server:		Security
	Object Type:		File
	Object Name:		C:\Windows\System32\WinMetadata
	Handle ID:		0x638
	Resource Attributes:	-

Process Information:
	Process ID:		0x19c8
	Process Name:		C:\Program Files\WindowsApps\Microsoft.WindowsCalculator_10.1905.30.0_x64__8wekyb3d8bbwe\Calculator.exe

Access Request Information:
	Transaction ID:		{00000000-0000-0000-0000-000000000000}
	Accesses:		SYNCHRONIZE
				ReadData (or ListDirectory)
				
	Access Reasons:		SYNCHRONIZE:	Granted by	D:(A;;0x1200a9;;;BU)
				ReadData (or ListDirectory):	Granted by	D:(A;;0x1200a9;;;BU)
				
	Access Mask:		0x100001
	Privileges Used for Access Check:	-
	Restricted SID Count:	0","4656","1",,"0","12800","0","-9214364837600034816","245692","Microsoft-Windows-Security-Auditing","54849625-5478-4994-a5ba-3e3b0328c30d","Security","4","6332","DESKTOP-0526O8D",,"8/5/2019 5:49:04 PM",,,"h:\subhamoy_logs\new\step 09_wrongpassword-accno_debashish.evtx","System.UInt32[]","System.Diagnostics.Eventing.Reader.EventBookmark","Information","Info","File System","System.Collections.ObjectModel.ReadOnlyCollection`1[System.String]","System.Collections.Generic.List`1[System.Diagnostics.Eventing.Reader.EventProperty]"
"The handle to an object was closed.

Subject :
	Security ID:		S-1-5-21-1874035555-1170827713-1978778435-1001
	Account Name:		DEBASHISH
	Account Domain:		DESKTOP-0526O8D
	Logon ID:		0x7BC745E

Object:
	Object Server:		Security
	Handle ID:		0x3eb0

Process Information:
	Process ID:		0x19c8
	Process Name:		C:\Program Files\WindowsApps\Microsoft.WindowsCalculator_10.1905.30.0_x64__8wekyb3d8bbwe\Calculator.exe","4658","0",,"0","12800","0","-9214364837600034816","245691","Microsoft-Windows-Security-Auditing","54849625-5478-4994-a5ba-3e3b0328c30d","Security","4","6332","DESKTOP-0526O8D",,"8/5/2019 5:49:04 PM",,,"h:\subhamoy_logs\new\step 09_wrongpassword-accno_debashish.evtx","System.UInt32[]","System.Diagnostics.Eventing.Reader.EventBookmark","Information","Info","File System","System.Collections.ObjectModel.ReadOnlyCollection`1[System.String]","System.Collections.Generic.List`1[System.Diagnostics.Eventing.Reader.EventProperty]"
"An attempt was made to duplicate a handle to an object.

Subject:
	Security ID:		S-1-5-21-1874035555-1170827713-1978778435-1001
	Account Name:		DEBASHISH
	Account Domain:		DESKTOP-0526O8D
	Logon ID:		0x7BC745E

Source Handle Information:
	Source Handle ID:	0x638
	Source Process ID:	0x19c8

New Handle Information:
	Target Handle ID:	0x3eb0
	Target Process ID:	0x4","4690","0",,"0","12807","0","-9214364837600034816","245690","Microsoft-Windows-Security-Auditing","54849625-5478-4994-a5ba-3e3b0328c30d","Security","4","6332","DESKTOP-0526O8D",,"8/5/2019 5:49:04 PM",,,"h:\subhamoy_logs\new\step 09_wrongpassword-accno_debashish.evtx","System.UInt32[]","System.Diagnostics.Eventing.Reader.EventBookmark","Information","Info","Handle Manipulation","System.Collections.ObjectModel.ReadOnlyCollection`1[System.String]","System.Collections.Generic.List`1[System.Diagnostics.Eventing.Reader.EventProperty]"
"Permissions on an object were changed.

Subject:
	Security ID:		S-1-5-18
	Account Name:		DESKTOP-0526O8D$
	Account Domain:		WORKGROUP
	Logon ID:		0x3E7

Object:
	Object Server:	Security
	Object Type:	Token
	Object Name:	-
	Handle ID:	0xa88

Process:
	Process ID:	0x2f8
	Process Name:	C:\Windows\System32\services.exe

Permissions Change:
	Original Security Descriptor:	D:(A;;GA;;;SY)(A;;RCGXGR;;;BA)
	New Security Descriptor:	D:(A;;GA;;;SY)(A;;RC;;;OW)(A;;GA;;;S-1-5-80-65843127-2189646064-2697706863-2125155322-3141006483)","4670","0",,"0","13570","0","-9214364837600034816","245689","Microsoft-Windows-Security-Auditing","54849625-5478-4994-a5ba-3e3b0328c30d","Security","4","6332","DESKTOP-0526O8D",,"8/5/2019 5:49:04 PM",,,"h:\subhamoy_logs\new\step 09_wrongpassword-accno_debashish.evtx","System.UInt32[]","System.Diagnostics.Eventing.Reader.EventBookmark","Information","Info","Authorization Policy Change","System.Collections.ObjectModel.ReadOnlyCollection`1[System.String]","System.Collections.Generic.List`1[System.Diagnostics.Eventing.Reader.EventProperty]"
"Special privileges assigned to new logon.

Subject:
	Security ID:		S-1-5-18
	Account Name:		SYSTEM
	Account Domain:		NT AUTHORITY
	Logon ID:		0x3E7

Privileges:		SeAssignPrimaryTokenPrivilege
			SeTcbPrivilege
			SeSecurityPrivilege
			SeTakeOwnershipPrivilege
			SeLoadDriverPrivilege
			SeBackupPrivilege
			SeRestorePrivilege
			SeDebugPrivilege
			SeAuditPrivilege
			SeSystemEnvironmentPrivilege
			SeImpersonatePrivilege
			SeDelegateSessionUserImpersonatePrivilege","4672","0",,"0","12548","0","-9214364837600034816","245688","Microsoft-Windows-Security-Auditing","54849625-5478-4994-a5ba-3e3b0328c30d","Security","784","6744","DESKTOP-0526O8D",,"8/5/2019 5:49:04 PM","e10bc0fc-45db-0000-45c1-0be1db45d501",,"h:\subhamoy_logs\new\step 09_wrongpassword-accno_debashish.evtx","System.UInt32[]","System.Diagnostics.Eventing.Reader.EventBookmark","Information","Info","Special Logon","System.Collections.ObjectModel.ReadOnlyCollection`1[System.String]","System.Collections.Generic.List`1[System.Diagnostics.Eventing.Reader.EventProperty]"
"Group membership information.

Subject:
	Security ID:		S-1-5-18
	Account Name:		DESKTOP-0526O8D$
	Account Domain:		WORKGROUP
	Logon ID:		0x3E7

Logon Type:			5

New Logon:
	Security ID:		S-1-5-18
	Account Name:		SYSTEM
	Account Domain:		NT AUTHORITY
	Logon ID:		0x3E7

Event in sequence:		1 of 1

Group Membership:			
		%{S-1-5-32-544}
		%{S-1-1-0}
		%{S-1-5-11}
		%{S-1-16-16384}

The subject fields indicate the account on the local system which requested the logon. This is most commonly a service such as the Server service, or a local process such as Winlogon.exe or Services.exe.

The logon type field indicates the kind of logon that occurred. The most common types are 2 (interactive) and 3 (network).

The New Logon fields indicate the account for whom the new logon was created, i.e. the account that was logged on.

This event is generated when the Audit Group Membership subcategory is configured.  The Logon ID field can be used to correlate this event with the corresponding user logon event as well as to any other security audit events generated during this logon session.","4627","0",,"0","12554","0","-9214364837600034816","245687","Microsoft-Windows-Security-Auditing","54849625-5478-4994-a5ba-3e3b0328c30d","Security","784","6744","DESKTOP-0526O8D",,"8/5/2019 5:49:04 PM","e10bc0fc-45db-0000-45c1-0be1db45d501",,"h:\subhamoy_logs\new\step 09_wrongpassword-accno_debashish.evtx","System.UInt32[]","System.Diagnostics.Eventing.Reader.EventBookmark","Information","Info","Group Membership","System.Collections.ObjectModel.ReadOnlyCollection`1[System.String]","System.Collections.Generic.List`1[System.Diagnostics.Eventing.Reader.EventProperty]"
"An account was successfully logged on.

Subject:
	Security ID:		S-1-5-18
	Account Name:		DESKTOP-0526O8D$
	Account Domain:		WORKGROUP
	Logon ID:		0x3E7

Logon Information:
	Logon Type:		5
	Restricted Admin Mode:	-
	Virtual Account:		No
	Elevated Token:		Yes

Impersonation Level:		Impersonation

New Logon:
	Security ID:		S-1-5-18
	Account Name:		SYSTEM
	Account Domain:		NT AUTHORITY
	Logon ID:		0x3E7
	Linked Logon ID:		0x0
	Network Account Name:	-
	Network Account Domain:	-
	Logon GUID:		{00000000-0000-0000-0000-000000000000}

Process Information:
	Process ID:		0x2f8
	Process Name:		C:\Windows\System32\services.exe

Network Information:
	Workstation Name:	-
	Source Network Address:	-
	Source Port:		-

Detailed Authentication Information:
	Logon Process:		Advapi  
	Authentication Package:	Negotiate
	Transited Services:	-
	Package Name (NTLM only):	-
	Key Length:		0

This event is generated when a logon session is created. It is generated on the computer that was accessed.

The subject fields indicate the account on the local system which requested the logon. This is most commonly a service such as the Server service, or a local process such as Winlogon.exe or Services.exe.

The logon type field indicates the kind of logon that occurred. The most common types are 2 (interactive) and 3 (network).

The New Logon fields indicate the account for whom the new logon was created, i.e. the account that was logged on.

The network fields indicate where a remote logon request originated. Workstation name is not always available and may be left blank in some cases.

The impersonation level field indicates the extent to which a process in the logon session can impersonate.

The authentication information fields provide detailed information about this specific logon request.
	- Logon GUID is a unique identifier that can be used to correlate this event with a KDC event.
	- Transited services indicate which intermediate services have participated in this logon request.
	- Package name indicates which sub-protocol was used among the NTLM protocols.
	- Key length indicates the length of the generated session key. This will be 0 if no session key was requested.","4624","2",,"0","12544","0","-9214364837600034816","245686","Microsoft-Windows-Security-Auditing","54849625-5478-4994-a5ba-3e3b0328c30d","Security","784","6744","DESKTOP-0526O8D",,"8/5/2019 5:49:04 PM","e10bc0fc-45db-0000-45c1-0be1db45d501",,"h:\subhamoy_logs\new\step 09_wrongpassword-accno_debashish.evtx","System.UInt32[]","System.Diagnostics.Eventing.Reader.EventBookmark","Information","Info","Logon","System.Collections.ObjectModel.ReadOnlyCollection`1[System.String]","System.Collections.Generic.List`1[System.Diagnostics.Eventing.Reader.EventProperty]"
"The handle to an object was closed.

Subject :
	Security ID:		S-1-5-18
	Account Name:		DESKTOP-0526O8D$
	Account Domain:		WORKGROUP
	Logon ID:		0x3E7

Object:
	Object Server:		Security
	Handle ID:		0x5f8

Process Information:
	Process ID:		0x13b0
	Process Name:		C:\Windows\System32\wbem\WmiPrvSE.exe","4658","0",,"0","12802","0","-9214364837600034816","245685","Microsoft-Windows-Security-Auditing","54849625-5478-4994-a5ba-3e3b0328c30d","Security","4","6332","DESKTOP-0526O8D",,"8/5/2019 5:49:04 PM",,,"h:\subhamoy_logs\new\step 09_wrongpassword-accno_debashish.evtx","System.UInt32[]","System.Diagnostics.Eventing.Reader.EventBookmark","Information","Info","Kernel Object","System.Collections.ObjectModel.ReadOnlyCollection`1[System.String]","System.Collections.Generic.List`1[System.Diagnostics.Eventing.Reader.EventProperty]"
"An attempt was made to access an object.

Subject:
	Security ID:		S-1-5-18
	Account Name:		DESKTOP-0526O8D$
	Account Domain:		WORKGROUP
	Logon ID:		0x3E7

Object:
	Object Server:		Security
	Object Type:		Process
	Object Name:		\Device\HarddiskVolume4\Windows\System32\lsass.exe
	Handle ID:		0x5f8
	Resource Attributes:	-

Process Information:
	Process ID:		0x13b0
	Process Name:		C:\Windows\System32\wbem\WmiPrvSE.exe

Access Request Information:
	Accesses:		Read from process memory
				
	Access Mask:		0x10","4663","1",,"0","12802","0","-9214364837600034816","245684","Microsoft-Windows-Security-Auditing","54849625-5478-4994-a5ba-3e3b0328c30d","Security","4","6332","DESKTOP-0526O8D",,"8/5/2019 5:49:04 PM",,,"h:\subhamoy_logs\new\step 09_wrongpassword-accno_debashish.evtx","System.UInt32[]","System.Diagnostics.Eventing.Reader.EventBookmark","Information","Info","Kernel Object","System.Collections.ObjectModel.ReadOnlyCollection`1[System.String]","System.Collections.Generic.List`1[System.Diagnostics.Eventing.Reader.EventProperty]"
"A handle to an object was requested.

Subject:
	Security ID:		S-1-5-18
	Account Name:		DESKTOP-0526O8D$
	Account Domain:		WORKGROUP
	Logon ID:		0x3E7

Object:
	Object Server:		Security
	Object Type:		Process
	Object Name:		\Device\HarddiskVolume4\Windows\System32\lsass.exe
	Handle ID:		0x5f8
	Resource Attributes:	-

Process Information:
	Process ID:		0x13b0
	Process Name:		C:\Windows\System32\wbem\WmiPrvSE.exe

Access Request Information:
	Transaction ID:		{00000000-0000-0000-0000-000000000000}
	Accesses:		Read from process memory
				Query process information
				Undefined Access (no effect) Bit 12
				
	Access Reasons:		-
	Access Mask:		0x1410
	Privileges Used for Access Check:	-
	Restricted SID Count:	0","4656","1",,"0","12802","0","-9214364837600034816","245683","Microsoft-Windows-Security-Auditing","54849625-5478-4994-a5ba-3e3b0328c30d","Security","4","6332","DESKTOP-0526O8D",,"8/5/2019 5:49:04 PM",,,"h:\subhamoy_logs\new\step 09_wrongpassword-accno_debashish.evtx","System.UInt32[]","System.Diagnostics.Eventing.Reader.EventBookmark","Information","Info","Kernel Object","System.Collections.ObjectModel.ReadOnlyCollection`1[System.String]","System.Collections.Generic.List`1[System.Diagnostics.Eventing.Reader.EventProperty]"
"The handle to an object was closed.

Subject :
	Security ID:		S-1-5-18
	Account Name:		DESKTOP-0526O8D$
	Account Domain:		WORKGROUP
	Logon ID:		0x3E7

Object:
	Object Server:		Security
	Handle ID:		0x2d38

Process Information:
	Process ID:		0x13b0
	Process Name:		C:\Windows\System32\wbem\WmiPrvSE.exe","4658","0",,"0","12802","0","-9214364837600034816","245682","Microsoft-Windows-Security-Auditing","54849625-5478-4994-a5ba-3e3b0328c30d","Security","4","6332","DESKTOP-0526O8D",,"8/5/2019 5:49:04 PM",,,"h:\subhamoy_logs\new\step 09_wrongpassword-accno_debashish.evtx","System.UInt32[]","System.Diagnostics.Eventing.Reader.EventBookmark","Information","Info","Kernel Object","System.Collections.ObjectModel.ReadOnlyCollection`1[System.String]","System.Collections.Generic.List`1[System.Diagnostics.Eventing.Reader.EventProperty]"
"An attempt was made to duplicate a handle to an object.

Subject:
	Security ID:		S-1-5-18
	Account Name:		DESKTOP-0526O8D$
	Account Domain:		WORKGROUP
	Logon ID:		0x3E7

Source Handle Information:
	Source Handle ID:	0x5f8
	Source Process ID:	0x13b0

New Handle Information:
	Target Handle ID:	0x2d38
	Target Process ID:	0x4","4690","0",,"0","12807","0","-9214364837600034816","245681","Microsoft-Windows-Security-Auditing","54849625-5478-4994-a5ba-3e3b0328c30d","Security","4","6332","DESKTOP-0526O8D",,"8/5/2019 5:49:04 PM",,,"h:\subhamoy_logs\new\step 09_wrongpassword-accno_debashish.evtx","System.UInt32[]","System.Diagnostics.Eventing.Reader.EventBookmark","Information","Info","Handle Manipulation","System.Collections.ObjectModel.ReadOnlyCollection`1[System.String]","System.Collections.Generic.List`1[System.Diagnostics.Eventing.Reader.EventProperty]"
"The handle to an object was closed.

Subject :
	Security ID:		S-1-5-21-1874035555-1170827713-1978778435-1001
	Account Name:		DEBASHISH
	Account Domain:		DESKTOP-0526O8D
	Logon ID:		0x7BC745E

Object:
	Object Server:		Security
	Handle ID:		0x1db4

Process Information:
	Process ID:		0x324c
	Process Name:		C:\Windows\explorer.exe","4658","0",,"0","12800","0","-9214364837600034816","245680","Microsoft-Windows-Security-Auditing","54849625-5478-4994-a5ba-3e3b0328c30d","Security","4","6332","DESKTOP-0526O8D",,"8/5/2019 5:49:03 PM",,,"h:\subhamoy_logs\new\step 09_wrongpassword-accno_debashish.evtx","System.UInt32[]","System.Diagnostics.Eventing.Reader.EventBookmark","Information","Info","File System","System.Collections.ObjectModel.ReadOnlyCollection`1[System.String]","System.Collections.Generic.List`1[System.Diagnostics.Eventing.Reader.EventProperty]"
"The handle to an object was closed.

Subject :
	Security ID:		S-1-5-21-1874035555-1170827713-1978778435-1001
	Account Name:		DEBASHISH
	Account Domain:		DESKTOP-0526O8D
	Logon ID:		0x7BC745E

Object:
	Object Server:		Security
	Handle ID:		0x1bd8

Process Information:
	Process ID:		0x324c
	Process Name:		C:\Windows\explorer.exe","4658","0",,"0","12800","0","-9214364837600034816","245679","Microsoft-Windows-Security-Auditing","54849625-5478-4994-a5ba-3e3b0328c30d","Security","4","6332","DESKTOP-0526O8D",,"8/5/2019 5:49:03 PM",,,"h:\subhamoy_logs\new\step 09_wrongpassword-accno_debashish.evtx","System.UInt32[]","System.Diagnostics.Eventing.Reader.EventBookmark","Information","Info","File System","System.Collections.ObjectModel.ReadOnlyCollection`1[System.String]","System.Collections.Generic.List`1[System.Diagnostics.Eventing.Reader.EventProperty]"
"The handle to an object was closed.

Subject :
	Security ID:		S-1-5-18
	Account Name:		DESKTOP-0526O8D$
	Account Domain:		WORKGROUP
	Logon ID:		0x3E7

Object:
	Object Server:		Security
	Handle ID:		0x570

Process Information:
	Process ID:		0x13b0
	Process Name:		C:\Windows\System32\wbem\WmiPrvSE.exe","4658","0",,"0","12802","0","-9214364837600034816","245678","Microsoft-Windows-Security-Auditing","54849625-5478-4994-a5ba-3e3b0328c30d","Security","4","12724","DESKTOP-0526O8D",,"8/5/2019 5:49:02 PM",,,"h:\subhamoy_logs\new\step 09_wrongpassword-accno_debashish.evtx","System.UInt32[]","System.Diagnostics.Eventing.Reader.EventBookmark","Information","Info","Kernel Object","System.Collections.ObjectModel.ReadOnlyCollection`1[System.String]","System.Collections.Generic.List`1[System.Diagnostics.Eventing.Reader.EventProperty]"
"An attempt was made to access an object.

Subject:
	Security ID:		S-1-5-18
	Account Name:		DESKTOP-0526O8D$
	Account Domain:		WORKGROUP
	Logon ID:		0x3E7

Object:
	Object Server:		Security
	Object Type:		Process
	Object Name:		\Device\HarddiskVolume4\Windows\System32\lsass.exe
	Handle ID:		0x570
	Resource Attributes:	-

Process Information:
	Process ID:		0x13b0
	Process Name:		C:\Windows\System32\wbem\WmiPrvSE.exe

Access Request Information:
	Accesses:		Read from process memory
				
	Access Mask:		0x10","4663","1",,"0","12802","0","-9214364837600034816","245677","Microsoft-Windows-Security-Auditing","54849625-5478-4994-a5ba-3e3b0328c30d","Security","4","12724","DESKTOP-0526O8D",,"8/5/2019 5:49:02 PM",,,"h:\subhamoy_logs\new\step 09_wrongpassword-accno_debashish.evtx","System.UInt32[]","System.Diagnostics.Eventing.Reader.EventBookmark","Information","Info","Kernel Object","System.Collections.ObjectModel.ReadOnlyCollection`1[System.String]","System.Collections.Generic.List`1[System.Diagnostics.Eventing.Reader.EventProperty]"
"A handle to an object was requested.

Subject:
	Security ID:		S-1-5-18
	Account Name:		DESKTOP-0526O8D$
	Account Domain:		WORKGROUP
	Logon ID:		0x3E7

Object:
	Object Server:		Security
	Object Type:		Process
	Object Name:		\Device\HarddiskVolume4\Windows\System32\lsass.exe
	Handle ID:		0x570
	Resource Attributes:	-

Process Information:
	Process ID:		0x13b0
	Process Name:		C:\Windows\System32\wbem\WmiPrvSE.exe

Access Request Information:
	Transaction ID:		{00000000-0000-0000-0000-000000000000}
	Accesses:		Read from process memory
				Query process information
				Undefined Access (no effect) Bit 12
				
	Access Reasons:		-
	Access Mask:		0x1410
	Privileges Used for Access Check:	-
	Restricted SID Count:	0","4656","1",,"0","12802","0","-9214364837600034816","245676","Microsoft-Windows-Security-Auditing","54849625-5478-4994-a5ba-3e3b0328c30d","Security","4","6332","DESKTOP-0526O8D",,"8/5/2019 5:49:02 PM",,,"h:\subhamoy_logs\new\step 09_wrongpassword-accno_debashish.evtx","System.UInt32[]","System.Diagnostics.Eventing.Reader.EventBookmark","Information","Info","Kernel Object","System.Collections.ObjectModel.ReadOnlyCollection`1[System.String]","System.Collections.Generic.List`1[System.Diagnostics.Eventing.Reader.EventProperty]"
"The handle to an object was closed.

Subject :
	Security ID:		S-1-5-18
	Account Name:		DESKTOP-0526O8D$
	Account Domain:		WORKGROUP
	Logon ID:		0x3E7

Object:
	Object Server:		Security
	Handle ID:		0x2ad4

Process Information:
	Process ID:		0x13b0
	Process Name:		C:\Windows\System32\wbem\WmiPrvSE.exe","4658","0",,"0","12802","0","-9214364837600034816","245675","Microsoft-Windows-Security-Auditing","54849625-5478-4994-a5ba-3e3b0328c30d","Security","4","6332","DESKTOP-0526O8D",,"8/5/2019 5:49:02 PM",,,"h:\subhamoy_logs\new\step 09_wrongpassword-accno_debashish.evtx","System.UInt32[]","System.Diagnostics.Eventing.Reader.EventBookmark","Information","Info","Kernel Object","System.Collections.ObjectModel.ReadOnlyCollection`1[System.String]","System.Collections.Generic.List`1[System.Diagnostics.Eventing.Reader.EventProperty]"
"An attempt was made to duplicate a handle to an object.

Subject:
	Security ID:		S-1-5-18
	Account Name:		DESKTOP-0526O8D$
	Account Domain:		WORKGROUP
	Logon ID:		0x3E7

Source Handle Information:
	Source Handle ID:	0x570
	Source Process ID:	0x13b0

New Handle Information:
	Target Handle ID:	0x2ad4
	Target Process ID:	0x4","4690","0",,"0","12807","0","-9214364837600034816","245674","Microsoft-Windows-Security-Auditing","54849625-5478-4994-a5ba-3e3b0328c30d","Security","4","6332","DESKTOP-0526O8D",,"8/5/2019 5:49:02 PM",,,"h:\subhamoy_logs\new\step 09_wrongpassword-accno_debashish.evtx","System.UInt32[]","System.Diagnostics.Eventing.Reader.EventBookmark","Information","Info","Handle Manipulation","System.Collections.ObjectModel.ReadOnlyCollection`1[System.String]","System.Collections.Generic.List`1[System.Diagnostics.Eventing.Reader.EventProperty]"
"The handle to an object was closed.

Subject :
	Security ID:		S-1-5-21-1874035555-1170827713-1978778435-1001
	Account Name:		DEBASHISH
	Account Domain:		DESKTOP-0526O8D
	Logon ID:		0x7BC7440

Object:
	Object Server:		Security
	Handle ID:		0x1100

Process Information:
	Process ID:		0xa3c
	Process Name:		C:\Windows\System32\mmc.exe","4658","0",,"0","12800","0","-9214364837600034816","245673","Microsoft-Windows-Security-Auditing","54849625-5478-4994-a5ba-3e3b0328c30d","Security","4","6332","DESKTOP-0526O8D",,"8/5/2019 5:49:02 PM",,,"h:\subhamoy_logs\new\step 09_wrongpassword-accno_debashish.evtx","System.UInt32[]","System.Diagnostics.Eventing.Reader.EventBookmark","Information","Info","File System","System.Collections.ObjectModel.ReadOnlyCollection`1[System.String]","System.Collections.Generic.List`1[System.Diagnostics.Eventing.Reader.EventProperty]"
"The handle to an object was closed.

Subject :
	Security ID:		S-1-5-21-1874035555-1170827713-1978778435-1001
	Account Name:		DEBASHISH
	Account Domain:		DESKTOP-0526O8D
	Logon ID:		0x7BC7440

Object:
	Object Server:		Security
	Handle ID:		0x10d8

Process Information:
	Process ID:		0xa3c
	Process Name:		C:\Windows\System32\mmc.exe","4658","0",,"0","12800","0","-9214364837600034816","245672","Microsoft-Windows-Security-Auditing","54849625-5478-4994-a5ba-3e3b0328c30d","Security","4","6332","DESKTOP-0526O8D",,"8/5/2019 5:49:02 PM",,,"h:\subhamoy_logs\new\step 09_wrongpassword-accno_debashish.evtx","System.UInt32[]","System.Diagnostics.Eventing.Reader.EventBookmark","Information","Info","File System","System.Collections.ObjectModel.ReadOnlyCollection`1[System.String]","System.Collections.Generic.List`1[System.Diagnostics.Eventing.Reader.EventProperty]"
"An attempt was made to access an object.

Subject:
	Security ID:		S-1-5-21-1874035555-1170827713-1978778435-1001
	Account Name:		DEBASHISH
	Account Domain:		DESKTOP-0526O8D
	Logon ID:		0x7BC7440

Object:
	Object Server:		Security
	Object Type:		File
	Object Name:		H:\SUBHAMOY_LOGS\a\OnlyAdminAccess.lnk
	Handle ID:		0x10d8
	Resource Attributes:	S:AI

Process Information:
	Process ID:		0xa3c
	Process Name:		C:\Windows\System32\mmc.exe

Access Request Information:
	Accesses:		ReadData (or ListDirectory)
				
	Access Mask:		0x1","4663","1",,"0","12800","0","-9214364837600034816","245671","Microsoft-Windows-Security-Auditing","54849625-5478-4994-a5ba-3e3b0328c30d","Security","4","6332","DESKTOP-0526O8D",,"8/5/2019 5:49:02 PM",,,"h:\subhamoy_logs\new\step 09_wrongpassword-accno_debashish.evtx","System.UInt32[]","System.Diagnostics.Eventing.Reader.EventBookmark","Information","Info","File System","System.Collections.ObjectModel.ReadOnlyCollection`1[System.String]","System.Collections.Generic.List`1[System.Diagnostics.Eventing.Reader.EventProperty]"
"A handle to an object was requested.

Subject:
	Security ID:		S-1-5-21-1874035555-1170827713-1978778435-1001
	Account Name:		DEBASHISH
	Account Domain:		DESKTOP-0526O8D
	Logon ID:		0x7BC7440

Object:
	Object Server:		Security
	Object Type:		File
	Object Name:		H:\SUBHAMOY_LOGS\a\OnlyAdminAccess.lnk
	Handle ID:		0x10d8
	Resource Attributes:	-

Process Information:
	Process ID:		0xa3c
	Process Name:		C:\Windows\System32\mmc.exe

Access Request Information:
	Transaction ID:		{00000000-0000-0000-0000-000000000000}
	Accesses:		READ_CONTROL
				SYNCHRONIZE
				ReadData (or ListDirectory)
				ReadEA
				ReadAttributes
				
	Access Reasons:		READ_CONTROL:	Granted by Ownership
				SYNCHRONIZE:	Granted by	D:(A;ID;FA;;;S-1-5-21-1874035555-1170827713-1978778435-1001)
				ReadData (or ListDirectory):	Granted by	D:(A;ID;FA;;;S-1-5-21-1874035555-1170827713-1978778435-1001)
				ReadEA:	Granted by	D:(A;ID;FA;;;S-1-5-21-1874035555-1170827713-1978778435-1001)
				ReadAttributes:	Granted by	D:(A;ID;FA;;;S-1-5-21-1874035555-1170827713-1978778435-1001)
				
	Access Mask:		0x120089
	Privileges Used for Access Check:	-
	Restricted SID Count:	0","4656","1",,"0","12800","0","-9214364837600034816","245670","Microsoft-Windows-Security-Auditing","54849625-5478-4994-a5ba-3e3b0328c30d","Security","4","6332","DESKTOP-0526O8D",,"8/5/2019 5:49:02 PM",,,"h:\subhamoy_logs\new\step 09_wrongpassword-accno_debashish.evtx","System.UInt32[]","System.Diagnostics.Eventing.Reader.EventBookmark","Information","Info","File System","System.Collections.ObjectModel.ReadOnlyCollection`1[System.String]","System.Collections.Generic.List`1[System.Diagnostics.Eventing.Reader.EventProperty]"
"The handle to an object was closed.

Subject :
	Security ID:		S-1-5-21-1874035555-1170827713-1978778435-1001
	Account Name:		DEBASHISH
	Account Domain:		DESKTOP-0526O8D
	Logon ID:		0x7BC7440

Object:
	Object Server:		Security
	Handle ID:		0x2ad4

Process Information:
	Process ID:		0xa3c
	Process Name:		C:\Windows\System32\mmc.exe","4658","0",,"0","12800","0","-9214364837600034816","245669","Microsoft-Windows-Security-Auditing","54849625-5478-4994-a5ba-3e3b0328c30d","Security","4","6332","DESKTOP-0526O8D",,"8/5/2019 5:49:02 PM",,,"h:\subhamoy_logs\new\step 09_wrongpassword-accno_debashish.evtx","System.UInt32[]","System.Diagnostics.Eventing.Reader.EventBookmark","Information","Info","File System","System.Collections.ObjectModel.ReadOnlyCollection`1[System.String]","System.Collections.Generic.List`1[System.Diagnostics.Eventing.Reader.EventProperty]"
"An attempt was made to duplicate a handle to an object.

Subject:
	Security ID:		S-1-5-21-1874035555-1170827713-1978778435-1001
	Account Name:		DEBASHISH
	Account Domain:		DESKTOP-0526O8D
	Logon ID:		0x7BC7440

Source Handle Information:
	Source Handle ID:	0x10d8
	Source Process ID:	0xa3c

New Handle Information:
	Target Handle ID:	0x2ad4
	Target Process ID:	0x4","4690","0",,"0","12807","0","-9214364837600034816","245668","Microsoft-Windows-Security-Auditing","54849625-5478-4994-a5ba-3e3b0328c30d","Security","4","6332","DESKTOP-0526O8D",,"8/5/2019 5:49:02 PM",,,"h:\subhamoy_logs\new\step 09_wrongpassword-accno_debashish.evtx","System.UInt32[]","System.Diagnostics.Eventing.Reader.EventBookmark","Information","Info","Handle Manipulation","System.Collections.ObjectModel.ReadOnlyCollection`1[System.String]","System.Collections.Generic.List`1[System.Diagnostics.Eventing.Reader.EventProperty]"
"The handle to an object was closed.

Subject :
	Security ID:		S-1-5-21-1874035555-1170827713-1978778435-1001
	Account Name:		DEBASHISH
	Account Domain:		DESKTOP-0526O8D
	Logon ID:		0x7BC7440

Object:
	Object Server:		Security
	Handle ID:		0x1108

Process Information:
	Process ID:		0xa3c
	Process Name:		C:\Windows\System32\mmc.exe","4658","0",,"0","12800","0","-9214364837600034816","245667","Microsoft-Windows-Security-Auditing","54849625-5478-4994-a5ba-3e3b0328c30d","Security","4","6332","DESKTOP-0526O8D",,"8/5/2019 5:49:02 PM",,,"h:\subhamoy_logs\new\step 09_wrongpassword-accno_debashish.evtx","System.UInt32[]","System.Diagnostics.Eventing.Reader.EventBookmark","Information","Info","File System","System.Collections.ObjectModel.ReadOnlyCollection`1[System.String]","System.Collections.Generic.List`1[System.Diagnostics.Eventing.Reader.EventProperty]"
"An attempt was made to duplicate a handle to an object.

Subject:
	Security ID:		S-1-5-21-1874035555-1170827713-1978778435-1001
	Account Name:		DEBASHISH
	Account Domain:		DESKTOP-0526O8D
	Logon ID:		0x7BC7440

Source Handle Information:
	Source Handle ID:	0x1108
	Source Process ID:	0xa3c

New Handle Information:
	Target Handle ID:	0x1100
	Target Process ID:	0xa3c","4690","0",,"0","12807","0","-9214364837600034816","245666","Microsoft-Windows-Security-Auditing","54849625-5478-4994-a5ba-3e3b0328c30d","Security","4","6332","DESKTOP-0526O8D",,"8/5/2019 5:49:02 PM",,,"h:\subhamoy_logs\new\step 09_wrongpassword-accno_debashish.evtx","System.UInt32[]","System.Diagnostics.Eventing.Reader.EventBookmark","Information","Info","Handle Manipulation","System.Collections.ObjectModel.ReadOnlyCollection`1[System.String]","System.Collections.Generic.List`1[System.Diagnostics.Eventing.Reader.EventProperty]"
"A handle to an object was requested.

Subject:
	Security ID:		S-1-5-21-1874035555-1170827713-1978778435-1001
	Account Name:		DEBASHISH
	Account Domain:		DESKTOP-0526O8D
	Logon ID:		0x7BC7440

Object:
	Object Server:		Security
	Object Type:		File
	Object Name:		H:\SUBHAMOY_LOGS\a\OnlyAdminAccess.lnk
	Handle ID:		0x1108
	Resource Attributes:	-

Process Information:
	Process ID:		0xa3c
	Process Name:		C:\Windows\System32\mmc.exe

Access Request Information:
	Transaction ID:		{00000000-0000-0000-0000-000000000000}
	Accesses:		READ_CONTROL
				SYNCHRONIZE
				ReadData (or ListDirectory)
				ReadEA
				ReadAttributes
				
	Access Reasons:		READ_CONTROL:	Granted by Ownership
				SYNCHRONIZE:	Granted by	D:(A;ID;FA;;;S-1-5-21-1874035555-1170827713-1978778435-1001)
				ReadData (or ListDirectory):	Granted by	D:(A;ID;FA;;;S-1-5-21-1874035555-1170827713-1978778435-1001)
				ReadEA:	Granted by	D:(A;ID;FA;;;S-1-5-21-1874035555-1170827713-1978778435-1001)
				ReadAttributes:	Granted by	D:(A;ID;FA;;;S-1-5-21-1874035555-1170827713-1978778435-1001)
				
	Access Mask:		0x120089
	Privileges Used for Access Check:	-
	Restricted SID Count:	0","4656","1",,"0","12800","0","-9214364837600034816","245665","Microsoft-Windows-Security-Auditing","54849625-5478-4994-a5ba-3e3b0328c30d","Security","4","6332","DESKTOP-0526O8D",,"8/5/2019 5:49:02 PM",,,"h:\subhamoy_logs\new\step 09_wrongpassword-accno_debashish.evtx","System.UInt32[]","System.Diagnostics.Eventing.Reader.EventBookmark","Information","Info","File System","System.Collections.ObjectModel.ReadOnlyCollection`1[System.String]","System.Collections.Generic.List`1[System.Diagnostics.Eventing.Reader.EventProperty]"
"The handle to an object was closed.

Subject :
	Security ID:		S-1-5-21-1874035555-1170827713-1978778435-1001
	Account Name:		DEBASHISH
	Account Domain:		DESKTOP-0526O8D
	Logon ID:		0x7BC7440

Object:
	Object Server:		Security
	Handle ID:		0x2ad4

Process Information:
	Process ID:		0xa3c
	Process Name:		C:\Windows\System32\mmc.exe","4658","0",,"0","12800","0","-9214364837600034816","245664","Microsoft-Windows-Security-Auditing","54849625-5478-4994-a5ba-3e3b0328c30d","Security","4","6332","DESKTOP-0526O8D",,"8/5/2019 5:49:02 PM",,,"h:\subhamoy_logs\new\step 09_wrongpassword-accno_debashish.evtx","System.UInt32[]","System.Diagnostics.Eventing.Reader.EventBookmark","Information","Info","File System","System.Collections.ObjectModel.ReadOnlyCollection`1[System.String]","System.Collections.Generic.List`1[System.Diagnostics.Eventing.Reader.EventProperty]"
"An attempt was made to duplicate a handle to an object.

Subject:
	Security ID:		S-1-5-21-1874035555-1170827713-1978778435-1001
	Account Name:		DEBASHISH
	Account Domain:		DESKTOP-0526O8D
	Logon ID:		0x7BC7440

Source Handle Information:
	Source Handle ID:	0x1108
	Source Process ID:	0xa3c

New Handle Information:
	Target Handle ID:	0x2ad4
	Target Process ID:	0x4","4690","0",,"0","12807","0","-9214364837600034816","245663","Microsoft-Windows-Security-Auditing","54849625-5478-4994-a5ba-3e3b0328c30d","Security","4","6332","DESKTOP-0526O8D",,"8/5/2019 5:49:02 PM",,,"h:\subhamoy_logs\new\step 09_wrongpassword-accno_debashish.evtx","System.UInt32[]","System.Diagnostics.Eventing.Reader.EventBookmark","Information","Info","Handle Manipulation","System.Collections.ObjectModel.ReadOnlyCollection`1[System.String]","System.Collections.Generic.List`1[System.Diagnostics.Eventing.Reader.EventProperty]"
"The handle to an object was closed.

Subject :
	Security ID:		S-1-5-21-1874035555-1170827713-1978778435-1001
	Account Name:		DEBASHISH
	Account Domain:		DESKTOP-0526O8D
	Logon ID:		0x7BC7440

Object:
	Object Server:		Security
	Handle ID:		0x1100

Process Information:
	Process ID:		0xa3c
	Process Name:		C:\Windows\System32\mmc.exe","4658","0",,"0","12800","0","-9214364837600034816","245662","Microsoft-Windows-Security-Auditing","54849625-5478-4994-a5ba-3e3b0328c30d","Security","4","6332","DESKTOP-0526O8D",,"8/5/2019 5:49:02 PM",,,"h:\subhamoy_logs\new\step 09_wrongpassword-accno_debashish.evtx","System.UInt32[]","System.Diagnostics.Eventing.Reader.EventBookmark","Information","Info","File System","System.Collections.ObjectModel.ReadOnlyCollection`1[System.String]","System.Collections.Generic.List`1[System.Diagnostics.Eventing.Reader.EventProperty]"
"An attempt was made to access an object.

Subject:
