#TYPE System.Diagnostics.Eventing.Reader.EventLogRecord
"Message","Id","Version","Qualifiers","Level","Task","Opcode","Keywords","RecordId","ProviderName","ProviderId","LogName","ProcessId","ThreadId","MachineName","UserId","TimeCreated","ActivityId","RelatedActivityId","ContainerLog","MatchedQueryIds","Bookmark","LevelDisplayName","OpcodeDisplayName","TaskDisplayName","KeywordsDisplayNames","Properties"
"Document 12, Print Document owned by DEBASHISH on \\DESKTOP-0526O8D was printed on HP LaserJet 4250 PCL6 Class Driver through port 192.168.0.19.  Size in bytes: 190318. Pages printed: 1. No user action is required.","307","0",,"4","26","11","4611686018427390016","43","Microsoft-Windows-PrintService","747ef6fd-e535-4d16-b510-42c90f6873a1","Microsoft-Windows-PrintService/Operational","2548","11436","DESKTOP-0526O8D","S-1-5-21-1874035555-1170827713-1978778435-1001","8/5/2019 5:40:08 PM",,,"h:\subhamoy_logs\new\step 08_printdocument-accno_debashish.evtx","System.UInt32[]","System.Diagnostics.Eventing.Reader.EventBookmark","Information","Spooler Operation Succeeded","Printing a document","System.Collections.ObjectModel.ReadOnlyCollection`1[System.String]","System.Collections.Generic.List`1[System.Diagnostics.Eventing.Reader.EventProperty]"
"Rendering job 12.","805","0",,"4","43","0","4612811918334230528","42","Microsoft-Windows-PrintService","747ef6fd-e535-4d16-b510-42c90f6873a1","Microsoft-Windows-PrintService/Operational","2548","11436","DESKTOP-0526O8D","S-1-5-21-1874035555-1170827713-1978778435-1001","8/5/2019 5:40:08 PM",,,"h:\subhamoy_logs\new\step 08_printdocument-accno_debashish.evtx","System.UInt32[]","System.Diagnostics.Eventing.Reader.EventBookmark","Information","Info","Print job diagnostics","System.Collections.ObjectModel.ReadOnlyCollection`1[System.String]","System.Collections.Generic.List`1[System.Diagnostics.Eventing.Reader.EventProperty]"
"The print spooler failed to delete the file C:\Windows\system32\spool\PRINTERS\00012.SHD, error code 0x5. See the event user data for context information.","812","0",,"2","46","12","4611686018427518976","41","Microsoft-Windows-PrintService","747ef6fd-e535-4d16-b510-42c90f6873a1","Microsoft-Windows-PrintService/Operational","2548","11436","DESKTOP-0526O8D","S-1-5-21-1874035555-1170827713-1978778435-1001","8/5/2019 5:40:08 PM",,,"h:\subhamoy_logs\new\step 08_printdocument-accno_debashish.evtx","System.UInt32[]","System.Diagnostics.Eventing.Reader.EventBookmark","Error","Spooler Operation Failed","Executing a file operation","System.Collections.ObjectModel.ReadOnlyCollection`1[System.String]","System.Collections.Generic.List`1[System.Diagnostics.Eventing.Reader.EventProperty]"
"The print job 12 was sent through the print processor MS_XPS_PROC on printer HP LaserJet 4250 PCL6 Class Driver, driver HP LaserJet 4250 PCL6 Class Driver, in the isolation mode 0 (0 - loaded in the spooler, 1 - loaded in shared sandbox, 2 - loaded in isolated sandbox). Win32 error code returned by the print processor: 0x0.","842","0",,"4","50","11","4611686018427650048","40","Microsoft-Windows-PrintService","747ef6fd-e535-4d16-b510-42c90f6873a1","Microsoft-Windows-PrintService/Operational","2548","11436","DESKTOP-0526O8D","S-1-5-21-1874035555-1170827713-1978778435-1001","8/5/2019 5:40:08 PM",,,"h:\subhamoy_logs\new\step 08_printdocument-accno_debashish.evtx","System.UInt32[]","System.Diagnostics.Eventing.Reader.EventBookmark","Information","Spooler Operation Succeeded","Isolating printer drivers and other plug-ins","System.Collections.ObjectModel.ReadOnlyCollection`1[System.String]","System.Collections.Generic.List`1[System.Diagnostics.Eventing.Reader.EventProperty]"
"Printing job 12.","801","0",,"4","43","0","4612811918334230528","39","Microsoft-Windows-PrintService","747ef6fd-e535-4d16-b510-42c90f6873a1","Microsoft-Windows-PrintService/Operational","2548","11436","DESKTOP-0526O8D","S-1-5-18","8/5/2019 5:40:08 PM",,,"h:\subhamoy_logs\new\step 08_printdocument-accno_debashish.evtx","System.UInt32[]","System.Diagnostics.Eventing.Reader.EventBookmark","Information","Info","Print job diagnostics","System.Collections.ObjectModel.ReadOnlyCollection`1[System.String]","System.Collections.Generic.List`1[System.Diagnostics.Eventing.Reader.EventProperty]"
"Spooling job 12.","800","0",,"4","43","1","4612811918334230528","38","Microsoft-Windows-PrintService","747ef6fd-e535-4d16-b510-42c90f6873a1","Microsoft-Windows-PrintService/Operational","2548","7504","DESKTOP-0526O8D","S-1-5-21-1874035555-1170827713-1978778435-1001","8/5/2019 5:40:08 PM",,,"h:\subhamoy_logs\new\step 08_printdocument-accno_debashish.evtx","System.UInt32[]","System.Diagnostics.Eventing.Reader.EventBookmark","Information","Start","Print job diagnostics","System.Collections.ObjectModel.ReadOnlyCollection`1[System.String]","System.Collections.Generic.List`1[System.Diagnostics.Eventing.Reader.EventProperty]"
