	Security ID:		S-1-5-21-1874035555-1170827713-1978778435-1001
	Account Name:		DEBASHISH
	Account Domain:		DESKTOP-0526O8D
	Logon ID:		0x785E62D

Source Handle Information:
	Source Handle ID:	0x28a4
	Source Process ID:	0x1830

New Handle Information:
	Target Handle ID:	0x18fc
	Target Process ID:	0x4","4690","0",,"0","12807","0","-9214364837600034816","226330","Microsoft-Windows-Security-Auditing","54849625-5478-4994-a5ba-3e3b0328c30d","Security","4","6332","DESKTOP-0526O8D",,"8/5/2019 5:22:17 PM",,,"h:\subhamoy_logs\new\step 05_createshortcut-accno_debashish.evtx","System.UInt32[]","System.Diagnostics.Eventing.Reader.EventBookmark","Information","Info","Handle Manipulation","System.Collections.ObjectModel.ReadOnlyCollection`1[System.String]","System.Collections.Generic.List`1[System.Diagnostics.Eventing.Reader.EventProperty]"
"The handle to an object was closed.

Subject :
	Security ID:		S-1-5-21-1874035555-1170827713-1978778435-1001
	Account Name:		DEBASHISH
	Account Domain:		DESKTOP-0526O8D
	Logon ID:		0x785E62D

Object:
	Object Server:		Security
	Handle ID:		0x30c4

Process Information:
	Process ID:		0x1830
	Process Name:		C:\Windows\explorer.exe","4658","0",,"0","12800","0","-9214364837600034816","226329","Microsoft-Windows-Security-Auditing","54849625-5478-4994-a5ba-3e3b0328c30d","Security","4","3964","DESKTOP-0526O8D",,"8/5/2019 5:22:17 PM",,,"h:\subhamoy_logs\new\step 05_createshortcut-accno_debashish.evtx","System.UInt32[]","System.Diagnostics.Eventing.Reader.EventBookmark","Information","Info","File System","System.Collections.ObjectModel.ReadOnlyCollection`1[System.String]","System.Collections.Generic.List`1[System.Diagnostics.Eventing.Reader.EventProperty]"
"An attempt was made to access an object.

Subject:
	Security ID:		S-1-5-21-1874035555-1170827713-1978778435-1001
	Account Name:		DEBASHISH
	Account Domain:		DESKTOP-0526O8D
	Logon ID:		0x785E62D

Object:
	Object Server:		Security
	Object Type:		File
	Object Name:		H:\SUBHAMOY_LOGS\a
	Handle ID:		0x30c4
	Resource Attributes:	S:AI

Process Information:
	Process ID:		0x1830
	Process Name:		C:\Windows\explorer.exe

Access Request Information:
	Accesses:		READ_CONTROL
				
	Access Mask:		0x20000","4663","1",,"0","12800","0","-9214364837600034816","226328","Microsoft-Windows-Security-Auditing","54849625-5478-4994-a5ba-3e3b0328c30d","Security","4","3964","DESKTOP-0526O8D",,"8/5/2019 5:22:17 PM",,,"h:\subhamoy_logs\new\step 05_createshortcut-accno_debashish.evtx","System.UInt32[]","System.Diagnostics.Eventing.Reader.EventBookmark","Information","Info","File System","System.Collections.ObjectModel.ReadOnlyCollection`1[System.String]","System.Collections.Generic.List`1[System.Diagnostics.Eventing.Reader.EventProperty]"
"A handle to an object was requested.

Subject:
	Security ID:		S-1-5-21-1874035555-1170827713-1978778435-1001
	Account Name:		DEBASHISH
	Account Domain:		DESKTOP-0526O8D
	Logon ID:		0x785E62D

Object:
	Object Server:		Security
	Object Type:		File
	Object Name:		H:\SUBHAMOY_LOGS\a
	Handle ID:		0x30c4
	Resource Attributes:	-

Process Information:
	Process ID:		0x1830
	Process Name:		C:\Windows\explorer.exe

Access Request Information:
	Transaction ID:		{00000000-0000-0000-0000-000000000000}
	Accesses:		READ_CONTROL
				ReadAttributes
				
	Access Reasons:		READ_CONTROL:	Granted by Ownership
				ReadAttributes:	Granted by	D:(A;OICI;FA;;;S-1-5-21-1874035555-1170827713-1978778435-1001)
				
	Access Mask:		0x20080
	Privileges Used for Access Check:	-
	Restricted SID Count:	0","4656","1",,"0","12800","0","-9214364837600034816","226327","Microsoft-Windows-Security-Auditing","54849625-5478-4994-a5ba-3e3b0328c30d","Security","4","3964","DESKTOP-0526O8D",,"8/5/2019 5:22:17 PM",,,"h:\subhamoy_logs\new\step 05_createshortcut-accno_debashish.evtx","System.UInt32[]","System.Diagnostics.Eventing.Reader.EventBookmark","Information","Info","File System","System.Collections.ObjectModel.ReadOnlyCollection`1[System.String]","System.Collections.Generic.List`1[System.Diagnostics.Eventing.Reader.EventProperty]"
"The handle to an object was closed.

Subject :
	Security ID:		S-1-5-21-1874035555-1170827713-1978778435-1001
	Account Name:		DEBASHISH
	Account Domain:		DESKTOP-0526O8D
	Logon ID:		0x785E62D

Object:
	Object Server:		Security
	Handle ID:		0x3a4c

Process Information:
	Process ID:		0x1830
	Process Name:		C:\Windows\explorer.exe","4658","0",,"0","12800","0","-9214364837600034816","226326","Microsoft-Windows-Security-Auditing","54849625-5478-4994-a5ba-3e3b0328c30d","Security","4","3964","DESKTOP-0526O8D",,"8/5/2019 5:22:17 PM",,,"h:\subhamoy_logs\new\step 05_createshortcut-accno_debashish.evtx","System.UInt32[]","System.Diagnostics.Eventing.Reader.EventBookmark","Information","Info","File System","System.Collections.ObjectModel.ReadOnlyCollection`1[System.String]","System.Collections.Generic.List`1[System.Diagnostics.Eventing.Reader.EventProperty]"
"An attempt was made to duplicate a handle to an object.

Subject:
	Security ID:		S-1-5-21-1874035555-1170827713-1978778435-1001
	Account Name:		DEBASHISH
	Account Domain:		DESKTOP-0526O8D
	Logon ID:		0x785E62D

Source Handle Information:
	Source Handle ID:	0x30c4
	Source Process ID:	0x1830

New Handle Information:
	Target Handle ID:	0x3a4c
	Target Process ID:	0x4","4690","0",,"0","12807","0","-9214364837600034816","226325","Microsoft-Windows-Security-Auditing","54849625-5478-4994-a5ba-3e3b0328c30d","Security","4","3964","DESKTOP-0526O8D",,"8/5/2019 5:22:17 PM",,,"h:\subhamoy_logs\new\step 05_createshortcut-accno_debashish.evtx","System.UInt32[]","System.Diagnostics.Eventing.Reader.EventBookmark","Information","Info","Handle Manipulation","System.Collections.ObjectModel.ReadOnlyCollection`1[System.String]","System.Collections.Generic.List`1[System.Diagnostics.Eventing.Reader.EventProperty]"
"The handle to an object was closed.

Subject :
	Security ID:		S-1-5-21-1874035555-1170827713-1978778435-1001
	Account Name:		DEBASHISH
	Account Domain:		DESKTOP-0526O8D
	Logon ID:		0x785E62D

Object:
	Object Server:		Security
	Handle ID:		0x30c4

Process Information:
	Process ID:		0x1830
	Process Name:		C:\Windows\explorer.exe","4658","0",,"0","12800","0","-9214364837600034816","226324","Microsoft-Windows-Security-Auditing","54849625-5478-4994-a5ba-3e3b0328c30d","Security","4","3964","DESKTOP-0526O8D",,"8/5/2019 5:22:17 PM",,,"h:\subhamoy_logs\new\step 05_createshortcut-accno_debashish.evtx","System.UInt32[]","System.Diagnostics.Eventing.Reader.EventBookmark","Information","Info","File System","System.Collections.ObjectModel.ReadOnlyCollection`1[System.String]","System.Collections.Generic.List`1[System.Diagnostics.Eventing.Reader.EventProperty]"
"An attempt was made to access an object.

Subject:
	Security ID:		S-1-5-21-1874035555-1170827713-1978778435-1001
	Account Name:		DEBASHISH
	Account Domain:		DESKTOP-0526O8D
	Logon ID:		0x785E62D

Object:
	Object Server:		Security
	Object Type:		File
	Object Name:		H:\SUBHAMOY_LOGS\a
	Handle ID:		0x30c4
	Resource Attributes:	S:AI

Process Information:
	Process ID:		0x1830
	Process Name:		C:\Windows\explorer.exe

Access Request Information:
	Accesses:		READ_CONTROL
				
	Access Mask:		0x20000","4663","1",,"0","12800","0","-9214364837600034816","226323","Microsoft-Windows-Security-Auditing","54849625-5478-4994-a5ba-3e3b0328c30d","Security","4","3964","DESKTOP-0526O8D",,"8/5/2019 5:22:17 PM",,,"h:\subhamoy_logs\new\step 05_createshortcut-accno_debashish.evtx","System.UInt32[]","System.Diagnostics.Eventing.Reader.EventBookmark","Information","Info","File System","System.Collections.ObjectModel.ReadOnlyCollection`1[System.String]","System.Collections.Generic.List`1[System.Diagnostics.Eventing.Reader.EventProperty]"
"A handle to an object was requested.

Subject:
	Security ID:		S-1-5-21-1874035555-1170827713-1978778435-1001
	Account Name:		DEBASHISH
	Account Domain:		DESKTOP-0526O8D
	Logon ID:		0x785E62D

Object:
	Object Server:		Security
	Object Type:		File
	Object Name:		H:\SUBHAMOY_LOGS\a
	Handle ID:		0x30c4
	Resource Attributes:	-

Process Information:
	Process ID:		0x1830
	Process Name:		C:\Windows\explorer.exe

Access Request Information:
	Transaction ID:		{00000000-0000-0000-0000-000000000000}
	Accesses:		READ_CONTROL
				ReadAttributes
				
	Access Reasons:		READ_CONTROL:	Granted by Ownership
				ReadAttributes:	Granted by	D:(A;OICI;FA;;;S-1-5-21-1874035555-1170827713-1978778435-1001)
				
	Access Mask:		0x20080
	Privileges Used for Access Check:	-
	Restricted SID Count:	0","4656","1",,"0","12800","0","-9214364837600034816","226322","Microsoft-Windows-Security-Auditing","54849625-5478-4994-a5ba-3e3b0328c30d","Security","4","3964","DESKTOP-0526O8D",,"8/5/2019 5:22:17 PM",,,"h:\subhamoy_logs\new\step 05_createshortcut-accno_debashish.evtx","System.UInt32[]","System.Diagnostics.Eventing.Reader.EventBookmark","Information","Info","File System","System.Collections.ObjectModel.ReadOnlyCollection`1[System.String]","System.Collections.Generic.List`1[System.Diagnostics.Eventing.Reader.EventProperty]"
"The handle to an object was closed.

Subject :
	Security ID:		S-1-5-21-1874035555-1170827713-1978778435-1001
	Account Name:		DEBASHISH
	Account Domain:		DESKTOP-0526O8D
	Logon ID:		0x785E62D

Object:
	Object Server:		Security
	Handle ID:		0x3a4c

Process Information:
	Process ID:		0x1830
	Process Name:		C:\Windows\explorer.exe","4658","0",,"0","12800","0","-9214364837600034816","226321","Microsoft-Windows-Security-Auditing","54849625-5478-4994-a5ba-3e3b0328c30d","Security","4","3964","DESKTOP-0526O8D",,"8/5/2019 5:22:17 PM",,,"h:\subhamoy_logs\new\step 05_createshortcut-accno_debashish.evtx","System.UInt32[]","System.Diagnostics.Eventing.Reader.EventBookmark","Information","Info","File System","System.Collections.ObjectModel.ReadOnlyCollection`1[System.String]","System.Collections.Generic.List`1[System.Diagnostics.Eventing.Reader.EventProperty]"
"An attempt was made to duplicate a handle to an object.

Subject:
	Security ID:		S-1-5-21-1874035555-1170827713-1978778435-1001
	Account Name:		DEBASHISH
	Account Domain:		DESKTOP-0526O8D
	Logon ID:		0x785E62D

Source Handle Information:
	Source Handle ID:	0x30c4
	Source Process ID:	0x1830

New Handle Information:
	Target Handle ID:	0x3a4c
	Target Process ID:	0x4","4690","0",,"0","12807","0","-9214364837600034816","226320","Microsoft-Windows-Security-Auditing","54849625-5478-4994-a5ba-3e3b0328c30d","Security","4","3964","DESKTOP-0526O8D",,"8/5/2019 5:22:17 PM",,,"h:\subhamoy_logs\new\step 05_createshortcut-accno_debashish.evtx","System.UInt32[]","System.Diagnostics.Eventing.Reader.EventBookmark","Information","Info","Handle Manipulation","System.Collections.ObjectModel.ReadOnlyCollection`1[System.String]","System.Collections.Generic.List`1[System.Diagnostics.Eventing.Reader.EventProperty]"
"The handle to an object was closed.

Subject :
	Security ID:		S-1-5-21-1874035555-1170827713-1978778435-1001
	Account Name:		DEBASHISH
	Account Domain:		DESKTOP-0526O8D
	Logon ID:		0x785E62D

Object:
	Object Server:		Security
	Handle ID:		0x30c4

Process Information:
	Process ID:		0x1830
	Process Name:		C:\Windows\explorer.exe","4658","0",,"0","12800","0","-9214364837600034816","226319","Microsoft-Windows-Security-Auditing","54849625-5478-4994-a5ba-3e3b0328c30d","Security","4","3964","DESKTOP-0526O8D",,"8/5/2019 5:22:17 PM",,,"h:\subhamoy_logs\new\step 05_createshortcut-accno_debashish.evtx","System.UInt32[]","System.Diagnostics.Eventing.Reader.EventBookmark","Information","Info","File System","System.Collections.ObjectModel.ReadOnlyCollection`1[System.String]","System.Collections.Generic.List`1[System.Diagnostics.Eventing.Reader.EventProperty]"
"An attempt was made to access an object.

Subject:
	Security ID:		S-1-5-21-1874035555-1170827713-1978778435-1001
	Account Name:		DEBASHISH
	Account Domain:		DESKTOP-0526O8D
	Logon ID:		0x785E62D

Object:
	Object Server:		Security
	Object Type:		File
	Object Name:		H:\SUBHAMOY_LOGS\a
	Handle ID:		0x30c4
	Resource Attributes:	S:AI

Process Information:
	Process ID:		0x1830
	Process Name:		C:\Windows\explorer.exe

Access Request Information:
	Accesses:		READ_CONTROL
				
	Access Mask:		0x20000","4663","1",,"0","12800","0","-9214364837600034816","226318","Microsoft-Windows-Security-Auditing","54849625-5478-4994-a5ba-3e3b0328c30d","Security","4","3964","DESKTOP-0526O8D",,"8/5/2019 5:22:17 PM",,,"h:\subhamoy_logs\new\step 05_createshortcut-accno_debashish.evtx","System.UInt32[]","System.Diagnostics.Eventing.Reader.EventBookmark","Information","Info","File System","System.Collections.ObjectModel.ReadOnlyCollection`1[System.String]","System.Collections.Generic.List`1[System.Diagnostics.Eventing.Reader.EventProperty]"
"A handle to an object was requested.

Subject:
	Security ID:		S-1-5-21-1874035555-1170827713-1978778435-1001
	Account Name:		DEBASHISH
	Account Domain:		DESKTOP-0526O8D
	Logon ID:		0x785E62D

Object:
	Object Server:		Security
	Object Type:		File
	Object Name:		H:\SUBHAMOY_LOGS\a
	Handle ID:		0x30c4
	Resource Attributes:	-

Process Information:
	Process ID:		0x1830
	Process Name:		C:\Windows\explorer.exe

Access Request Information:
	Transaction ID:		{00000000-0000-0000-0000-000000000000}
	Accesses:		READ_CONTROL
				ReadAttributes
				
	Access Reasons:		READ_CONTROL:	Granted by Ownership
				ReadAttributes:	Granted by	D:(A;OICI;FA;;;S-1-5-21-1874035555-1170827713-1978778435-1001)
				
	Access Mask:		0x20080
	Privileges Used for Access Check:	-
	Restricted SID Count:	0","4656","1",,"0","12800","0","-9214364837600034816","226317","Microsoft-Windows-Security-Auditing","54849625-5478-4994-a5ba-3e3b0328c30d","Security","4","3964","DESKTOP-0526O8D",,"8/5/2019 5:22:17 PM",,,"h:\subhamoy_logs\new\step 05_createshortcut-accno_debashish.evtx","System.UInt32[]","System.Diagnostics.Eventing.Reader.EventBookmark","Information","Info","File System","System.Collections.ObjectModel.ReadOnlyCollection`1[System.String]","System.Collections.Generic.List`1[System.Diagnostics.Eventing.Reader.EventProperty]"
"The handle to an object was closed.

Subject :
	Security ID:		S-1-5-21-1874035555-1170827713-1978778435-1001
	Account Name:		DEBASHISH
	Account Domain:		DESKTOP-0526O8D
	Logon ID:		0x785E62D

Object:
	Object Server:		Security
	Handle ID:		0x3a4c

Process Information:
	Process ID:		0x1830
	Process Name:		C:\Windows\explorer.exe","4658","0",,"0","12800","0","-9214364837600034816","226316","Microsoft-Windows-Security-Auditing","54849625-5478-4994-a5ba-3e3b0328c30d","Security","4","3964","DESKTOP-0526O8D",,"8/5/2019 5:22:17 PM",,,"h:\subhamoy_logs\new\step 05_createshortcut-accno_debashish.evtx","System.UInt32[]","System.Diagnostics.Eventing.Reader.EventBookmark","Information","Info","File System","System.Collections.ObjectModel.ReadOnlyCollection`1[System.String]","System.Collections.Generic.List`1[System.Diagnostics.Eventing.Reader.EventProperty]"
"An attempt was made to duplicate a handle to an object.

Subject:
	Security ID:		S-1-5-21-1874035555-1170827713-1978778435-1001
	Account Name:		DEBASHISH
	Account Domain:		DESKTOP-0526O8D
	Logon ID:		0x785E62D

Source Handle Information:
	Source Handle ID:	0x30c4
	Source Process ID:	0x1830

New Handle Information:
	Target Handle ID:	0x3a4c
	Target Process ID:	0x4","4690","0",,"0","12807","0","-9214364837600034816","226315","Microsoft-Windows-Security-Auditing","54849625-5478-4994-a5ba-3e3b0328c30d","Security","4","3964","DESKTOP-0526O8D",,"8/5/2019 5:22:17 PM",,,"h:\subhamoy_logs\new\step 05_createshortcut-accno_debashish.evtx","System.UInt32[]","System.Diagnostics.Eventing.Reader.EventBookmark","Information","Info","Handle Manipulation","System.Collections.ObjectModel.ReadOnlyCollection`1[System.String]","System.Collections.Generic.List`1[System.Diagnostics.Eventing.Reader.EventProperty]"
"The handle to an object was closed.

Subject :
	Security ID:		S-1-5-21-1874035555-1170827713-1978778435-1001
	Account Name:		DEBASHISH
	Account Domain:		DESKTOP-0526O8D
	Logon ID:		0x785E62D

Object:
	Object Server:		Security
	Handle ID:		0x2254

Process Information:
	Process ID:		0x1830
	Process Name:		C:\Windows\explorer.exe","4658","0",,"0","12800","0","-9214364837600034816","226314","Microsoft-Windows-Security-Auditing","54849625-5478-4994-a5ba-3e3b0328c30d","Security","4","3964","DESKTOP-0526O8D",,"8/5/2019 5:22:17 PM",,,"h:\subhamoy_logs\new\step 05_createshortcut-accno_debashish.evtx","System.UInt32[]","System.Diagnostics.Eventing.Reader.EventBookmark","Information","Info","File System","System.Collections.ObjectModel.ReadOnlyCollection`1[System.String]","System.Collections.Generic.List`1[System.Diagnostics.Eventing.Reader.EventProperty]"
"An attempt was made to access an object.

Subject:
	Security ID:		S-1-5-21-1874035555-1170827713-1978778435-1001
	Account Name:		DEBASHISH
	Account Domain:		DESKTOP-0526O8D
	Logon ID:		0x785E62D

Object:
	Object Server:		Security
	Object Type:		File
	Object Name:		H:\SUBHAMOY_LOGS\a
	Handle ID:		0x2254
	Resource Attributes:	S:AI

Process Information:
	Process ID:		0x1830
	Process Name:		C:\Windows\explorer.exe

Access Request Information:
	Accesses:		READ_CONTROL
				
	Access Mask:		0x20000","4663","1",,"0","12800","0","-9214364837600034816","226313","Microsoft-Windows-Security-Auditing","54849625-5478-4994-a5ba-3e3b0328c30d","Security","4","3964","DESKTOP-0526O8D",,"8/5/2019 5:22:17 PM",,,"h:\subhamoy_logs\new\step 05_createshortcut-accno_debashish.evtx","System.UInt32[]","System.Diagnostics.Eventing.Reader.EventBookmark","Information","Info","File System","System.Collections.ObjectModel.ReadOnlyCollection`1[System.String]","System.Collections.Generic.List`1[System.Diagnostics.Eventing.Reader.EventProperty]"
"A handle to an object was requested.

Subject:
	Security ID:		S-1-5-21-1874035555-1170827713-1978778435-1001
	Account Name:		DEBASHISH
	Account Domain:		DESKTOP-0526O8D
	Logon ID:		0x785E62D

Object:
	Object Server:		Security
	Object Type:		File
	Object Name:		H:\SUBHAMOY_LOGS\a
	Handle ID:		0x2254
	Resource Attributes:	-

Process Information:
	Process ID:		0x1830
	Process Name:		C:\Windows\explorer.exe

Access Request Information:
	Transaction ID:		{00000000-0000-0000-0000-000000000000}
	Accesses:		READ_CONTROL
				ReadAttributes
				
	Access Reasons:		READ_CONTROL:	Granted by Ownership
				ReadAttributes:	Granted by	D:(A;OICI;FA;;;S-1-5-21-1874035555-1170827713-1978778435-1001)
				
	Access Mask:		0x20080
	Privileges Used for Access Check:	-
	Restricted SID Count:	0","4656","1",,"0","12800","0","-9214364837600034816","226312","Microsoft-Windows-Security-Auditing","54849625-5478-4994-a5ba-3e3b0328c30d","Security","4","3964","DESKTOP-0526O8D",,"8/5/2019 5:22:17 PM",,,"h:\subhamoy_logs\new\step 05_createshortcut-accno_debashish.evtx","System.UInt32[]","System.Diagnostics.Eventing.Reader.EventBookmark","Information","Info","File System","System.Collections.ObjectModel.ReadOnlyCollection`1[System.String]","System.Collections.Generic.List`1[System.Diagnostics.Eventing.Reader.EventProperty]"
"The handle to an object was closed.

Subject :
	Security ID:		S-1-5-21-1874035555-1170827713-1978778435-1001
	Account Name:		DEBASHISH
	Account Domain:		DESKTOP-0526O8D
	Logon ID:		0x785E62D

Object:
	Object Server:		Security
	Handle ID:		0x2a24

Process Information:
	Process ID:		0x1830
	Process Name:		C:\Windows\explorer.exe","4658","0",,"0","12800","0","-9214364837600034816","226311","Microsoft-Windows-Security-Auditing","54849625-5478-4994-a5ba-3e3b0328c30d","Security","4","3964","DESKTOP-0526O8D",,"8/5/2019 5:22:17 PM",,,"h:\subhamoy_logs\new\step 05_createshortcut-accno_debashish.evtx","System.UInt32[]","System.Diagnostics.Eventing.Reader.EventBookmark","Information","Info","File System","System.Collections.ObjectModel.ReadOnlyCollection`1[System.String]","System.Collections.Generic.List`1[System.Diagnostics.Eventing.Reader.EventProperty]"
"An attempt was made to duplicate a handle to an object.

Subject:
	Security ID:		S-1-5-21-1874035555-1170827713-1978778435-1001
	Account Name:		DEBASHISH
	Account Domain:		DESKTOP-0526O8D
	Logon ID:		0x785E62D

Source Handle Information:
	Source Handle ID:	0x2254
	Source Process ID:	0x1830

New Handle Information:
	Target Handle ID:	0x2a24
	Target Process ID:	0x4","4690","0",,"0","12807","0","-9214364837600034816","226310","Microsoft-Windows-Security-Auditing","54849625-5478-4994-a5ba-3e3b0328c30d","Security","4","3964","DESKTOP-0526O8D",,"8/5/2019 5:22:17 PM",,,"h:\subhamoy_logs\new\step 05_createshortcut-accno_debashish.evtx","System.UInt32[]","System.Diagnostics.Eventing.Reader.EventBookmark","Information","Info","Handle Manipulation","System.Collections.ObjectModel.ReadOnlyCollection`1[System.String]","System.Collections.Generic.List`1[System.Diagnostics.Eventing.Reader.EventProperty]"
"The handle to an object was closed.

Subject :
	Security ID:		S-1-5-21-1874035555-1170827713-1978778435-1001
	Account Name:		DEBASHISH
	Account Domain:		DESKTOP-0526O8D
	Logon ID:		0x785E62D

Object:
	Object Server:		Security
	Handle ID:		0x2254

Process Information:
	Process ID:		0x1830
	Process Name:		C:\Windows\explorer.exe","4658","0",,"0","12800","0","-9214364837600034816","226309","Microsoft-Windows-Security-Auditing","54849625-5478-4994-a5ba-3e3b0328c30d","Security","4","3964","DESKTOP-0526O8D",,"8/5/2019 5:22:17 PM",,,"h:\subhamoy_logs\new\step 05_createshortcut-accno_debashish.evtx","System.UInt32[]","System.Diagnostics.Eventing.Reader.EventBookmark","Information","Info","File System","System.Collections.ObjectModel.ReadOnlyCollection`1[System.String]","System.Collections.Generic.List`1[System.Diagnostics.Eventing.Reader.EventProperty]"
"An attempt was made to access an object.

Subject:
	Security ID:		S-1-5-21-1874035555-1170827713-1978778435-1001
	Account Name:		DEBASHISH
	Account Domain:		DESKTOP-0526O8D
	Logon ID:		0x785E62D

Object:
	Object Server:		Security
	Object Type:		File
	Object Name:		H:\SUBHAMOY_LOGS\a
	Handle ID:		0x2254
	Resource Attributes:	S:AI

Process Information:
	Process ID:		0x1830
	Process Name:		C:\Windows\explorer.exe

Access Request Information:
	Accesses:		READ_CONTROL
				
	Access Mask:		0x20000","4663","1",,"0","12800","0","-9214364837600034816","226308","Microsoft-Windows-Security-Auditing","54849625-5478-4994-a5ba-3e3b0328c30d","Security","4","3964","DESKTOP-0526O8D",,"8/5/2019 5:22:17 PM",,,"h:\subhamoy_logs\new\step 05_createshortcut-accno_debashish.evtx","System.UInt32[]","System.Diagnostics.Eventing.Reader.EventBookmark","Information","Info","File System","System.Collections.ObjectModel.ReadOnlyCollection`1[System.String]","System.Collections.Generic.List`1[System.Diagnostics.Eventing.Reader.EventProperty]"
"A handle to an object was requested.

Subject:
	Security ID:		S-1-5-21-1874035555-1170827713-1978778435-1001
	Account Name:		DEBASHISH
	Account Domain:		DESKTOP-0526O8D
	Logon ID:		0x785E62D

Object:
	Object Server:		Security
	Object Type:		File
	Object Name:		H:\SUBHAMOY_LOGS\a
	Handle ID:		0x2254
	Resource Attributes:	-

Process Information:
	Process ID:		0x1830
	Process Name:		C:\Windows\explorer.exe

Access Request Information:
	Transaction ID:		{00000000-0000-0000-0000-000000000000}
	Accesses:		READ_CONTROL
				ReadAttributes
				
	Access Reasons:		READ_CONTROL:	Granted by Ownership
				ReadAttributes:	Granted by	D:(A;OICI;FA;;;S-1-5-21-1874035555-1170827713-1978778435-1001)
				
	Access Mask:		0x20080
	Privileges Used for Access Check:	-
	Restricted SID Count:	0","4656","1",,"0","12800","0","-9214364837600034816","226307","Microsoft-Windows-Security-Auditing","54849625-5478-4994-a5ba-3e3b0328c30d","Security","4","3964","DESKTOP-0526O8D",,"8/5/2019 5:22:17 PM",,,"h:\subhamoy_logs\new\step 05_createshortcut-accno_debashish.evtx","System.UInt32[]","System.Diagnostics.Eventing.Reader.EventBookmark","Information","Info","File System","System.Collections.ObjectModel.ReadOnlyCollection`1[System.String]","System.Collections.Generic.List`1[System.Diagnostics.Eventing.Reader.EventProperty]"
"The handle to an object was closed.

Subject :
	Security ID:		S-1-5-21-1874035555-1170827713-1978778435-1001
	Account Name:		DEBASHISH
	Account Domain:		DESKTOP-0526O8D
	Logon ID:		0x785E62D

Object:
	Object Server:		Security
	Handle ID:		0x2cb8

Process Information:
	Process ID:		0x1830
	Process Name:		C:\Windows\explorer.exe","4658","0",,"0","12800","0","-9214364837600034816","226306","Microsoft-Windows-Security-Auditing","54849625-5478-4994-a5ba-3e3b0328c30d","Security","4","3964","DESKTOP-0526O8D",,"8/5/2019 5:22:17 PM",,,"h:\subhamoy_logs\new\step 05_createshortcut-accno_debashish.evtx","System.UInt32[]","System.Diagnostics.Eventing.Reader.EventBookmark","Information","Info","File System","System.Collections.ObjectModel.ReadOnlyCollection`1[System.String]","System.Collections.Generic.List`1[System.Diagnostics.Eventing.Reader.EventProperty]"
"An attempt was made to duplicate a handle to an object.

Subject:
	Security ID:		S-1-5-21-1874035555-1170827713-1978778435-1001
	Account Name:		DEBASHISH
	Account Domain:		DESKTOP-0526O8D
	Logon ID:		0x785E62D

Source Handle Information:
	Source Handle ID:	0x2254
	Source Process ID:	0x1830

New Handle Information:
	Target Handle ID:	0x2cb8
	Target Process ID:	0x4","4690","0",,"0","12807","0","-9214364837600034816","226305","Microsoft-Windows-Security-Auditing","54849625-5478-4994-a5ba-3e3b0328c30d","Security","4","3964","DESKTOP-0526O8D",,"8/5/2019 5:22:17 PM",,,"h:\subhamoy_logs\new\step 05_createshortcut-accno_debashish.evtx","System.UInt32[]","System.Diagnostics.Eventing.Reader.EventBookmark","Information","Info","Handle Manipulation","System.Collections.ObjectModel.ReadOnlyCollection`1[System.String]","System.Collections.Generic.List`1[System.Diagnostics.Eventing.Reader.EventProperty]"
"The handle to an object was closed.

Subject :
	Security ID:		S-1-5-21-1874035555-1170827713-1978778435-1001
	Account Name:		DEBASHISH
	Account Domain:		DESKTOP-0526O8D
	Logon ID:		0x785E62D

Object:
	Object Server:		Security
	Handle ID:		0x2254

Process Information:
	Process ID:		0x1830
	Process Name:		C:\Windows\explorer.exe","4658","0",,"0","12800","0","-9214364837600034816","226304","Microsoft-Windows-Security-Auditing","54849625-5478-4994-a5ba-3e3b0328c30d","Security","4","3964","DESKTOP-0526O8D",,"8/5/2019 5:22:17 PM",,,"h:\subhamoy_logs\new\step 05_createshortcut-accno_debashish.evtx","System.UInt32[]","System.Diagnostics.Eventing.Reader.EventBookmark","Information","Info","File System","System.Collections.ObjectModel.ReadOnlyCollection`1[System.String]","System.Collections.Generic.List`1[System.Diagnostics.Eventing.Reader.EventProperty]"
"An attempt was made to access an object.

Subject:
	Security ID:		S-1-5-21-1874035555-1170827713-1978778435-1001
	Account Name:		DEBASHISH
	Account Domain:		DESKTOP-0526O8D
	Logon ID:		0x785E62D

Object:
	Object Server:		Security
	Object Type:		File
	Object Name:		H:\SUBHAMOY_LOGS\a
	Handle ID:		0x2254
	Resource Attributes:	S:AI

Process Information:
	Process ID:		0x1830
	Process Name:		C:\Windows\explorer.exe

Access Request Information:
	Accesses:		READ_CONTROL
				
	Access Mask:		0x20000","4663","1",,"0","12800","0","-9214364837600034816","226303","Microsoft-Windows-Security-Auditing","54849625-5478-4994-a5ba-3e3b0328c30d","Security","4","3964","DESKTOP-0526O8D",,"8/5/2019 5:22:17 PM",,,"h:\subhamoy_logs\new\step 05_createshortcut-accno_debashish.evtx","System.UInt32[]","System.Diagnostics.Eventing.Reader.EventBookmark","Information","Info","File System","System.Collections.ObjectModel.ReadOnlyCollection`1[System.String]","System.Collections.Generic.List`1[System.Diagnostics.Eventing.Reader.EventProperty]"
"A handle to an object was requested.

Subject:
	Security ID:		S-1-5-21-1874035555-1170827713-1978778435-1001
	Account Name:		DEBASHISH
	Account Domain:		DESKTOP-0526O8D
	Logon ID:		0x785E62D

Object:
	Object Server:		Security
	Object Type:		File
	Object Name:		H:\SUBHAMOY_LOGS\a
	Handle ID:		0x2254
	Resource Attributes:	-

Process Information:
	Process ID:		0x1830
	Process Name:		C:\Windows\explorer.exe

Access Request Information:
	Transaction ID:		{00000000-0000-0000-0000-000000000000}
	Accesses:		READ_CONTROL
				ReadAttributes
				
	Access Reasons:		READ_CONTROL:	Granted by Ownership
				ReadAttributes:	Granted by	D:(A;OICI;FA;;;S-1-5-21-1874035555-1170827713-1978778435-1001)
				
	Access Mask:		0x20080
	Privileges Used for Access Check:	-
	Restricted SID Count:	0","4656","1",,"0","12800","0","-9214364837600034816","226302","Microsoft-Windows-Security-Auditing","54849625-5478-4994-a5ba-3e3b0328c30d","Security","4","3964","DESKTOP-0526O8D",,"8/5/2019 5:22:17 PM",,,"h:\subhamoy_logs\new\step 05_createshortcut-accno_debashish.evtx","System.UInt32[]","System.Diagnostics.Eventing.Reader.EventBookmark","Information","Info","File System","System.Collections.ObjectModel.ReadOnlyCollection`1[System.String]","System.Collections.Generic.List`1[System.Diagnostics.Eventing.Reader.EventProperty]"
"The handle to an object was closed.

Subject :
	Security ID:		S-1-5-21-1874035555-1170827713-1978778435-1001
	Account Name:		DEBASHISH
	Account Domain:		DESKTOP-0526O8D
	Logon ID:		0x785E62D

Object:
	Object Server:		Security
	Handle ID:		0x2cb8

Process Information:
	Process ID:		0x1830
	Process Name:		C:\Windows\explorer.exe","4658","0",,"0","12800","0","-9214364837600034816","226301","Microsoft-Windows-Security-Auditing","54849625-5478-4994-a5ba-3e3b0328c30d","Security","4","3964","DESKTOP-0526O8D",,"8/5/2019 5:22:17 PM",,,"h:\subhamoy_logs\new\step 05_createshortcut-accno_debashish.evtx","System.UInt32[]","System.Diagnostics.Eventing.Reader.EventBookmark","Information","Info","File System","System.Collections.ObjectModel.ReadOnlyCollection`1[System.String]","System.Collections.Generic.List`1[System.Diagnostics.Eventing.Reader.EventProperty]"
"An attempt was made to duplicate a handle to an object.

Subject:
	Security ID:		S-1-5-21-1874035555-1170827713-1978778435-1001
	Account Name:		DEBASHISH
	Account Domain:		DESKTOP-0526O8D
	Logon ID:		0x785E62D

Source Handle Information:
	Source Handle ID:	0x2254
	Source Process ID:	0x1830

New Handle Information:
	Target Handle ID:	0x2cb8
	Target Process ID:	0x4","4690","0",,"0","12807","0","-9214364837600034816","226300","Microsoft-Windows-Security-Auditing","54849625-5478-4994-a5ba-3e3b0328c30d","Security","4","3964","DESKTOP-0526O8D",,"8/5/2019 5:22:17 PM",,,"h:\subhamoy_logs\new\step 05_createshortcut-accno_debashish.evtx","System.UInt32[]","System.Diagnostics.Eventing.Reader.EventBookmark","Information","Info","Handle Manipulation","System.Collections.ObjectModel.ReadOnlyCollection`1[System.String]","System.Collections.Generic.List`1[System.Diagnostics.Eventing.Reader.EventProperty]"
"The handle to an object was closed.

Subject :
	Security ID:		S-1-5-21-1874035555-1170827713-1978778435-1001
	Account Name:		DEBASHISH
	Account Domain:		DESKTOP-0526O8D
	Logon ID:		0x785E62D

Object:
	Object Server:		Security
	Handle ID:		0x213c

Process Information:
	Process ID:		0x1830
	Process Name:		C:\Windows\explorer.exe","4658","0",,"0","12800","0","-9214364837600034816","226299","Microsoft-Windows-Security-Auditing","54849625-5478-4994-a5ba-3e3b0328c30d","Security","4","3964","DESKTOP-0526O8D",,"8/5/2019 5:22:17 PM",,,"h:\subhamoy_logs\new\step 05_createshortcut-accno_debashish.evtx","System.UInt32[]","System.Diagnostics.Eventing.Reader.EventBookmark","Information","Info","File System","System.Collections.ObjectModel.ReadOnlyCollection`1[System.String]","System.Collections.Generic.List`1[System.Diagnostics.Eventing.Reader.EventProperty]"
"The handle to an object was closed.

Subject :
	Security ID:		S-1-5-21-1874035555-1170827713-1978778435-1001
	Account Name:		DEBASHISH
	Account Domain:		DESKTOP-0526O8D
	Logon ID:		0x785E62D

Object:
	Object Server:		Security
	Handle ID:		0x30a0

Process Information:
	Process ID:		0x1830
	Process Name:		C:\Windows\explorer.exe","4658","0",,"0","12800","0","-9214364837600034816","226298","Microsoft-Windows-Security-Auditing","54849625-5478-4994-a5ba-3e3b0328c30d","Security","4","3964","DESKTOP-0526O8D",,"8/5/2019 5:22:17 PM",,,"h:\subhamoy_logs\new\step 05_createshortcut-accno_debashish.evtx","System.UInt32[]","System.Diagnostics.Eventing.Reader.EventBookmark","Information","Info","File System","System.Collections.ObjectModel.ReadOnlyCollection`1[System.String]","System.Collections.Generic.List`1[System.Diagnostics.Eventing.Reader.EventProperty]"
"An attempt was made to access an object.

Subject:
	Security ID:		S-1-5-21-1874035555-1170827713-1978778435-1001
	Account Name:		DEBASHISH
	Account Domain:		DESKTOP-0526O8D
	Logon ID:		0x785E62D

Object:
	Object Server:		Security
	Object Type:		File
	Object Name:		H:\SUBHAMOY_LOGS\a\New shortcut.lnk
	Handle ID:		0x30a0
	Resource Attributes:	S:AI

Process Information:
	Process ID:		0x1830
	Process Name:		C:\Windows\explorer.exe

Access Request Information:
	Accesses:		ReadData (or ListDirectory)
				
	Access Mask:		0x1","4663","1",,"0","12800","0","-9214364837600034816","226297","Microsoft-Windows-Security-Auditing","54849625-5478-4994-a5ba-3e3b0328c30d","Security","4","3964","DESKTOP-0526O8D",,"8/5/2019 5:22:17 PM",,,"h:\subhamoy_logs\new\step 05_createshortcut-accno_debashish.evtx","System.UInt32[]","System.Diagnostics.Eventing.Reader.EventBookmark","Information","Info","File System","System.Collections.ObjectModel.ReadOnlyCollection`1[System.String]","System.Collections.Generic.List`1[System.Diagnostics.Eventing.Reader.EventProperty]"
"A handle to an object was requested.

Subject:
	Security ID:		S-1-5-21-1874035555-1170827713-1978778435-1001
	Account Name:		DEBASHISH
	Account Domain:		DESKTOP-0526O8D
	Logon ID:		0x785E62D

Object:
	Object Server:		Security
	Object Type:		File
	Object Name:		H:\SUBHAMOY_LOGS\a\New shortcut.lnk
	Handle ID:		0x30a0
	Resource Attributes:	-

Process Information:
	Process ID:		0x1830
	Process Name:		C:\Windows\explorer.exe

Access Request Information:
	Transaction ID:		{00000000-0000-0000-0000-000000000000}
	Accesses:		READ_CONTROL
				SYNCHRONIZE
				ReadData (or ListDirectory)
				ReadEA
				ReadAttributes
				
	Access Reasons:		READ_CONTROL:	Granted by Ownership
				SYNCHRONIZE:	Granted by	D:(A;ID;FA;;;S-1-5-21-1874035555-1170827713-1978778435-1001)
				ReadData (or ListDirectory):	Granted by	D:(A;ID;FA;;;S-1-5-21-1874035555-1170827713-1978778435-1001)
				ReadEA:	Granted by	D:(A;ID;FA;;;S-1-5-21-1874035555-1170827713-1978778435-1001)
				ReadAttributes:	Granted by	D:(A;ID;FA;;;S-1-5-21-1874035555-1170827713-1978778435-1001)
				
	Access Mask:		0x120089
	Privileges Used for Access Check:	-
	Restricted SID Count:	0","4656","1",,"0","12800","0","-9214364837600034816","226296","Microsoft-Windows-Security-Auditing","54849625-5478-4994-a5ba-3e3b0328c30d","Security","4","3964","DESKTOP-0526O8D",,"8/5/2019 5:22:17 PM",,,"h:\subhamoy_logs\new\step 05_createshortcut-accno_debashish.evtx","System.UInt32[]","System.Diagnostics.Eventing.Reader.EventBookmark","Information","Info","File System","System.Collections.ObjectModel.ReadOnlyCollection`1[System.String]","System.Collections.Generic.List`1[System.Diagnostics.Eventing.Reader.EventProperty]"
"The handle to an object was closed.

Subject :
	Security ID:		S-1-5-21-1874035555-1170827713-1978778435-1001
	Account Name:		DEBASHISH
	Account Domain:		DESKTOP-0526O8D
	Logon ID:		0x785E62D

Object:
	Object Server:		Security
	Handle ID:		0x4840

Process Information:
	Process ID:		0x1830
	Process Name:		C:\Windows\explorer.exe","4658","0",,"0","12800","0","-9214364837600034816","226295","Microsoft-Windows-Security-Auditing","54849625-5478-4994-a5ba-3e3b0328c30d","Security","4","3964","DESKTOP-0526O8D",,"8/5/2019 5:22:17 PM",,,"h:\subhamoy_logs\new\step 05_createshortcut-accno_debashish.evtx","System.UInt32[]","System.Diagnostics.Eventing.Reader.EventBookmark","Information","Info","File System","System.Collections.ObjectModel.ReadOnlyCollection`1[System.String]","System.Collections.Generic.List`1[System.Diagnostics.Eventing.Reader.EventProperty]"
"An attempt was made to duplicate a handle to an object.

Subject:
	Security ID:		S-1-5-21-1874035555-1170827713-1978778435-1001
	Account Name:		DEBASHISH
	Account Domain:		DESKTOP-0526O8D
	Logon ID:		0x785E62D

Source Handle Information:
	Source Handle ID:	0x30a0
	Source Process ID:	0x1830

New Handle Information:
	Target Handle ID:	0x4840
	Target Process ID:	0x4","4690","0",,"0","12807","0","-9214364837600034816","226294","Microsoft-Windows-Security-Auditing","54849625-5478-4994-a5ba-3e3b0328c30d","Security","4","3964","DESKTOP-0526O8D",,"8/5/2019 5:22:17 PM",,,"h:\subhamoy_logs\new\step 05_createshortcut-accno_debashish.evtx","System.UInt32[]","System.Diagnostics.Eventing.Reader.EventBookmark","Information","Info","Handle Manipulation","System.Collections.ObjectModel.ReadOnlyCollection`1[System.String]","System.Collections.Generic.List`1[System.Diagnostics.Eventing.Reader.EventProperty]"
"The handle to an object was closed.

Subject :
	Security ID:		S-1-5-21-1874035555-1170827713-1978778435-1001
	Account Name:		DEBASHISH
	Account Domain:		DESKTOP-0526O8D
	Logon ID:		0x785E62D

Object:
	Object Server:		Security
	Handle ID:		0x2dc4

Process Information:
	Process ID:		0x1830
	Process Name:		C:\Windows\explorer.exe","4658","0",,"0","12800","0","-9214364837600034816","226293","Microsoft-Windows-Security-Auditing","54849625-5478-4994-a5ba-3e3b0328c30d","Security","4","3964","DESKTOP-0526O8D",,"8/5/2019 5:22:17 PM",,,"h:\subhamoy_logs\new\step 05_createshortcut-accno_debashish.evtx","System.UInt32[]","System.Diagnostics.Eventing.Reader.EventBookmark","Information","Info","File System","System.Collections.ObjectModel.ReadOnlyCollection`1[System.String]","System.Collections.Generic.List`1[System.Diagnostics.Eventing.Reader.EventProperty]"
"An attempt was made to duplicate a handle to an object.

Subject:
	Security ID:		S-1-5-21-1874035555-1170827713-1978778435-1001
	Account Name:		DEBASHISH
	Account Domain:		DESKTOP-0526O8D
	Logon ID:		0x785E62D

Source Handle Information:
	Source Handle ID:	0x2dc4
	Source Process ID:	0x1830

New Handle Information:
	Target Handle ID:	0x213c
	Target Process ID:	0x1830","4690","0",,"0","12807","0","-9214364837600034816","226292","Microsoft-Windows-Security-Auditing","54849625-5478-4994-a5ba-3e3b0328c30d","Security","4","3964","DESKTOP-0526O8D",,"8/5/2019 5:22:17 PM",,,"h:\subhamoy_logs\new\step 05_createshortcut-accno_debashish.evtx","System.UInt32[]","System.Diagnostics.Eventing.Reader.EventBookmark","Information","Info","Handle Manipulation","System.Collections.ObjectModel.ReadOnlyCollection`1[System.String]","System.Collections.Generic.List`1[System.Diagnostics.Eventing.Reader.EventProperty]"
"A handle to an object was requested.

Subject:
	Security ID:		S-1-5-21-1874035555-1170827713-1978778435-1001
	Account Name:		DEBASHISH
	Account Domain:		DESKTOP-0526O8D
	Logon ID:		0x785E62D

Object:
	Object Server:		Security
	Object Type:		File
	Object Name:		H:\SUBHAMOY_LOGS\a\New shortcut.lnk
	Handle ID:		0x2dc4
	Resource Attributes:	-

Process Information:
	Process ID:		0x1830
	Process Name:		C:\Windows\explorer.exe

Access Request Information:
	Transaction ID:		{00000000-0000-0000-0000-000000000000}
	Accesses:		READ_CONTROL
				SYNCHRONIZE
				ReadData (or ListDirectory)
				ReadEA
				ReadAttributes
				
	Access Reasons:		READ_CONTROL:	Granted by Ownership
				SYNCHRONIZE:	Granted by	D:(A;ID;FA;;;S-1-5-21-1874035555-1170827713-1978778435-1001)
				ReadData (or ListDirectory):	Granted by	D:(A;ID;FA;;;S-1-5-21-1874035555-1170827713-1978778435-1001)
				ReadEA:	Granted by	D:(A;ID;FA;;;S-1-5-21-1874035555-1170827713-1978778435-1001)
				ReadAttributes:	Granted by	D:(A;ID;FA;;;S-1-5-21-1874035555-1170827713-1978778435-1001)
				
	Access Mask:		0x120089
	Privileges Used for Access Check:	-
	Restricted SID Count:	0","4656","1",,"0","12800","0","-9214364837600034816","226291","Microsoft-Windows-Security-Auditing","54849625-5478-4994-a5ba-3e3b0328c30d","Security","4","3964","DESKTOP-0526O8D",,"8/5/2019 5:22:17 PM",,,"h:\subhamoy_logs\new\step 05_createshortcut-accno_debashish.evtx","System.UInt32[]","System.Diagnostics.Eventing.Reader.EventBookmark","Information","Info","File System","System.Collections.ObjectModel.ReadOnlyCollection`1[System.String]","System.Collections.Generic.List`1[System.Diagnostics.Eventing.Reader.EventProperty]"
"The handle to an object was closed.

Subject :
	Security ID:		S-1-5-21-1874035555-1170827713-1978778435-1001
	Account Name:		DEBASHISH
	Account Domain:		DESKTOP-0526O8D
	Logon ID:		0x785E62D

Object:
	Object Server:		Security
	Handle ID:		0x18fc

Process Information:
	Process ID:		0x1830
	Process Name:		C:\Windows\explorer.exe","4658","0",,"0","12800","0","-9214364837600034816","226290","Microsoft-Windows-Security-Auditing","54849625-5478-4994-a5ba-3e3b0328c30d","Security","4","3964","DESKTOP-0526O8D",,"8/5/2019 5:22:17 PM",,,"h:\subhamoy_logs\new\step 05_createshortcut-accno_debashish.evtx","System.UInt32[]","System.Diagnostics.Eventing.Reader.EventBookmark","Information","Info","File System","System.Collections.ObjectModel.ReadOnlyCollection`1[System.String]","System.Collections.Generic.List`1[System.Diagnostics.Eventing.Reader.EventProperty]"
"An attempt was made to duplicate a handle to an object.

Subject:
	Security ID:		S-1-5-21-1874035555-1170827713-1978778435-1001
	Account Name:		DEBASHISH
	Account Domain:		DESKTOP-0526O8D
	Logon ID:		0x785E62D

Source Handle Information:
	Source Handle ID:	0x2dc4
	Source Process ID:	0x1830

New Handle Information:
	Target Handle ID:	0x18fc
	Target Process ID:	0x4","4690","0",,"0","12807","0","-9214364837600034816","226289","Microsoft-Windows-Security-Auditing","54849625-5478-4994-a5ba-3e3b0328c30d","Security","4","3964","DESKTOP-0526O8D",,"8/5/2019 5:22:17 PM",,,"h:\subhamoy_logs\new\step 05_createshortcut-accno_debashish.evtx","System.UInt32[]","System.Diagnostics.Eventing.Reader.EventBookmark","Information","Info","Handle Manipulation","System.Collections.ObjectModel.ReadOnlyCollection`1[System.String]","System.Collections.Generic.List`1[System.Diagnostics.Eventing.Reader.EventProperty]"
"The handle to an object was closed.

Subject :
	Security ID:		S-1-5-21-1874035555-1170827713-1978778435-1001
	Account Name:		DEBASHISH
	Account Domain:		DESKTOP-0526O8D
	Logon ID:		0x785E62D

Object:
	Object Server:		Security
	Handle ID:		0x3078

Process Information:
	Process ID:		0x1830
	Process Name:		C:\Windows\explorer.exe","4658","0",,"0","12800","0","-9214364837600034816","226288","Microsoft-Windows-Security-Auditing","54849625-5478-4994-a5ba-3e3b0328c30d","Security","4","3964","DESKTOP-0526O8D",,"8/5/2019 5:22:17 PM",,,"h:\subhamoy_logs\new\step 05_createshortcut-accno_debashish.evtx","System.UInt32[]","System.Diagnostics.Eventing.Reader.EventBookmark","Information","Info","File System","System.Collections.ObjectModel.ReadOnlyCollection`1[System.String]","System.Collections.Generic.List`1[System.Diagnostics.Eventing.Reader.EventProperty]"
"The handle to an object was closed.

Subject :
	Security ID:		S-1-5-21-1874035555-1170827713-1978778435-1001
	Account Name:		DEBASHISH
	Account Domain:		DESKTOP-0526O8D
	Logon ID:		0x785E62D

Object:
	Object Server:		Security
	Handle ID:		0x3058

Process Information:
	Process ID:		0x1830
	Process Name:		C:\Windows\explorer.exe","4658","0",,"0","12800","0","-9214364837600034816","226287","Microsoft-Windows-Security-Auditing","54849625-5478-4994-a5ba-3e3b0328c30d","Security","4","3964","DESKTOP-0526O8D",,"8/5/2019 5:22:17 PM",,,"h:\subhamoy_logs\new\step 05_createshortcut-accno_debashish.evtx","System.UInt32[]","System.Diagnostics.Eventing.Reader.EventBookmark","Information","Info","File System","System.Collections.ObjectModel.ReadOnlyCollection`1[System.String]","System.Collections.Generic.List`1[System.Diagnostics.Eventing.Reader.EventProperty]"
"An attempt was made to access an object.

Subject:
	Security ID:		S-1-5-21-1874035555-1170827713-1978778435-1001
	Account Name:		DEBASHISH
	Account Domain:		DESKTOP-0526O8D
	Logon ID:		0x785E62D

Object:
	Object Server:		Security
	Object Type:		File
	Object Name:		H:\SUBHAMOY_LOGS\a\New shortcut.lnk
	Handle ID:		0x3058
	Resource Attributes:	S:AI

Process Information:
	Process ID:		0x1830
	Process Name:		C:\Windows\explorer.exe

Access Request Information:
	Accesses:		ReadData (or ListDirectory)
				
	Access Mask:		0x1","4663","1",,"0","12800","0","-9214364837600034816","226286","Microsoft-Windows-Security-Auditing","54849625-5478-4994-a5ba-3e3b0328c30d","Security","4","3964","DESKTOP-0526O8D",,"8/5/2019 5:22:17 PM",,,"h:\subhamoy_logs\new\step 05_createshortcut-accno_debashish.evtx","System.UInt32[]","System.Diagnostics.Eventing.Reader.EventBookmark","Information","Info","File System","System.Collections.ObjectModel.ReadOnlyCollection`1[System.String]","System.Collections.Generic.List`1[System.Diagnostics.Eventing.Reader.EventProperty]"
"A handle to an object was requested.

Subject:
	Security ID:		S-1-5-21-1874035555-1170827713-1978778435-1001
	Account Name:		DEBASHISH
	Account Domain:		DESKTOP-0526O8D
	Logon ID:		0x785E62D

Object:
	Object Server:		Security
	Object Type:		File
	Object Name:		H:\SUBHAMOY_LOGS\a\New shortcut.lnk
	Handle ID:		0x3058
	Resource Attributes:	-

Process Information:
	Process ID:		0x1830
	Process Name:		C:\Windows\explorer.exe

Access Request Information:
	Transaction ID:		{00000000-0000-0000-0000-000000000000}
	Accesses:		READ_CONTROL
				SYNCHRONIZE
				ReadData (or ListDirectory)
				ReadEA
				ReadAttributes
				
	Access Reasons:		READ_CONTROL:	Granted by Ownership
				SYNCHRONIZE:	Granted by	D:(A;ID;FA;;;S-1-5-21-1874035555-1170827713-1978778435-1001)
				ReadData (or ListDirectory):	Granted by	D:(A;ID;FA;;;S-1-5-21-1874035555-1170827713-1978778435-1001)
				ReadEA:	Granted by	D:(A;ID;FA;;;S-1-5-21-1874035555-1170827713-1978778435-1001)
				ReadAttributes:	Granted by	D:(A;ID;FA;;;S-1-5-21-1874035555-1170827713-1978778435-1001)
				
	Access Mask:		0x120089
	Privileges Used for Access Check:	-
	Restricted SID Count:	0","4656","1",,"0","12800","0","-9214364837600034816","226285","Microsoft-Windows-Security-Auditing","54849625-5478-4994-a5ba-3e3b0328c30d","Security","4","3964","DESKTOP-0526O8D",,"8/5/2019 5:22:17 PM",,,"h:\subhamoy_logs\new\step 05_createshortcut-accno_debashish.evtx","System.UInt32[]","System.Diagnostics.Eventing.Reader.EventBookmark","Information","Info","File System","System.Collections.ObjectModel.ReadOnlyCollection`1[System.String]","System.Collections.Generic.List`1[System.Diagnostics.Eventing.Reader.EventProperty]"
"The handle to an object was closed.

Subject :
	Security ID:		S-1-5-21-1874035555-1170827713-1978778435-1001
	Account Name:		DEBASHISH
	Account Domain:		DESKTOP-0526O8D
	Logon ID:		0x785E62D

Object:
	Object Server:		Security
	Handle ID:		0x3a4c

Process Information:
	Process ID:		0x1830
	Process Name:		C:\Windows\explorer.exe","4658","0",,"0","12800","0","-9214364837600034816","226284","Microsoft-Windows-Security-Auditing","54849625-5478-4994-a5ba-3e3b0328c30d","Security","4","3964","DESKTOP-0526O8D",,"8/5/2019 5:22:17 PM",,,"h:\subhamoy_logs\new\step 05_createshortcut-accno_debashish.evtx","System.UInt32[]","System.Diagnostics.Eventing.Reader.EventBookmark","Information","Info","File System","System.Collections.ObjectModel.ReadOnlyCollection`1[System.String]","System.Collections.Generic.List`1[System.Diagnostics.Eventing.Reader.EventProperty]"
"An attempt was made to duplicate a handle to an object.

Subject:
	Security ID:		S-1-5-21-1874035555-1170827713-1978778435-1001
	Account Name:		DEBASHISH
	Account Domain:		DESKTOP-0526O8D
	Logon ID:		0x785E62D

Source Handle Information:
	Source Handle ID:	0x3058
	Source Process ID:	0x1830

New Handle Information:
	Target Handle ID:	0x3a4c
	Target Process ID:	0x4","4690","0",,"0","12807","0","-9214364837600034816","226283","Microsoft-Windows-Security-Auditing","54849625-5478-4994-a5ba-3e3b0328c30d","Security","4","3964","DESKTOP-0526O8D",,"8/5/2019 5:22:17 PM",,,"h:\subhamoy_logs\new\step 05_createshortcut-accno_debashish.evtx","System.UInt32[]","System.Diagnostics.Eventing.Reader.EventBookmark","Information","Info","Handle Manipulation","System.Collections.ObjectModel.ReadOnlyCollection`1[System.String]","System.Collections.Generic.List`1[System.Diagnostics.Eventing.Reader.EventProperty]"
"The handle to an object was closed.

Subject :
