	Security ID:		S-1-5-18
	Account Name:		DESKTOP-0526O8D$
	Account Domain:		WORKGROUP
	Logon ID:		0x3E7

Source Handle Information:
	Source Handle ID:	0x7d0
	Source Process ID:	0x13b0

New Handle Information:
	Target Handle ID:	0xd20
	Target Process ID:	0x4","4690","0",,"0","12807","0","-9214364837600034816","248461","Microsoft-Windows-Security-Auditing","54849625-5478-4994-a5ba-3e3b0328c30d","Security","4","6332","DESKTOP-0526O8D",,"8/5/2019 5:54:52 PM",,,"h:\subhamoy_logs\new\step 10_fileaccessdenied-accno_subhamoy.evtx","System.UInt32[]","System.Diagnostics.Eventing.Reader.EventBookmark","Information","Info","Handle Manipulation","System.Collections.ObjectModel.ReadOnlyCollection`1[System.String]","System.Collections.Generic.List`1[System.Diagnostics.Eventing.Reader.EventProperty]"
"Permissions on an object were changed.

Subject:
	Security ID:		S-1-5-18
	Account Name:		DESKTOP-0526O8D$
	Account Domain:		WORKGROUP
	Logon ID:		0x3E7

Object:
	Object Server:	Security
	Object Type:	Token
	Object Name:	-
	Handle ID:	0x7d0

Process:
	Process ID:	0x8b4
	Process Name:	C:\Windows\System32\SearchIndexer.exe

Permissions Change:
	Original Security Descriptor:	D:(A;;GA;;;SY)(A;;RC;;;OW)(A;;GA;;;S-1-5-80-117416528-2204451360-1913602512-1355018040-1234992034)(A;;GA;;;BA)(A;;GA;;;SY)
	New Security Descriptor:	D:(A;;GA;;;SY)(A;;RC;;;OW)(A;;GA;;;S-1-5-80-117416528-2204451360-1913602512-1355018040-1234992034)(A;;GA;;;BA)(A;;GA;;;SY)(A;;SWRPRC;;;S-1-5-5-0-1779235)","4670","0",,"0","13570","0","-9214364837600034816","248460","Microsoft-Windows-Security-Auditing","54849625-5478-4994-a5ba-3e3b0328c30d","Security","4","6332","DESKTOP-0526O8D",,"8/5/2019 5:54:52 PM",,,"h:\subhamoy_logs\new\step 10_fileaccessdenied-accno_subhamoy.evtx","System.UInt32[]","System.Diagnostics.Eventing.Reader.EventBookmark","Information","Info","Authorization Policy Change","System.Collections.ObjectModel.ReadOnlyCollection`1[System.String]","System.Collections.Generic.List`1[System.Diagnostics.Eventing.Reader.EventProperty]"
"Permissions on an object were changed.

Subject:
	Security ID:		S-1-5-18
	Account Name:		DESKTOP-0526O8D$
	Account Domain:		WORKGROUP
	Logon ID:		0x3E7

Object:
	Object Server:	Security
	Object Type:	Token
	Object Name:	-
	Handle ID:	0x250

Process:
	Process ID:	0x8b4
	Process Name:	C:\Windows\System32\SearchIndexer.exe

Permissions Change:
	Original Security Descriptor:	D:(A;;GA;;;SY)(A;;RC;;;OW)(A;;GA;;;S-1-5-80-117416528-2204451360-1913602512-1355018040-1234992034)(A;;GA;;;BA)(A;;GA;;;SY)(A;;GA;;;BA)
	New Security Descriptor:	D:(A;;GA;;;SY)(A;;RC;;;OW)(A;;GA;;;S-1-5-80-117416528-2204451360-1913602512-1355018040-1234992034)(A;;GA;;;BA)(A;;GA;;;SY)(A;;GA;;;BA)(A;;GA;;;SY)","4670","0",,"0","13570","0","-9214364837600034816","248459","Microsoft-Windows-Security-Auditing","54849625-5478-4994-a5ba-3e3b0328c30d","Security","4","1460","DESKTOP-0526O8D",,"8/5/2019 5:54:52 PM",,,"h:\subhamoy_logs\new\step 10_fileaccessdenied-accno_subhamoy.evtx","System.UInt32[]","System.Diagnostics.Eventing.Reader.EventBookmark","Information","Info","Authorization Policy Change","System.Collections.ObjectModel.ReadOnlyCollection`1[System.String]","System.Collections.Generic.List`1[System.Diagnostics.Eventing.Reader.EventProperty]"
"Permissions on an object were changed.

Subject:
	Security ID:		S-1-5-18
	Account Name:		DESKTOP-0526O8D$
	Account Domain:		WORKGROUP
	Logon ID:		0x3E7

Object:
	Object Server:	Security
	Object Type:	Token
	Object Name:	-
	Handle ID:	0x250

Process:
	Process ID:	0x8b4
	Process Name:	C:\Windows\System32\SearchIndexer.exe

Permissions Change:
	Original Security Descriptor:	D:(A;;GA;;;SY)(A;;RC;;;OW)(A;;GA;;;S-1-5-80-117416528-2204451360-1913602512-1355018040-1234992034)(A;;GA;;;BA)(A;;GA;;;SY)
	New Security Descriptor:	D:(A;;GA;;;SY)(A;;RC;;;OW)(A;;GA;;;S-1-5-80-117416528-2204451360-1913602512-1355018040-1234992034)(A;;GA;;;BA)(A;;GA;;;SY)(A;;GA;;;BA)","4670","0",,"0","13570","0","-9214364837600034816","248458","Microsoft-Windows-Security-Auditing","54849625-5478-4994-a5ba-3e3b0328c30d","Security","4","1460","DESKTOP-0526O8D",,"8/5/2019 5:54:52 PM",,,"h:\subhamoy_logs\new\step 10_fileaccessdenied-accno_subhamoy.evtx","System.UInt32[]","System.Diagnostics.Eventing.Reader.EventBookmark","Information","Info","Authorization Policy Change","System.Collections.ObjectModel.ReadOnlyCollection`1[System.String]","System.Collections.Generic.List`1[System.Diagnostics.Eventing.Reader.EventProperty]"
"A handle to an object was requested.

Subject:
	Security ID:		S-1-5-21-1874035555-1170827713-1978778435-1003
	Account Name:		Subhamoy
	Account Domain:		DESKTOP-0526O8D
	Logon ID:		0x7C8A089

Object:
	Object Server:		Security
	Object Type:		File
	Object Name:		H:\SUBHAMOY\testpython.py
	Handle ID:		0x0
	Resource Attributes:	-

Process Information:
	Process ID:		0x1ee0
	Process Name:		C:\Python27\pythonw.exe

Access Request Information:
	Transaction ID:		{00000000-0000-0000-0000-000000000000}
	Accesses:		READ_CONTROL
				SYNCHRONIZE
				ReadData (or ListDirectory)
				ReadEA
				ReadAttributes
				
	Access Reasons:		READ_CONTROL:	Denied by	D:(D;;FA;;;S-1-5-21-1874035555-1170827713-1978778435-1003)
				SYNCHRONIZE:	Denied by	D:(D;;FA;;;S-1-5-21-1874035555-1170827713-1978778435-1003)
				ReadData (or ListDirectory):	Denied by	D:(D;;FA;;;S-1-5-21-1874035555-1170827713-1978778435-1003)
				ReadEA:	Denied by	D:(D;;FA;;;S-1-5-21-1874035555-1170827713-1978778435-1003)
				ReadAttributes:	Granted by ACE on parent folder	D:(A;;0x1301bf;;;AU)
				
	Access Mask:		0x120089
	Privileges Used for Access Check:	-
	Restricted SID Count:	0","4656","1",,"0","12800","0","-9218868437227405312","248457","Microsoft-Windows-Security-Auditing","54849625-5478-4994-a5ba-3e3b0328c30d","Security","4","12724","DESKTOP-0526O8D",,"8/5/2019 5:54:51 PM",,,"h:\subhamoy_logs\new\step 10_fileaccessdenied-accno_subhamoy.evtx","System.UInt32[]","System.Diagnostics.Eventing.Reader.EventBookmark","Information","Info","File System","System.Collections.ObjectModel.ReadOnlyCollection`1[System.String]","System.Collections.Generic.List`1[System.Diagnostics.Eventing.Reader.EventProperty]"
"The handle to an object was closed.

Subject :
	Security ID:		S-1-5-18
	Account Name:		DESKTOP-0526O8D$
	Account Domain:		WORKGROUP
	Logon ID:		0x3E7

Object:
	Object Server:		Security
	Handle ID:		0x4f8

Process Information:
	Process ID:		0x13b0
	Process Name:		C:\Windows\System32\wbem\WmiPrvSE.exe","4658","0",,"0","12802","0","-9214364837600034816","248456","Microsoft-Windows-Security-Auditing","54849625-5478-4994-a5ba-3e3b0328c30d","Security","4","12724","DESKTOP-0526O8D",,"8/5/2019 5:54:51 PM",,,"h:\subhamoy_logs\new\step 10_fileaccessdenied-accno_subhamoy.evtx","System.UInt32[]","System.Diagnostics.Eventing.Reader.EventBookmark","Information","Info","Kernel Object","System.Collections.ObjectModel.ReadOnlyCollection`1[System.String]","System.Collections.Generic.List`1[System.Diagnostics.Eventing.Reader.EventProperty]"
"An attempt was made to access an object.

Subject:
	Security ID:		S-1-5-18
	Account Name:		DESKTOP-0526O8D$
	Account Domain:		WORKGROUP
	Logon ID:		0x3E7

Object:
	Object Server:		Security
	Object Type:		Process
	Object Name:		\Device\HarddiskVolume4\Windows\System32\lsass.exe
	Handle ID:		0x4f8
	Resource Attributes:	-

Process Information:
	Process ID:		0x13b0
	Process Name:		C:\Windows\System32\wbem\WmiPrvSE.exe

Access Request Information:
	Accesses:		Read from process memory
				
	Access Mask:		0x10","4663","1",,"0","12802","0","-9214364837600034816","248455","Microsoft-Windows-Security-Auditing","54849625-5478-4994-a5ba-3e3b0328c30d","Security","4","12724","DESKTOP-0526O8D",,"8/5/2019 5:54:51 PM",,,"h:\subhamoy_logs\new\step 10_fileaccessdenied-accno_subhamoy.evtx","System.UInt32[]","System.Diagnostics.Eventing.Reader.EventBookmark","Information","Info","Kernel Object","System.Collections.ObjectModel.ReadOnlyCollection`1[System.String]","System.Collections.Generic.List`1[System.Diagnostics.Eventing.Reader.EventProperty]"
"A handle to an object was requested.

Subject:
	Security ID:		S-1-5-18
	Account Name:		DESKTOP-0526O8D$
	Account Domain:		WORKGROUP
	Logon ID:		0x3E7

Object:
	Object Server:		Security
	Object Type:		Process
	Object Name:		\Device\HarddiskVolume4\Windows\System32\lsass.exe
	Handle ID:		0x4f8
	Resource Attributes:	-

Process Information:
	Process ID:		0x13b0
	Process Name:		C:\Windows\System32\wbem\WmiPrvSE.exe

Access Request Information:
	Transaction ID:		{00000000-0000-0000-0000-000000000000}
	Accesses:		Read from process memory
				Query process information
				Undefined Access (no effect) Bit 12
				
	Access Reasons:		-
	Access Mask:		0x1410
	Privileges Used for Access Check:	-
	Restricted SID Count:	0","4656","1",,"0","12802","0","-9214364837600034816","248454","Microsoft-Windows-Security-Auditing","54849625-5478-4994-a5ba-3e3b0328c30d","Security","4","12724","DESKTOP-0526O8D",,"8/5/2019 5:54:51 PM",,,"h:\subhamoy_logs\new\step 10_fileaccessdenied-accno_subhamoy.evtx","System.UInt32[]","System.Diagnostics.Eventing.Reader.EventBookmark","Information","Info","Kernel Object","System.Collections.ObjectModel.ReadOnlyCollection`1[System.String]","System.Collections.Generic.List`1[System.Diagnostics.Eventing.Reader.EventProperty]"
"The handle to an object was closed.

Subject :
	Security ID:		S-1-5-18
	Account Name:		DESKTOP-0526O8D$
	Account Domain:		WORKGROUP
	Logon ID:		0x3E7

Object:
	Object Server:		Security
	Handle ID:		0x1a64

Process Information:
	Process ID:		0x13b0
	Process Name:		C:\Windows\System32\wbem\WmiPrvSE.exe","4658","0",,"0","12802","0","-9214364837600034816","248453","Microsoft-Windows-Security-Auditing","54849625-5478-4994-a5ba-3e3b0328c30d","Security","4","12724","DESKTOP-0526O8D",,"8/5/2019 5:54:51 PM",,,"h:\subhamoy_logs\new\step 10_fileaccessdenied-accno_subhamoy.evtx","System.UInt32[]","System.Diagnostics.Eventing.Reader.EventBookmark","Information","Info","Kernel Object","System.Collections.ObjectModel.ReadOnlyCollection`1[System.String]","System.Collections.Generic.List`1[System.Diagnostics.Eventing.Reader.EventProperty]"
"An attempt was made to duplicate a handle to an object.

Subject:
	Security ID:		S-1-5-18
	Account Name:		DESKTOP-0526O8D$
	Account Domain:		WORKGROUP
	Logon ID:		0x3E7

Source Handle Information:
	Source Handle ID:	0x4f8
	Source Process ID:	0x13b0

New Handle Information:
	Target Handle ID:	0x1a64
	Target Process ID:	0x4","4690","0",,"0","12807","0","-9214364837600034816","248452","Microsoft-Windows-Security-Auditing","54849625-5478-4994-a5ba-3e3b0328c30d","Security","4","12724","DESKTOP-0526O8D",,"8/5/2019 5:54:51 PM",,,"h:\subhamoy_logs\new\step 10_fileaccessdenied-accno_subhamoy.evtx","System.UInt32[]","System.Diagnostics.Eventing.Reader.EventBookmark","Information","Info","Handle Manipulation","System.Collections.ObjectModel.ReadOnlyCollection`1[System.String]","System.Collections.Generic.List`1[System.Diagnostics.Eventing.Reader.EventProperty]"
"A handle to an object was requested.

Subject:
	Security ID:		S-1-5-21-1874035555-1170827713-1978778435-1003
	Account Name:		Subhamoy
	Account Domain:		DESKTOP-0526O8D
	Logon ID:		0x7C8A089

Object:
	Object Server:		Security
	Object Type:		File
	Object Name:		H:\SUBHAMOY\testpython.py
	Handle ID:		0x0
	Resource Attributes:	-

Process Information:
	Process ID:		0x2d54
	Process Name:		C:\Windows\explorer.exe

Access Request Information:
	Transaction ID:		{00000000-0000-0000-0000-000000000000}
	Accesses:		READ_CONTROL
				SYNCHRONIZE
				ReadAttributes
				
	Access Reasons:		READ_CONTROL:	Denied by	D:(D;;FA;;;S-1-5-21-1874035555-1170827713-1978778435-1003)
				SYNCHRONIZE:	Denied by	D:(D;;FA;;;S-1-5-21-1874035555-1170827713-1978778435-1003)
				ReadAttributes:	Granted by ACE on parent folder	D:(A;;0x1301bf;;;AU)
				
	Access Mask:		0x120080
	Privileges Used for Access Check:	-
	Restricted SID Count:	0","4656","1",,"0","12800","0","-9218868437227405312","248451","Microsoft-Windows-Security-Auditing","54849625-5478-4994-a5ba-3e3b0328c30d","Security","4","1460","DESKTOP-0526O8D",,"8/5/2019 5:54:50 PM",,,"h:\subhamoy_logs\new\step 10_fileaccessdenied-accno_subhamoy.evtx","System.UInt32[]","System.Diagnostics.Eventing.Reader.EventBookmark","Information","Info","File System","System.Collections.ObjectModel.ReadOnlyCollection`1[System.String]","System.Collections.Generic.List`1[System.Diagnostics.Eventing.Reader.EventProperty]"
"A handle to an object was requested.

Subject:
	Security ID:		S-1-5-21-1874035555-1170827713-1978778435-1003
	Account Name:		Subhamoy
	Account Domain:		DESKTOP-0526O8D
	Logon ID:		0x7C8A089

Object:
	Object Server:		Security
	Object Type:		File
	Object Name:		H:\SUBHAMOY\testpython.py
	Handle ID:		0x0
	Resource Attributes:	-

Process Information:
	Process ID:		0x2d54
	Process Name:		C:\Windows\explorer.exe

Access Request Information:
	Transaction ID:		{00000000-0000-0000-0000-000000000000}
	Accesses:		READ_CONTROL
				SYNCHRONIZE
				ReadAttributes
				
	Access Reasons:		READ_CONTROL:	Denied by	D:(D;;FA;;;S-1-5-21-1874035555-1170827713-1978778435-1003)
				SYNCHRONIZE:	Denied by	D:(D;;FA;;;S-1-5-21-1874035555-1170827713-1978778435-1003)
				ReadAttributes:	Granted by ACE on parent folder	D:(A;;0x1301bf;;;AU)
				
	Access Mask:		0x120080
	Privileges Used for Access Check:	-
	Restricted SID Count:	0","4656","1",,"0","12800","0","-9218868437227405312","248450","Microsoft-Windows-Security-Auditing","54849625-5478-4994-a5ba-3e3b0328c30d","Security","4","1460","DESKTOP-0526O8D",,"8/5/2019 5:54:50 PM",,,"h:\subhamoy_logs\new\step 10_fileaccessdenied-accno_subhamoy.evtx","System.UInt32[]","System.Diagnostics.Eventing.Reader.EventBookmark","Information","Info","File System","System.Collections.ObjectModel.ReadOnlyCollection`1[System.String]","System.Collections.Generic.List`1[System.Diagnostics.Eventing.Reader.EventProperty]"
"A handle to an object was requested.

Subject:
	Security ID:		S-1-5-21-1874035555-1170827713-1978778435-1003
	Account Name:		Subhamoy
	Account Domain:		DESKTOP-0526O8D
	Logon ID:		0x7C8A089

Object:
	Object Server:		Security
	Object Type:		File
	Object Name:		H:\SUBHAMOY\testpython.py
	Handle ID:		0x0
	Resource Attributes:	-

Process Information:
	Process ID:		0x2d54
	Process Name:		C:\Windows\explorer.exe

Access Request Information:
	Transaction ID:		{00000000-0000-0000-0000-000000000000}
	Accesses:		READ_CONTROL
				
	Access Reasons:		READ_CONTROL:	Denied by	D:(D;;FA;;;S-1-5-21-1874035555-1170827713-1978778435-1003)
				
	Access Mask:		0x20000
	Privileges Used for Access Check:	-
	Restricted SID Count:	0","4656","1",,"0","12800","0","-9218868437227405312","248449","Microsoft-Windows-Security-Auditing","54849625-5478-4994-a5ba-3e3b0328c30d","Security","4","12724","DESKTOP-0526O8D",,"8/5/2019 5:54:50 PM",,,"h:\subhamoy_logs\new\step 10_fileaccessdenied-accno_subhamoy.evtx","System.UInt32[]","System.Diagnostics.Eventing.Reader.EventBookmark","Information","Info","File System","System.Collections.ObjectModel.ReadOnlyCollection`1[System.String]","System.Collections.Generic.List`1[System.Diagnostics.Eventing.Reader.EventProperty]"
"The handle to an object was closed.

Subject :
	Security ID:		S-1-5-18
	Account Name:		DESKTOP-0526O8D$
	Account Domain:		WORKGROUP
	Logon ID:		0x3E7

Object:
	Object Server:		Security
	Handle ID:		0x458

Process Information:
	Process ID:		0x13b0
	Process Name:		C:\Windows\System32\wbem\WmiPrvSE.exe","4658","0",,"0","12802","0","-9214364837600034816","248448","Microsoft-Windows-Security-Auditing","54849625-5478-4994-a5ba-3e3b0328c30d","Security","4","12724","DESKTOP-0526O8D",,"8/5/2019 5:54:50 PM",,,"h:\subhamoy_logs\new\step 10_fileaccessdenied-accno_subhamoy.evtx","System.UInt32[]","System.Diagnostics.Eventing.Reader.EventBookmark","Information","Info","Kernel Object","System.Collections.ObjectModel.ReadOnlyCollection`1[System.String]","System.Collections.Generic.List`1[System.Diagnostics.Eventing.Reader.EventProperty]"
"An attempt was made to access an object.

Subject:
	Security ID:		S-1-5-18
	Account Name:		DESKTOP-0526O8D$
	Account Domain:		WORKGROUP
	Logon ID:		0x3E7

Object:
	Object Server:		Security
	Object Type:		Process
	Object Name:		\Device\HarddiskVolume4\Windows\System32\lsass.exe
	Handle ID:		0x458
	Resource Attributes:	-

Process Information:
	Process ID:		0x13b0
	Process Name:		C:\Windows\System32\wbem\WmiPrvSE.exe

Access Request Information:
	Accesses:		Read from process memory
				
	Access Mask:		0x10","4663","1",,"0","12802","0","-9214364837600034816","248447","Microsoft-Windows-Security-Auditing","54849625-5478-4994-a5ba-3e3b0328c30d","Security","4","12724","DESKTOP-0526O8D",,"8/5/2019 5:54:50 PM",,,"h:\subhamoy_logs\new\step 10_fileaccessdenied-accno_subhamoy.evtx","System.UInt32[]","System.Diagnostics.Eventing.Reader.EventBookmark","Information","Info","Kernel Object","System.Collections.ObjectModel.ReadOnlyCollection`1[System.String]","System.Collections.Generic.List`1[System.Diagnostics.Eventing.Reader.EventProperty]"
"A handle to an object was requested.

Subject:
	Security ID:		S-1-5-18
	Account Name:		DESKTOP-0526O8D$
	Account Domain:		WORKGROUP
	Logon ID:		0x3E7

Object:
	Object Server:		Security
	Object Type:		Process
	Object Name:		\Device\HarddiskVolume4\Windows\System32\lsass.exe
	Handle ID:		0x458
	Resource Attributes:	-

Process Information:
	Process ID:		0x13b0
	Process Name:		C:\Windows\System32\wbem\WmiPrvSE.exe

Access Request Information:
	Transaction ID:		{00000000-0000-0000-0000-000000000000}
	Accesses:		Read from process memory
				Query process information
				Undefined Access (no effect) Bit 12
				
	Access Reasons:		-
	Access Mask:		0x1410
	Privileges Used for Access Check:	-
	Restricted SID Count:	0","4656","1",,"0","12802","0","-9214364837600034816","248446","Microsoft-Windows-Security-Auditing","54849625-5478-4994-a5ba-3e3b0328c30d","Security","4","12724","DESKTOP-0526O8D",,"8/5/2019 5:54:50 PM",,,"h:\subhamoy_logs\new\step 10_fileaccessdenied-accno_subhamoy.evtx","System.UInt32[]","System.Diagnostics.Eventing.Reader.EventBookmark","Information","Info","Kernel Object","System.Collections.ObjectModel.ReadOnlyCollection`1[System.String]","System.Collections.Generic.List`1[System.Diagnostics.Eventing.Reader.EventProperty]"
"The handle to an object was closed.

Subject :
	Security ID:		S-1-5-18
	Account Name:		DESKTOP-0526O8D$
	Account Domain:		WORKGROUP
	Logon ID:		0x3E7

Object:
	Object Server:		Security
	Handle ID:		0x3ad4

Process Information:
	Process ID:		0x13b0
	Process Name:		C:\Windows\System32\wbem\WmiPrvSE.exe","4658","0",,"0","12802","0","-9214364837600034816","248445","Microsoft-Windows-Security-Auditing","54849625-5478-4994-a5ba-3e3b0328c30d","Security","4","12724","DESKTOP-0526O8D",,"8/5/2019 5:54:50 PM",,,"h:\subhamoy_logs\new\step 10_fileaccessdenied-accno_subhamoy.evtx","System.UInt32[]","System.Diagnostics.Eventing.Reader.EventBookmark","Information","Info","Kernel Object","System.Collections.ObjectModel.ReadOnlyCollection`1[System.String]","System.Collections.Generic.List`1[System.Diagnostics.Eventing.Reader.EventProperty]"
"An attempt was made to duplicate a handle to an object.

Subject:
	Security ID:		S-1-5-18
	Account Name:		DESKTOP-0526O8D$
	Account Domain:		WORKGROUP
	Logon ID:		0x3E7

Source Handle Information:
	Source Handle ID:	0x458
	Source Process ID:	0x13b0

New Handle Information:
	Target Handle ID:	0x3ad4
	Target Process ID:	0x4","4690","0",,"0","12807","0","-9214364837600034816","248444","Microsoft-Windows-Security-Auditing","54849625-5478-4994-a5ba-3e3b0328c30d","Security","4","12724","DESKTOP-0526O8D",,"8/5/2019 5:54:50 PM",,,"h:\subhamoy_logs\new\step 10_fileaccessdenied-accno_subhamoy.evtx","System.UInt32[]","System.Diagnostics.Eventing.Reader.EventBookmark","Information","Info","Handle Manipulation","System.Collections.ObjectModel.ReadOnlyCollection`1[System.String]","System.Collections.Generic.List`1[System.Diagnostics.Eventing.Reader.EventProperty]"
"The handle to an object was closed.

Subject :
	Security ID:		S-1-5-18
	Account Name:		DESKTOP-0526O8D$
	Account Domain:		WORKGROUP
	Logon ID:		0x3E7

Object:
	Object Server:		Security
	Handle ID:		0x5c8

Process Information:
	Process ID:		0x13b0
	Process Name:		C:\Windows\System32\wbem\WmiPrvSE.exe","4658","0",,"0","12802","0","-9214364837600034816","248443","Microsoft-Windows-Security-Auditing","54849625-5478-4994-a5ba-3e3b0328c30d","Security","4","1460","DESKTOP-0526O8D",,"8/5/2019 5:54:49 PM",,,"h:\subhamoy_logs\new\step 10_fileaccessdenied-accno_subhamoy.evtx","System.UInt32[]","System.Diagnostics.Eventing.Reader.EventBookmark","Information","Info","Kernel Object","System.Collections.ObjectModel.ReadOnlyCollection`1[System.String]","System.Collections.Generic.List`1[System.Diagnostics.Eventing.Reader.EventProperty]"
"An attempt was made to access an object.

Subject:
	Security ID:		S-1-5-18
	Account Name:		DESKTOP-0526O8D$
	Account Domain:		WORKGROUP
	Logon ID:		0x3E7

Object:
	Object Server:		Security
	Object Type:		Process
	Object Name:		\Device\HarddiskVolume4\Windows\System32\lsass.exe
	Handle ID:		0x5c8
	Resource Attributes:	-

Process Information:
	Process ID:		0x13b0
	Process Name:		C:\Windows\System32\wbem\WmiPrvSE.exe

Access Request Information:
	Accesses:		Read from process memory
				
	Access Mask:		0x10","4663","1",,"0","12802","0","-9214364837600034816","248442","Microsoft-Windows-Security-Auditing","54849625-5478-4994-a5ba-3e3b0328c30d","Security","4","1460","DESKTOP-0526O8D",,"8/5/2019 5:54:49 PM",,,"h:\subhamoy_logs\new\step 10_fileaccessdenied-accno_subhamoy.evtx","System.UInt32[]","System.Diagnostics.Eventing.Reader.EventBookmark","Information","Info","Kernel Object","System.Collections.ObjectModel.ReadOnlyCollection`1[System.String]","System.Collections.Generic.List`1[System.Diagnostics.Eventing.Reader.EventProperty]"
"A handle to an object was requested.

Subject:
	Security ID:		S-1-5-18
	Account Name:		DESKTOP-0526O8D$
	Account Domain:		WORKGROUP
	Logon ID:		0x3E7

Object:
	Object Server:		Security
	Object Type:		Process
	Object Name:		\Device\HarddiskVolume4\Windows\System32\lsass.exe
	Handle ID:		0x5c8
	Resource Attributes:	-

Process Information:
	Process ID:		0x13b0
	Process Name:		C:\Windows\System32\wbem\WmiPrvSE.exe

Access Request Information:
	Transaction ID:		{00000000-0000-0000-0000-000000000000}
	Accesses:		Read from process memory
				Query process information
				Undefined Access (no effect) Bit 12
				
	Access Reasons:		-
	Access Mask:		0x1410
	Privileges Used for Access Check:	-
	Restricted SID Count:	0","4656","1",,"0","12802","0","-9214364837600034816","248441","Microsoft-Windows-Security-Auditing","54849625-5478-4994-a5ba-3e3b0328c30d","Security","4","1460","DESKTOP-0526O8D",,"8/5/2019 5:54:49 PM",,,"h:\subhamoy_logs\new\step 10_fileaccessdenied-accno_subhamoy.evtx","System.UInt32[]","System.Diagnostics.Eventing.Reader.EventBookmark","Information","Info","Kernel Object","System.Collections.ObjectModel.ReadOnlyCollection`1[System.String]","System.Collections.Generic.List`1[System.Diagnostics.Eventing.Reader.EventProperty]"
"The handle to an object was closed.

Subject :
	Security ID:		S-1-5-18
	Account Name:		DESKTOP-0526O8D$
	Account Domain:		WORKGROUP
	Logon ID:		0x3E7

Object:
	Object Server:		Security
	Handle ID:		0x1f08

Process Information:
	Process ID:		0x13b0
	Process Name:		C:\Windows\System32\wbem\WmiPrvSE.exe","4658","0",,"0","12802","0","-9214364837600034816","248440","Microsoft-Windows-Security-Auditing","54849625-5478-4994-a5ba-3e3b0328c30d","Security","4","1460","DESKTOP-0526O8D",,"8/5/2019 5:54:49 PM",,,"h:\subhamoy_logs\new\step 10_fileaccessdenied-accno_subhamoy.evtx","System.UInt32[]","System.Diagnostics.Eventing.Reader.EventBookmark","Information","Info","Kernel Object","System.Collections.ObjectModel.ReadOnlyCollection`1[System.String]","System.Collections.Generic.List`1[System.Diagnostics.Eventing.Reader.EventProperty]"
"An attempt was made to duplicate a handle to an object.

Subject:
	Security ID:		S-1-5-18
	Account Name:		DESKTOP-0526O8D$
	Account Domain:		WORKGROUP
	Logon ID:		0x3E7

Source Handle Information:
	Source Handle ID:	0x5c8
	Source Process ID:	0x13b0

New Handle Information:
	Target Handle ID:	0x1f08
	Target Process ID:	0x4","4690","0",,"0","12807","0","-9214364837600034816","248439","Microsoft-Windows-Security-Auditing","54849625-5478-4994-a5ba-3e3b0328c30d","Security","4","1460","DESKTOP-0526O8D",,"8/5/2019 5:54:49 PM",,,"h:\subhamoy_logs\new\step 10_fileaccessdenied-accno_subhamoy.evtx","System.UInt32[]","System.Diagnostics.Eventing.Reader.EventBookmark","Information","Info","Handle Manipulation","System.Collections.ObjectModel.ReadOnlyCollection`1[System.String]","System.Collections.Generic.List`1[System.Diagnostics.Eventing.Reader.EventProperty]"
"A handle to an object was requested.

Subject:
	Security ID:		S-1-5-21-1874035555-1170827713-1978778435-1003
	Account Name:		Subhamoy
	Account Domain:		DESKTOP-0526O8D
	Logon ID:		0x7C8A089

Object:
	Object Server:		Security
	Object Type:		File
	Object Name:		H:\SUBHAMOY\testpython.py
	Handle ID:		0x0
	Resource Attributes:	-

Process Information:
	Process ID:		0xff8
	Process Name:		C:\Python27\python.exe

Access Request Information:
	Transaction ID:		{00000000-0000-0000-0000-000000000000}
	Accesses:		READ_CONTROL
				SYNCHRONIZE
				ReadData (or ListDirectory)
				ReadEA
				ReadAttributes
				
	Access Reasons:		READ_CONTROL:	Denied by	D:(D;;FA;;;S-1-5-21-1874035555-1170827713-1978778435-1003)
				SYNCHRONIZE:	Denied by	D:(D;;FA;;;S-1-5-21-1874035555-1170827713-1978778435-1003)
				ReadData (or ListDirectory):	Denied by	D:(D;;FA;;;S-1-5-21-1874035555-1170827713-1978778435-1003)
				ReadEA:	Denied by	D:(D;;FA;;;S-1-5-21-1874035555-1170827713-1978778435-1003)
				ReadAttributes:	Granted by ACE on parent folder	D:(A;;0x1301bf;;;AU)
				
	Access Mask:		0x120089
	Privileges Used for Access Check:	-
	Restricted SID Count:	0","4656","1",,"0","12800","0","-9218868437227405312","248438","Microsoft-Windows-Security-Auditing","54849625-5478-4994-a5ba-3e3b0328c30d","Security","4","1460","DESKTOP-0526O8D",,"8/5/2019 5:54:48 PM",,,"h:\subhamoy_logs\new\step 10_fileaccessdenied-accno_subhamoy.evtx","System.UInt32[]","System.Diagnostics.Eventing.Reader.EventBookmark","Information","Info","File System","System.Collections.ObjectModel.ReadOnlyCollection`1[System.String]","System.Collections.Generic.List`1[System.Diagnostics.Eventing.Reader.EventProperty]"
"A handle to an object was requested.

Subject:
	Security ID:		S-1-5-21-1874035555-1170827713-1978778435-1003
	Account Name:		Subhamoy
	Account Domain:		DESKTOP-0526O8D
	Logon ID:		0x7C8A089

Object:
	Object Server:		Security
	Object Type:		File
	Object Name:		H:\SUBHAMOY\testpython.py
	Handle ID:		0x0
	Resource Attributes:	-

Process Information:
	Process ID:		0xff8
	Process Name:		C:\Python27\python.exe

Access Request Information:
	Transaction ID:		{00000000-0000-0000-0000-000000000000}
	Accesses:		READ_CONTROL
				SYNCHRONIZE
				ReadData (or ListDirectory)
				ReadEA
				ReadAttributes
				
	Access Reasons:		READ_CONTROL:	Denied by	D:(D;;FA;;;S-1-5-21-1874035555-1170827713-1978778435-1003)
				SYNCHRONIZE:	Denied by	D:(D;;FA;;;S-1-5-21-1874035555-1170827713-1978778435-1003)
				ReadData (or ListDirectory):	Denied by	D:(D;;FA;;;S-1-5-21-1874035555-1170827713-1978778435-1003)
				ReadEA:	Denied by	D:(D;;FA;;;S-1-5-21-1874035555-1170827713-1978778435-1003)
				ReadAttributes:	Granted by ACE on parent folder	D:(A;;0x1301bf;;;AU)
				
	Access Mask:		0x120089
	Privileges Used for Access Check:	-
	Restricted SID Count:	0","4656","1",,"0","12800","0","-9218868437227405312","248437","Microsoft-Windows-Security-Auditing","54849625-5478-4994-a5ba-3e3b0328c30d","Security","4","1460","DESKTOP-0526O8D",,"8/5/2019 5:54:48 PM",,,"h:\subhamoy_logs\new\step 10_fileaccessdenied-accno_subhamoy.evtx","System.UInt32[]","System.Diagnostics.Eventing.Reader.EventBookmark","Information","Info","File System","System.Collections.ObjectModel.ReadOnlyCollection`1[System.String]","System.Collections.Generic.List`1[System.Diagnostics.Eventing.Reader.EventProperty]"
"A handle to an object was requested.

Subject:
	Security ID:		S-1-5-21-1874035555-1170827713-1978778435-1003
	Account Name:		Subhamoy
	Account Domain:		DESKTOP-0526O8D
	Logon ID:		0x7C8A089

Object:
	Object Server:		Security
	Object Type:		File
	Object Name:		H:\SUBHAMOY\testpython.py
	Handle ID:		0x0
	Resource Attributes:	-

Process Information:
	Process ID:		0x2d54
	Process Name:		C:\Windows\explorer.exe

Access Request Information:
	Transaction ID:		{00000000-0000-0000-0000-000000000000}
	Accesses:		SYNCHRONIZE
				ReadAttributes
				
	Access Reasons:		SYNCHRONIZE:	Denied by	D:(D;;FA;;;S-1-5-21-1874035555-1170827713-1978778435-1003)
				ReadAttributes:	Granted by ACE on parent folder	D:(A;;0x1301bf;;;AU)
				
	Access Mask:		0x100080
	Privileges Used for Access Check:	-
	Restricted SID Count:	0","4656","1",,"0","12800","0","-9218868437227405312","248436","Microsoft-Windows-Security-Auditing","54849625-5478-4994-a5ba-3e3b0328c30d","Security","4","1460","DESKTOP-0526O8D",,"8/5/2019 5:54:48 PM",,,"h:\subhamoy_logs\new\step 10_fileaccessdenied-accno_subhamoy.evtx","System.UInt32[]","System.Diagnostics.Eventing.Reader.EventBookmark","Information","Info","File System","System.Collections.ObjectModel.ReadOnlyCollection`1[System.String]","System.Collections.Generic.List`1[System.Diagnostics.Eventing.Reader.EventProperty]"
"A handle to an object was requested.

Subject:
	Security ID:		S-1-5-21-1874035555-1170827713-1978778435-1003
	Account Name:		Subhamoy
	Account Domain:		DESKTOP-0526O8D
	Logon ID:		0x7C8A089

Object:
	Object Server:		Security
	Object Type:		File
	Object Name:		H:\SUBHAMOY\testpython.py
	Handle ID:		0x0
	Resource Attributes:	-

Process Information:
	Process ID:		0x2d54
	Process Name:		C:\Windows\explorer.exe

Access Request Information:
	Transaction ID:		{00000000-0000-0000-0000-000000000000}
	Accesses:		SYNCHRONIZE
				ReadAttributes
				
	Access Reasons:		SYNCHRONIZE:	Denied by	D:(D;;FA;;;S-1-5-21-1874035555-1170827713-1978778435-1003)
				ReadAttributes:	Granted by ACE on parent folder	D:(A;;0x1301bf;;;AU)
				
	Access Mask:		0x100080
	Privileges Used for Access Check:	-
	Restricted SID Count:	0","4656","1",,"0","12800","0","-9218868437227405312","248435","Microsoft-Windows-Security-Auditing","54849625-5478-4994-a5ba-3e3b0328c30d","Security","4","1460","DESKTOP-0526O8D",,"8/5/2019 5:54:48 PM",,,"h:\subhamoy_logs\new\step 10_fileaccessdenied-accno_subhamoy.evtx","System.UInt32[]","System.Diagnostics.Eventing.Reader.EventBookmark","Information","Info","File System","System.Collections.ObjectModel.ReadOnlyCollection`1[System.String]","System.Collections.Generic.List`1[System.Diagnostics.Eventing.Reader.EventProperty]"
"A handle to an object was requested.

Subject:
	Security ID:		S-1-5-21-1874035555-1170827713-1978778435-1003
	Account Name:		Subhamoy
	Account Domain:		DESKTOP-0526O8D
	Logon ID:		0x7C8A089

Object:
	Object Server:		Security
	Object Type:		File
	Object Name:		H:\SUBHAMOY\testpython.py
	Handle ID:		0x0
	Resource Attributes:	-

Process Information:
	Process ID:		0x2d54
	Process Name:		C:\Windows\explorer.exe

Access Request Information:
	Transaction ID:		{00000000-0000-0000-0000-000000000000}
	Accesses:		SYNCHRONIZE
				ReadAttributes
				
	Access Reasons:		SYNCHRONIZE:	Denied by	D:(D;;FA;;;S-1-5-21-1874035555-1170827713-1978778435-1003)
				ReadAttributes:	Granted by ACE on parent folder	D:(A;;0x1301bf;;;AU)
				
	Access Mask:		0x100080
	Privileges Used for Access Check:	-
	Restricted SID Count:	0","4656","1",,"0","12800","0","-9218868437227405312","248434","Microsoft-Windows-Security-Auditing","54849625-5478-4994-a5ba-3e3b0328c30d","Security","4","1460","DESKTOP-0526O8D",,"8/5/2019 5:54:48 PM",,,"h:\subhamoy_logs\new\step 10_fileaccessdenied-accno_subhamoy.evtx","System.UInt32[]","System.Diagnostics.Eventing.Reader.EventBookmark","Information","Info","File System","System.Collections.ObjectModel.ReadOnlyCollection`1[System.String]","System.Collections.Generic.List`1[System.Diagnostics.Eventing.Reader.EventProperty]"
"A handle to an object was requested.

Subject:
	Security ID:		S-1-5-21-1874035555-1170827713-1978778435-1003
	Account Name:		Subhamoy
	Account Domain:		DESKTOP-0526O8D
	Logon ID:		0x7C8A089

Object:
	Object Server:		Security
	Object Type:		File
	Object Name:		H:\SUBHAMOY\testpython.py
	Handle ID:		0x0
	Resource Attributes:	-

Process Information:
	Process ID:		0x2d54
	Process Name:		C:\Windows\explorer.exe

Access Request Information:
	Transaction ID:		{00000000-0000-0000-0000-000000000000}
	Accesses:		SYNCHRONIZE
				ReadAttributes
				
	Access Reasons:		SYNCHRONIZE:	Denied by	D:(D;;FA;;;S-1-5-21-1874035555-1170827713-1978778435-1003)
				ReadAttributes:	Granted by ACE on parent folder	D:(A;;0x1301bf;;;AU)
				
	Access Mask:		0x100080
	Privileges Used for Access Check:	-
	Restricted SID Count:	0","4656","1",,"0","12800","0","-9218868437227405312","248433","Microsoft-Windows-Security-Auditing","54849625-5478-4994-a5ba-3e3b0328c30d","Security","4","1460","DESKTOP-0526O8D",,"8/5/2019 5:54:48 PM",,,"h:\subhamoy_logs\new\step 10_fileaccessdenied-accno_subhamoy.evtx","System.UInt32[]","System.Diagnostics.Eventing.Reader.EventBookmark","Information","Info","File System","System.Collections.ObjectModel.ReadOnlyCollection`1[System.String]","System.Collections.Generic.List`1[System.Diagnostics.Eventing.Reader.EventProperty]"
"A handle to an object was requested.

Subject:
	Security ID:		S-1-5-21-1874035555-1170827713-1978778435-1003
	Account Name:		Subhamoy
	Account Domain:		DESKTOP-0526O8D
	Logon ID:		0x7C8A089

Object:
	Object Server:		Security
	Object Type:		File
	Object Name:		H:\SUBHAMOY\testpython.py
	Handle ID:		0x0
	Resource Attributes:	-

Process Information:
	Process ID:		0x2d54
	Process Name:		C:\Windows\explorer.exe

Access Request Information:
	Transaction ID:		{00000000-0000-0000-0000-000000000000}
	Accesses:		READ_CONTROL
				SYNCHRONIZE
				ReadAttributes
				
	Access Reasons:		READ_CONTROL:	Denied by	D:(D;;FA;;;S-1-5-21-1874035555-1170827713-1978778435-1003)
				SYNCHRONIZE:	Denied by	D:(D;;FA;;;S-1-5-21-1874035555-1170827713-1978778435-1003)
				ReadAttributes:	Granted by ACE on parent folder	D:(A;;0x1301bf;;;AU)
				
	Access Mask:		0x120080
	Privileges Used for Access Check:	-
	Restricted SID Count:	0","4656","1",,"0","12800","0","-9218868437227405312","248432","Microsoft-Windows-Security-Auditing","54849625-5478-4994-a5ba-3e3b0328c30d","Security","4","12724","DESKTOP-0526O8D",,"8/5/2019 5:54:48 PM",,,"h:\subhamoy_logs\new\step 10_fileaccessdenied-accno_subhamoy.evtx","System.UInt32[]","System.Diagnostics.Eventing.Reader.EventBookmark","Information","Info","File System","System.Collections.ObjectModel.ReadOnlyCollection`1[System.String]","System.Collections.Generic.List`1[System.Diagnostics.Eventing.Reader.EventProperty]"
"A handle to an object was requested.

Subject:
	Security ID:		S-1-5-21-1874035555-1170827713-1978778435-1003
	Account Name:		Subhamoy
	Account Domain:		DESKTOP-0526O8D
	Logon ID:		0x7C8A089

Object:
	Object Server:		Security
	Object Type:		File
	Object Name:		H:\SUBHAMOY\testpython.py
	Handle ID:		0x0
	Resource Attributes:	-

Process Information:
	Process ID:		0x2d54
	Process Name:		C:\Windows\explorer.exe

Access Request Information:
	Transaction ID:		{00000000-0000-0000-0000-000000000000}
	Accesses:		READ_CONTROL
				SYNCHRONIZE
				ReadAttributes
				
	Access Reasons:		READ_CONTROL:	Denied by	D:(D;;FA;;;S-1-5-21-1874035555-1170827713-1978778435-1003)
				SYNCHRONIZE:	Denied by	D:(D;;FA;;;S-1-5-21-1874035555-1170827713-1978778435-1003)
				ReadAttributes:	Granted by ACE on parent folder	D:(A;;0x1301bf;;;AU)
				
	Access Mask:		0x120080
	Privileges Used for Access Check:	-
	Restricted SID Count:	0","4656","1",,"0","12800","0","-9218868437227405312","248431","Microsoft-Windows-Security-Auditing","54849625-5478-4994-a5ba-3e3b0328c30d","Security","4","12724","DESKTOP-0526O8D",,"8/5/2019 5:54:48 PM",,,"h:\subhamoy_logs\new\step 10_fileaccessdenied-accno_subhamoy.evtx","System.UInt32[]","System.Diagnostics.Eventing.Reader.EventBookmark","Information","Info","File System","System.Collections.ObjectModel.ReadOnlyCollection`1[System.String]","System.Collections.Generic.List`1[System.Diagnostics.Eventing.Reader.EventProperty]"
"The handle to an object was closed.

Subject :
	Security ID:		S-1-5-18
	Account Name:		DESKTOP-0526O8D$
	Account Domain:		WORKGROUP
	Logon ID:		0x3E7

Object:
	Object Server:		Security
	Handle ID:		0x3a0

Process Information:
	Process ID:		0x13b0
	Process Name:		C:\Windows\System32\wbem\WmiPrvSE.exe","4658","0",,"0","12802","0","-9214364837600034816","248430","Microsoft-Windows-Security-Auditing","54849625-5478-4994-a5ba-3e3b0328c30d","Security","4","12724","DESKTOP-0526O8D",,"8/5/2019 5:54:48 PM",,,"h:\subhamoy_logs\new\step 10_fileaccessdenied-accno_subhamoy.evtx","System.UInt32[]","System.Diagnostics.Eventing.Reader.EventBookmark","Information","Info","Kernel Object","System.Collections.ObjectModel.ReadOnlyCollection`1[System.String]","System.Collections.Generic.List`1[System.Diagnostics.Eventing.Reader.EventProperty]"
"An attempt was made to access an object.

Subject:
	Security ID:		S-1-5-18
	Account Name:		DESKTOP-0526O8D$
	Account Domain:		WORKGROUP
	Logon ID:		0x3E7

Object:
	Object Server:		Security
	Object Type:		Process
	Object Name:		\Device\HarddiskVolume4\Windows\System32\lsass.exe
	Handle ID:		0x3a0
	Resource Attributes:	-

Process Information:
	Process ID:		0x13b0
	Process Name:		C:\Windows\System32\wbem\WmiPrvSE.exe

Access Request Information:
	Accesses:		Read from process memory
				
	Access Mask:		0x10","4663","1",,"0","12802","0","-9214364837600034816","248429","Microsoft-Windows-Security-Auditing","54849625-5478-4994-a5ba-3e3b0328c30d","Security","4","12724","DESKTOP-0526O8D",,"8/5/2019 5:54:48 PM",,,"h:\subhamoy_logs\new\step 10_fileaccessdenied-accno_subhamoy.evtx","System.UInt32[]","System.Diagnostics.Eventing.Reader.EventBookmark","Information","Info","Kernel Object","System.Collections.ObjectModel.ReadOnlyCollection`1[System.String]","System.Collections.Generic.List`1[System.Diagnostics.Eventing.Reader.EventProperty]"
"A handle to an object was requested.

Subject:
	Security ID:		S-1-5-18
	Account Name:		DESKTOP-0526O8D$
	Account Domain:		WORKGROUP
	Logon ID:		0x3E7

Object:
	Object Server:		Security
	Object Type:		Process
	Object Name:		\Device\HarddiskVolume4\Windows\System32\lsass.exe
	Handle ID:		0x3a0
	Resource Attributes:	-

Process Information:
	Process ID:		0x13b0
	Process Name:		C:\Windows\System32\wbem\WmiPrvSE.exe

Access Request Information:
	Transaction ID:		{00000000-0000-0000-0000-000000000000}
	Accesses:		Read from process memory
				Query process information
				Undefined Access (no effect) Bit 12
				
	Access Reasons:		-
	Access Mask:		0x1410
	Privileges Used for Access Check:	-
	Restricted SID Count:	0","4656","1",,"0","12802","0","-9214364837600034816","248428","Microsoft-Windows-Security-Auditing","54849625-5478-4994-a5ba-3e3b0328c30d","Security","4","12724","DESKTOP-0526O8D",,"8/5/2019 5:54:48 PM",,,"h:\subhamoy_logs\new\step 10_fileaccessdenied-accno_subhamoy.evtx","System.UInt32[]","System.Diagnostics.Eventing.Reader.EventBookmark","Information","Info","Kernel Object","System.Collections.ObjectModel.ReadOnlyCollection`1[System.String]","System.Collections.Generic.List`1[System.Diagnostics.Eventing.Reader.EventProperty]"
"The handle to an object was closed.

Subject :
	Security ID:		S-1-5-18
	Account Name:		DESKTOP-0526O8D$
	Account Domain:		WORKGROUP
	Logon ID:		0x3E7

Object:
	Object Server:		Security
	Handle ID:		0x13bc

Process Information:
	Process ID:		0x13b0
	Process Name:		C:\Windows\System32\wbem\WmiPrvSE.exe","4658","0",,"0","12802","0","-9214364837600034816","248427","Microsoft-Windows-Security-Auditing","54849625-5478-4994-a5ba-3e3b0328c30d","Security","4","12724","DESKTOP-0526O8D",,"8/5/2019 5:54:48 PM",,,"h:\subhamoy_logs\new\step 10_fileaccessdenied-accno_subhamoy.evtx","System.UInt32[]","System.Diagnostics.Eventing.Reader.EventBookmark","Information","Info","Kernel Object","System.Collections.ObjectModel.ReadOnlyCollection`1[System.String]","System.Collections.Generic.List`1[System.Diagnostics.Eventing.Reader.EventProperty]"
"An attempt was made to duplicate a handle to an object.

Subject:
	Security ID:		S-1-5-18
	Account Name:		DESKTOP-0526O8D$
	Account Domain:		WORKGROUP
	Logon ID:		0x3E7

Source Handle Information:
	Source Handle ID:	0x3a0
	Source Process ID:	0x13b0

New Handle Information:
	Target Handle ID:	0x13bc
	Target Process ID:	0x4","4690","0",,"0","12807","0","-9214364837600034816","248426","Microsoft-Windows-Security-Auditing","54849625-5478-4994-a5ba-3e3b0328c30d","Security","4","12724","DESKTOP-0526O8D",,"8/5/2019 5:54:48 PM",,,"h:\subhamoy_logs\new\step 10_fileaccessdenied-accno_subhamoy.evtx","System.UInt32[]","System.Diagnostics.Eventing.Reader.EventBookmark","Information","Info","Handle Manipulation","System.Collections.ObjectModel.ReadOnlyCollection`1[System.String]","System.Collections.Generic.List`1[System.Diagnostics.Eventing.Reader.EventProperty]"
"The handle to an object was closed.

Subject :
	Security ID:		S-1-5-18
	Account Name:		DESKTOP-0526O8D$
	Account Domain:		WORKGROUP
	Logon ID:		0x3E7

Object:
	Object Server:		Security
	Handle ID:		0x3a0

Process Information:
	Process ID:		0x13b0
	Process Name:		C:\Windows\System32\wbem\WmiPrvSE.exe","4658","0",,"0","12802","0","-9214364837600034816","248425","Microsoft-Windows-Security-Auditing","54849625-5478-4994-a5ba-3e3b0328c30d","Security","4","12724","DESKTOP-0526O8D",,"8/5/2019 5:54:47 PM",,,"h:\subhamoy_logs\new\step 10_fileaccessdenied-accno_subhamoy.evtx","System.UInt32[]","System.Diagnostics.Eventing.Reader.EventBookmark","Information","Info","Kernel Object","System.Collections.ObjectModel.ReadOnlyCollection`1[System.String]","System.Collections.Generic.List`1[System.Diagnostics.Eventing.Reader.EventProperty]"
"An attempt was made to access an object.

Subject:
	Security ID:		S-1-5-18
	Account Name:		DESKTOP-0526O8D$
	Account Domain:		WORKGROUP
	Logon ID:		0x3E7

Object:
	Object Server:		Security
	Object Type:		Process
	Object Name:		\Device\HarddiskVolume4\Windows\System32\lsass.exe
	Handle ID:		0x3a0
	Resource Attributes:	-

Process Information:
	Process ID:		0x13b0
	Process Name:		C:\Windows\System32\wbem\WmiPrvSE.exe

Access Request Information:
	Accesses:		Read from process memory
				
	Access Mask:		0x10","4663","1",,"0","12802","0","-9214364837600034816","248424","Microsoft-Windows-Security-Auditing","54849625-5478-4994-a5ba-3e3b0328c30d","Security","4","12724","DESKTOP-0526O8D",,"8/5/2019 5:54:47 PM",,,"h:\subhamoy_logs\new\step 10_fileaccessdenied-accno_subhamoy.evtx","System.UInt32[]","System.Diagnostics.Eventing.Reader.EventBookmark","Information","Info","Kernel Object","System.Collections.ObjectModel.ReadOnlyCollection`1[System.String]","System.Collections.Generic.List`1[System.Diagnostics.Eventing.Reader.EventProperty]"
"A handle to an object was requested.

Subject:
	Security ID:		S-1-5-18
	Account Name:		DESKTOP-0526O8D$
	Account Domain:		WORKGROUP
	Logon ID:		0x3E7

Object:
	Object Server:		Security
	Object Type:		Process
	Object Name:		\Device\HarddiskVolume4\Windows\System32\lsass.exe
	Handle ID:		0x3a0
	Resource Attributes:	-

Process Information:
	Process ID:		0x13b0
	Process Name:		C:\Windows\System32\wbem\WmiPrvSE.exe

Access Request Information:
	Transaction ID:		{00000000-0000-0000-0000-000000000000}
	Accesses:		Read from process memory
				Query process information
				Undefined Access (no effect) Bit 12
				
	Access Reasons:		-
	Access Mask:		0x1410
	Privileges Used for Access Check:	-
	Restricted SID Count:	0","4656","1",,"0","12802","0","-9214364837600034816","248423","Microsoft-Windows-Security-Auditing","54849625-5478-4994-a5ba-3e3b0328c30d","Security","4","12724","DESKTOP-0526O8D",,"8/5/2019 5:54:47 PM",,,"h:\subhamoy_logs\new\step 10_fileaccessdenied-accno_subhamoy.evtx","System.UInt32[]","System.Diagnostics.Eventing.Reader.EventBookmark","Information","Info","Kernel Object","System.Collections.ObjectModel.ReadOnlyCollection`1[System.String]","System.Collections.Generic.List`1[System.Diagnostics.Eventing.Reader.EventProperty]"
"The handle to an object was closed.

Subject :
	Security ID:		S-1-5-18
	Account Name:		DESKTOP-0526O8D$
	Account Domain:		WORKGROUP
	Logon ID:		0x3E7

Object:
	Object Server:		Security
	Handle ID:		0x13bc

Process Information:
	Process ID:		0x13b0
	Process Name:		C:\Windows\System32\wbem\WmiPrvSE.exe","4658","0",,"0","12802","0","-9214364837600034816","248422","Microsoft-Windows-Security-Auditing","54849625-5478-4994-a5ba-3e3b0328c30d","Security","4","12724","DESKTOP-0526O8D",,"8/5/2019 5:54:47 PM",,,"h:\subhamoy_logs\new\step 10_fileaccessdenied-accno_subhamoy.evtx","System.UInt32[]","System.Diagnostics.Eventing.Reader.EventBookmark","Information","Info","Kernel Object","System.Collections.ObjectModel.ReadOnlyCollection`1[System.String]","System.Collections.Generic.List`1[System.Diagnostics.Eventing.Reader.EventProperty]"
"An attempt was made to duplicate a handle to an object.

Subject:
	Security ID:		S-1-5-18
	Account Name:		DESKTOP-0526O8D$
	Account Domain:		WORKGROUP
	Logon ID:		0x3E7

Source Handle Information:
	Source Handle ID:	0x3a0
	Source Process ID:	0x13b0

New Handle Information:
	Target Handle ID:	0x13bc
	Target Process ID:	0x4","4690","0",,"0","12807","0","-9214364837600034816","248421","Microsoft-Windows-Security-Auditing","54849625-5478-4994-a5ba-3e3b0328c30d","Security","4","12724","DESKTOP-0526O8D",,"8/5/2019 5:54:47 PM",,,"h:\subhamoy_logs\new\step 10_fileaccessdenied-accno_subhamoy.evtx","System.UInt32[]","System.Diagnostics.Eventing.Reader.EventBookmark","Information","Info","Handle Manipulation","System.Collections.ObjectModel.ReadOnlyCollection`1[System.String]","System.Collections.Generic.List`1[System.Diagnostics.Eventing.Reader.EventProperty]"
"The handle to an object was closed.

Subject :
	Security ID:		S-1-5-18
	Account Name:		DESKTOP-0526O8D$
	Account Domain:		WORKGROUP
	Logon ID:		0x3E7

Object:
	Object Server:		Security
	Handle ID:		0x504

Process Information:
	Process ID:		0x13b0
	Process Name:		C:\Windows\System32\wbem\WmiPrvSE.exe","4658","0",,"0","12802","0","-9214364837600034816","248420","Microsoft-Windows-Security-Auditing","54849625-5478-4994-a5ba-3e3b0328c30d","Security","4","12724","DESKTOP-0526O8D",,"8/5/2019 5:54:45 PM",,,"h:\subhamoy_logs\new\step 10_fileaccessdenied-accno_subhamoy.evtx","System.UInt32[]","System.Diagnostics.Eventing.Reader.EventBookmark","Information","Info","Kernel Object","System.Collections.ObjectModel.ReadOnlyCollection`1[System.String]","System.Collections.Generic.List`1[System.Diagnostics.Eventing.Reader.EventProperty]"
"An attempt was made to access an object.

Subject:
	Security ID:		S-1-5-18
	Account Name:		DESKTOP-0526O8D$
	Account Domain:		WORKGROUP
	Logon ID:		0x3E7

Object:
	Object Server:		Security
	Object Type:		Process
	Object Name:		\Device\HarddiskVolume4\Windows\System32\lsass.exe
	Handle ID:		0x504
	Resource Attributes:	-

Process Information:
	Process ID:		0x13b0
	Process Name:		C:\Windows\System32\wbem\WmiPrvSE.exe

Access Request Information:
	Accesses:		Read from process memory
				
	Access Mask:		0x10","4663","1",,"0","12802","0","-9214364837600034816","248419","Microsoft-Windows-Security-Auditing","54849625-5478-4994-a5ba-3e3b0328c30d","Security","4","12724","DESKTOP-0526O8D",,"8/5/2019 5:54:45 PM",,,"h:\subhamoy_logs\new\step 10_fileaccessdenied-accno_subhamoy.evtx","System.UInt32[]","System.Diagnostics.Eventing.Reader.EventBookmark","Information","Info","Kernel Object","System.Collections.ObjectModel.ReadOnlyCollection`1[System.String]","System.Collections.Generic.List`1[System.Diagnostics.Eventing.Reader.EventProperty]"
"A handle to an object was requested.

Subject:
