	Security ID:		S-1-5-21-1874035555-1170827713-1978778435-1001
	Account Name:		DEBASHISH
	Account Domain:		DESKTOP-0526O8D
	Logon ID:		0x785E62D

Object:
	Object Server:		Security
	Object Type:		File
	Object Name:		H:\SUBHAMOY_LOGS\a\New shortcut.lnk
	Handle ID:		0x14ec
	Resource Attributes:	-

Process Information:
	Process ID:		0x1830
	Process Name:		C:\Windows\explorer.exe

Access Request Information:
	Transaction ID:		{00000000-0000-0000-0000-000000000000}
	Accesses:		READ_CONTROL
				WRITE_DAC
				SYNCHRONIZE
				ReadData (or ListDirectory)
				WriteData (or AddFile)
				AppendData (or AddSubdirectory or CreatePipeInstance)
				ReadEA
				WriteEA
				ReadAttributes
				WriteAttributes
				
	Access Reasons:		-
	Access Mask:		0x16019F
	Privileges Used for Access Check:	-
	Restricted SID Count:	0","4656","1",,"0","12800","0","-9214364837600034816","226095","Microsoft-Windows-Security-Auditing","54849625-5478-4994-a5ba-3e3b0328c30d","Security","4","6332","DESKTOP-0526O8D",,"8/5/2019 5:22:17 PM",,,"h:\subhamoy_logs\new\step 05_createshortcut-accno_debashish.evtx","System.UInt32[]","System.Diagnostics.Eventing.Reader.EventBookmark","Information","Info","File System","System.Collections.ObjectModel.ReadOnlyCollection`1[System.String]","System.Collections.Generic.List`1[System.Diagnostics.Eventing.Reader.EventProperty]"
"The handle to an object was closed.

Subject :
	Security ID:		S-1-5-21-1874035555-1170827713-1978778435-1001
	Account Name:		DEBASHISH
	Account Domain:		DESKTOP-0526O8D
	Logon ID:		0x785E62D

Object:
	Object Server:		Security
	Handle ID:		0x3a4c

Process Information:
	Process ID:		0x1830
	Process Name:		C:\Windows\explorer.exe","4658","0",,"0","12800","0","-9214364837600034816","226094","Microsoft-Windows-Security-Auditing","54849625-5478-4994-a5ba-3e3b0328c30d","Security","4","6332","DESKTOP-0526O8D",,"8/5/2019 5:22:17 PM",,,"h:\subhamoy_logs\new\step 05_createshortcut-accno_debashish.evtx","System.UInt32[]","System.Diagnostics.Eventing.Reader.EventBookmark","Information","Info","File System","System.Collections.ObjectModel.ReadOnlyCollection`1[System.String]","System.Collections.Generic.List`1[System.Diagnostics.Eventing.Reader.EventProperty]"
"An attempt was made to duplicate a handle to an object.

Subject:
	Security ID:		S-1-5-21-1874035555-1170827713-1978778435-1001
	Account Name:		DEBASHISH
	Account Domain:		DESKTOP-0526O8D
	Logon ID:		0x785E62D

Source Handle Information:
	Source Handle ID:	0x14ec
	Source Process ID:	0x1830

New Handle Information:
	Target Handle ID:	0x3a4c
	Target Process ID:	0x4","4690","0",,"0","12807","0","-9214364837600034816","226093","Microsoft-Windows-Security-Auditing","54849625-5478-4994-a5ba-3e3b0328c30d","Security","4","6332","DESKTOP-0526O8D",,"8/5/2019 5:22:17 PM",,,"h:\subhamoy_logs\new\step 05_createshortcut-accno_debashish.evtx","System.UInt32[]","System.Diagnostics.Eventing.Reader.EventBookmark","Information","Info","Handle Manipulation","System.Collections.ObjectModel.ReadOnlyCollection`1[System.String]","System.Collections.Generic.List`1[System.Diagnostics.Eventing.Reader.EventProperty]"
"The handle to an object was closed.

Subject :
	Security ID:		S-1-5-18
	Account Name:		DESKTOP-0526O8D$
	Account Domain:		WORKGROUP
	Logon ID:		0x3E7

Object:
	Object Server:		Security
	Handle ID:		0x518

Process Information:
	Process ID:		0x13b0
	Process Name:		C:\Windows\System32\wbem\WmiPrvSE.exe","4658","0",,"0","12802","0","-9214364837600034816","226092","Microsoft-Windows-Security-Auditing","54849625-5478-4994-a5ba-3e3b0328c30d","Security","4","3964","DESKTOP-0526O8D",,"8/5/2019 5:22:16 PM",,,"h:\subhamoy_logs\new\step 05_createshortcut-accno_debashish.evtx","System.UInt32[]","System.Diagnostics.Eventing.Reader.EventBookmark","Information","Info","Kernel Object","System.Collections.ObjectModel.ReadOnlyCollection`1[System.String]","System.Collections.Generic.List`1[System.Diagnostics.Eventing.Reader.EventProperty]"
"An attempt was made to access an object.

Subject:
	Security ID:		S-1-5-18
	Account Name:		DESKTOP-0526O8D$
	Account Domain:		WORKGROUP
	Logon ID:		0x3E7

Object:
	Object Server:		Security
	Object Type:		Process
	Object Name:		\Device\HarddiskVolume4\Windows\System32\lsass.exe
	Handle ID:		0x518
	Resource Attributes:	-

Process Information:
	Process ID:		0x13b0
	Process Name:		C:\Windows\System32\wbem\WmiPrvSE.exe

Access Request Information:
	Accesses:		Read from process memory
				
	Access Mask:		0x10","4663","1",,"0","12802","0","-9214364837600034816","226091","Microsoft-Windows-Security-Auditing","54849625-5478-4994-a5ba-3e3b0328c30d","Security","4","3964","DESKTOP-0526O8D",,"8/5/2019 5:22:16 PM",,,"h:\subhamoy_logs\new\step 05_createshortcut-accno_debashish.evtx","System.UInt32[]","System.Diagnostics.Eventing.Reader.EventBookmark","Information","Info","Kernel Object","System.Collections.ObjectModel.ReadOnlyCollection`1[System.String]","System.Collections.Generic.List`1[System.Diagnostics.Eventing.Reader.EventProperty]"
"A handle to an object was requested.

Subject:
	Security ID:		S-1-5-18
	Account Name:		DESKTOP-0526O8D$
	Account Domain:		WORKGROUP
	Logon ID:		0x3E7

Object:
	Object Server:		Security
	Object Type:		Process
	Object Name:		\Device\HarddiskVolume4\Windows\System32\lsass.exe
	Handle ID:		0x518
	Resource Attributes:	-

Process Information:
	Process ID:		0x13b0
	Process Name:		C:\Windows\System32\wbem\WmiPrvSE.exe

Access Request Information:
	Transaction ID:		{00000000-0000-0000-0000-000000000000}
	Accesses:		Read from process memory
				Query process information
				Undefined Access (no effect) Bit 12
				
	Access Reasons:		-
	Access Mask:		0x1410
	Privileges Used for Access Check:	-
	Restricted SID Count:	0","4656","1",,"0","12802","0","-9214364837600034816","226090","Microsoft-Windows-Security-Auditing","54849625-5478-4994-a5ba-3e3b0328c30d","Security","4","3964","DESKTOP-0526O8D",,"8/5/2019 5:22:16 PM",,,"h:\subhamoy_logs\new\step 05_createshortcut-accno_debashish.evtx","System.UInt32[]","System.Diagnostics.Eventing.Reader.EventBookmark","Information","Info","Kernel Object","System.Collections.ObjectModel.ReadOnlyCollection`1[System.String]","System.Collections.Generic.List`1[System.Diagnostics.Eventing.Reader.EventProperty]"
"The handle to an object was closed.

Subject :
	Security ID:		S-1-5-18
	Account Name:		DESKTOP-0526O8D$
	Account Domain:		WORKGROUP
	Logon ID:		0x3E7

Object:
	Object Server:		Security
	Handle ID:		0x45fc

Process Information:
	Process ID:		0x13b0
	Process Name:		C:\Windows\System32\wbem\WmiPrvSE.exe","4658","0",,"0","12802","0","-9214364837600034816","226089","Microsoft-Windows-Security-Auditing","54849625-5478-4994-a5ba-3e3b0328c30d","Security","4","3964","DESKTOP-0526O8D",,"8/5/2019 5:22:16 PM",,,"h:\subhamoy_logs\new\step 05_createshortcut-accno_debashish.evtx","System.UInt32[]","System.Diagnostics.Eventing.Reader.EventBookmark","Information","Info","Kernel Object","System.Collections.ObjectModel.ReadOnlyCollection`1[System.String]","System.Collections.Generic.List`1[System.Diagnostics.Eventing.Reader.EventProperty]"
"An attempt was made to duplicate a handle to an object.

Subject:
	Security ID:		S-1-5-18
	Account Name:		DESKTOP-0526O8D$
	Account Domain:		WORKGROUP
	Logon ID:		0x3E7

Source Handle Information:
	Source Handle ID:	0x518
	Source Process ID:	0x13b0

New Handle Information:
	Target Handle ID:	0x45fc
	Target Process ID:	0x4","4690","0",,"0","12807","0","-9214364837600034816","226088","Microsoft-Windows-Security-Auditing","54849625-5478-4994-a5ba-3e3b0328c30d","Security","4","3964","DESKTOP-0526O8D",,"8/5/2019 5:22:16 PM",,,"h:\subhamoy_logs\new\step 05_createshortcut-accno_debashish.evtx","System.UInt32[]","System.Diagnostics.Eventing.Reader.EventBookmark","Information","Info","Handle Manipulation","System.Collections.ObjectModel.ReadOnlyCollection`1[System.String]","System.Collections.Generic.List`1[System.Diagnostics.Eventing.Reader.EventProperty]"
"The handle to an object was closed.

Subject :
	Security ID:		S-1-5-21-1874035555-1170827713-1978778435-1001
	Account Name:		DEBASHISH
	Account Domain:		DESKTOP-0526O8D
	Logon ID:		0x785E62D

Object:
	Object Server:		Security
	Handle ID:		0x2ba8

Process Information:
	Process ID:		0x1830
	Process Name:		C:\Windows\explorer.exe","4658","0",,"0","12800","0","-9214364837600034816","226087","Microsoft-Windows-Security-Auditing","54849625-5478-4994-a5ba-3e3b0328c30d","Security","4","3964","DESKTOP-0526O8D",,"8/5/2019 5:22:15 PM",,,"h:\subhamoy_logs\new\step 05_createshortcut-accno_debashish.evtx","System.UInt32[]","System.Diagnostics.Eventing.Reader.EventBookmark","Information","Info","File System","System.Collections.ObjectModel.ReadOnlyCollection`1[System.String]","System.Collections.Generic.List`1[System.Diagnostics.Eventing.Reader.EventProperty]"
"An attempt was made to access an object.

Subject:
	Security ID:		S-1-5-21-1874035555-1170827713-1978778435-1001
	Account Name:		DEBASHISH
	Account Domain:		DESKTOP-0526O8D
	Logon ID:		0x785E62D

Object:
	Object Server:		Security
	Object Type:		File
	Object Name:		H:\SUBHAMOY_LOGS\a
	Handle ID:		0x2ba8
	Resource Attributes:	S:AI

Process Information:
	Process ID:		0x1830
	Process Name:		C:\Windows\explorer.exe

Access Request Information:
	Accesses:		READ_CONTROL
				
	Access Mask:		0x20000","4663","1",,"0","12800","0","-9214364837600034816","226086","Microsoft-Windows-Security-Auditing","54849625-5478-4994-a5ba-3e3b0328c30d","Security","4","3964","DESKTOP-0526O8D",,"8/5/2019 5:22:15 PM",,,"h:\subhamoy_logs\new\step 05_createshortcut-accno_debashish.evtx","System.UInt32[]","System.Diagnostics.Eventing.Reader.EventBookmark","Information","Info","File System","System.Collections.ObjectModel.ReadOnlyCollection`1[System.String]","System.Collections.Generic.List`1[System.Diagnostics.Eventing.Reader.EventProperty]"
"A handle to an object was requested.

Subject:
	Security ID:		S-1-5-21-1874035555-1170827713-1978778435-1001
	Account Name:		DEBASHISH
	Account Domain:		DESKTOP-0526O8D
	Logon ID:		0x785E62D

Object:
	Object Server:		Security
	Object Type:		File
	Object Name:		H:\SUBHAMOY_LOGS\a
	Handle ID:		0x2ba8
	Resource Attributes:	-

Process Information:
	Process ID:		0x1830
	Process Name:		C:\Windows\explorer.exe

Access Request Information:
	Transaction ID:		{00000000-0000-0000-0000-000000000000}
	Accesses:		READ_CONTROL
				
	Access Reasons:		READ_CONTROL:	Granted by Ownership
				
	Access Mask:		0x20000
	Privileges Used for Access Check:	-
	Restricted SID Count:	0","4656","1",,"0","12800","0","-9214364837600034816","226085","Microsoft-Windows-Security-Auditing","54849625-5478-4994-a5ba-3e3b0328c30d","Security","4","3964","DESKTOP-0526O8D",,"8/5/2019 5:22:15 PM",,,"h:\subhamoy_logs\new\step 05_createshortcut-accno_debashish.evtx","System.UInt32[]","System.Diagnostics.Eventing.Reader.EventBookmark","Information","Info","File System","System.Collections.ObjectModel.ReadOnlyCollection`1[System.String]","System.Collections.Generic.List`1[System.Diagnostics.Eventing.Reader.EventProperty]"
"The handle to an object was closed.

Subject :
	Security ID:		S-1-5-21-1874035555-1170827713-1978778435-1001
	Account Name:		DEBASHISH
	Account Domain:		DESKTOP-0526O8D
	Logon ID:		0x785E62D

Object:
	Object Server:		Security
	Handle ID:		0x3a4c

Process Information:
	Process ID:		0x1830
	Process Name:		C:\Windows\explorer.exe","4658","0",,"0","12800","0","-9214364837600034816","226084","Microsoft-Windows-Security-Auditing","54849625-5478-4994-a5ba-3e3b0328c30d","Security","4","3964","DESKTOP-0526O8D",,"8/5/2019 5:22:15 PM",,,"h:\subhamoy_logs\new\step 05_createshortcut-accno_debashish.evtx","System.UInt32[]","System.Diagnostics.Eventing.Reader.EventBookmark","Information","Info","File System","System.Collections.ObjectModel.ReadOnlyCollection`1[System.String]","System.Collections.Generic.List`1[System.Diagnostics.Eventing.Reader.EventProperty]"
"An attempt was made to duplicate a handle to an object.

Subject:
	Security ID:		S-1-5-21-1874035555-1170827713-1978778435-1001
	Account Name:		DEBASHISH
	Account Domain:		DESKTOP-0526O8D
	Logon ID:		0x785E62D

Source Handle Information:
	Source Handle ID:	0x2ba8
	Source Process ID:	0x1830

New Handle Information:
	Target Handle ID:	0x3a4c
	Target Process ID:	0x4","4690","0",,"0","12807","0","-9214364837600034816","226083","Microsoft-Windows-Security-Auditing","54849625-5478-4994-a5ba-3e3b0328c30d","Security","4","3964","DESKTOP-0526O8D",,"8/5/2019 5:22:15 PM",,,"h:\subhamoy_logs\new\step 05_createshortcut-accno_debashish.evtx","System.UInt32[]","System.Diagnostics.Eventing.Reader.EventBookmark","Information","Info","Handle Manipulation","System.Collections.ObjectModel.ReadOnlyCollection`1[System.String]","System.Collections.Generic.List`1[System.Diagnostics.Eventing.Reader.EventProperty]"
"The handle to an object was closed.

Subject :
	Security ID:		S-1-5-21-1874035555-1170827713-1978778435-1001
	Account Name:		DEBASHISH
	Account Domain:		DESKTOP-0526O8D
	Logon ID:		0x785E62D

Object:
	Object Server:		Security
	Handle ID:		0x2ba8

Process Information:
	Process ID:		0x1830
	Process Name:		C:\Windows\explorer.exe","4658","0",,"0","12800","0","-9214364837600034816","226082","Microsoft-Windows-Security-Auditing","54849625-5478-4994-a5ba-3e3b0328c30d","Security","4","3964","DESKTOP-0526O8D",,"8/5/2019 5:22:15 PM",,,"h:\subhamoy_logs\new\step 05_createshortcut-accno_debashish.evtx","System.UInt32[]","System.Diagnostics.Eventing.Reader.EventBookmark","Information","Info","File System","System.Collections.ObjectModel.ReadOnlyCollection`1[System.String]","System.Collections.Generic.List`1[System.Diagnostics.Eventing.Reader.EventProperty]"
"An attempt was made to access an object.

Subject:
	Security ID:		S-1-5-21-1874035555-1170827713-1978778435-1001
	Account Name:		DEBASHISH
	Account Domain:		DESKTOP-0526O8D
	Logon ID:		0x785E62D

Object:
	Object Server:		Security
	Object Type:		File
	Object Name:		H:\SUBHAMOY_LOGS\a
	Handle ID:		0x2ba8
	Resource Attributes:	S:AI

Process Information:
	Process ID:		0x1830
	Process Name:		C:\Windows\explorer.exe

Access Request Information:
	Accesses:		READ_CONTROL
				
	Access Mask:		0x20000","4663","1",,"0","12800","0","-9214364837600034816","226081","Microsoft-Windows-Security-Auditing","54849625-5478-4994-a5ba-3e3b0328c30d","Security","4","3964","DESKTOP-0526O8D",,"8/5/2019 5:22:15 PM",,,"h:\subhamoy_logs\new\step 05_createshortcut-accno_debashish.evtx","System.UInt32[]","System.Diagnostics.Eventing.Reader.EventBookmark","Information","Info","File System","System.Collections.ObjectModel.ReadOnlyCollection`1[System.String]","System.Collections.Generic.List`1[System.Diagnostics.Eventing.Reader.EventProperty]"
"A handle to an object was requested.

Subject:
	Security ID:		S-1-5-21-1874035555-1170827713-1978778435-1001
	Account Name:		DEBASHISH
	Account Domain:		DESKTOP-0526O8D
	Logon ID:		0x785E62D

Object:
	Object Server:		Security
	Object Type:		File
	Object Name:		H:\SUBHAMOY_LOGS\a
	Handle ID:		0x2ba8
	Resource Attributes:	-

Process Information:
	Process ID:		0x1830
	Process Name:		C:\Windows\explorer.exe

Access Request Information:
	Transaction ID:		{00000000-0000-0000-0000-000000000000}
	Accesses:		READ_CONTROL
				
	Access Reasons:		READ_CONTROL:	Granted by Ownership
				
	Access Mask:		0x20000
	Privileges Used for Access Check:	-
	Restricted SID Count:	0","4656","1",,"0","12800","0","-9214364837600034816","226080","Microsoft-Windows-Security-Auditing","54849625-5478-4994-a5ba-3e3b0328c30d","Security","4","3964","DESKTOP-0526O8D",,"8/5/2019 5:22:15 PM",,,"h:\subhamoy_logs\new\step 05_createshortcut-accno_debashish.evtx","System.UInt32[]","System.Diagnostics.Eventing.Reader.EventBookmark","Information","Info","File System","System.Collections.ObjectModel.ReadOnlyCollection`1[System.String]","System.Collections.Generic.List`1[System.Diagnostics.Eventing.Reader.EventProperty]"
"The handle to an object was closed.

Subject :
	Security ID:		S-1-5-21-1874035555-1170827713-1978778435-1001
	Account Name:		DEBASHISH
	Account Domain:		DESKTOP-0526O8D
	Logon ID:		0x785E62D

Object:
	Object Server:		Security
	Handle ID:		0x3a4c

Process Information:
	Process ID:		0x1830
	Process Name:		C:\Windows\explorer.exe","4658","0",,"0","12800","0","-9214364837600034816","226079","Microsoft-Windows-Security-Auditing","54849625-5478-4994-a5ba-3e3b0328c30d","Security","4","3964","DESKTOP-0526O8D",,"8/5/2019 5:22:15 PM",,,"h:\subhamoy_logs\new\step 05_createshortcut-accno_debashish.evtx","System.UInt32[]","System.Diagnostics.Eventing.Reader.EventBookmark","Information","Info","File System","System.Collections.ObjectModel.ReadOnlyCollection`1[System.String]","System.Collections.Generic.List`1[System.Diagnostics.Eventing.Reader.EventProperty]"
"An attempt was made to duplicate a handle to an object.

Subject:
	Security ID:		S-1-5-21-1874035555-1170827713-1978778435-1001
	Account Name:		DEBASHISH
	Account Domain:		DESKTOP-0526O8D
	Logon ID:		0x785E62D

Source Handle Information:
	Source Handle ID:	0x2ba8
	Source Process ID:	0x1830

New Handle Information:
	Target Handle ID:	0x3a4c
	Target Process ID:	0x4","4690","0",,"0","12807","0","-9214364837600034816","226078","Microsoft-Windows-Security-Auditing","54849625-5478-4994-a5ba-3e3b0328c30d","Security","4","3964","DESKTOP-0526O8D",,"8/5/2019 5:22:15 PM",,,"h:\subhamoy_logs\new\step 05_createshortcut-accno_debashish.evtx","System.UInt32[]","System.Diagnostics.Eventing.Reader.EventBookmark","Information","Info","Handle Manipulation","System.Collections.ObjectModel.ReadOnlyCollection`1[System.String]","System.Collections.Generic.List`1[System.Diagnostics.Eventing.Reader.EventProperty]"
"The handle to an object was closed.

Subject :
	Security ID:		S-1-5-18
	Account Name:		DESKTOP-0526O8D$
	Account Domain:		WORKGROUP
	Logon ID:		0x3E7

Object:
	Object Server:		Security
	Handle ID:		0x724

Process Information:
	Process ID:		0x13b0
	Process Name:		C:\Windows\System32\wbem\WmiPrvSE.exe","4658","0",,"0","12802","0","-9214364837600034816","226077","Microsoft-Windows-Security-Auditing","54849625-5478-4994-a5ba-3e3b0328c30d","Security","4","3964","DESKTOP-0526O8D",,"8/5/2019 5:22:15 PM",,,"h:\subhamoy_logs\new\step 05_createshortcut-accno_debashish.evtx","System.UInt32[]","System.Diagnostics.Eventing.Reader.EventBookmark","Information","Info","Kernel Object","System.Collections.ObjectModel.ReadOnlyCollection`1[System.String]","System.Collections.Generic.List`1[System.Diagnostics.Eventing.Reader.EventProperty]"
"An attempt was made to access an object.

Subject:
	Security ID:		S-1-5-18
	Account Name:		DESKTOP-0526O8D$
	Account Domain:		WORKGROUP
	Logon ID:		0x3E7

Object:
	Object Server:		Security
	Object Type:		Process
	Object Name:		\Device\HarddiskVolume4\Windows\System32\lsass.exe
	Handle ID:		0x724
	Resource Attributes:	-

Process Information:
	Process ID:		0x13b0
	Process Name:		C:\Windows\System32\wbem\WmiPrvSE.exe

Access Request Information:
	Accesses:		Read from process memory
				
	Access Mask:		0x10","4663","1",,"0","12802","0","-9214364837600034816","226076","Microsoft-Windows-Security-Auditing","54849625-5478-4994-a5ba-3e3b0328c30d","Security","4","3964","DESKTOP-0526O8D",,"8/5/2019 5:22:15 PM",,,"h:\subhamoy_logs\new\step 05_createshortcut-accno_debashish.evtx","System.UInt32[]","System.Diagnostics.Eventing.Reader.EventBookmark","Information","Info","Kernel Object","System.Collections.ObjectModel.ReadOnlyCollection`1[System.String]","System.Collections.Generic.List`1[System.Diagnostics.Eventing.Reader.EventProperty]"
"A handle to an object was requested.

Subject:
	Security ID:		S-1-5-18
	Account Name:		DESKTOP-0526O8D$
	Account Domain:		WORKGROUP
	Logon ID:		0x3E7

Object:
	Object Server:		Security
	Object Type:		Process
	Object Name:		\Device\HarddiskVolume4\Windows\System32\lsass.exe
	Handle ID:		0x724
	Resource Attributes:	-

Process Information:
	Process ID:		0x13b0
	Process Name:		C:\Windows\System32\wbem\WmiPrvSE.exe

Access Request Information:
	Transaction ID:		{00000000-0000-0000-0000-000000000000}
	Accesses:		Read from process memory
				Query process information
				Undefined Access (no effect) Bit 12
				
	Access Reasons:		-
	Access Mask:		0x1410
	Privileges Used for Access Check:	-
	Restricted SID Count:	0","4656","1",,"0","12802","0","-9214364837600034816","226075","Microsoft-Windows-Security-Auditing","54849625-5478-4994-a5ba-3e3b0328c30d","Security","4","3964","DESKTOP-0526O8D",,"8/5/2019 5:22:15 PM",,,"h:\subhamoy_logs\new\step 05_createshortcut-accno_debashish.evtx","System.UInt32[]","System.Diagnostics.Eventing.Reader.EventBookmark","Information","Info","Kernel Object","System.Collections.ObjectModel.ReadOnlyCollection`1[System.String]","System.Collections.Generic.List`1[System.Diagnostics.Eventing.Reader.EventProperty]"
"The handle to an object was closed.

Subject :
	Security ID:		S-1-5-18
	Account Name:		DESKTOP-0526O8D$
	Account Domain:		WORKGROUP
	Logon ID:		0x3E7

Object:
	Object Server:		Security
	Handle ID:		0x45fc

Process Information:
	Process ID:		0x13b0
	Process Name:		C:\Windows\System32\wbem\WmiPrvSE.exe","4658","0",,"0","12802","0","-9214364837600034816","226074","Microsoft-Windows-Security-Auditing","54849625-5478-4994-a5ba-3e3b0328c30d","Security","4","3964","DESKTOP-0526O8D",,"8/5/2019 5:22:15 PM",,,"h:\subhamoy_logs\new\step 05_createshortcut-accno_debashish.evtx","System.UInt32[]","System.Diagnostics.Eventing.Reader.EventBookmark","Information","Info","Kernel Object","System.Collections.ObjectModel.ReadOnlyCollection`1[System.String]","System.Collections.Generic.List`1[System.Diagnostics.Eventing.Reader.EventProperty]"
"An attempt was made to duplicate a handle to an object.

Subject:
	Security ID:		S-1-5-18
	Account Name:		DESKTOP-0526O8D$
	Account Domain:		WORKGROUP
	Logon ID:		0x3E7

Source Handle Information:
	Source Handle ID:	0x724
	Source Process ID:	0x13b0

New Handle Information:
	Target Handle ID:	0x45fc
	Target Process ID:	0x4","4690","0",,"0","12807","0","-9214364837600034816","226073","Microsoft-Windows-Security-Auditing","54849625-5478-4994-a5ba-3e3b0328c30d","Security","4","3964","DESKTOP-0526O8D",,"8/5/2019 5:22:15 PM",,,"h:\subhamoy_logs\new\step 05_createshortcut-accno_debashish.evtx","System.UInt32[]","System.Diagnostics.Eventing.Reader.EventBookmark","Information","Info","Handle Manipulation","System.Collections.ObjectModel.ReadOnlyCollection`1[System.String]","System.Collections.Generic.List`1[System.Diagnostics.Eventing.Reader.EventProperty]"
"The handle to an object was closed.

Subject :
	Security ID:		S-1-5-18
	Account Name:		DESKTOP-0526O8D$
	Account Domain:		WORKGROUP
	Logon ID:		0x3E7

Object:
	Object Server:		Security
	Handle ID:		0x2ac

Process Information:
	Process ID:		0x13b0
	Process Name:		C:\Windows\System32\wbem\WmiPrvSE.exe","4658","0",,"0","12802","0","-9214364837600034816","226072","Microsoft-Windows-Security-Auditing","54849625-5478-4994-a5ba-3e3b0328c30d","Security","4","8172","DESKTOP-0526O8D",,"8/5/2019 5:22:14 PM",,,"h:\subhamoy_logs\new\step 05_createshortcut-accno_debashish.evtx","System.UInt32[]","System.Diagnostics.Eventing.Reader.EventBookmark","Information","Info","Kernel Object","System.Collections.ObjectModel.ReadOnlyCollection`1[System.String]","System.Collections.Generic.List`1[System.Diagnostics.Eventing.Reader.EventProperty]"
"An attempt was made to access an object.

Subject:
	Security ID:		S-1-5-18
	Account Name:		DESKTOP-0526O8D$
	Account Domain:		WORKGROUP
	Logon ID:		0x3E7

Object:
	Object Server:		Security
	Object Type:		Process
	Object Name:		\Device\HarddiskVolume4\Windows\System32\lsass.exe
	Handle ID:		0x2ac
	Resource Attributes:	-

Process Information:
	Process ID:		0x13b0
	Process Name:		C:\Windows\System32\wbem\WmiPrvSE.exe

Access Request Information:
	Accesses:		Read from process memory
				
	Access Mask:		0x10","4663","1",,"0","12802","0","-9214364837600034816","226071","Microsoft-Windows-Security-Auditing","54849625-5478-4994-a5ba-3e3b0328c30d","Security","4","8172","DESKTOP-0526O8D",,"8/5/2019 5:22:14 PM",,,"h:\subhamoy_logs\new\step 05_createshortcut-accno_debashish.evtx","System.UInt32[]","System.Diagnostics.Eventing.Reader.EventBookmark","Information","Info","Kernel Object","System.Collections.ObjectModel.ReadOnlyCollection`1[System.String]","System.Collections.Generic.List`1[System.Diagnostics.Eventing.Reader.EventProperty]"
"A handle to an object was requested.

Subject:
	Security ID:		S-1-5-18
	Account Name:		DESKTOP-0526O8D$
	Account Domain:		WORKGROUP
	Logon ID:		0x3E7

Object:
	Object Server:		Security
	Object Type:		Process
	Object Name:		\Device\HarddiskVolume4\Windows\System32\lsass.exe
	Handle ID:		0x2ac
	Resource Attributes:	-

Process Information:
	Process ID:		0x13b0
	Process Name:		C:\Windows\System32\wbem\WmiPrvSE.exe

Access Request Information:
	Transaction ID:		{00000000-0000-0000-0000-000000000000}
	Accesses:		Read from process memory
				Query process information
				Undefined Access (no effect) Bit 12
				
	Access Reasons:		-
	Access Mask:		0x1410
	Privileges Used for Access Check:	-
	Restricted SID Count:	0","4656","1",,"0","12802","0","-9214364837600034816","226070","Microsoft-Windows-Security-Auditing","54849625-5478-4994-a5ba-3e3b0328c30d","Security","4","8172","DESKTOP-0526O8D",,"8/5/2019 5:22:14 PM",,,"h:\subhamoy_logs\new\step 05_createshortcut-accno_debashish.evtx","System.UInt32[]","System.Diagnostics.Eventing.Reader.EventBookmark","Information","Info","Kernel Object","System.Collections.ObjectModel.ReadOnlyCollection`1[System.String]","System.Collections.Generic.List`1[System.Diagnostics.Eventing.Reader.EventProperty]"
"The handle to an object was closed.

Subject :
	Security ID:		S-1-5-18
	Account Name:		DESKTOP-0526O8D$
	Account Domain:		WORKGROUP
	Logon ID:		0x3E7

Object:
	Object Server:		Security
	Handle ID:		0x45fc

Process Information:
	Process ID:		0x13b0
	Process Name:		C:\Windows\System32\wbem\WmiPrvSE.exe","4658","0",,"0","12802","0","-9214364837600034816","226069","Microsoft-Windows-Security-Auditing","54849625-5478-4994-a5ba-3e3b0328c30d","Security","4","8172","DESKTOP-0526O8D",,"8/5/2019 5:22:14 PM",,,"h:\subhamoy_logs\new\step 05_createshortcut-accno_debashish.evtx","System.UInt32[]","System.Diagnostics.Eventing.Reader.EventBookmark","Information","Info","Kernel Object","System.Collections.ObjectModel.ReadOnlyCollection`1[System.String]","System.Collections.Generic.List`1[System.Diagnostics.Eventing.Reader.EventProperty]"
"An attempt was made to duplicate a handle to an object.

Subject:
	Security ID:		S-1-5-18
	Account Name:		DESKTOP-0526O8D$
	Account Domain:		WORKGROUP
	Logon ID:		0x3E7

Source Handle Information:
	Source Handle ID:	0x2ac
	Source Process ID:	0x13b0

New Handle Information:
	Target Handle ID:	0x45fc
	Target Process ID:	0x4","4690","0",,"0","12807","0","-9214364837600034816","226068","Microsoft-Windows-Security-Auditing","54849625-5478-4994-a5ba-3e3b0328c30d","Security","4","8172","DESKTOP-0526O8D",,"8/5/2019 5:22:14 PM",,,"h:\subhamoy_logs\new\step 05_createshortcut-accno_debashish.evtx","System.UInt32[]","System.Diagnostics.Eventing.Reader.EventBookmark","Information","Info","Handle Manipulation","System.Collections.ObjectModel.ReadOnlyCollection`1[System.String]","System.Collections.Generic.List`1[System.Diagnostics.Eventing.Reader.EventProperty]"
"The handle to an object was closed.

Subject :
	Security ID:		S-1-5-21-1874035555-1170827713-1978778435-1001
	Account Name:		DEBASHISH
	Account Domain:		DESKTOP-0526O8D
	Logon ID:		0x785E62D

Object:
	Object Server:		Security
	Handle ID:		0x2d6c

Process Information:
	Process ID:		0x1830
	Process Name:		C:\Windows\explorer.exe","4658","0",,"0","12800","0","-9214364837600034816","226067","Microsoft-Windows-Security-Auditing","54849625-5478-4994-a5ba-3e3b0328c30d","Security","4","3964","DESKTOP-0526O8D",,"8/5/2019 5:22:13 PM",,,"h:\subhamoy_logs\new\step 05_createshortcut-accno_debashish.evtx","System.UInt32[]","System.Diagnostics.Eventing.Reader.EventBookmark","Information","Info","File System","System.Collections.ObjectModel.ReadOnlyCollection`1[System.String]","System.Collections.Generic.List`1[System.Diagnostics.Eventing.Reader.EventProperty]"
"An attempt was made to access an object.

Subject:
	Security ID:		S-1-5-21-1874035555-1170827713-1978778435-1001
	Account Name:		DEBASHISH
	Account Domain:		DESKTOP-0526O8D
	Logon ID:		0x785E62D

Object:
	Object Server:		Security
	Object Type:		File
	Object Name:		H:\SUBHAMOY_LOGS\a
	Handle ID:		0x2d6c
	Resource Attributes:	S:AI

Process Information:
	Process ID:		0x1830
	Process Name:		C:\Windows\explorer.exe

Access Request Information:
	Accesses:		READ_CONTROL
				
	Access Mask:		0x20000","4663","1",,"0","12800","0","-9214364837600034816","226066","Microsoft-Windows-Security-Auditing","54849625-5478-4994-a5ba-3e3b0328c30d","Security","4","3964","DESKTOP-0526O8D",,"8/5/2019 5:22:13 PM",,,"h:\subhamoy_logs\new\step 05_createshortcut-accno_debashish.evtx","System.UInt32[]","System.Diagnostics.Eventing.Reader.EventBookmark","Information","Info","File System","System.Collections.ObjectModel.ReadOnlyCollection`1[System.String]","System.Collections.Generic.List`1[System.Diagnostics.Eventing.Reader.EventProperty]"
"A handle to an object was requested.

Subject:
	Security ID:		S-1-5-21-1874035555-1170827713-1978778435-1001
	Account Name:		DEBASHISH
	Account Domain:		DESKTOP-0526O8D
	Logon ID:		0x785E62D

Object:
	Object Server:		Security
	Object Type:		File
	Object Name:		H:\SUBHAMOY_LOGS\a
	Handle ID:		0x2d6c
	Resource Attributes:	-

Process Information:
	Process ID:		0x1830
	Process Name:		C:\Windows\explorer.exe

Access Request Information:
	Transaction ID:		{00000000-0000-0000-0000-000000000000}
	Accesses:		READ_CONTROL
				ReadAttributes
				
	Access Reasons:		READ_CONTROL:	Granted by Ownership
				ReadAttributes:	Granted by	D:(A;OICI;FA;;;S-1-5-21-1874035555-1170827713-1978778435-1001)
				
	Access Mask:		0x20080
	Privileges Used for Access Check:	-
	Restricted SID Count:	0","4656","1",,"0","12800","0","-9214364837600034816","226065","Microsoft-Windows-Security-Auditing","54849625-5478-4994-a5ba-3e3b0328c30d","Security","4","3964","DESKTOP-0526O8D",,"8/5/2019 5:22:13 PM",,,"h:\subhamoy_logs\new\step 05_createshortcut-accno_debashish.evtx","System.UInt32[]","System.Diagnostics.Eventing.Reader.EventBookmark","Information","Info","File System","System.Collections.ObjectModel.ReadOnlyCollection`1[System.String]","System.Collections.Generic.List`1[System.Diagnostics.Eventing.Reader.EventProperty]"
"The handle to an object was closed.

Subject :
	Security ID:		S-1-5-21-1874035555-1170827713-1978778435-1001
	Account Name:		DEBASHISH
	Account Domain:		DESKTOP-0526O8D
	Logon ID:		0x785E62D

Object:
	Object Server:		Security
	Handle ID:		0x3a4c

Process Information:
	Process ID:		0x1830
	Process Name:		C:\Windows\explorer.exe","4658","0",,"0","12800","0","-9214364837600034816","226064","Microsoft-Windows-Security-Auditing","54849625-5478-4994-a5ba-3e3b0328c30d","Security","4","3964","DESKTOP-0526O8D",,"8/5/2019 5:22:13 PM",,,"h:\subhamoy_logs\new\step 05_createshortcut-accno_debashish.evtx","System.UInt32[]","System.Diagnostics.Eventing.Reader.EventBookmark","Information","Info","File System","System.Collections.ObjectModel.ReadOnlyCollection`1[System.String]","System.Collections.Generic.List`1[System.Diagnostics.Eventing.Reader.EventProperty]"
"An attempt was made to duplicate a handle to an object.

Subject:
	Security ID:		S-1-5-21-1874035555-1170827713-1978778435-1001
	Account Name:		DEBASHISH
	Account Domain:		DESKTOP-0526O8D
	Logon ID:		0x785E62D

Source Handle Information:
	Source Handle ID:	0x2d6c
	Source Process ID:	0x1830

New Handle Information:
	Target Handle ID:	0x3a4c
	Target Process ID:	0x4","4690","0",,"0","12807","0","-9214364837600034816","226063","Microsoft-Windows-Security-Auditing","54849625-5478-4994-a5ba-3e3b0328c30d","Security","4","3964","DESKTOP-0526O8D",,"8/5/2019 5:22:13 PM",,,"h:\subhamoy_logs\new\step 05_createshortcut-accno_debashish.evtx","System.UInt32[]","System.Diagnostics.Eventing.Reader.EventBookmark","Information","Info","Handle Manipulation","System.Collections.ObjectModel.ReadOnlyCollection`1[System.String]","System.Collections.Generic.List`1[System.Diagnostics.Eventing.Reader.EventProperty]"
"The handle to an object was closed.

Subject :
	Security ID:		S-1-5-21-1874035555-1170827713-1978778435-1001
	Account Name:		DEBASHISH
	Account Domain:		DESKTOP-0526O8D
	Logon ID:		0x785E62D

Object:
	Object Server:		Security
	Handle ID:		0x2d6c

Process Information:
	Process ID:		0x1830
	Process Name:		C:\Windows\explorer.exe","4658","0",,"0","12800","0","-9214364837600034816","226062","Microsoft-Windows-Security-Auditing","54849625-5478-4994-a5ba-3e3b0328c30d","Security","4","3964","DESKTOP-0526O8D",,"8/5/2019 5:22:13 PM",,,"h:\subhamoy_logs\new\step 05_createshortcut-accno_debashish.evtx","System.UInt32[]","System.Diagnostics.Eventing.Reader.EventBookmark","Information","Info","File System","System.Collections.ObjectModel.ReadOnlyCollection`1[System.String]","System.Collections.Generic.List`1[System.Diagnostics.Eventing.Reader.EventProperty]"
"An attempt was made to access an object.

Subject:
	Security ID:		S-1-5-21-1874035555-1170827713-1978778435-1001
	Account Name:		DEBASHISH
	Account Domain:		DESKTOP-0526O8D
	Logon ID:		0x785E62D

Object:
	Object Server:		Security
	Object Type:		File
	Object Name:		H:\SUBHAMOY_LOGS\a
	Handle ID:		0x2d6c
	Resource Attributes:	S:AI

Process Information:
	Process ID:		0x1830
	Process Name:		C:\Windows\explorer.exe

Access Request Information:
	Accesses:		READ_CONTROL
				
	Access Mask:		0x20000","4663","1",,"0","12800","0","-9214364837600034816","226061","Microsoft-Windows-Security-Auditing","54849625-5478-4994-a5ba-3e3b0328c30d","Security","4","3964","DESKTOP-0526O8D",,"8/5/2019 5:22:13 PM",,,"h:\subhamoy_logs\new\step 05_createshortcut-accno_debashish.evtx","System.UInt32[]","System.Diagnostics.Eventing.Reader.EventBookmark","Information","Info","File System","System.Collections.ObjectModel.ReadOnlyCollection`1[System.String]","System.Collections.Generic.List`1[System.Diagnostics.Eventing.Reader.EventProperty]"
"A handle to an object was requested.

Subject:
	Security ID:		S-1-5-21-1874035555-1170827713-1978778435-1001
	Account Name:		DEBASHISH
	Account Domain:		DESKTOP-0526O8D
	Logon ID:		0x785E62D

Object:
	Object Server:		Security
	Object Type:		File
	Object Name:		H:\SUBHAMOY_LOGS\a
	Handle ID:		0x2d6c
	Resource Attributes:	-

Process Information:
	Process ID:		0x1830
	Process Name:		C:\Windows\explorer.exe

Access Request Information:
	Transaction ID:		{00000000-0000-0000-0000-000000000000}
	Accesses:		READ_CONTROL
				ReadAttributes
				
	Access Reasons:		READ_CONTROL:	Granted by Ownership
				ReadAttributes:	Granted by	D:(A;OICI;FA;;;S-1-5-21-1874035555-1170827713-1978778435-1001)
				
	Access Mask:		0x20080
	Privileges Used for Access Check:	-
	Restricted SID Count:	0","4656","1",,"0","12800","0","-9214364837600034816","226060","Microsoft-Windows-Security-Auditing","54849625-5478-4994-a5ba-3e3b0328c30d","Security","4","3964","DESKTOP-0526O8D",,"8/5/2019 5:22:13 PM",,,"h:\subhamoy_logs\new\step 05_createshortcut-accno_debashish.evtx","System.UInt32[]","System.Diagnostics.Eventing.Reader.EventBookmark","Information","Info","File System","System.Collections.ObjectModel.ReadOnlyCollection`1[System.String]","System.Collections.Generic.List`1[System.Diagnostics.Eventing.Reader.EventProperty]"
"The handle to an object was closed.

Subject :
	Security ID:		S-1-5-21-1874035555-1170827713-1978778435-1001
	Account Name:		DEBASHISH
	Account Domain:		DESKTOP-0526O8D
	Logon ID:		0x785E62D

Object:
	Object Server:		Security
	Handle ID:		0x3a4c

Process Information:
	Process ID:		0x1830
	Process Name:		C:\Windows\explorer.exe","4658","0",,"0","12800","0","-9214364837600034816","226059","Microsoft-Windows-Security-Auditing","54849625-5478-4994-a5ba-3e3b0328c30d","Security","4","3964","DESKTOP-0526O8D",,"8/5/2019 5:22:13 PM",,,"h:\subhamoy_logs\new\step 05_createshortcut-accno_debashish.evtx","System.UInt32[]","System.Diagnostics.Eventing.Reader.EventBookmark","Information","Info","File System","System.Collections.ObjectModel.ReadOnlyCollection`1[System.String]","System.Collections.Generic.List`1[System.Diagnostics.Eventing.Reader.EventProperty]"
"An attempt was made to duplicate a handle to an object.

Subject:
	Security ID:		S-1-5-21-1874035555-1170827713-1978778435-1001
	Account Name:		DEBASHISH
	Account Domain:		DESKTOP-0526O8D
	Logon ID:		0x785E62D

Source Handle Information:
	Source Handle ID:	0x2d6c
	Source Process ID:	0x1830

New Handle Information:
	Target Handle ID:	0x3a4c
	Target Process ID:	0x4","4690","0",,"0","12807","0","-9214364837600034816","226058","Microsoft-Windows-Security-Auditing","54849625-5478-4994-a5ba-3e3b0328c30d","Security","4","3964","DESKTOP-0526O8D",,"8/5/2019 5:22:13 PM",,,"h:\subhamoy_logs\new\step 05_createshortcut-accno_debashish.evtx","System.UInt32[]","System.Diagnostics.Eventing.Reader.EventBookmark","Information","Info","Handle Manipulation","System.Collections.ObjectModel.ReadOnlyCollection`1[System.String]","System.Collections.Generic.List`1[System.Diagnostics.Eventing.Reader.EventProperty]"
"The handle to an object was closed.

Subject :
	Security ID:		S-1-5-21-1874035555-1170827713-1978778435-1001
	Account Name:		DEBASHISH
	Account Domain:		DESKTOP-0526O8D
	Logon ID:		0x785E62D

Object:
	Object Server:		Security
	Handle ID:		0x2d6c

Process Information:
	Process ID:		0x1830
	Process Name:		C:\Windows\explorer.exe","4658","0",,"0","12800","0","-9214364837600034816","226057","Microsoft-Windows-Security-Auditing","54849625-5478-4994-a5ba-3e3b0328c30d","Security","4","3964","DESKTOP-0526O8D",,"8/5/2019 5:22:13 PM",,,"h:\subhamoy_logs\new\step 05_createshortcut-accno_debashish.evtx","System.UInt32[]","System.Diagnostics.Eventing.Reader.EventBookmark","Information","Info","File System","System.Collections.ObjectModel.ReadOnlyCollection`1[System.String]","System.Collections.Generic.List`1[System.Diagnostics.Eventing.Reader.EventProperty]"
"An attempt was made to access an object.

Subject:
	Security ID:		S-1-5-21-1874035555-1170827713-1978778435-1001
	Account Name:		DEBASHISH
	Account Domain:		DESKTOP-0526O8D
	Logon ID:		0x785E62D

Object:
	Object Server:		Security
	Object Type:		File
	Object Name:		H:\SUBHAMOY_LOGS\a
	Handle ID:		0x2d6c
	Resource Attributes:	S:AI

Process Information:
	Process ID:		0x1830
	Process Name:		C:\Windows\explorer.exe

Access Request Information:
	Accesses:		READ_CONTROL
				
	Access Mask:		0x20000","4663","1",,"0","12800","0","-9214364837600034816","226056","Microsoft-Windows-Security-Auditing","54849625-5478-4994-a5ba-3e3b0328c30d","Security","4","3964","DESKTOP-0526O8D",,"8/5/2019 5:22:13 PM",,,"h:\subhamoy_logs\new\step 05_createshortcut-accno_debashish.evtx","System.UInt32[]","System.Diagnostics.Eventing.Reader.EventBookmark","Information","Info","File System","System.Collections.ObjectModel.ReadOnlyCollection`1[System.String]","System.Collections.Generic.List`1[System.Diagnostics.Eventing.Reader.EventProperty]"
"A handle to an object was requested.

Subject:
	Security ID:		S-1-5-21-1874035555-1170827713-1978778435-1001
	Account Name:		DEBASHISH
	Account Domain:		DESKTOP-0526O8D
	Logon ID:		0x785E62D

Object:
	Object Server:		Security
	Object Type:		File
	Object Name:		H:\SUBHAMOY_LOGS\a
	Handle ID:		0x2d6c
	Resource Attributes:	-

Process Information:
	Process ID:		0x1830
	Process Name:		C:\Windows\explorer.exe

Access Request Information:
	Transaction ID:		{00000000-0000-0000-0000-000000000000}
	Accesses:		READ_CONTROL
				ReadAttributes
				
	Access Reasons:		READ_CONTROL:	Granted by Ownership
				ReadAttributes:	Granted by	D:(A;OICI;FA;;;S-1-5-21-1874035555-1170827713-1978778435-1001)
				
	Access Mask:		0x20080
	Privileges Used for Access Check:	-
	Restricted SID Count:	0","4656","1",,"0","12800","0","-9214364837600034816","226055","Microsoft-Windows-Security-Auditing","54849625-5478-4994-a5ba-3e3b0328c30d","Security","4","3964","DESKTOP-0526O8D",,"8/5/2019 5:22:13 PM",,,"h:\subhamoy_logs\new\step 05_createshortcut-accno_debashish.evtx","System.UInt32[]","System.Diagnostics.Eventing.Reader.EventBookmark","Information","Info","File System","System.Collections.ObjectModel.ReadOnlyCollection`1[System.String]","System.Collections.Generic.List`1[System.Diagnostics.Eventing.Reader.EventProperty]"
"The handle to an object was closed.

Subject :
	Security ID:		S-1-5-21-1874035555-1170827713-1978778435-1001
	Account Name:		DEBASHISH
	Account Domain:		DESKTOP-0526O8D
	Logon ID:		0x785E62D

Object:
	Object Server:		Security
	Handle ID:		0x3a4c

Process Information:
	Process ID:		0x1830
	Process Name:		C:\Windows\explorer.exe","4658","0",,"0","12800","0","-9214364837600034816","226054","Microsoft-Windows-Security-Auditing","54849625-5478-4994-a5ba-3e3b0328c30d","Security","4","8172","DESKTOP-0526O8D",,"8/5/2019 5:22:13 PM",,,"h:\subhamoy_logs\new\step 05_createshortcut-accno_debashish.evtx","System.UInt32[]","System.Diagnostics.Eventing.Reader.EventBookmark","Information","Info","File System","System.Collections.ObjectModel.ReadOnlyCollection`1[System.String]","System.Collections.Generic.List`1[System.Diagnostics.Eventing.Reader.EventProperty]"
"An attempt was made to duplicate a handle to an object.

Subject:
	Security ID:		S-1-5-21-1874035555-1170827713-1978778435-1001
	Account Name:		DEBASHISH
	Account Domain:		DESKTOP-0526O8D
	Logon ID:		0x785E62D

Source Handle Information:
	Source Handle ID:	0x2d6c
	Source Process ID:	0x1830

New Handle Information:
	Target Handle ID:	0x3a4c
	Target Process ID:	0x4","4690","0",,"0","12807","0","-9214364837600034816","226053","Microsoft-Windows-Security-Auditing","54849625-5478-4994-a5ba-3e3b0328c30d","Security","4","8172","DESKTOP-0526O8D",,"8/5/2019 5:22:13 PM",,,"h:\subhamoy_logs\new\step 05_createshortcut-accno_debashish.evtx","System.UInt32[]","System.Diagnostics.Eventing.Reader.EventBookmark","Information","Info","Handle Manipulation","System.Collections.ObjectModel.ReadOnlyCollection`1[System.String]","System.Collections.Generic.List`1[System.Diagnostics.Eventing.Reader.EventProperty]"
"The handle to an object was closed.

Subject :
	Security ID:		S-1-5-21-1874035555-1170827713-1978778435-1001
	Account Name:		DEBASHISH
	Account Domain:		DESKTOP-0526O8D
	Logon ID:		0x785E62D

Object:
	Object Server:		Security
	Handle ID:		0x2d6c

Process Information:
	Process ID:		0x1830
	Process Name:		C:\Windows\explorer.exe","4658","0",,"0","12800","0","-9214364837600034816","226052","Microsoft-Windows-Security-Auditing","54849625-5478-4994-a5ba-3e3b0328c30d","Security","4","8172","DESKTOP-0526O8D",,"8/5/2019 5:22:13 PM",,,"h:\subhamoy_logs\new\step 05_createshortcut-accno_debashish.evtx","System.UInt32[]","System.Diagnostics.Eventing.Reader.EventBookmark","Information","Info","File System","System.Collections.ObjectModel.ReadOnlyCollection`1[System.String]","System.Collections.Generic.List`1[System.Diagnostics.Eventing.Reader.EventProperty]"
"An attempt was made to access an object.

Subject:
	Security ID:		S-1-5-21-1874035555-1170827713-1978778435-1001
	Account Name:		DEBASHISH
	Account Domain:		DESKTOP-0526O8D
	Logon ID:		0x785E62D

Object:
	Object Server:		Security
	Object Type:		File
	Object Name:		H:\SUBHAMOY_LOGS\a
	Handle ID:		0x2d6c
	Resource Attributes:	S:AI

Process Information:
	Process ID:		0x1830
	Process Name:		C:\Windows\explorer.exe

Access Request Information:
	Accesses:		READ_CONTROL
				
	Access Mask:		0x20000","4663","1",,"0","12800","0","-9214364837600034816","226051","Microsoft-Windows-Security-Auditing","54849625-5478-4994-a5ba-3e3b0328c30d","Security","4","8172","DESKTOP-0526O8D",,"8/5/2019 5:22:13 PM",,,"h:\subhamoy_logs\new\step 05_createshortcut-accno_debashish.evtx","System.UInt32[]","System.Diagnostics.Eventing.Reader.EventBookmark","Information","Info","File System","System.Collections.ObjectModel.ReadOnlyCollection`1[System.String]","System.Collections.Generic.List`1[System.Diagnostics.Eventing.Reader.EventProperty]"
"A handle to an object was requested.

Subject:
	Security ID:		S-1-5-21-1874035555-1170827713-1978778435-1001
	Account Name:		DEBASHISH
	Account Domain:		DESKTOP-0526O8D
	Logon ID:		0x785E62D

Object:
	Object Server:		Security
	Object Type:		File
	Object Name:		H:\SUBHAMOY_LOGS\a
	Handle ID:		0x2d6c
	Resource Attributes:	-

Process Information:
	Process ID:		0x1830
	Process Name:		C:\Windows\explorer.exe

Access Request Information:
	Transaction ID:		{00000000-0000-0000-0000-000000000000}
	Accesses:		READ_CONTROL
				ReadAttributes
				
	Access Reasons:		READ_CONTROL:	Granted by Ownership
				ReadAttributes:	Granted by	D:(A;OICI;FA;;;S-1-5-21-1874035555-1170827713-1978778435-1001)
				
	Access Mask:		0x20080
	Privileges Used for Access Check:	-
	Restricted SID Count:	0","4656","1",,"0","12800","0","-9214364837600034816","226050","Microsoft-Windows-Security-Auditing","54849625-5478-4994-a5ba-3e3b0328c30d","Security","4","8172","DESKTOP-0526O8D",,"8/5/2019 5:22:13 PM",,,"h:\subhamoy_logs\new\step 05_createshortcut-accno_debashish.evtx","System.UInt32[]","System.Diagnostics.Eventing.Reader.EventBookmark","Information","Info","File System","System.Collections.ObjectModel.ReadOnlyCollection`1[System.String]","System.Collections.Generic.List`1[System.Diagnostics.Eventing.Reader.EventProperty]"
"The handle to an object was closed.

Subject :
	Security ID:		S-1-5-21-1874035555-1170827713-1978778435-1001
	Account Name:		DEBASHISH
	Account Domain:		DESKTOP-0526O8D
	Logon ID:		0x785E62D

Object:
	Object Server:		Security
	Handle ID:		0x2cb8

Process Information:
	Process ID:		0x1830
	Process Name:		C:\Windows\explorer.exe","4658","0",,"0","12800","0","-9214364837600034816","226049","Microsoft-Windows-Security-Auditing","54849625-5478-4994-a5ba-3e3b0328c30d","Security","4","8172","DESKTOP-0526O8D",,"8/5/2019 5:22:13 PM",,,"h:\subhamoy_logs\new\step 05_createshortcut-accno_debashish.evtx","System.UInt32[]","System.Diagnostics.Eventing.Reader.EventBookmark","Information","Info","File System","System.Collections.ObjectModel.ReadOnlyCollection`1[System.String]","System.Collections.Generic.List`1[System.Diagnostics.Eventing.Reader.EventProperty]"
"An attempt was made to duplicate a handle to an object.

Subject:
	Security ID:		S-1-5-21-1874035555-1170827713-1978778435-1001
	Account Name:		DEBASHISH
	Account Domain:		DESKTOP-0526O8D
	Logon ID:		0x785E62D

Source Handle Information:
	Source Handle ID:	0x2d6c
	Source Process ID:	0x1830

New Handle Information:
	Target Handle ID:	0x2cb8
	Target Process ID:	0x4","4690","0",,"0","12807","0","-9214364837600034816","226048","Microsoft-Windows-Security-Auditing","54849625-5478-4994-a5ba-3e3b0328c30d","Security","4","8172","DESKTOP-0526O8D",,"8/5/2019 5:22:13 PM",,,"h:\subhamoy_logs\new\step 05_createshortcut-accno_debashish.evtx","System.UInt32[]","System.Diagnostics.Eventing.Reader.EventBookmark","Information","Info","Handle Manipulation","System.Collections.ObjectModel.ReadOnlyCollection`1[System.String]","System.Collections.Generic.List`1[System.Diagnostics.Eventing.Reader.EventProperty]"
"The handle to an object was closed.

Subject :
	Security ID:		S-1-5-21-1874035555-1170827713-1978778435-1001
	Account Name:		DEBASHISH
	Account Domain:		DESKTOP-0526O8D
	Logon ID:		0x785E62D

Object:
	Object Server:		Security
	Handle ID:		0x2d6c

Process Information:
	Process ID:		0x1830
	Process Name:		C:\Windows\explorer.exe","4658","0",,"0","12800","0","-9214364837600034816","226047","Microsoft-Windows-Security-Auditing","54849625-5478-4994-a5ba-3e3b0328c30d","Security","4","8172","DESKTOP-0526O8D",,"8/5/2019 5:22:13 PM",,,"h:\subhamoy_logs\new\step 05_createshortcut-accno_debashish.evtx","System.UInt32[]","System.Diagnostics.Eventing.Reader.EventBookmark","Information","Info","File System","System.Collections.ObjectModel.ReadOnlyCollection`1[System.String]","System.Collections.Generic.List`1[System.Diagnostics.Eventing.Reader.EventProperty]"
"An attempt was made to access an object.

Subject:
	Security ID:		S-1-5-21-1874035555-1170827713-1978778435-1001
	Account Name:		DEBASHISH
	Account Domain:		DESKTOP-0526O8D
	Logon ID:		0x785E62D

Object:
	Object Server:		Security
	Object Type:		File
	Object Name:		H:\SUBHAMOY_LOGS\a
	Handle ID:		0x2d6c
	Resource Attributes:	S:AI

Process Information:
	Process ID:		0x1830
	Process Name:		C:\Windows\explorer.exe

Access Request Information:
	Accesses:		READ_CONTROL
				
	Access Mask:		0x20000","4663","1",,"0","12800","0","-9214364837600034816","226046","Microsoft-Windows-Security-Auditing","54849625-5478-4994-a5ba-3e3b0328c30d","Security","4","8172","DESKTOP-0526O8D",,"8/5/2019 5:22:13 PM",,,"h:\subhamoy_logs\new\step 05_createshortcut-accno_debashish.evtx","System.UInt32[]","System.Diagnostics.Eventing.Reader.EventBookmark","Information","Info","File System","System.Collections.ObjectModel.ReadOnlyCollection`1[System.String]","System.Collections.Generic.List`1[System.Diagnostics.Eventing.Reader.EventProperty]"
"A handle to an object was requested.

Subject:
