	Security ID:		S-1-5-18
	Account Name:		DESKTOP-0526O8D$
	Account Domain:		WORKGROUP
	Logon ID:		0x3E7

Object:
	Object Server:		Security Account Manager
	Handle ID:		0x193f7ebaf40

Process Information:
	Process ID:		0x310
	Process Name:		C:\Windows\System32\lsass.exe","4658","0",,"0","12804","0","-9214364837600034816","250497","Microsoft-Windows-Security-Auditing","54849625-5478-4994-a5ba-3e3b0328c30d","Security","4","356","DESKTOP-0526O8D",,"8/5/2019 6:00:52 PM",,,"h:\subhamoy_logs\new\step 12_notgrantedaccessdeletefile-accno_subhamoy.evtx","System.UInt32[]","System.Diagnostics.Eventing.Reader.EventBookmark","Information","Info","Other Object Access Events","System.Collections.ObjectModel.ReadOnlyCollection`1[System.String]","System.Collections.Generic.List`1[System.Diagnostics.Eventing.Reader.EventProperty]"
"The handle to an object was closed.

Subject :
	Security ID:		S-1-5-18
	Account Name:		DESKTOP-0526O8D$
	Account Domain:		WORKGROUP
	Logon ID:		0x3E7

Object:
	Object Server:		Security Account Manager
	Handle ID:		0x193f7ebd240

Process Information:
	Process ID:		0x310
	Process Name:		C:\Windows\System32\lsass.exe","4658","0",,"0","12804","0","-9214364837600034816","250496","Microsoft-Windows-Security-Auditing","54849625-5478-4994-a5ba-3e3b0328c30d","Security","4","356","DESKTOP-0526O8D",,"8/5/2019 6:00:52 PM",,,"h:\subhamoy_logs\new\step 12_notgrantedaccessdeletefile-accno_subhamoy.evtx","System.UInt32[]","System.Diagnostics.Eventing.Reader.EventBookmark","Information","Info","Other Object Access Events","System.Collections.ObjectModel.ReadOnlyCollection`1[System.String]","System.Collections.Generic.List`1[System.Diagnostics.Eventing.Reader.EventProperty]"
"The handle to an object was closed.

Subject :
	Security ID:		S-1-5-18
	Account Name:		DESKTOP-0526O8D$
	Account Domain:		WORKGROUP
	Logon ID:		0x3E7

Object:
	Object Server:		Security Account Manager
	Handle ID:		0x193f7ebc840

Process Information:
	Process ID:		0x310
	Process Name:		C:\Windows\System32\lsass.exe","4658","0",,"0","12804","0","-9214364837600034816","250495","Microsoft-Windows-Security-Auditing","54849625-5478-4994-a5ba-3e3b0328c30d","Security","4","356","DESKTOP-0526O8D",,"8/5/2019 6:00:52 PM",,,"h:\subhamoy_logs\new\step 12_notgrantedaccessdeletefile-accno_subhamoy.evtx","System.UInt32[]","System.Diagnostics.Eventing.Reader.EventBookmark","Information","Info","Other Object Access Events","System.Collections.ObjectModel.ReadOnlyCollection`1[System.String]","System.Collections.Generic.List`1[System.Diagnostics.Eventing.Reader.EventProperty]"
"A handle to an object was requested.

Subject:
	Security ID:		S-1-5-18
	Account Name:		DESKTOP-0526O8D$
	Account Domain:		WORKGROUP
	Logon ID:		0x3E7

Object:
	Object Server:		Security Account Manager
	Object Type:		SAM_USER
	Object Name:		DOMAINS\Account\Users\000003E9
	Handle ID:		0x193f7ebc840
	Resource Attributes:	-

Process Information:
	Process ID:		0x310
	Process Name:		C:\Windows\System32\lsass.exe

Access Request Information:
	Transaction ID:		{00000000-0000-0000-0000-000000000000}
	Accesses:		DELETE
				READ_CONTROL
				WRITE_DAC
				WRITE_OWNER
				ReadGeneralInformation
				ReadPreferences
				WritePreferences
				ReadLogon
				ReadAccount
				WriteAccount
				ChangePassword (with knowledge of old password)
				SetPassword (without knowledge of old password)
				ListGroups
				ReadGroupMembership
				ChangeGroupMembership
				
	Access Reasons:		-
	Access Mask:		0xF07FF
	Privileges Used for Access Check:	-
	Restricted SID Count:	0","4656","1",,"0","12803","0","-9214364837600034816","250494","Microsoft-Windows-Security-Auditing","54849625-5478-4994-a5ba-3e3b0328c30d","Security","4","356","DESKTOP-0526O8D",,"8/5/2019 6:00:52 PM",,,"h:\subhamoy_logs\new\step 12_notgrantedaccessdeletefile-accno_subhamoy.evtx","System.UInt32[]","System.Diagnostics.Eventing.Reader.EventBookmark","Information","Info","SAM","System.Collections.ObjectModel.ReadOnlyCollection`1[System.String]","System.Collections.Generic.List`1[System.Diagnostics.Eventing.Reader.EventProperty]"
"A handle to an object was requested.

Subject:
	Security ID:		S-1-5-18
	Account Name:		DESKTOP-0526O8D$
	Account Domain:		WORKGROUP
	Logon ID:		0x3E7

Object:
	Object Server:		Security Account Manager
	Object Type:		SAM_DOMAIN
	Object Name:		DESKTOP-0526O8D
	Handle ID:		0x193f7ebd240
	Resource Attributes:	-

Process Information:
	Process ID:		0x310
	Process Name:		C:\Windows\System32\lsass.exe

Access Request Information:
	Transaction ID:		{00000000-0000-0000-0000-000000000000}
	Accesses:		DELETE
				READ_CONTROL
				WRITE_DAC
				WRITE_OWNER
				ReadPasswordParameters
				WritePasswordParameters
				ReadOtherParameters
				WriteOtherParameters
				CreateUser
				CreateLocalGroup
				GetLocalGroupMembership
				ListAccounts
				LookupIDs
				AdministerServer
				
	Access Reasons:		-
	Access Mask:		0xF07DF
	Privileges Used for Access Check:	-
	Restricted SID Count:	0","4656","1",,"0","12803","0","-9214364837600034816","250493","Microsoft-Windows-Security-Auditing","54849625-5478-4994-a5ba-3e3b0328c30d","Security","4","356","DESKTOP-0526O8D",,"8/5/2019 6:00:52 PM",,,"h:\subhamoy_logs\new\step 12_notgrantedaccessdeletefile-accno_subhamoy.evtx","System.UInt32[]","System.Diagnostics.Eventing.Reader.EventBookmark","Information","Info","SAM","System.Collections.ObjectModel.ReadOnlyCollection`1[System.String]","System.Collections.Generic.List`1[System.Diagnostics.Eventing.Reader.EventProperty]"
"A handle to an object was requested.

Subject:
	Security ID:		S-1-5-18
	Account Name:		DESKTOP-0526O8D$
	Account Domain:		WORKGROUP
	Logon ID:		0x3E7

Object:
	Object Server:		Security Account Manager
	Object Type:		SAM_SERVER
	Object Name:		SAM
	Handle ID:		0x193f7ebaf40
	Resource Attributes:	-

Process Information:
	Process ID:		0x310
	Process Name:		C:\Windows\System32\lsass.exe

Access Request Information:
	Transaction ID:		{00000000-0000-0000-0000-000000000000}
	Accesses:		DELETE
				READ_CONTROL
				WRITE_DAC
				WRITE_OWNER
				ConnectToServer
				ShutdownServer
				InitializeServer
				CreateDomain
				EnumerateDomains
				LookupDomain
				
	Access Reasons:		-
	Access Mask:		0xF003F
	Privileges Used for Access Check:	-
	Restricted SID Count:	0","4656","1",,"0","12803","0","-9214364837600034816","250492","Microsoft-Windows-Security-Auditing","54849625-5478-4994-a5ba-3e3b0328c30d","Security","4","356","DESKTOP-0526O8D",,"8/5/2019 6:00:52 PM",,,"h:\subhamoy_logs\new\step 12_notgrantedaccessdeletefile-accno_subhamoy.evtx","System.UInt32[]","System.Diagnostics.Eventing.Reader.EventBookmark","Information","Info","SAM","System.Collections.ObjectModel.ReadOnlyCollection`1[System.String]","System.Collections.Generic.List`1[System.Diagnostics.Eventing.Reader.EventProperty]"
"A security-enabled local group membership was enumerated.

Subject:
	Security ID:		S-1-5-18
	Account Name:		DESKTOP-0526O8D$
	Account Domain:		WORKGROUP
	Logon ID:		0x3E7

Group:
	Security ID:		S-1-5-32-544
	Group Name:		Administrators
	Group Domain:		Builtin

Process Information:
	Process ID:		0x2340
	Process Name:		C:\Windows\System32\consent.exe","4799","0",,"0","13826","0","-9214364837600034816","250491","Microsoft-Windows-Security-Auditing","54849625-5478-4994-a5ba-3e3b0328c30d","Security","784","11856","DESKTOP-0526O8D",,"8/5/2019 6:00:52 PM","e10bc0fc-45db-0000-45c1-0be1db45d501",,"h:\subhamoy_logs\new\step 12_notgrantedaccessdeletefile-accno_subhamoy.evtx","System.UInt32[]","System.Diagnostics.Eventing.Reader.EventBookmark","Information","Info","Security Group Management","System.Collections.ObjectModel.ReadOnlyCollection`1[System.String]","System.Collections.Generic.List`1[System.Diagnostics.Eventing.Reader.EventProperty]"
"A security-enabled local group membership was enumerated.

Subject:
	Security ID:		S-1-5-18
	Account Name:		DESKTOP-0526O8D$
	Account Domain:		WORKGROUP
	Logon ID:		0x3E7

Group:
	Security ID:		S-1-5-32-544
	Group Name:		Administrators
	Group Domain:		Builtin

Process Information:
	Process ID:		0x2340
	Process Name:		C:\Windows\System32\consent.exe","4799","0",,"0","13826","0","-9214364837600034816","250490","Microsoft-Windows-Security-Auditing","54849625-5478-4994-a5ba-3e3b0328c30d","Security","784","11856","DESKTOP-0526O8D",,"8/5/2019 6:00:52 PM","e10bc0fc-45db-0000-45c1-0be1db45d501",,"h:\subhamoy_logs\new\step 12_notgrantedaccessdeletefile-accno_subhamoy.evtx","System.UInt32[]","System.Diagnostics.Eventing.Reader.EventBookmark","Information","Info","Security Group Management","System.Collections.ObjectModel.ReadOnlyCollection`1[System.String]","System.Collections.Generic.List`1[System.Diagnostics.Eventing.Reader.EventProperty]"
"An account failed to log on.

Subject:
	Security ID:		S-1-5-18
	Account Name:		DESKTOP-0526O8D$
	Account Domain:		WORKGROUP
	Logon ID:		0x3E7

Logon Type:			2

Account For Which Logon Failed:
	Security ID:		S-1-0-0
	Account Name:		DEBASHISH
	Account Domain:		DESKTOP-0526O8D

Failure Information:
	Failure Reason:		Unknown user name or bad password.
	Status:			0xC000006D
	Sub Status:		0xC000006A

Process Information:
	Caller Process ID:	0x2340
	Caller Process Name:	C:\Windows\System32\consent.exe

Network Information:
	Workstation Name:	DESKTOP-0526O8D
	Source Network Address:	::1
	Source Port:		0

Detailed Authentication Information:
	Logon Process:		CredPro
	Authentication Package:	Negotiate
	Transited Services:	-
	Package Name (NTLM only):	-
	Key Length:		0

This event is generated when a logon request fails. It is generated on the computer where access was attempted.

The Subject fields indicate the account on the local system which requested the logon. This is most commonly a service such as the Server service, or a local process such as Winlogon.exe or Services.exe.

The Logon Type field indicates the kind of logon that was requested. The most common types are 2 (interactive) and 3 (network).

The Process Information fields indicate which account and process on the system requested the logon.

The Network Information fields indicate where a remote logon request originated. Workstation name is not always available and may be left blank in some cases.

The authentication information fields provide detailed information about this specific logon request.
	- Transited services indicate which intermediate services have participated in this logon request.
	- Package name indicates which sub-protocol was used among the NTLM protocols.
	- Key length indicates the length of the generated session key. This will be 0 if no session key was requested.","4625","0",,"0","12544","0","-9218868437227405312","250489","Microsoft-Windows-Security-Auditing","54849625-5478-4994-a5ba-3e3b0328c30d","Security","784","6744","DESKTOP-0526O8D",,"8/5/2019 6:00:52 PM","e10bc0fc-45db-0000-45c1-0be1db45d501",,"h:\subhamoy_logs\new\step 12_notgrantedaccessdeletefile-accno_subhamoy.evtx","System.UInt32[]","System.Diagnostics.Eventing.Reader.EventBookmark","Information","Info","Logon","System.Collections.ObjectModel.ReadOnlyCollection`1[System.String]","System.Collections.Generic.List`1[System.Diagnostics.Eventing.Reader.EventProperty]"
"The computer attempted to validate the credentials for an account.

Authentication Package:	MICROSOFT_AUTHENTICATION_PACKAGE_V1_0
Logon Account:	DEBASHISH
Source Workstation:	DESKTOP-0526O8D
Error Code:	0xC000006A","4776","0",,"0","14336","0","-9218868437227405312","250488","Microsoft-Windows-Security-Auditing","54849625-5478-4994-a5ba-3e3b0328c30d","Security","784","6744","DESKTOP-0526O8D",,"8/5/2019 6:00:52 PM","e10bc0fc-45db-0000-1550-11e1db45d501",,"h:\subhamoy_logs\new\step 12_notgrantedaccessdeletefile-accno_subhamoy.evtx","System.UInt32[]","System.Diagnostics.Eventing.Reader.EventBookmark","Information","Info","Credential Validation","System.Collections.ObjectModel.ReadOnlyCollection`1[System.String]","System.Collections.Generic.List`1[System.Diagnostics.Eventing.Reader.EventProperty]"
"An account failed to log on.

Subject:
	Security ID:		S-1-5-18
	Account Name:		DESKTOP-0526O8D$
	Account Domain:		WORKGROUP
	Logon ID:		0x3E7

Logon Type:			11

Account For Which Logon Failed:
	Security ID:		S-1-0-0
	Account Name:		DEBASHISH
	Account Domain:		DESKTOP-0526O8D

Failure Information:
	Failure Reason:		An Error occured during Logon.
	Status:			0xC000010B
	Sub Status:		0x0

Process Information:
	Caller Process ID:	0x2340
	Caller Process Name:	C:\Windows\System32\consent.exe

Network Information:
	Workstation Name:	DESKTOP-0526O8D
	Source Network Address:	::1
	Source Port:		0

Detailed Authentication Information:
	Logon Process:		CredPro
	Authentication Package:	Negotiate
	Transited Services:	-
	Package Name (NTLM only):	-
	Key Length:		0

This event is generated when a logon request fails. It is generated on the computer where access was attempted.

The Subject fields indicate the account on the local system which requested the logon. This is most commonly a service such as the Server service, or a local process such as Winlogon.exe or Services.exe.

The Logon Type field indicates the kind of logon that was requested. The most common types are 2 (interactive) and 3 (network).

The Process Information fields indicate which account and process on the system requested the logon.

The Network Information fields indicate where a remote logon request originated. Workstation name is not always available and may be left blank in some cases.

The authentication information fields provide detailed information about this specific logon request.
	- Transited services indicate which intermediate services have participated in this logon request.
	- Package name indicates which sub-protocol was used among the NTLM protocols.
	- Key length indicates the length of the generated session key. This will be 0 if no session key was requested.","4625","0",,"0","12544","0","-9218868437227405312","250487","Microsoft-Windows-Security-Auditing","54849625-5478-4994-a5ba-3e3b0328c30d","Security","784","6744","DESKTOP-0526O8D",,"8/5/2019 6:00:52 PM","e10bc0fc-45db-0000-45c1-0be1db45d501",,"h:\subhamoy_logs\new\step 12_notgrantedaccessdeletefile-accno_subhamoy.evtx","System.UInt32[]","System.Diagnostics.Eventing.Reader.EventBookmark","Information","Info","Logon","System.Collections.ObjectModel.ReadOnlyCollection`1[System.String]","System.Collections.Generic.List`1[System.Diagnostics.Eventing.Reader.EventProperty]"
"Vault credentials were read.

Subject:
	Security ID:		S-1-5-18
	Account Name:		DESKTOP-0526O8D$
	Account Domain:		WORKGROUP
	Logon ID:		0x3E7

This event occurs when a user reads a stored vault credential.","5382","0",,"0","13824","0","-9214364837600034816","250486","Microsoft-Windows-Security-Auditing","54849625-5478-4994-a5ba-3e3b0328c30d","Security","784","6744","DESKTOP-0526O8D",,"8/5/2019 6:00:52 PM",,,"h:\subhamoy_logs\new\step 12_notgrantedaccessdeletefile-accno_subhamoy.evtx","System.UInt32[]","System.Diagnostics.Eventing.Reader.EventBookmark","Information","Info","User Account Management","System.Collections.ObjectModel.ReadOnlyCollection`1[System.String]","System.Collections.Generic.List`1[System.Diagnostics.Eventing.Reader.EventProperty]"
"The handle to an object was closed.

Subject :
	Security ID:		S-1-5-18
	Account Name:		DESKTOP-0526O8D$
	Account Domain:		WORKGROUP
	Logon ID:		0x3E7

Object:
	Object Server:		Security
	Handle ID:		0x544

Process Information:
	Process ID:		0x13b0
	Process Name:		C:\Windows\System32\wbem\WmiPrvSE.exe","4658","0",,"0","12802","0","-9214364837600034816","250485","Microsoft-Windows-Security-Auditing","54849625-5478-4994-a5ba-3e3b0328c30d","Security","4","356","DESKTOP-0526O8D",,"8/5/2019 6:00:52 PM",,,"h:\subhamoy_logs\new\step 12_notgrantedaccessdeletefile-accno_subhamoy.evtx","System.UInt32[]","System.Diagnostics.Eventing.Reader.EventBookmark","Information","Info","Kernel Object","System.Collections.ObjectModel.ReadOnlyCollection`1[System.String]","System.Collections.Generic.List`1[System.Diagnostics.Eventing.Reader.EventProperty]"
"An attempt was made to access an object.

Subject:
	Security ID:		S-1-5-18
	Account Name:		DESKTOP-0526O8D$
	Account Domain:		WORKGROUP
	Logon ID:		0x3E7

Object:
	Object Server:		Security
	Object Type:		Process
	Object Name:		\Device\HarddiskVolume4\Windows\System32\lsass.exe
	Handle ID:		0x544
	Resource Attributes:	-

Process Information:
	Process ID:		0x13b0
	Process Name:		C:\Windows\System32\wbem\WmiPrvSE.exe

Access Request Information:
	Accesses:		Read from process memory
				
	Access Mask:		0x10","4663","1",,"0","12802","0","-9214364837600034816","250484","Microsoft-Windows-Security-Auditing","54849625-5478-4994-a5ba-3e3b0328c30d","Security","4","356","DESKTOP-0526O8D",,"8/5/2019 6:00:52 PM",,,"h:\subhamoy_logs\new\step 12_notgrantedaccessdeletefile-accno_subhamoy.evtx","System.UInt32[]","System.Diagnostics.Eventing.Reader.EventBookmark","Information","Info","Kernel Object","System.Collections.ObjectModel.ReadOnlyCollection`1[System.String]","System.Collections.Generic.List`1[System.Diagnostics.Eventing.Reader.EventProperty]"
"A handle to an object was requested.

Subject:
	Security ID:		S-1-5-18
	Account Name:		DESKTOP-0526O8D$
	Account Domain:		WORKGROUP
	Logon ID:		0x3E7

Object:
	Object Server:		Security
	Object Type:		Process
	Object Name:		\Device\HarddiskVolume4\Windows\System32\lsass.exe
	Handle ID:		0x544
	Resource Attributes:	-

Process Information:
	Process ID:		0x13b0
	Process Name:		C:\Windows\System32\wbem\WmiPrvSE.exe

Access Request Information:
	Transaction ID:		{00000000-0000-0000-0000-000000000000}
	Accesses:		Read from process memory
				Query process information
				Undefined Access (no effect) Bit 12
				
	Access Reasons:		-
	Access Mask:		0x1410
	Privileges Used for Access Check:	-
	Restricted SID Count:	0","4656","1",,"0","12802","0","-9214364837600034816","250483","Microsoft-Windows-Security-Auditing","54849625-5478-4994-a5ba-3e3b0328c30d","Security","4","356","DESKTOP-0526O8D",,"8/5/2019 6:00:52 PM",,,"h:\subhamoy_logs\new\step 12_notgrantedaccessdeletefile-accno_subhamoy.evtx","System.UInt32[]","System.Diagnostics.Eventing.Reader.EventBookmark","Information","Info","Kernel Object","System.Collections.ObjectModel.ReadOnlyCollection`1[System.String]","System.Collections.Generic.List`1[System.Diagnostics.Eventing.Reader.EventProperty]"
"The handle to an object was closed.

Subject :
	Security ID:		S-1-5-18
	Account Name:		DESKTOP-0526O8D$
	Account Domain:		WORKGROUP
	Logon ID:		0x3E7

Object:
	Object Server:		Security
	Handle ID:		0x4b54

Process Information:
	Process ID:		0x13b0
	Process Name:		C:\Windows\System32\wbem\WmiPrvSE.exe","4658","0",,"0","12802","0","-9214364837600034816","250482","Microsoft-Windows-Security-Auditing","54849625-5478-4994-a5ba-3e3b0328c30d","Security","4","356","DESKTOP-0526O8D",,"8/5/2019 6:00:52 PM",,,"h:\subhamoy_logs\new\step 12_notgrantedaccessdeletefile-accno_subhamoy.evtx","System.UInt32[]","System.Diagnostics.Eventing.Reader.EventBookmark","Information","Info","Kernel Object","System.Collections.ObjectModel.ReadOnlyCollection`1[System.String]","System.Collections.Generic.List`1[System.Diagnostics.Eventing.Reader.EventProperty]"
"An attempt was made to duplicate a handle to an object.

Subject:
	Security ID:		S-1-5-18
	Account Name:		DESKTOP-0526O8D$
	Account Domain:		WORKGROUP
	Logon ID:		0x3E7

Source Handle Information:
	Source Handle ID:	0x544
	Source Process ID:	0x13b0

New Handle Information:
	Target Handle ID:	0x4b54
	Target Process ID:	0x4","4690","0",,"0","12807","0","-9214364837600034816","250481","Microsoft-Windows-Security-Auditing","54849625-5478-4994-a5ba-3e3b0328c30d","Security","4","356","DESKTOP-0526O8D",,"8/5/2019 6:00:52 PM",,,"h:\subhamoy_logs\new\step 12_notgrantedaccessdeletefile-accno_subhamoy.evtx","System.UInt32[]","System.Diagnostics.Eventing.Reader.EventBookmark","Information","Info","Handle Manipulation","System.Collections.ObjectModel.ReadOnlyCollection`1[System.String]","System.Collections.Generic.List`1[System.Diagnostics.Eventing.Reader.EventProperty]"
"The handle to an object was closed.

Subject :
	Security ID:		S-1-5-18
	Account Name:		DESKTOP-0526O8D$
	Account Domain:		WORKGROUP
	Logon ID:		0x3E7

Object:
	Object Server:		Security Account Manager
	Handle ID:		0x193f7ebb940

Process Information:
	Process ID:		0x310
	Process Name:		C:\Windows\System32\lsass.exe","4658","0",,"0","12804","0","-9214364837600034816","250480","Microsoft-Windows-Security-Auditing","54849625-5478-4994-a5ba-3e3b0328c30d","Security","4","356","DESKTOP-0526O8D",,"8/5/2019 6:00:51 PM",,,"h:\subhamoy_logs\new\step 12_notgrantedaccessdeletefile-accno_subhamoy.evtx","System.UInt32[]","System.Diagnostics.Eventing.Reader.EventBookmark","Information","Info","Other Object Access Events","System.Collections.ObjectModel.ReadOnlyCollection`1[System.String]","System.Collections.Generic.List`1[System.Diagnostics.Eventing.Reader.EventProperty]"
"The handle to an object was closed.

Subject :
	Security ID:		S-1-5-18
	Account Name:		DESKTOP-0526O8D$
	Account Domain:		WORKGROUP
	Logon ID:		0x3E7

Object:
	Object Server:		Security Account Manager
	Handle ID:		0x193f7ebb440

Process Information:
	Process ID:		0x310
	Process Name:		C:\Windows\System32\lsass.exe","4658","0",,"0","12804","0","-9214364837600034816","250479","Microsoft-Windows-Security-Auditing","54849625-5478-4994-a5ba-3e3b0328c30d","Security","4","356","DESKTOP-0526O8D",,"8/5/2019 6:00:51 PM",,,"h:\subhamoy_logs\new\step 12_notgrantedaccessdeletefile-accno_subhamoy.evtx","System.UInt32[]","System.Diagnostics.Eventing.Reader.EventBookmark","Information","Info","Other Object Access Events","System.Collections.ObjectModel.ReadOnlyCollection`1[System.String]","System.Collections.Generic.List`1[System.Diagnostics.Eventing.Reader.EventProperty]"
"The handle to an object was closed.

Subject :
	Security ID:		S-1-5-18
	Account Name:		DESKTOP-0526O8D$
	Account Domain:		WORKGROUP
	Logon ID:		0x3E7

Object:
	Object Server:		Security Account Manager
	Handle ID:		0x193f7ebbe40

Process Information:
	Process ID:		0x310
	Process Name:		C:\Windows\System32\lsass.exe","4658","0",,"0","12804","0","-9214364837600034816","250478","Microsoft-Windows-Security-Auditing","54849625-5478-4994-a5ba-3e3b0328c30d","Security","4","356","DESKTOP-0526O8D",,"8/5/2019 6:00:51 PM",,,"h:\subhamoy_logs\new\step 12_notgrantedaccessdeletefile-accno_subhamoy.evtx","System.UInt32[]","System.Diagnostics.Eventing.Reader.EventBookmark","Information","Info","Other Object Access Events","System.Collections.ObjectModel.ReadOnlyCollection`1[System.String]","System.Collections.Generic.List`1[System.Diagnostics.Eventing.Reader.EventProperty]"
"A handle to an object was requested.

Subject:
	Security ID:		S-1-5-18
	Account Name:		DESKTOP-0526O8D$
	Account Domain:		WORKGROUP
	Logon ID:		0x3E7

Object:
	Object Server:		Security Account Manager
	Object Type:		SAM_USER
	Object Name:		DOMAINS\Account\Users\000003E9
	Handle ID:		0x193f7ebbe40
	Resource Attributes:	-

Process Information:
	Process ID:		0x310
	Process Name:		C:\Windows\System32\lsass.exe

Access Request Information:
	Transaction ID:		{00000000-0000-0000-0000-000000000000}
	Accesses:		DELETE
				READ_CONTROL
				WRITE_DAC
				WRITE_OWNER
				ReadGeneralInformation
				ReadPreferences
				WritePreferences
				ReadLogon
				ReadAccount
				WriteAccount
				ChangePassword (with knowledge of old password)
				SetPassword (without knowledge of old password)
				ListGroups
				ReadGroupMembership
				ChangeGroupMembership
				
	Access Reasons:		-
	Access Mask:		0xF07FF
	Privileges Used for Access Check:	-
	Restricted SID Count:	0","4656","1",,"0","12803","0","-9214364837600034816","250477","Microsoft-Windows-Security-Auditing","54849625-5478-4994-a5ba-3e3b0328c30d","Security","4","356","DESKTOP-0526O8D",,"8/5/2019 6:00:51 PM",,,"h:\subhamoy_logs\new\step 12_notgrantedaccessdeletefile-accno_subhamoy.evtx","System.UInt32[]","System.Diagnostics.Eventing.Reader.EventBookmark","Information","Info","SAM","System.Collections.ObjectModel.ReadOnlyCollection`1[System.String]","System.Collections.Generic.List`1[System.Diagnostics.Eventing.Reader.EventProperty]"
"A handle to an object was requested.

Subject:
	Security ID:		S-1-5-18
	Account Name:		DESKTOP-0526O8D$
	Account Domain:		WORKGROUP
	Logon ID:		0x3E7

Object:
	Object Server:		Security Account Manager
	Object Type:		SAM_DOMAIN
	Object Name:		DESKTOP-0526O8D
	Handle ID:		0x193f7ebb440
	Resource Attributes:	-

Process Information:
	Process ID:		0x310
	Process Name:		C:\Windows\System32\lsass.exe

Access Request Information:
	Transaction ID:		{00000000-0000-0000-0000-000000000000}
	Accesses:		DELETE
				READ_CONTROL
				WRITE_DAC
				WRITE_OWNER
				ReadPasswordParameters
				WritePasswordParameters
				ReadOtherParameters
				WriteOtherParameters
				CreateUser
				CreateLocalGroup
				GetLocalGroupMembership
				ListAccounts
				LookupIDs
				AdministerServer
				
	Access Reasons:		-
	Access Mask:		0xF07DF
	Privileges Used for Access Check:	-
	Restricted SID Count:	0","4656","1",,"0","12803","0","-9214364837600034816","250476","Microsoft-Windows-Security-Auditing","54849625-5478-4994-a5ba-3e3b0328c30d","Security","4","356","DESKTOP-0526O8D",,"8/5/2019 6:00:51 PM",,,"h:\subhamoy_logs\new\step 12_notgrantedaccessdeletefile-accno_subhamoy.evtx","System.UInt32[]","System.Diagnostics.Eventing.Reader.EventBookmark","Information","Info","SAM","System.Collections.ObjectModel.ReadOnlyCollection`1[System.String]","System.Collections.Generic.List`1[System.Diagnostics.Eventing.Reader.EventProperty]"
"A handle to an object was requested.

Subject:
	Security ID:		S-1-5-18
	Account Name:		DESKTOP-0526O8D$
	Account Domain:		WORKGROUP
	Logon ID:		0x3E7

Object:
	Object Server:		Security Account Manager
	Object Type:		SAM_SERVER
	Object Name:		SAM
	Handle ID:		0x193f7ebb940
	Resource Attributes:	-

Process Information:
	Process ID:		0x310
	Process Name:		C:\Windows\System32\lsass.exe

Access Request Information:
	Transaction ID:		{00000000-0000-0000-0000-000000000000}
	Accesses:		DELETE
				READ_CONTROL
				WRITE_DAC
				WRITE_OWNER
				ConnectToServer
				ShutdownServer
				InitializeServer
				CreateDomain
				EnumerateDomains
				LookupDomain
				
	Access Reasons:		-
	Access Mask:		0xF003F
	Privileges Used for Access Check:	-
	Restricted SID Count:	0","4656","1",,"0","12803","0","-9214364837600034816","250475","Microsoft-Windows-Security-Auditing","54849625-5478-4994-a5ba-3e3b0328c30d","Security","4","356","DESKTOP-0526O8D",,"8/5/2019 6:00:51 PM",,,"h:\subhamoy_logs\new\step 12_notgrantedaccessdeletefile-accno_subhamoy.evtx","System.UInt32[]","System.Diagnostics.Eventing.Reader.EventBookmark","Information","Info","SAM","System.Collections.ObjectModel.ReadOnlyCollection`1[System.String]","System.Collections.Generic.List`1[System.Diagnostics.Eventing.Reader.EventProperty]"
"A security-enabled local group membership was enumerated.

Subject:
	Security ID:		S-1-5-18
	Account Name:		DESKTOP-0526O8D$
	Account Domain:		WORKGROUP
	Logon ID:		0x3E7

Group:
	Security ID:		S-1-5-32-544
	Group Name:		Administrators
	Group Domain:		Builtin

Process Information:
	Process ID:		0x2340
	Process Name:		C:\Windows\System32\consent.exe","4799","0",,"0","13826","0","-9214364837600034816","250474","Microsoft-Windows-Security-Auditing","54849625-5478-4994-a5ba-3e3b0328c30d","Security","784","11856","DESKTOP-0526O8D",,"8/5/2019 6:00:51 PM","e10bc0fc-45db-0000-45c1-0be1db45d501",,"h:\subhamoy_logs\new\step 12_notgrantedaccessdeletefile-accno_subhamoy.evtx","System.UInt32[]","System.Diagnostics.Eventing.Reader.EventBookmark","Information","Info","Security Group Management","System.Collections.ObjectModel.ReadOnlyCollection`1[System.String]","System.Collections.Generic.List`1[System.Diagnostics.Eventing.Reader.EventProperty]"
"A security-enabled local group membership was enumerated.

Subject:
	Security ID:		S-1-5-18
	Account Name:		DESKTOP-0526O8D$
	Account Domain:		WORKGROUP
	Logon ID:		0x3E7

Group:
	Security ID:		S-1-5-32-544
	Group Name:		Administrators
	Group Domain:		Builtin

Process Information:
	Process ID:		0x2340
	Process Name:		C:\Windows\System32\consent.exe","4799","0",,"0","13826","0","-9214364837600034816","250473","Microsoft-Windows-Security-Auditing","54849625-5478-4994-a5ba-3e3b0328c30d","Security","784","11856","DESKTOP-0526O8D",,"8/5/2019 6:00:51 PM","e10bc0fc-45db-0000-45c1-0be1db45d501",,"h:\subhamoy_logs\new\step 12_notgrantedaccessdeletefile-accno_subhamoy.evtx","System.UInt32[]","System.Diagnostics.Eventing.Reader.EventBookmark","Information","Info","Security Group Management","System.Collections.ObjectModel.ReadOnlyCollection`1[System.String]","System.Collections.Generic.List`1[System.Diagnostics.Eventing.Reader.EventProperty]"
"The handle to an object was closed.

Subject :
	Security ID:		S-1-5-18
	Account Name:		DESKTOP-0526O8D$
	Account Domain:		WORKGROUP
	Logon ID:		0x3E7

Object:
	Object Server:		Security
	Handle ID:		0x660

Process Information:
	Process ID:		0x13b0
	Process Name:		C:\Windows\System32\wbem\WmiPrvSE.exe","4658","0",,"0","12802","0","-9214364837600034816","250472","Microsoft-Windows-Security-Auditing","54849625-5478-4994-a5ba-3e3b0328c30d","Security","4","356","DESKTOP-0526O8D",,"8/5/2019 6:00:51 PM",,,"h:\subhamoy_logs\new\step 12_notgrantedaccessdeletefile-accno_subhamoy.evtx","System.UInt32[]","System.Diagnostics.Eventing.Reader.EventBookmark","Information","Info","Kernel Object","System.Collections.ObjectModel.ReadOnlyCollection`1[System.String]","System.Collections.Generic.List`1[System.Diagnostics.Eventing.Reader.EventProperty]"
"An attempt was made to access an object.

Subject:
	Security ID:		S-1-5-18
	Account Name:		DESKTOP-0526O8D$
	Account Domain:		WORKGROUP
	Logon ID:		0x3E7

Object:
	Object Server:		Security
	Object Type:		Process
	Object Name:		\Device\HarddiskVolume4\Windows\System32\lsass.exe
	Handle ID:		0x660
	Resource Attributes:	-

Process Information:
	Process ID:		0x13b0
	Process Name:		C:\Windows\System32\wbem\WmiPrvSE.exe

Access Request Information:
	Accesses:		Read from process memory
				
	Access Mask:		0x10","4663","1",,"0","12802","0","-9214364837600034816","250471","Microsoft-Windows-Security-Auditing","54849625-5478-4994-a5ba-3e3b0328c30d","Security","4","356","DESKTOP-0526O8D",,"8/5/2019 6:00:51 PM",,,"h:\subhamoy_logs\new\step 12_notgrantedaccessdeletefile-accno_subhamoy.evtx","System.UInt32[]","System.Diagnostics.Eventing.Reader.EventBookmark","Information","Info","Kernel Object","System.Collections.ObjectModel.ReadOnlyCollection`1[System.String]","System.Collections.Generic.List`1[System.Diagnostics.Eventing.Reader.EventProperty]"
"A handle to an object was requested.

Subject:
	Security ID:		S-1-5-18
	Account Name:		DESKTOP-0526O8D$
	Account Domain:		WORKGROUP
	Logon ID:		0x3E7

Object:
	Object Server:		Security
	Object Type:		Process
	Object Name:		\Device\HarddiskVolume4\Windows\System32\lsass.exe
	Handle ID:		0x660
	Resource Attributes:	-

Process Information:
	Process ID:		0x13b0
	Process Name:		C:\Windows\System32\wbem\WmiPrvSE.exe

Access Request Information:
	Transaction ID:		{00000000-0000-0000-0000-000000000000}
	Accesses:		Read from process memory
				Query process information
				Undefined Access (no effect) Bit 12
				
	Access Reasons:		-
	Access Mask:		0x1410
	Privileges Used for Access Check:	-
	Restricted SID Count:	0","4656","1",,"0","12802","0","-9214364837600034816","250470","Microsoft-Windows-Security-Auditing","54849625-5478-4994-a5ba-3e3b0328c30d","Security","4","356","DESKTOP-0526O8D",,"8/5/2019 6:00:51 PM",,,"h:\subhamoy_logs\new\step 12_notgrantedaccessdeletefile-accno_subhamoy.evtx","System.UInt32[]","System.Diagnostics.Eventing.Reader.EventBookmark","Information","Info","Kernel Object","System.Collections.ObjectModel.ReadOnlyCollection`1[System.String]","System.Collections.Generic.List`1[System.Diagnostics.Eventing.Reader.EventProperty]"
"The handle to an object was closed.

Subject :
	Security ID:		S-1-5-18
	Account Name:		DESKTOP-0526O8D$
	Account Domain:		WORKGROUP
	Logon ID:		0x3E7

Object:
	Object Server:		Security
	Handle ID:		0x1ae4

Process Information:
	Process ID:		0x13b0
	Process Name:		C:\Windows\System32\wbem\WmiPrvSE.exe","4658","0",,"0","12802","0","-9214364837600034816","250469","Microsoft-Windows-Security-Auditing","54849625-5478-4994-a5ba-3e3b0328c30d","Security","4","356","DESKTOP-0526O8D",,"8/5/2019 6:00:51 PM",,,"h:\subhamoy_logs\new\step 12_notgrantedaccessdeletefile-accno_subhamoy.evtx","System.UInt32[]","System.Diagnostics.Eventing.Reader.EventBookmark","Information","Info","Kernel Object","System.Collections.ObjectModel.ReadOnlyCollection`1[System.String]","System.Collections.Generic.List`1[System.Diagnostics.Eventing.Reader.EventProperty]"
"An attempt was made to duplicate a handle to an object.

Subject:
	Security ID:		S-1-5-18
	Account Name:		DESKTOP-0526O8D$
	Account Domain:		WORKGROUP
	Logon ID:		0x3E7

Source Handle Information:
	Source Handle ID:	0x660
	Source Process ID:	0x13b0

New Handle Information:
	Target Handle ID:	0x1ae4
	Target Process ID:	0x4","4690","0",,"0","12807","0","-9214364837600034816","250468","Microsoft-Windows-Security-Auditing","54849625-5478-4994-a5ba-3e3b0328c30d","Security","4","356","DESKTOP-0526O8D",,"8/5/2019 6:00:51 PM",,,"h:\subhamoy_logs\new\step 12_notgrantedaccessdeletefile-accno_subhamoy.evtx","System.UInt32[]","System.Diagnostics.Eventing.Reader.EventBookmark","Information","Info","Handle Manipulation","System.Collections.ObjectModel.ReadOnlyCollection`1[System.String]","System.Collections.Generic.List`1[System.Diagnostics.Eventing.Reader.EventProperty]"
"A handle to an object was requested.

Subject:
	Security ID:		S-1-5-21-1874035555-1170827713-1978778435-1003
	Account Name:		Subhamoy
	Account Domain:		DESKTOP-0526O8D
	Logon ID:		0x7C8A089

Object:
	Object Server:		Security
	Object Type:		File
	Object Name:		H:\SUBHAMOY\testpython.py
	Handle ID:		0x0
	Resource Attributes:	-

Process Information:
	Process ID:		0x2d54
	Process Name:		C:\Windows\explorer.exe

Access Request Information:
	Transaction ID:		{00000000-0000-0000-0000-000000000000}
	Accesses:		DELETE
				SYNCHRONIZE
				ReadAttributes
				
	Access Reasons:		DELETE:	Denied by	D:(D;;FA;;;S-1-5-21-1874035555-1170827713-1978778435-1003)
				SYNCHRONIZE:	Denied by	D:(D;;FA;;;S-1-5-21-1874035555-1170827713-1978778435-1003)
				ReadAttributes:	Granted by ACE on parent folder	D:(A;;0x1301bf;;;AU)
				
	Access Mask:		0x110080
	Privileges Used for Access Check:	-
	Restricted SID Count:	0","4656","1",,"0","12800","0","-9218868437227405312","250467","Microsoft-Windows-Security-Auditing","54849625-5478-4994-a5ba-3e3b0328c30d","Security","4","8172","DESKTOP-0526O8D",,"8/5/2019 6:00:50 PM",,,"h:\subhamoy_logs\new\step 12_notgrantedaccessdeletefile-accno_subhamoy.evtx","System.UInt32[]","System.Diagnostics.Eventing.Reader.EventBookmark","Information","Info","File System","System.Collections.ObjectModel.ReadOnlyCollection`1[System.String]","System.Collections.Generic.List`1[System.Diagnostics.Eventing.Reader.EventProperty]"
"A handle to an object was requested.

Subject:
	Security ID:		S-1-5-21-1874035555-1170827713-1978778435-1003
	Account Name:		Subhamoy
	Account Domain:		DESKTOP-0526O8D
	Logon ID:		0x7C8A089

Object:
	Object Server:		Security
	Object Type:		File
	Object Name:		H:\SUBHAMOY\testpython.py
	Handle ID:		0x0
	Resource Attributes:	-

Process Information:
	Process ID:		0x2d54
	Process Name:		C:\Windows\explorer.exe

Access Request Information:
	Transaction ID:		{00000000-0000-0000-0000-000000000000}
	Accesses:		DELETE
				READ_CONTROL
				SYNCHRONIZE
				ReadAttributes
				
	Access Reasons:		DELETE:	Denied by	D:(D;;FA;;;S-1-5-21-1874035555-1170827713-1978778435-1003)
				READ_CONTROL:	Denied by	D:(D;;FA;;;S-1-5-21-1874035555-1170827713-1978778435-1003)
				SYNCHRONIZE:	Denied by	D:(D;;FA;;;S-1-5-21-1874035555-1170827713-1978778435-1003)
				ReadAttributes:	Granted by ACE on parent folder	D:(A;;0x1301bf;;;AU)
				
	Access Mask:		0x130080
	Privileges Used for Access Check:	-
	Restricted SID Count:	0","4656","1",,"0","12800","0","-9218868437227405312","250466","Microsoft-Windows-Security-Auditing","54849625-5478-4994-a5ba-3e3b0328c30d","Security","4","8172","DESKTOP-0526O8D",,"8/5/2019 6:00:50 PM",,,"h:\subhamoy_logs\new\step 12_notgrantedaccessdeletefile-accno_subhamoy.evtx","System.UInt32[]","System.Diagnostics.Eventing.Reader.EventBookmark","Information","Info","File System","System.Collections.ObjectModel.ReadOnlyCollection`1[System.String]","System.Collections.Generic.List`1[System.Diagnostics.Eventing.Reader.EventProperty]"
"A handle to an object was requested.

Subject:
	Security ID:		S-1-5-21-1874035555-1170827713-1978778435-1003
	Account Name:		Subhamoy
	Account Domain:		DESKTOP-0526O8D
	Logon ID:		0x7C8A089

Object:
	Object Server:		Security
	Object Type:		File
	Object Name:		H:\SUBHAMOY\testpython.py
	Handle ID:		0x0
	Resource Attributes:	-

Process Information:
	Process ID:		0x2d54
	Process Name:		C:\Windows\explorer.exe

Access Request Information:
	Transaction ID:		{00000000-0000-0000-0000-000000000000}
	Accesses:		DELETE
				SYNCHRONIZE
				ReadAttributes
				
	Access Reasons:		DELETE:	Denied by	D:(D;;FA;;;S-1-5-21-1874035555-1170827713-1978778435-1003)
				SYNCHRONIZE:	Denied by	D:(D;;FA;;;S-1-5-21-1874035555-1170827713-1978778435-1003)
				ReadAttributes:	Granted by ACE on parent folder	D:(A;;0x1301bf;;;AU)
				
	Access Mask:		0x110080
	Privileges Used for Access Check:	-
	Restricted SID Count:	0","4656","1",,"0","12800","0","-9218868437227405312","250465","Microsoft-Windows-Security-Auditing","54849625-5478-4994-a5ba-3e3b0328c30d","Security","4","8172","DESKTOP-0526O8D",,"8/5/2019 6:00:50 PM",,,"h:\subhamoy_logs\new\step 12_notgrantedaccessdeletefile-accno_subhamoy.evtx","System.UInt32[]","System.Diagnostics.Eventing.Reader.EventBookmark","Information","Info","File System","System.Collections.ObjectModel.ReadOnlyCollection`1[System.String]","System.Collections.Generic.List`1[System.Diagnostics.Eventing.Reader.EventProperty]"
"A handle to an object was requested.

Subject:
	Security ID:		S-1-5-21-1874035555-1170827713-1978778435-1003
	Account Name:		Subhamoy
	Account Domain:		DESKTOP-0526O8D
	Logon ID:		0x7C8A089

Object:
	Object Server:		Security
	Object Type:		File
	Object Name:		H:\SUBHAMOY\testpython.py
	Handle ID:		0x0
	Resource Attributes:	-

Process Information:
	Process ID:		0x2d54
	Process Name:		C:\Windows\explorer.exe

Access Request Information:
	Transaction ID:		{00000000-0000-0000-0000-000000000000}
	Accesses:		DELETE
				READ_CONTROL
				SYNCHRONIZE
				ReadAttributes
				
	Access Reasons:		DELETE:	Denied by	D:(D;;FA;;;S-1-5-21-1874035555-1170827713-1978778435-1003)
				READ_CONTROL:	Denied by	D:(D;;FA;;;S-1-5-21-1874035555-1170827713-1978778435-1003)
				SYNCHRONIZE:	Denied by	D:(D;;FA;;;S-1-5-21-1874035555-1170827713-1978778435-1003)
				ReadAttributes:	Granted by ACE on parent folder	D:(A;;0x1301bf;;;AU)
				
	Access Mask:		0x130080
	Privileges Used for Access Check:	-
	Restricted SID Count:	0","4656","1",,"0","12800","0","-9218868437227405312","250464","Microsoft-Windows-Security-Auditing","54849625-5478-4994-a5ba-3e3b0328c30d","Security","4","8172","DESKTOP-0526O8D",,"8/5/2019 6:00:50 PM",,,"h:\subhamoy_logs\new\step 12_notgrantedaccessdeletefile-accno_subhamoy.evtx","System.UInt32[]","System.Diagnostics.Eventing.Reader.EventBookmark","Information","Info","File System","System.Collections.ObjectModel.ReadOnlyCollection`1[System.String]","System.Collections.Generic.List`1[System.Diagnostics.Eventing.Reader.EventProperty]"
"A handle to an object was requested.

Subject:
	Security ID:		S-1-5-21-1874035555-1170827713-1978778435-1003
	Account Name:		Subhamoy
	Account Domain:		DESKTOP-0526O8D
	Logon ID:		0x7C8A089

Object:
	Object Server:		Security
	Object Type:		File
	Object Name:		H:\SUBHAMOY\testpython.py
	Handle ID:		0x0
	Resource Attributes:	-

Process Information:
	Process ID:		0x2d54
	Process Name:		C:\Windows\explorer.exe

Access Request Information:
	Transaction ID:		{00000000-0000-0000-0000-000000000000}
	Accesses:		DELETE
				SYNCHRONIZE
				ReadAttributes
				
	Access Reasons:		DELETE:	Denied by	D:(D;;FA;;;S-1-5-21-1874035555-1170827713-1978778435-1003)
				SYNCHRONIZE:	Denied by	D:(D;;FA;;;S-1-5-21-1874035555-1170827713-1978778435-1003)
				ReadAttributes:	Granted by ACE on parent folder	D:(A;;0x1301bf;;;AU)
				
	Access Mask:		0x110080
	Privileges Used for Access Check:	-
	Restricted SID Count:	0","4656","1",,"0","12800","0","-9218868437227405312","250463","Microsoft-Windows-Security-Auditing","54849625-5478-4994-a5ba-3e3b0328c30d","Security","4","8172","DESKTOP-0526O8D",,"8/5/2019 6:00:50 PM",,,"h:\subhamoy_logs\new\step 12_notgrantedaccessdeletefile-accno_subhamoy.evtx","System.UInt32[]","System.Diagnostics.Eventing.Reader.EventBookmark","Information","Info","File System","System.Collections.ObjectModel.ReadOnlyCollection`1[System.String]","System.Collections.Generic.List`1[System.Diagnostics.Eventing.Reader.EventProperty]"
"A handle to an object was requested.

Subject:
	Security ID:		S-1-5-21-1874035555-1170827713-1978778435-1003
	Account Name:		Subhamoy
	Account Domain:		DESKTOP-0526O8D
	Logon ID:		0x7C8A089

Object:
	Object Server:		Security
	Object Type:		File
	Object Name:		H:\SUBHAMOY\testpython.py
	Handle ID:		0x0
	Resource Attributes:	-

Process Information:
	Process ID:		0x2d54
	Process Name:		C:\Windows\explorer.exe

Access Request Information:
	Transaction ID:		{00000000-0000-0000-0000-000000000000}
	Accesses:		READ_CONTROL
				
	Access Reasons:		READ_CONTROL:	Denied by	D:(D;;FA;;;S-1-5-21-1874035555-1170827713-1978778435-1003)
				
	Access Mask:		0x20000
	Privileges Used for Access Check:	-
	Restricted SID Count:	0","4656","1",,"0","12800","0","-9218868437227405312","250462","Microsoft-Windows-Security-Auditing","54849625-5478-4994-a5ba-3e3b0328c30d","Security","4","8172","DESKTOP-0526O8D",,"8/5/2019 6:00:50 PM",,,"h:\subhamoy_logs\new\step 12_notgrantedaccessdeletefile-accno_subhamoy.evtx","System.UInt32[]","System.Diagnostics.Eventing.Reader.EventBookmark","Information","Info","File System","System.Collections.ObjectModel.ReadOnlyCollection`1[System.String]","System.Collections.Generic.List`1[System.Diagnostics.Eventing.Reader.EventProperty]"
"The handle to an object was closed.

Subject :
	Security ID:		S-1-5-18
	Account Name:		DESKTOP-0526O8D$
	Account Domain:		WORKGROUP
	Logon ID:		0x3E7

Object:
	Object Server:		Security
	Handle ID:		0x544

Process Information:
	Process ID:		0x13b0
	Process Name:		C:\Windows\System32\wbem\WmiPrvSE.exe","4658","0",,"0","12802","0","-9214364837600034816","250461","Microsoft-Windows-Security-Auditing","54849625-5478-4994-a5ba-3e3b0328c30d","Security","4","8172","DESKTOP-0526O8D",,"8/5/2019 6:00:49 PM",,,"h:\subhamoy_logs\new\step 12_notgrantedaccessdeletefile-accno_subhamoy.evtx","System.UInt32[]","System.Diagnostics.Eventing.Reader.EventBookmark","Information","Info","Kernel Object","System.Collections.ObjectModel.ReadOnlyCollection`1[System.String]","System.Collections.Generic.List`1[System.Diagnostics.Eventing.Reader.EventProperty]"
"An attempt was made to access an object.

Subject:
	Security ID:		S-1-5-18
	Account Name:		DESKTOP-0526O8D$
	Account Domain:		WORKGROUP
	Logon ID:		0x3E7

Object:
	Object Server:		Security
	Object Type:		Process
	Object Name:		\Device\HarddiskVolume4\Windows\System32\lsass.exe
	Handle ID:		0x544
	Resource Attributes:	-

Process Information:
	Process ID:		0x13b0
	Process Name:		C:\Windows\System32\wbem\WmiPrvSE.exe

Access Request Information:
	Accesses:		Read from process memory
				
	Access Mask:		0x10","4663","1",,"0","12802","0","-9214364837600034816","250460","Microsoft-Windows-Security-Auditing","54849625-5478-4994-a5ba-3e3b0328c30d","Security","4","8172","DESKTOP-0526O8D",,"8/5/2019 6:00:49 PM",,,"h:\subhamoy_logs\new\step 12_notgrantedaccessdeletefile-accno_subhamoy.evtx","System.UInt32[]","System.Diagnostics.Eventing.Reader.EventBookmark","Information","Info","Kernel Object","System.Collections.ObjectModel.ReadOnlyCollection`1[System.String]","System.Collections.Generic.List`1[System.Diagnostics.Eventing.Reader.EventProperty]"
"A handle to an object was requested.

Subject:
	Security ID:		S-1-5-18
	Account Name:		DESKTOP-0526O8D$
	Account Domain:		WORKGROUP
	Logon ID:		0x3E7

Object:
	Object Server:		Security
	Object Type:		Process
	Object Name:		\Device\HarddiskVolume4\Windows\System32\lsass.exe
	Handle ID:		0x544
	Resource Attributes:	-

Process Information:
	Process ID:		0x13b0
	Process Name:		C:\Windows\System32\wbem\WmiPrvSE.exe

Access Request Information:
	Transaction ID:		{00000000-0000-0000-0000-000000000000}
	Accesses:		Read from process memory
				Query process information
				Undefined Access (no effect) Bit 12
				
	Access Reasons:		-
	Access Mask:		0x1410
	Privileges Used for Access Check:	-
	Restricted SID Count:	0","4656","1",,"0","12802","0","-9214364837600034816","250459","Microsoft-Windows-Security-Auditing","54849625-5478-4994-a5ba-3e3b0328c30d","Security","4","8172","DESKTOP-0526O8D",,"8/5/2019 6:00:49 PM",,,"h:\subhamoy_logs\new\step 12_notgrantedaccessdeletefile-accno_subhamoy.evtx","System.UInt32[]","System.Diagnostics.Eventing.Reader.EventBookmark","Information","Info","Kernel Object","System.Collections.ObjectModel.ReadOnlyCollection`1[System.String]","System.Collections.Generic.List`1[System.Diagnostics.Eventing.Reader.EventProperty]"
"The handle to an object was closed.

Subject :
	Security ID:		S-1-5-18
	Account Name:		DESKTOP-0526O8D$
	Account Domain:		WORKGROUP
	Logon ID:		0x3E7

Object:
	Object Server:		Security
	Handle ID:		0x53c8

Process Information:
	Process ID:		0x13b0
	Process Name:		C:\Windows\System32\wbem\WmiPrvSE.exe","4658","0",,"0","12802","0","-9214364837600034816","250458","Microsoft-Windows-Security-Auditing","54849625-5478-4994-a5ba-3e3b0328c30d","Security","4","8172","DESKTOP-0526O8D",,"8/5/2019 6:00:49 PM",,,"h:\subhamoy_logs\new\step 12_notgrantedaccessdeletefile-accno_subhamoy.evtx","System.UInt32[]","System.Diagnostics.Eventing.Reader.EventBookmark","Information","Info","Kernel Object","System.Collections.ObjectModel.ReadOnlyCollection`1[System.String]","System.Collections.Generic.List`1[System.Diagnostics.Eventing.Reader.EventProperty]"
"An attempt was made to duplicate a handle to an object.

Subject:
	Security ID:		S-1-5-18
	Account Name:		DESKTOP-0526O8D$
	Account Domain:		WORKGROUP
	Logon ID:		0x3E7

Source Handle Information:
	Source Handle ID:	0x544
	Source Process ID:	0x13b0

New Handle Information:
	Target Handle ID:	0x53c8
	Target Process ID:	0x4","4690","0",,"0","12807","0","-9214364837600034816","250457","Microsoft-Windows-Security-Auditing","54849625-5478-4994-a5ba-3e3b0328c30d","Security","4","8172","DESKTOP-0526O8D",,"8/5/2019 6:00:49 PM",,,"h:\subhamoy_logs\new\step 12_notgrantedaccessdeletefile-accno_subhamoy.evtx","System.UInt32[]","System.Diagnostics.Eventing.Reader.EventBookmark","Information","Info","Handle Manipulation","System.Collections.ObjectModel.ReadOnlyCollection`1[System.String]","System.Collections.Generic.List`1[System.Diagnostics.Eventing.Reader.EventProperty]"
"The handle to an object was closed.

Subject :
	Security ID:		S-1-5-18
	Account Name:		DESKTOP-0526O8D$
	Account Domain:		WORKGROUP
	Logon ID:		0x3E7

Object:
	Object Server:		Security
	Handle ID:		0x464

Process Information:
	Process ID:		0x13b0
	Process Name:		C:\Windows\System32\wbem\WmiPrvSE.exe","4658","0",,"0","12802","0","-9214364837600034816","250456","Microsoft-Windows-Security-Auditing","54849625-5478-4994-a5ba-3e3b0328c30d","Security","4","8204","DESKTOP-0526O8D",,"8/5/2019 6:00:48 PM",,,"h:\subhamoy_logs\new\step 12_notgrantedaccessdeletefile-accno_subhamoy.evtx","System.UInt32[]","System.Diagnostics.Eventing.Reader.EventBookmark","Information","Info","Kernel Object","System.Collections.ObjectModel.ReadOnlyCollection`1[System.String]","System.Collections.Generic.List`1[System.Diagnostics.Eventing.Reader.EventProperty]"
"An attempt was made to access an object.

Subject:
