	Security ID:		S-1-5-18
	Account Name:		DESKTOP-0526O8D$
	Account Domain:		WORKGROUP
	Logon ID:		0x3E7

Source Handle Information:
	Source Handle ID:	0x2f4
	Source Process ID:	0x13b0

New Handle Information:
	Target Handle ID:	0x3a28
	Target Process ID:	0x4","4690","0",,"0","12807","0","-9214364837600034816","249457","Microsoft-Windows-Security-Auditing","54849625-5478-4994-a5ba-3e3b0328c30d","Security","4","1460","DESKTOP-0526O8D",,"8/5/2019 5:57:38 PM",,,"h:\subhamoy_logs\new\step 11_notgrantedaccessexecutionpython-accno_subhamoy.evtx","System.UInt32[]","System.Diagnostics.Eventing.Reader.EventBookmark","Information","Info","Handle Manipulation","System.Collections.ObjectModel.ReadOnlyCollection`1[System.String]","System.Collections.Generic.List`1[System.Diagnostics.Eventing.Reader.EventProperty]"
"The handle to an object was closed.

Subject :
	Security ID:		S-1-5-18
	Account Name:		DESKTOP-0526O8D$
	Account Domain:		WORKGROUP
	Logon ID:		0x3E7

Object:
	Object Server:		Security
	Handle ID:		0x2f4

Process Information:
	Process ID:		0x13b0
	Process Name:		C:\Windows\System32\wbem\WmiPrvSE.exe","4658","0",,"0","12802","0","-9214364837600034816","249456","Microsoft-Windows-Security-Auditing","54849625-5478-4994-a5ba-3e3b0328c30d","Security","4","1460","DESKTOP-0526O8D",,"8/5/2019 5:57:37 PM",,,"h:\subhamoy_logs\new\step 11_notgrantedaccessexecutionpython-accno_subhamoy.evtx","System.UInt32[]","System.Diagnostics.Eventing.Reader.EventBookmark","Information","Info","Kernel Object","System.Collections.ObjectModel.ReadOnlyCollection`1[System.String]","System.Collections.Generic.List`1[System.Diagnostics.Eventing.Reader.EventProperty]"
"An attempt was made to access an object.

Subject:
	Security ID:		S-1-5-18
	Account Name:		DESKTOP-0526O8D$
	Account Domain:		WORKGROUP
	Logon ID:		0x3E7

Object:
	Object Server:		Security
	Object Type:		Process
	Object Name:		\Device\HarddiskVolume4\Windows\System32\lsass.exe
	Handle ID:		0x2f4
	Resource Attributes:	-

Process Information:
	Process ID:		0x13b0
	Process Name:		C:\Windows\System32\wbem\WmiPrvSE.exe

Access Request Information:
	Accesses:		Read from process memory
				
	Access Mask:		0x10","4663","1",,"0","12802","0","-9214364837600034816","249455","Microsoft-Windows-Security-Auditing","54849625-5478-4994-a5ba-3e3b0328c30d","Security","4","1460","DESKTOP-0526O8D",,"8/5/2019 5:57:37 PM",,,"h:\subhamoy_logs\new\step 11_notgrantedaccessexecutionpython-accno_subhamoy.evtx","System.UInt32[]","System.Diagnostics.Eventing.Reader.EventBookmark","Information","Info","Kernel Object","System.Collections.ObjectModel.ReadOnlyCollection`1[System.String]","System.Collections.Generic.List`1[System.Diagnostics.Eventing.Reader.EventProperty]"
"A handle to an object was requested.

Subject:
	Security ID:		S-1-5-18
	Account Name:		DESKTOP-0526O8D$
	Account Domain:		WORKGROUP
	Logon ID:		0x3E7

Object:
	Object Server:		Security
	Object Type:		Process
	Object Name:		\Device\HarddiskVolume4\Windows\System32\lsass.exe
	Handle ID:		0x2f4
	Resource Attributes:	-

Process Information:
	Process ID:		0x13b0
	Process Name:		C:\Windows\System32\wbem\WmiPrvSE.exe

Access Request Information:
	Transaction ID:		{00000000-0000-0000-0000-000000000000}
	Accesses:		Read from process memory
				Query process information
				Undefined Access (no effect) Bit 12
				
	Access Reasons:		-
	Access Mask:		0x1410
	Privileges Used for Access Check:	-
	Restricted SID Count:	0","4656","1",,"0","12802","0","-9214364837600034816","249454","Microsoft-Windows-Security-Auditing","54849625-5478-4994-a5ba-3e3b0328c30d","Security","4","1460","DESKTOP-0526O8D",,"8/5/2019 5:57:37 PM",,,"h:\subhamoy_logs\new\step 11_notgrantedaccessexecutionpython-accno_subhamoy.evtx","System.UInt32[]","System.Diagnostics.Eventing.Reader.EventBookmark","Information","Info","Kernel Object","System.Collections.ObjectModel.ReadOnlyCollection`1[System.String]","System.Collections.Generic.List`1[System.Diagnostics.Eventing.Reader.EventProperty]"
"The handle to an object was closed.

Subject :
	Security ID:		S-1-5-18
	Account Name:		DESKTOP-0526O8D$
	Account Domain:		WORKGROUP
	Logon ID:		0x3E7

Object:
	Object Server:		Security
	Handle ID:		0x5774

Process Information:
	Process ID:		0x13b0
	Process Name:		C:\Windows\System32\wbem\WmiPrvSE.exe","4658","0",,"0","12802","0","-9214364837600034816","249453","Microsoft-Windows-Security-Auditing","54849625-5478-4994-a5ba-3e3b0328c30d","Security","4","1460","DESKTOP-0526O8D",,"8/5/2019 5:57:37 PM",,,"h:\subhamoy_logs\new\step 11_notgrantedaccessexecutionpython-accno_subhamoy.evtx","System.UInt32[]","System.Diagnostics.Eventing.Reader.EventBookmark","Information","Info","Kernel Object","System.Collections.ObjectModel.ReadOnlyCollection`1[System.String]","System.Collections.Generic.List`1[System.Diagnostics.Eventing.Reader.EventProperty]"
"An attempt was made to duplicate a handle to an object.

Subject:
	Security ID:		S-1-5-18
	Account Name:		DESKTOP-0526O8D$
	Account Domain:		WORKGROUP
	Logon ID:		0x3E7

Source Handle Information:
	Source Handle ID:	0x2f4
	Source Process ID:	0x13b0

New Handle Information:
	Target Handle ID:	0x5774
	Target Process ID:	0x4","4690","0",,"0","12807","0","-9214364837600034816","249452","Microsoft-Windows-Security-Auditing","54849625-5478-4994-a5ba-3e3b0328c30d","Security","4","1460","DESKTOP-0526O8D",,"8/5/2019 5:57:37 PM",,,"h:\subhamoy_logs\new\step 11_notgrantedaccessexecutionpython-accno_subhamoy.evtx","System.UInt32[]","System.Diagnostics.Eventing.Reader.EventBookmark","Information","Info","Handle Manipulation","System.Collections.ObjectModel.ReadOnlyCollection`1[System.String]","System.Collections.Generic.List`1[System.Diagnostics.Eventing.Reader.EventProperty]"
"The handle to an object was closed.

Subject :
	Security ID:		S-1-5-18
	Account Name:		DESKTOP-0526O8D$
	Account Domain:		WORKGROUP
	Logon ID:		0x3E7

Object:
	Object Server:		Security
	Handle ID:		0x2f4

Process Information:
	Process ID:		0x13b0
	Process Name:		C:\Windows\System32\wbem\WmiPrvSE.exe","4658","0",,"0","12802","0","-9214364837600034816","249451","Microsoft-Windows-Security-Auditing","54849625-5478-4994-a5ba-3e3b0328c30d","Security","4","1460","DESKTOP-0526O8D",,"8/5/2019 5:57:36 PM",,,"h:\subhamoy_logs\new\step 11_notgrantedaccessexecutionpython-accno_subhamoy.evtx","System.UInt32[]","System.Diagnostics.Eventing.Reader.EventBookmark","Information","Info","Kernel Object","System.Collections.ObjectModel.ReadOnlyCollection`1[System.String]","System.Collections.Generic.List`1[System.Diagnostics.Eventing.Reader.EventProperty]"
"An attempt was made to access an object.

Subject:
	Security ID:		S-1-5-18
	Account Name:		DESKTOP-0526O8D$
	Account Domain:		WORKGROUP
	Logon ID:		0x3E7

Object:
	Object Server:		Security
	Object Type:		Process
	Object Name:		\Device\HarddiskVolume4\Windows\System32\lsass.exe
	Handle ID:		0x2f4
	Resource Attributes:	-

Process Information:
	Process ID:		0x13b0
	Process Name:		C:\Windows\System32\wbem\WmiPrvSE.exe

Access Request Information:
	Accesses:		Read from process memory
				
	Access Mask:		0x10","4663","1",,"0","12802","0","-9214364837600034816","249450","Microsoft-Windows-Security-Auditing","54849625-5478-4994-a5ba-3e3b0328c30d","Security","4","1460","DESKTOP-0526O8D",,"8/5/2019 5:57:36 PM",,,"h:\subhamoy_logs\new\step 11_notgrantedaccessexecutionpython-accno_subhamoy.evtx","System.UInt32[]","System.Diagnostics.Eventing.Reader.EventBookmark","Information","Info","Kernel Object","System.Collections.ObjectModel.ReadOnlyCollection`1[System.String]","System.Collections.Generic.List`1[System.Diagnostics.Eventing.Reader.EventProperty]"
"A handle to an object was requested.

Subject:
	Security ID:		S-1-5-18
	Account Name:		DESKTOP-0526O8D$
	Account Domain:		WORKGROUP
	Logon ID:		0x3E7

Object:
	Object Server:		Security
	Object Type:		Process
	Object Name:		\Device\HarddiskVolume4\Windows\System32\lsass.exe
	Handle ID:		0x2f4
	Resource Attributes:	-

Process Information:
	Process ID:		0x13b0
	Process Name:		C:\Windows\System32\wbem\WmiPrvSE.exe

Access Request Information:
	Transaction ID:		{00000000-0000-0000-0000-000000000000}
	Accesses:		Read from process memory
				Query process information
				Undefined Access (no effect) Bit 12
				
	Access Reasons:		-
	Access Mask:		0x1410
	Privileges Used for Access Check:	-
	Restricted SID Count:	0","4656","1",,"0","12802","0","-9214364837600034816","249449","Microsoft-Windows-Security-Auditing","54849625-5478-4994-a5ba-3e3b0328c30d","Security","4","1460","DESKTOP-0526O8D",,"8/5/2019 5:57:36 PM",,,"h:\subhamoy_logs\new\step 11_notgrantedaccessexecutionpython-accno_subhamoy.evtx","System.UInt32[]","System.Diagnostics.Eventing.Reader.EventBookmark","Information","Info","Kernel Object","System.Collections.ObjectModel.ReadOnlyCollection`1[System.String]","System.Collections.Generic.List`1[System.Diagnostics.Eventing.Reader.EventProperty]"
"The handle to an object was closed.

Subject :
	Security ID:		S-1-5-18
	Account Name:		DESKTOP-0526O8D$
	Account Domain:		WORKGROUP
	Logon ID:		0x3E7

Object:
	Object Server:		Security
	Handle ID:		0x3ef0

Process Information:
	Process ID:		0x13b0
	Process Name:		C:\Windows\System32\wbem\WmiPrvSE.exe","4658","0",,"0","12802","0","-9214364837600034816","249448","Microsoft-Windows-Security-Auditing","54849625-5478-4994-a5ba-3e3b0328c30d","Security","4","1460","DESKTOP-0526O8D",,"8/5/2019 5:57:36 PM",,,"h:\subhamoy_logs\new\step 11_notgrantedaccessexecutionpython-accno_subhamoy.evtx","System.UInt32[]","System.Diagnostics.Eventing.Reader.EventBookmark","Information","Info","Kernel Object","System.Collections.ObjectModel.ReadOnlyCollection`1[System.String]","System.Collections.Generic.List`1[System.Diagnostics.Eventing.Reader.EventProperty]"
"An attempt was made to duplicate a handle to an object.

Subject:
	Security ID:		S-1-5-18
	Account Name:		DESKTOP-0526O8D$
	Account Domain:		WORKGROUP
	Logon ID:		0x3E7

Source Handle Information:
	Source Handle ID:	0x2f4
	Source Process ID:	0x13b0

New Handle Information:
	Target Handle ID:	0x3ef0
	Target Process ID:	0x4","4690","0",,"0","12807","0","-9214364837600034816","249447","Microsoft-Windows-Security-Auditing","54849625-5478-4994-a5ba-3e3b0328c30d","Security","4","1460","DESKTOP-0526O8D",,"8/5/2019 5:57:36 PM",,,"h:\subhamoy_logs\new\step 11_notgrantedaccessexecutionpython-accno_subhamoy.evtx","System.UInt32[]","System.Diagnostics.Eventing.Reader.EventBookmark","Information","Info","Handle Manipulation","System.Collections.ObjectModel.ReadOnlyCollection`1[System.String]","System.Collections.Generic.List`1[System.Diagnostics.Eventing.Reader.EventProperty]"
"The handle to an object was closed.

Subject :
	Security ID:		S-1-5-18
	Account Name:		DESKTOP-0526O8D$
	Account Domain:		WORKGROUP
	Logon ID:		0x3E7

Object:
	Object Server:		Security
	Handle ID:		0x2f4

Process Information:
	Process ID:		0x13b0
	Process Name:		C:\Windows\System32\wbem\WmiPrvSE.exe","4658","0",,"0","12802","0","-9214364837600034816","249446","Microsoft-Windows-Security-Auditing","54849625-5478-4994-a5ba-3e3b0328c30d","Security","4","1460","DESKTOP-0526O8D",,"8/5/2019 5:57:35 PM",,,"h:\subhamoy_logs\new\step 11_notgrantedaccessexecutionpython-accno_subhamoy.evtx","System.UInt32[]","System.Diagnostics.Eventing.Reader.EventBookmark","Information","Info","Kernel Object","System.Collections.ObjectModel.ReadOnlyCollection`1[System.String]","System.Collections.Generic.List`1[System.Diagnostics.Eventing.Reader.EventProperty]"
"An attempt was made to access an object.

Subject:
	Security ID:		S-1-5-18
	Account Name:		DESKTOP-0526O8D$
	Account Domain:		WORKGROUP
	Logon ID:		0x3E7

Object:
	Object Server:		Security
	Object Type:		Process
	Object Name:		\Device\HarddiskVolume4\Windows\System32\lsass.exe
	Handle ID:		0x2f4
	Resource Attributes:	-

Process Information:
	Process ID:		0x13b0
	Process Name:		C:\Windows\System32\wbem\WmiPrvSE.exe

Access Request Information:
	Accesses:		Read from process memory
				
	Access Mask:		0x10","4663","1",,"0","12802","0","-9214364837600034816","249445","Microsoft-Windows-Security-Auditing","54849625-5478-4994-a5ba-3e3b0328c30d","Security","4","1460","DESKTOP-0526O8D",,"8/5/2019 5:57:35 PM",,,"h:\subhamoy_logs\new\step 11_notgrantedaccessexecutionpython-accno_subhamoy.evtx","System.UInt32[]","System.Diagnostics.Eventing.Reader.EventBookmark","Information","Info","Kernel Object","System.Collections.ObjectModel.ReadOnlyCollection`1[System.String]","System.Collections.Generic.List`1[System.Diagnostics.Eventing.Reader.EventProperty]"
"A handle to an object was requested.

Subject:
	Security ID:		S-1-5-18
	Account Name:		DESKTOP-0526O8D$
	Account Domain:		WORKGROUP
	Logon ID:		0x3E7

Object:
	Object Server:		Security
	Object Type:		Process
	Object Name:		\Device\HarddiskVolume4\Windows\System32\lsass.exe
	Handle ID:		0x2f4
	Resource Attributes:	-

Process Information:
	Process ID:		0x13b0
	Process Name:		C:\Windows\System32\wbem\WmiPrvSE.exe

Access Request Information:
	Transaction ID:		{00000000-0000-0000-0000-000000000000}
	Accesses:		Read from process memory
				Query process information
				Undefined Access (no effect) Bit 12
				
	Access Reasons:		-
	Access Mask:		0x1410
	Privileges Used for Access Check:	-
	Restricted SID Count:	0","4656","1",,"0","12802","0","-9214364837600034816","249444","Microsoft-Windows-Security-Auditing","54849625-5478-4994-a5ba-3e3b0328c30d","Security","4","1460","DESKTOP-0526O8D",,"8/5/2019 5:57:35 PM",,,"h:\subhamoy_logs\new\step 11_notgrantedaccessexecutionpython-accno_subhamoy.evtx","System.UInt32[]","System.Diagnostics.Eventing.Reader.EventBookmark","Information","Info","Kernel Object","System.Collections.ObjectModel.ReadOnlyCollection`1[System.String]","System.Collections.Generic.List`1[System.Diagnostics.Eventing.Reader.EventProperty]"
"The handle to an object was closed.

Subject :
	Security ID:		S-1-5-18
	Account Name:		DESKTOP-0526O8D$
	Account Domain:		WORKGROUP
	Logon ID:		0x3E7

Object:
	Object Server:		Security
	Handle ID:		0x2d28

Process Information:
	Process ID:		0x13b0
	Process Name:		C:\Windows\System32\wbem\WmiPrvSE.exe","4658","0",,"0","12802","0","-9214364837600034816","249443","Microsoft-Windows-Security-Auditing","54849625-5478-4994-a5ba-3e3b0328c30d","Security","4","1460","DESKTOP-0526O8D",,"8/5/2019 5:57:35 PM",,,"h:\subhamoy_logs\new\step 11_notgrantedaccessexecutionpython-accno_subhamoy.evtx","System.UInt32[]","System.Diagnostics.Eventing.Reader.EventBookmark","Information","Info","Kernel Object","System.Collections.ObjectModel.ReadOnlyCollection`1[System.String]","System.Collections.Generic.List`1[System.Diagnostics.Eventing.Reader.EventProperty]"
"An attempt was made to duplicate a handle to an object.

Subject:
	Security ID:		S-1-5-18
	Account Name:		DESKTOP-0526O8D$
	Account Domain:		WORKGROUP
	Logon ID:		0x3E7

Source Handle Information:
	Source Handle ID:	0x2f4
	Source Process ID:	0x13b0

New Handle Information:
	Target Handle ID:	0x2d28
	Target Process ID:	0x4","4690","0",,"0","12807","0","-9214364837600034816","249442","Microsoft-Windows-Security-Auditing","54849625-5478-4994-a5ba-3e3b0328c30d","Security","4","1460","DESKTOP-0526O8D",,"8/5/2019 5:57:35 PM",,,"h:\subhamoy_logs\new\step 11_notgrantedaccessexecutionpython-accno_subhamoy.evtx","System.UInt32[]","System.Diagnostics.Eventing.Reader.EventBookmark","Information","Info","Handle Manipulation","System.Collections.ObjectModel.ReadOnlyCollection`1[System.String]","System.Collections.Generic.List`1[System.Diagnostics.Eventing.Reader.EventProperty]"
"The handle to an object was closed.

Subject :
	Security ID:		S-1-5-18
	Account Name:		DESKTOP-0526O8D$
	Account Domain:		WORKGROUP
	Logon ID:		0x3E7

Object:
	Object Server:		Security
	Handle ID:		0x2f4

Process Information:
	Process ID:		0x13b0
	Process Name:		C:\Windows\System32\wbem\WmiPrvSE.exe","4658","0",,"0","12802","0","-9214364837600034816","249441","Microsoft-Windows-Security-Auditing","54849625-5478-4994-a5ba-3e3b0328c30d","Security","4","8204","DESKTOP-0526O8D",,"8/5/2019 5:57:34 PM",,,"h:\subhamoy_logs\new\step 11_notgrantedaccessexecutionpython-accno_subhamoy.evtx","System.UInt32[]","System.Diagnostics.Eventing.Reader.EventBookmark","Information","Info","Kernel Object","System.Collections.ObjectModel.ReadOnlyCollection`1[System.String]","System.Collections.Generic.List`1[System.Diagnostics.Eventing.Reader.EventProperty]"
"An attempt was made to access an object.

Subject:
	Security ID:		S-1-5-18
	Account Name:		DESKTOP-0526O8D$
	Account Domain:		WORKGROUP
	Logon ID:		0x3E7

Object:
	Object Server:		Security
	Object Type:		Process
	Object Name:		\Device\HarddiskVolume4\Windows\System32\lsass.exe
	Handle ID:		0x2f4
	Resource Attributes:	-

Process Information:
	Process ID:		0x13b0
	Process Name:		C:\Windows\System32\wbem\WmiPrvSE.exe

Access Request Information:
	Accesses:		Read from process memory
				
	Access Mask:		0x10","4663","1",,"0","12802","0","-9214364837600034816","249440","Microsoft-Windows-Security-Auditing","54849625-5478-4994-a5ba-3e3b0328c30d","Security","4","8204","DESKTOP-0526O8D",,"8/5/2019 5:57:34 PM",,,"h:\subhamoy_logs\new\step 11_notgrantedaccessexecutionpython-accno_subhamoy.evtx","System.UInt32[]","System.Diagnostics.Eventing.Reader.EventBookmark","Information","Info","Kernel Object","System.Collections.ObjectModel.ReadOnlyCollection`1[System.String]","System.Collections.Generic.List`1[System.Diagnostics.Eventing.Reader.EventProperty]"
"A handle to an object was requested.

Subject:
	Security ID:		S-1-5-18
	Account Name:		DESKTOP-0526O8D$
	Account Domain:		WORKGROUP
	Logon ID:		0x3E7

Object:
	Object Server:		Security
	Object Type:		Process
	Object Name:		\Device\HarddiskVolume4\Windows\System32\lsass.exe
	Handle ID:		0x2f4
	Resource Attributes:	-

Process Information:
	Process ID:		0x13b0
	Process Name:		C:\Windows\System32\wbem\WmiPrvSE.exe

Access Request Information:
	Transaction ID:		{00000000-0000-0000-0000-000000000000}
	Accesses:		Read from process memory
				Query process information
				Undefined Access (no effect) Bit 12
				
	Access Reasons:		-
	Access Mask:		0x1410
	Privileges Used for Access Check:	-
	Restricted SID Count:	0","4656","1",,"0","12802","0","-9214364837600034816","249439","Microsoft-Windows-Security-Auditing","54849625-5478-4994-a5ba-3e3b0328c30d","Security","4","8204","DESKTOP-0526O8D",,"8/5/2019 5:57:34 PM",,,"h:\subhamoy_logs\new\step 11_notgrantedaccessexecutionpython-accno_subhamoy.evtx","System.UInt32[]","System.Diagnostics.Eventing.Reader.EventBookmark","Information","Info","Kernel Object","System.Collections.ObjectModel.ReadOnlyCollection`1[System.String]","System.Collections.Generic.List`1[System.Diagnostics.Eventing.Reader.EventProperty]"
"The handle to an object was closed.

Subject :
	Security ID:		S-1-5-18
	Account Name:		DESKTOP-0526O8D$
	Account Domain:		WORKGROUP
	Logon ID:		0x3E7

Object:
	Object Server:		Security
	Handle ID:		0x3d90

Process Information:
	Process ID:		0x13b0
	Process Name:		C:\Windows\System32\wbem\WmiPrvSE.exe","4658","0",,"0","12802","0","-9214364837600034816","249438","Microsoft-Windows-Security-Auditing","54849625-5478-4994-a5ba-3e3b0328c30d","Security","4","8204","DESKTOP-0526O8D",,"8/5/2019 5:57:34 PM",,,"h:\subhamoy_logs\new\step 11_notgrantedaccessexecutionpython-accno_subhamoy.evtx","System.UInt32[]","System.Diagnostics.Eventing.Reader.EventBookmark","Information","Info","Kernel Object","System.Collections.ObjectModel.ReadOnlyCollection`1[System.String]","System.Collections.Generic.List`1[System.Diagnostics.Eventing.Reader.EventProperty]"
"An attempt was made to duplicate a handle to an object.

Subject:
	Security ID:		S-1-5-18
	Account Name:		DESKTOP-0526O8D$
	Account Domain:		WORKGROUP
	Logon ID:		0x3E7

Source Handle Information:
	Source Handle ID:	0x2f4
	Source Process ID:	0x13b0

New Handle Information:
	Target Handle ID:	0x3d90
	Target Process ID:	0x4","4690","0",,"0","12807","0","-9214364837600034816","249437","Microsoft-Windows-Security-Auditing","54849625-5478-4994-a5ba-3e3b0328c30d","Security","4","8204","DESKTOP-0526O8D",,"8/5/2019 5:57:34 PM",,,"h:\subhamoy_logs\new\step 11_notgrantedaccessexecutionpython-accno_subhamoy.evtx","System.UInt32[]","System.Diagnostics.Eventing.Reader.EventBookmark","Information","Info","Handle Manipulation","System.Collections.ObjectModel.ReadOnlyCollection`1[System.String]","System.Collections.Generic.List`1[System.Diagnostics.Eventing.Reader.EventProperty]"
"The handle to an object was closed.

Subject :
	Security ID:		S-1-5-21-1874035555-1170827713-1978778435-1001
	Account Name:		DEBASHISH
	Account Domain:		DESKTOP-0526O8D
	Logon ID:		0x7DF7B3D

Object:
	Object Server:		Security
	Handle ID:		0xe24

Process Information:
	Process ID:		0x160c
	Process Name:		C:\Python27\pythonw.exe","4658","0",,"0","12800","0","-9214364837600034816","249436","Microsoft-Windows-Security-Auditing","54849625-5478-4994-a5ba-3e3b0328c30d","Security","4","1460","DESKTOP-0526O8D",,"8/5/2019 5:57:33 PM",,,"h:\subhamoy_logs\new\step 11_notgrantedaccessexecutionpython-accno_subhamoy.evtx","System.UInt32[]","System.Diagnostics.Eventing.Reader.EventBookmark","Information","Info","File System","System.Collections.ObjectModel.ReadOnlyCollection`1[System.String]","System.Collections.Generic.List`1[System.Diagnostics.Eventing.Reader.EventProperty]"
"An attempt was made to access an object.

Subject:
	Security ID:		S-1-5-21-1874035555-1170827713-1978778435-1001
	Account Name:		DEBASHISH
	Account Domain:		DESKTOP-0526O8D
	Logon ID:		0x7DF7B3D

Object:
	Object Server:		Security
	Object Type:		File
	Object Name:		H:\SUBHAMOY_LOGS\a
	Handle ID:		0xe24
	Resource Attributes:	S:AI

Process Information:
	Process ID:		0x160c
	Process Name:		C:\Python27\pythonw.exe

Access Request Information:
	Accesses:		ReadData (or ListDirectory)
				
	Access Mask:		0x1","4663","1",,"0","12800","0","-9214364837600034816","249435","Microsoft-Windows-Security-Auditing","54849625-5478-4994-a5ba-3e3b0328c30d","Security","4","1460","DESKTOP-0526O8D",,"8/5/2019 5:57:33 PM",,,"h:\subhamoy_logs\new\step 11_notgrantedaccessexecutionpython-accno_subhamoy.evtx","System.UInt32[]","System.Diagnostics.Eventing.Reader.EventBookmark","Information","Info","File System","System.Collections.ObjectModel.ReadOnlyCollection`1[System.String]","System.Collections.Generic.List`1[System.Diagnostics.Eventing.Reader.EventProperty]"
"A handle to an object was requested.

Subject:
	Security ID:		S-1-5-21-1874035555-1170827713-1978778435-1001
	Account Name:		DEBASHISH
	Account Domain:		DESKTOP-0526O8D
	Logon ID:		0x7DF7B3D

Object:
	Object Server:		Security
	Object Type:		File
	Object Name:		H:\SUBHAMOY_LOGS\a
	Handle ID:		0xe24
	Resource Attributes:	-

Process Information:
	Process ID:		0x160c
	Process Name:		C:\Python27\pythonw.exe

Access Request Information:
	Transaction ID:		{00000000-0000-0000-0000-000000000000}
	Accesses:		SYNCHRONIZE
				ReadData (or ListDirectory)
				ReadAttributes
				
	Access Reasons:		SYNCHRONIZE:	Granted by	D:(A;OICI;FA;;;S-1-5-21-1874035555-1170827713-1978778435-1001)
				ReadData (or ListDirectory):	Granted by	D:(A;OICI;FA;;;S-1-5-21-1874035555-1170827713-1978778435-1001)
				ReadAttributes:	Granted by	D:(A;OICI;FA;;;S-1-5-21-1874035555-1170827713-1978778435-1001)
				
	Access Mask:		0x100081
	Privileges Used for Access Check:	-
	Restricted SID Count:	0","4656","1",,"0","12800","0","-9214364837600034816","249434","Microsoft-Windows-Security-Auditing","54849625-5478-4994-a5ba-3e3b0328c30d","Security","4","1460","DESKTOP-0526O8D",,"8/5/2019 5:57:33 PM",,,"h:\subhamoy_logs\new\step 11_notgrantedaccessexecutionpython-accno_subhamoy.evtx","System.UInt32[]","System.Diagnostics.Eventing.Reader.EventBookmark","Information","Info","File System","System.Collections.ObjectModel.ReadOnlyCollection`1[System.String]","System.Collections.Generic.List`1[System.Diagnostics.Eventing.Reader.EventProperty]"
"The handle to an object was closed.

Subject :
	Security ID:		S-1-5-21-1874035555-1170827713-1978778435-1001
	Account Name:		DEBASHISH
	Account Domain:		DESKTOP-0526O8D
	Logon ID:		0x7DF7B3D

Object:
	Object Server:		Security
	Handle ID:		0x3d90

Process Information:
	Process ID:		0x160c
	Process Name:		C:\Python27\pythonw.exe","4658","0",,"0","12800","0","-9214364837600034816","249433","Microsoft-Windows-Security-Auditing","54849625-5478-4994-a5ba-3e3b0328c30d","Security","4","1460","DESKTOP-0526O8D",,"8/5/2019 5:57:33 PM",,,"h:\subhamoy_logs\new\step 11_notgrantedaccessexecutionpython-accno_subhamoy.evtx","System.UInt32[]","System.Diagnostics.Eventing.Reader.EventBookmark","Information","Info","File System","System.Collections.ObjectModel.ReadOnlyCollection`1[System.String]","System.Collections.Generic.List`1[System.Diagnostics.Eventing.Reader.EventProperty]"
"An attempt was made to duplicate a handle to an object.

Subject:
	Security ID:		S-1-5-21-1874035555-1170827713-1978778435-1001
	Account Name:		DEBASHISH
	Account Domain:		DESKTOP-0526O8D
	Logon ID:		0x7DF7B3D

Source Handle Information:
	Source Handle ID:	0xe24
	Source Process ID:	0x160c

New Handle Information:
	Target Handle ID:	0x3d90
	Target Process ID:	0x4","4690","0",,"0","12807","0","-9214364837600034816","249432","Microsoft-Windows-Security-Auditing","54849625-5478-4994-a5ba-3e3b0328c30d","Security","4","1460","DESKTOP-0526O8D",,"8/5/2019 5:57:33 PM",,,"h:\subhamoy_logs\new\step 11_notgrantedaccessexecutionpython-accno_subhamoy.evtx","System.UInt32[]","System.Diagnostics.Eventing.Reader.EventBookmark","Information","Info","Handle Manipulation","System.Collections.ObjectModel.ReadOnlyCollection`1[System.String]","System.Collections.Generic.List`1[System.Diagnostics.Eventing.Reader.EventProperty]"
"The handle to an object was closed.

Subject :
	Security ID:		S-1-5-18
	Account Name:		DESKTOP-0526O8D$
	Account Domain:		WORKGROUP
	Logon ID:		0x3E7

Object:
	Object Server:		Security
	Handle ID:		0x2f4

Process Information:
	Process ID:		0x13b0
	Process Name:		C:\Windows\System32\wbem\WmiPrvSE.exe","4658","0",,"0","12802","0","-9214364837600034816","249431","Microsoft-Windows-Security-Auditing","54849625-5478-4994-a5ba-3e3b0328c30d","Security","4","1460","DESKTOP-0526O8D",,"8/5/2019 5:57:33 PM",,,"h:\subhamoy_logs\new\step 11_notgrantedaccessexecutionpython-accno_subhamoy.evtx","System.UInt32[]","System.Diagnostics.Eventing.Reader.EventBookmark","Information","Info","Kernel Object","System.Collections.ObjectModel.ReadOnlyCollection`1[System.String]","System.Collections.Generic.List`1[System.Diagnostics.Eventing.Reader.EventProperty]"
"An attempt was made to access an object.

Subject:
	Security ID:		S-1-5-18
	Account Name:		DESKTOP-0526O8D$
	Account Domain:		WORKGROUP
	Logon ID:		0x3E7

Object:
	Object Server:		Security
	Object Type:		Process
	Object Name:		\Device\HarddiskVolume4\Windows\System32\lsass.exe
	Handle ID:		0x2f4
	Resource Attributes:	-

Process Information:
	Process ID:		0x13b0
	Process Name:		C:\Windows\System32\wbem\WmiPrvSE.exe

Access Request Information:
	Accesses:		Read from process memory
				
	Access Mask:		0x10","4663","1",,"0","12802","0","-9214364837600034816","249430","Microsoft-Windows-Security-Auditing","54849625-5478-4994-a5ba-3e3b0328c30d","Security","4","1460","DESKTOP-0526O8D",,"8/5/2019 5:57:33 PM",,,"h:\subhamoy_logs\new\step 11_notgrantedaccessexecutionpython-accno_subhamoy.evtx","System.UInt32[]","System.Diagnostics.Eventing.Reader.EventBookmark","Information","Info","Kernel Object","System.Collections.ObjectModel.ReadOnlyCollection`1[System.String]","System.Collections.Generic.List`1[System.Diagnostics.Eventing.Reader.EventProperty]"
"A handle to an object was requested.

Subject:
	Security ID:		S-1-5-18
	Account Name:		DESKTOP-0526O8D$
	Account Domain:		WORKGROUP
	Logon ID:		0x3E7

Object:
	Object Server:		Security
	Object Type:		Process
	Object Name:		\Device\HarddiskVolume4\Windows\System32\lsass.exe
	Handle ID:		0x2f4
	Resource Attributes:	-

Process Information:
	Process ID:		0x13b0
	Process Name:		C:\Windows\System32\wbem\WmiPrvSE.exe

Access Request Information:
	Transaction ID:		{00000000-0000-0000-0000-000000000000}
	Accesses:		Read from process memory
				Query process information
				Undefined Access (no effect) Bit 12
				
	Access Reasons:		-
	Access Mask:		0x1410
	Privileges Used for Access Check:	-
	Restricted SID Count:	0","4656","1",,"0","12802","0","-9214364837600034816","249429","Microsoft-Windows-Security-Auditing","54849625-5478-4994-a5ba-3e3b0328c30d","Security","4","1460","DESKTOP-0526O8D",,"8/5/2019 5:57:33 PM",,,"h:\subhamoy_logs\new\step 11_notgrantedaccessexecutionpython-accno_subhamoy.evtx","System.UInt32[]","System.Diagnostics.Eventing.Reader.EventBookmark","Information","Info","Kernel Object","System.Collections.ObjectModel.ReadOnlyCollection`1[System.String]","System.Collections.Generic.List`1[System.Diagnostics.Eventing.Reader.EventProperty]"
"The handle to an object was closed.

Subject :
	Security ID:		S-1-5-18
	Account Name:		DESKTOP-0526O8D$
	Account Domain:		WORKGROUP
	Logon ID:		0x3E7

Object:
	Object Server:		Security
	Handle ID:		0x3d90

Process Information:
	Process ID:		0x13b0
	Process Name:		C:\Windows\System32\wbem\WmiPrvSE.exe","4658","0",,"0","12802","0","-9214364837600034816","249428","Microsoft-Windows-Security-Auditing","54849625-5478-4994-a5ba-3e3b0328c30d","Security","4","1460","DESKTOP-0526O8D",,"8/5/2019 5:57:33 PM",,,"h:\subhamoy_logs\new\step 11_notgrantedaccessexecutionpython-accno_subhamoy.evtx","System.UInt32[]","System.Diagnostics.Eventing.Reader.EventBookmark","Information","Info","Kernel Object","System.Collections.ObjectModel.ReadOnlyCollection`1[System.String]","System.Collections.Generic.List`1[System.Diagnostics.Eventing.Reader.EventProperty]"
"An attempt was made to duplicate a handle to an object.

Subject:
	Security ID:		S-1-5-18
	Account Name:		DESKTOP-0526O8D$
	Account Domain:		WORKGROUP
	Logon ID:		0x3E7

Source Handle Information:
	Source Handle ID:	0x2f4
	Source Process ID:	0x13b0

New Handle Information:
	Target Handle ID:	0x3d90
	Target Process ID:	0x4","4690","0",,"0","12807","0","-9214364837600034816","249427","Microsoft-Windows-Security-Auditing","54849625-5478-4994-a5ba-3e3b0328c30d","Security","4","1460","DESKTOP-0526O8D",,"8/5/2019 5:57:33 PM",,,"h:\subhamoy_logs\new\step 11_notgrantedaccessexecutionpython-accno_subhamoy.evtx","System.UInt32[]","System.Diagnostics.Eventing.Reader.EventBookmark","Information","Info","Handle Manipulation","System.Collections.ObjectModel.ReadOnlyCollection`1[System.String]","System.Collections.Generic.List`1[System.Diagnostics.Eventing.Reader.EventProperty]"
"The handle to an object was closed.

Subject :
	Security ID:		S-1-5-18
	Account Name:		DESKTOP-0526O8D$
	Account Domain:		WORKGROUP
	Logon ID:		0x3E7

Object:
	Object Server:		Security
	Handle ID:		0x2f4

Process Information:
	Process ID:		0x13b0
	Process Name:		C:\Windows\System32\wbem\WmiPrvSE.exe","4658","0",,"0","12802","0","-9214364837600034816","249426","Microsoft-Windows-Security-Auditing","54849625-5478-4994-a5ba-3e3b0328c30d","Security","4","8204","DESKTOP-0526O8D",,"8/5/2019 5:57:32 PM",,,"h:\subhamoy_logs\new\step 11_notgrantedaccessexecutionpython-accno_subhamoy.evtx","System.UInt32[]","System.Diagnostics.Eventing.Reader.EventBookmark","Information","Info","Kernel Object","System.Collections.ObjectModel.ReadOnlyCollection`1[System.String]","System.Collections.Generic.List`1[System.Diagnostics.Eventing.Reader.EventProperty]"
"An attempt was made to access an object.

Subject:
	Security ID:		S-1-5-18
	Account Name:		DESKTOP-0526O8D$
	Account Domain:		WORKGROUP
	Logon ID:		0x3E7

Object:
	Object Server:		Security
	Object Type:		Process
	Object Name:		\Device\HarddiskVolume4\Windows\System32\lsass.exe
	Handle ID:		0x2f4
	Resource Attributes:	-

Process Information:
	Process ID:		0x13b0
	Process Name:		C:\Windows\System32\wbem\WmiPrvSE.exe

Access Request Information:
	Accesses:		Read from process memory
				
	Access Mask:		0x10","4663","1",,"0","12802","0","-9214364837600034816","249425","Microsoft-Windows-Security-Auditing","54849625-5478-4994-a5ba-3e3b0328c30d","Security","4","8204","DESKTOP-0526O8D",,"8/5/2019 5:57:32 PM",,,"h:\subhamoy_logs\new\step 11_notgrantedaccessexecutionpython-accno_subhamoy.evtx","System.UInt32[]","System.Diagnostics.Eventing.Reader.EventBookmark","Information","Info","Kernel Object","System.Collections.ObjectModel.ReadOnlyCollection`1[System.String]","System.Collections.Generic.List`1[System.Diagnostics.Eventing.Reader.EventProperty]"
"A handle to an object was requested.

Subject:
	Security ID:		S-1-5-18
	Account Name:		DESKTOP-0526O8D$
	Account Domain:		WORKGROUP
	Logon ID:		0x3E7

Object:
	Object Server:		Security
	Object Type:		Process
	Object Name:		\Device\HarddiskVolume4\Windows\System32\lsass.exe
	Handle ID:		0x2f4
	Resource Attributes:	-

Process Information:
	Process ID:		0x13b0
	Process Name:		C:\Windows\System32\wbem\WmiPrvSE.exe

Access Request Information:
	Transaction ID:		{00000000-0000-0000-0000-000000000000}
	Accesses:		Read from process memory
				Query process information
				Undefined Access (no effect) Bit 12
				
	Access Reasons:		-
	Access Mask:		0x1410
	Privileges Used for Access Check:	-
	Restricted SID Count:	0","4656","1",,"0","12802","0","-9214364837600034816","249424","Microsoft-Windows-Security-Auditing","54849625-5478-4994-a5ba-3e3b0328c30d","Security","4","8204","DESKTOP-0526O8D",,"8/5/2019 5:57:32 PM",,,"h:\subhamoy_logs\new\step 11_notgrantedaccessexecutionpython-accno_subhamoy.evtx","System.UInt32[]","System.Diagnostics.Eventing.Reader.EventBookmark","Information","Info","Kernel Object","System.Collections.ObjectModel.ReadOnlyCollection`1[System.String]","System.Collections.Generic.List`1[System.Diagnostics.Eventing.Reader.EventProperty]"
"The handle to an object was closed.

Subject :
	Security ID:		S-1-5-18
	Account Name:		DESKTOP-0526O8D$
	Account Domain:		WORKGROUP
	Logon ID:		0x3E7

Object:
	Object Server:		Security
	Handle ID:		0x3d90

Process Information:
	Process ID:		0x13b0
	Process Name:		C:\Windows\System32\wbem\WmiPrvSE.exe","4658","0",,"0","12802","0","-9214364837600034816","249423","Microsoft-Windows-Security-Auditing","54849625-5478-4994-a5ba-3e3b0328c30d","Security","4","8204","DESKTOP-0526O8D",,"8/5/2019 5:57:32 PM",,,"h:\subhamoy_logs\new\step 11_notgrantedaccessexecutionpython-accno_subhamoy.evtx","System.UInt32[]","System.Diagnostics.Eventing.Reader.EventBookmark","Information","Info","Kernel Object","System.Collections.ObjectModel.ReadOnlyCollection`1[System.String]","System.Collections.Generic.List`1[System.Diagnostics.Eventing.Reader.EventProperty]"
"An attempt was made to duplicate a handle to an object.

Subject:
	Security ID:		S-1-5-18
	Account Name:		DESKTOP-0526O8D$
	Account Domain:		WORKGROUP
	Logon ID:		0x3E7

Source Handle Information:
	Source Handle ID:	0x2f4
	Source Process ID:	0x13b0

New Handle Information:
	Target Handle ID:	0x3d90
	Target Process ID:	0x4","4690","0",,"0","12807","0","-9214364837600034816","249422","Microsoft-Windows-Security-Auditing","54849625-5478-4994-a5ba-3e3b0328c30d","Security","4","8204","DESKTOP-0526O8D",,"8/5/2019 5:57:32 PM",,,"h:\subhamoy_logs\new\step 11_notgrantedaccessexecutionpython-accno_subhamoy.evtx","System.UInt32[]","System.Diagnostics.Eventing.Reader.EventBookmark","Information","Info","Handle Manipulation","System.Collections.ObjectModel.ReadOnlyCollection`1[System.String]","System.Collections.Generic.List`1[System.Diagnostics.Eventing.Reader.EventProperty]"
"The handle to an object was closed.

Subject :
	Security ID:		S-1-5-18
	Account Name:		DESKTOP-0526O8D$
	Account Domain:		WORKGROUP
	Logon ID:		0x3E7

Object:
	Object Server:		Security
	Handle ID:		0x2e4

Process Information:
	Process ID:		0x13b0
	Process Name:		C:\Windows\System32\wbem\WmiPrvSE.exe","4658","0",,"0","12802","0","-9214364837600034816","249421","Microsoft-Windows-Security-Auditing","54849625-5478-4994-a5ba-3e3b0328c30d","Security","4","6332","DESKTOP-0526O8D",,"8/5/2019 5:57:31 PM",,,"h:\subhamoy_logs\new\step 11_notgrantedaccessexecutionpython-accno_subhamoy.evtx","System.UInt32[]","System.Diagnostics.Eventing.Reader.EventBookmark","Information","Info","Kernel Object","System.Collections.ObjectModel.ReadOnlyCollection`1[System.String]","System.Collections.Generic.List`1[System.Diagnostics.Eventing.Reader.EventProperty]"
"An attempt was made to access an object.

Subject:
	Security ID:		S-1-5-18
	Account Name:		DESKTOP-0526O8D$
	Account Domain:		WORKGROUP
	Logon ID:		0x3E7

Object:
	Object Server:		Security
	Object Type:		Process
	Object Name:		\Device\HarddiskVolume4\Windows\System32\lsass.exe
	Handle ID:		0x2e4
	Resource Attributes:	-

Process Information:
	Process ID:		0x13b0
	Process Name:		C:\Windows\System32\wbem\WmiPrvSE.exe

Access Request Information:
	Accesses:		Read from process memory
				
	Access Mask:		0x10","4663","1",,"0","12802","0","-9214364837600034816","249420","Microsoft-Windows-Security-Auditing","54849625-5478-4994-a5ba-3e3b0328c30d","Security","4","6332","DESKTOP-0526O8D",,"8/5/2019 5:57:31 PM",,,"h:\subhamoy_logs\new\step 11_notgrantedaccessexecutionpython-accno_subhamoy.evtx","System.UInt32[]","System.Diagnostics.Eventing.Reader.EventBookmark","Information","Info","Kernel Object","System.Collections.ObjectModel.ReadOnlyCollection`1[System.String]","System.Collections.Generic.List`1[System.Diagnostics.Eventing.Reader.EventProperty]"
"A handle to an object was requested.

Subject:
	Security ID:		S-1-5-18
	Account Name:		DESKTOP-0526O8D$
	Account Domain:		WORKGROUP
	Logon ID:		0x3E7

Object:
	Object Server:		Security
	Object Type:		Process
	Object Name:		\Device\HarddiskVolume4\Windows\System32\lsass.exe
	Handle ID:		0x2e4
	Resource Attributes:	-

Process Information:
	Process ID:		0x13b0
	Process Name:		C:\Windows\System32\wbem\WmiPrvSE.exe

Access Request Information:
	Transaction ID:		{00000000-0000-0000-0000-000000000000}
	Accesses:		Read from process memory
				Query process information
				Undefined Access (no effect) Bit 12
				
	Access Reasons:		-
	Access Mask:		0x1410
	Privileges Used for Access Check:	-
	Restricted SID Count:	0","4656","1",,"0","12802","0","-9214364837600034816","249419","Microsoft-Windows-Security-Auditing","54849625-5478-4994-a5ba-3e3b0328c30d","Security","4","6332","DESKTOP-0526O8D",,"8/5/2019 5:57:31 PM",,,"h:\subhamoy_logs\new\step 11_notgrantedaccessexecutionpython-accno_subhamoy.evtx","System.UInt32[]","System.Diagnostics.Eventing.Reader.EventBookmark","Information","Info","Kernel Object","System.Collections.ObjectModel.ReadOnlyCollection`1[System.String]","System.Collections.Generic.List`1[System.Diagnostics.Eventing.Reader.EventProperty]"
"The handle to an object was closed.

Subject :
	Security ID:		S-1-5-18
	Account Name:		DESKTOP-0526O8D$
	Account Domain:		WORKGROUP
	Logon ID:		0x3E7

Object:
	Object Server:		Security
	Handle ID:		0x3d90

Process Information:
	Process ID:		0x13b0
	Process Name:		C:\Windows\System32\wbem\WmiPrvSE.exe","4658","0",,"0","12802","0","-9214364837600034816","249418","Microsoft-Windows-Security-Auditing","54849625-5478-4994-a5ba-3e3b0328c30d","Security","4","6332","DESKTOP-0526O8D",,"8/5/2019 5:57:31 PM",,,"h:\subhamoy_logs\new\step 11_notgrantedaccessexecutionpython-accno_subhamoy.evtx","System.UInt32[]","System.Diagnostics.Eventing.Reader.EventBookmark","Information","Info","Kernel Object","System.Collections.ObjectModel.ReadOnlyCollection`1[System.String]","System.Collections.Generic.List`1[System.Diagnostics.Eventing.Reader.EventProperty]"
"An attempt was made to duplicate a handle to an object.

Subject:
	Security ID:		S-1-5-18
	Account Name:		DESKTOP-0526O8D$
	Account Domain:		WORKGROUP
	Logon ID:		0x3E7

Source Handle Information:
	Source Handle ID:	0x2e4
	Source Process ID:	0x13b0

New Handle Information:
	Target Handle ID:	0x3d90
	Target Process ID:	0x4","4690","0",,"0","12807","0","-9214364837600034816","249417","Microsoft-Windows-Security-Auditing","54849625-5478-4994-a5ba-3e3b0328c30d","Security","4","6332","DESKTOP-0526O8D",,"8/5/2019 5:57:31 PM",,,"h:\subhamoy_logs\new\step 11_notgrantedaccessexecutionpython-accno_subhamoy.evtx","System.UInt32[]","System.Diagnostics.Eventing.Reader.EventBookmark","Information","Info","Handle Manipulation","System.Collections.ObjectModel.ReadOnlyCollection`1[System.String]","System.Collections.Generic.List`1[System.Diagnostics.Eventing.Reader.EventProperty]"
"The handle to an object was closed.

Subject :
	Security ID:		S-1-5-18
	Account Name:		DESKTOP-0526O8D$
	Account Domain:		WORKGROUP
	Logon ID:		0x3E7

Object:
	Object Server:		Security
	Handle ID:		0x5f4

Process Information:
	Process ID:		0x13b0
	Process Name:		C:\Windows\System32\wbem\WmiPrvSE.exe","4658","0",,"0","12802","0","-9214364837600034816","249416","Microsoft-Windows-Security-Auditing","54849625-5478-4994-a5ba-3e3b0328c30d","Security","4","1460","DESKTOP-0526O8D",,"8/5/2019 5:57:30 PM",,,"h:\subhamoy_logs\new\step 11_notgrantedaccessexecutionpython-accno_subhamoy.evtx","System.UInt32[]","System.Diagnostics.Eventing.Reader.EventBookmark","Information","Info","Kernel Object","System.Collections.ObjectModel.ReadOnlyCollection`1[System.String]","System.Collections.Generic.List`1[System.Diagnostics.Eventing.Reader.EventProperty]"
"An attempt was made to access an object.

Subject:
	Security ID:		S-1-5-18
	Account Name:		DESKTOP-0526O8D$
	Account Domain:		WORKGROUP
	Logon ID:		0x3E7

Object:
	Object Server:		Security
	Object Type:		Process
	Object Name:		\Device\HarddiskVolume4\Windows\System32\lsass.exe
	Handle ID:		0x5f4
	Resource Attributes:	-

Process Information:
	Process ID:		0x13b0
	Process Name:		C:\Windows\System32\wbem\WmiPrvSE.exe

Access Request Information:
	Accesses:		Read from process memory
				
	Access Mask:		0x10","4663","1",,"0","12802","0","-9214364837600034816","249415","Microsoft-Windows-Security-Auditing","54849625-5478-4994-a5ba-3e3b0328c30d","Security","4","1460","DESKTOP-0526O8D",,"8/5/2019 5:57:30 PM",,,"h:\subhamoy_logs\new\step 11_notgrantedaccessexecutionpython-accno_subhamoy.evtx","System.UInt32[]","System.Diagnostics.Eventing.Reader.EventBookmark","Information","Info","Kernel Object","System.Collections.ObjectModel.ReadOnlyCollection`1[System.String]","System.Collections.Generic.List`1[System.Diagnostics.Eventing.Reader.EventProperty]"
"A handle to an object was requested.

Subject:
	Security ID:		S-1-5-18
	Account Name:		DESKTOP-0526O8D$
	Account Domain:		WORKGROUP
	Logon ID:		0x3E7

Object:
	Object Server:		Security
	Object Type:		Process
	Object Name:		\Device\HarddiskVolume4\Windows\System32\lsass.exe
	Handle ID:		0x5f4
	Resource Attributes:	-

Process Information:
	Process ID:		0x13b0
	Process Name:		C:\Windows\System32\wbem\WmiPrvSE.exe

Access Request Information:
	Transaction ID:		{00000000-0000-0000-0000-000000000000}
	Accesses:		Read from process memory
				Query process information
				Undefined Access (no effect) Bit 12
				
	Access Reasons:		-
	Access Mask:		0x1410
	Privileges Used for Access Check:	-
	Restricted SID Count:	0","4656","1",,"0","12802","0","-9214364837600034816","249414","Microsoft-Windows-Security-Auditing","54849625-5478-4994-a5ba-3e3b0328c30d","Security","4","1460","DESKTOP-0526O8D",,"8/5/2019 5:57:30 PM",,,"h:\subhamoy_logs\new\step 11_notgrantedaccessexecutionpython-accno_subhamoy.evtx","System.UInt32[]","System.Diagnostics.Eventing.Reader.EventBookmark","Information","Info","Kernel Object","System.Collections.ObjectModel.ReadOnlyCollection`1[System.String]","System.Collections.Generic.List`1[System.Diagnostics.Eventing.Reader.EventProperty]"
"The handle to an object was closed.

Subject :
	Security ID:		S-1-5-18
	Account Name:		DESKTOP-0526O8D$
	Account Domain:		WORKGROUP
	Logon ID:		0x3E7

Object:
	Object Server:		Security
	Handle ID:		0x3d90

Process Information:
	Process ID:		0x13b0
	Process Name:		C:\Windows\System32\wbem\WmiPrvSE.exe","4658","0",,"0","12802","0","-9214364837600034816","249413","Microsoft-Windows-Security-Auditing","54849625-5478-4994-a5ba-3e3b0328c30d","Security","4","1460","DESKTOP-0526O8D",,"8/5/2019 5:57:30 PM",,,"h:\subhamoy_logs\new\step 11_notgrantedaccessexecutionpython-accno_subhamoy.evtx","System.UInt32[]","System.Diagnostics.Eventing.Reader.EventBookmark","Information","Info","Kernel Object","System.Collections.ObjectModel.ReadOnlyCollection`1[System.String]","System.Collections.Generic.List`1[System.Diagnostics.Eventing.Reader.EventProperty]"
"An attempt was made to duplicate a handle to an object.

Subject:
	Security ID:		S-1-5-18
	Account Name:		DESKTOP-0526O8D$
	Account Domain:		WORKGROUP
	Logon ID:		0x3E7

Source Handle Information:
	Source Handle ID:	0x5f4
	Source Process ID:	0x13b0

New Handle Information:
	Target Handle ID:	0x3d90
	Target Process ID:	0x4","4690","0",,"0","12807","0","-9214364837600034816","249412","Microsoft-Windows-Security-Auditing","54849625-5478-4994-a5ba-3e3b0328c30d","Security","4","1460","DESKTOP-0526O8D",,"8/5/2019 5:57:30 PM",,,"h:\subhamoy_logs\new\step 11_notgrantedaccessexecutionpython-accno_subhamoy.evtx","System.UInt32[]","System.Diagnostics.Eventing.Reader.EventBookmark","Information","Info","Handle Manipulation","System.Collections.ObjectModel.ReadOnlyCollection`1[System.String]","System.Collections.Generic.List`1[System.Diagnostics.Eventing.Reader.EventProperty]"
"The handle to an object was closed.

Subject :
	Security ID:		S-1-5-18
	Account Name:		DESKTOP-0526O8D$
	Account Domain:		WORKGROUP
	Logon ID:		0x3E7

Object:
	Object Server:		Security
	Handle ID:		0x5f4

Process Information:
	Process ID:		0x13b0
	Process Name:		C:\Windows\System32\wbem\WmiPrvSE.exe","4658","0",,"0","12802","0","-9214364837600034816","249411","Microsoft-Windows-Security-Auditing","54849625-5478-4994-a5ba-3e3b0328c30d","Security","4","8204","DESKTOP-0526O8D",,"8/5/2019 5:57:28 PM",,,"h:\subhamoy_logs\new\step 11_notgrantedaccessexecutionpython-accno_subhamoy.evtx","System.UInt32[]","System.Diagnostics.Eventing.Reader.EventBookmark","Information","Info","Kernel Object","System.Collections.ObjectModel.ReadOnlyCollection`1[System.String]","System.Collections.Generic.List`1[System.Diagnostics.Eventing.Reader.EventProperty]"
"An attempt was made to access an object.

Subject:
	Security ID:		S-1-5-18
	Account Name:		DESKTOP-0526O8D$
	Account Domain:		WORKGROUP
	Logon ID:		0x3E7

Object:
	Object Server:		Security
	Object Type:		Process
	Object Name:		\Device\HarddiskVolume4\Windows\System32\lsass.exe
	Handle ID:		0x5f4
	Resource Attributes:	-

Process Information:
	Process ID:		0x13b0
	Process Name:		C:\Windows\System32\wbem\WmiPrvSE.exe

Access Request Information:
	Accesses:		Read from process memory
				
	Access Mask:		0x10","4663","1",,"0","12802","0","-9214364837600034816","249410","Microsoft-Windows-Security-Auditing","54849625-5478-4994-a5ba-3e3b0328c30d","Security","4","8204","DESKTOP-0526O8D",,"8/5/2019 5:57:28 PM",,,"h:\subhamoy_logs\new\step 11_notgrantedaccessexecutionpython-accno_subhamoy.evtx","System.UInt32[]","System.Diagnostics.Eventing.Reader.EventBookmark","Information","Info","Kernel Object","System.Collections.ObjectModel.ReadOnlyCollection`1[System.String]","System.Collections.Generic.List`1[System.Diagnostics.Eventing.Reader.EventProperty]"
"A handle to an object was requested.

Subject:
	Security ID:		S-1-5-18
	Account Name:		DESKTOP-0526O8D$
	Account Domain:		WORKGROUP
	Logon ID:		0x3E7

Object:
	Object Server:		Security
	Object Type:		Process
	Object Name:		\Device\HarddiskVolume4\Windows\System32\lsass.exe
	Handle ID:		0x5f4
	Resource Attributes:	-

Process Information:
	Process ID:		0x13b0
	Process Name:		C:\Windows\System32\wbem\WmiPrvSE.exe

Access Request Information:
	Transaction ID:		{00000000-0000-0000-0000-000000000000}
	Accesses:		Read from process memory
				Query process information
				Undefined Access (no effect) Bit 12
				
	Access Reasons:		-
	Access Mask:		0x1410
	Privileges Used for Access Check:	-
	Restricted SID Count:	0","4656","1",,"0","12802","0","-9214364837600034816","249409","Microsoft-Windows-Security-Auditing","54849625-5478-4994-a5ba-3e3b0328c30d","Security","4","8204","DESKTOP-0526O8D",,"8/5/2019 5:57:28 PM",,,"h:\subhamoy_logs\new\step 11_notgrantedaccessexecutionpython-accno_subhamoy.evtx","System.UInt32[]","System.Diagnostics.Eventing.Reader.EventBookmark","Information","Info","Kernel Object","System.Collections.ObjectModel.ReadOnlyCollection`1[System.String]","System.Collections.Generic.List`1[System.Diagnostics.Eventing.Reader.EventProperty]"
"The handle to an object was closed.

Subject :
