	Security ID:		S-1-5-18
	Account Name:		DESKTOP-0526O8D$
	Account Domain:		WORKGROUP
	Logon ID:		0x3E7

Object:
	Object Server:		Security
	Handle ID:		0x53c

Process Information:
	Process ID:		0x13b0
	Process Name:		C:\Windows\System32\wbem\WmiPrvSE.exe","4658","0",,"0","12802","0","-9214364837600034816","248997","Microsoft-Windows-Security-Auditing","54849625-5478-4994-a5ba-3e3b0328c30d","Security","4","12724","DESKTOP-0526O8D",,"8/5/2019 5:56:22 PM",,,"h:\subhamoy_logs\new\step 10_fileaccessdenied-accno_subhamoy.evtx","System.UInt32[]","System.Diagnostics.Eventing.Reader.EventBookmark","Information","Info","Kernel Object","System.Collections.ObjectModel.ReadOnlyCollection`1[System.String]","System.Collections.Generic.List`1[System.Diagnostics.Eventing.Reader.EventProperty]"
"An attempt was made to access an object.

Subject:
	Security ID:		S-1-5-18
	Account Name:		DESKTOP-0526O8D$
	Account Domain:		WORKGROUP
	Logon ID:		0x3E7

Object:
	Object Server:		Security
	Object Type:		Process
	Object Name:		\Device\HarddiskVolume4\Windows\System32\lsass.exe
	Handle ID:		0x53c
	Resource Attributes:	-

Process Information:
	Process ID:		0x13b0
	Process Name:		C:\Windows\System32\wbem\WmiPrvSE.exe

Access Request Information:
	Accesses:		Read from process memory
				
	Access Mask:		0x10","4663","1",,"0","12802","0","-9214364837600034816","248996","Microsoft-Windows-Security-Auditing","54849625-5478-4994-a5ba-3e3b0328c30d","Security","4","12724","DESKTOP-0526O8D",,"8/5/2019 5:56:22 PM",,,"h:\subhamoy_logs\new\step 10_fileaccessdenied-accno_subhamoy.evtx","System.UInt32[]","System.Diagnostics.Eventing.Reader.EventBookmark","Information","Info","Kernel Object","System.Collections.ObjectModel.ReadOnlyCollection`1[System.String]","System.Collections.Generic.List`1[System.Diagnostics.Eventing.Reader.EventProperty]"
"A handle to an object was requested.

Subject:
	Security ID:		S-1-5-18
	Account Name:		DESKTOP-0526O8D$
	Account Domain:		WORKGROUP
	Logon ID:		0x3E7

Object:
	Object Server:		Security
	Object Type:		Process
	Object Name:		\Device\HarddiskVolume4\Windows\System32\lsass.exe
	Handle ID:		0x53c
	Resource Attributes:	-

Process Information:
	Process ID:		0x13b0
	Process Name:		C:\Windows\System32\wbem\WmiPrvSE.exe

Access Request Information:
	Transaction ID:		{00000000-0000-0000-0000-000000000000}
	Accesses:		Read from process memory
				Query process information
				Undefined Access (no effect) Bit 12
				
	Access Reasons:		-
	Access Mask:		0x1410
	Privileges Used for Access Check:	-
	Restricted SID Count:	0","4656","1",,"0","12802","0","-9214364837600034816","248995","Microsoft-Windows-Security-Auditing","54849625-5478-4994-a5ba-3e3b0328c30d","Security","4","12724","DESKTOP-0526O8D",,"8/5/2019 5:56:22 PM",,,"h:\subhamoy_logs\new\step 10_fileaccessdenied-accno_subhamoy.evtx","System.UInt32[]","System.Diagnostics.Eventing.Reader.EventBookmark","Information","Info","Kernel Object","System.Collections.ObjectModel.ReadOnlyCollection`1[System.String]","System.Collections.Generic.List`1[System.Diagnostics.Eventing.Reader.EventProperty]"
"The handle to an object was closed.

Subject :
	Security ID:		S-1-5-18
	Account Name:		DESKTOP-0526O8D$
	Account Domain:		WORKGROUP
	Logon ID:		0x3E7

Object:
	Object Server:		Security
	Handle ID:		0x10ec

Process Information:
	Process ID:		0x13b0
	Process Name:		C:\Windows\System32\wbem\WmiPrvSE.exe","4658","0",,"0","12802","0","-9214364837600034816","248994","Microsoft-Windows-Security-Auditing","54849625-5478-4994-a5ba-3e3b0328c30d","Security","4","12724","DESKTOP-0526O8D",,"8/5/2019 5:56:22 PM",,,"h:\subhamoy_logs\new\step 10_fileaccessdenied-accno_subhamoy.evtx","System.UInt32[]","System.Diagnostics.Eventing.Reader.EventBookmark","Information","Info","Kernel Object","System.Collections.ObjectModel.ReadOnlyCollection`1[System.String]","System.Collections.Generic.List`1[System.Diagnostics.Eventing.Reader.EventProperty]"
"An attempt was made to duplicate a handle to an object.

Subject:
	Security ID:		S-1-5-18
	Account Name:		DESKTOP-0526O8D$
	Account Domain:		WORKGROUP
	Logon ID:		0x3E7

Source Handle Information:
	Source Handle ID:	0x53c
	Source Process ID:	0x13b0

New Handle Information:
	Target Handle ID:	0x10ec
	Target Process ID:	0x4","4690","0",,"0","12807","0","-9214364837600034816","248993","Microsoft-Windows-Security-Auditing","54849625-5478-4994-a5ba-3e3b0328c30d","Security","4","12724","DESKTOP-0526O8D",,"8/5/2019 5:56:22 PM",,,"h:\subhamoy_logs\new\step 10_fileaccessdenied-accno_subhamoy.evtx","System.UInt32[]","System.Diagnostics.Eventing.Reader.EventBookmark","Information","Info","Handle Manipulation","System.Collections.ObjectModel.ReadOnlyCollection`1[System.String]","System.Collections.Generic.List`1[System.Diagnostics.Eventing.Reader.EventProperty]"
"The handle to an object was closed.

Subject :
	Security ID:		S-1-5-18
	Account Name:		DESKTOP-0526O8D$
	Account Domain:		WORKGROUP
	Logon ID:		0x3E7

Object:
	Object Server:		Security
	Handle ID:		0x53c

Process Information:
	Process ID:		0x13b0
	Process Name:		C:\Windows\System32\wbem\WmiPrvSE.exe","4658","0",,"0","12802","0","-9214364837600034816","248992","Microsoft-Windows-Security-Auditing","54849625-5478-4994-a5ba-3e3b0328c30d","Security","4","12724","DESKTOP-0526O8D",,"8/5/2019 5:56:21 PM",,,"h:\subhamoy_logs\new\step 10_fileaccessdenied-accno_subhamoy.evtx","System.UInt32[]","System.Diagnostics.Eventing.Reader.EventBookmark","Information","Info","Kernel Object","System.Collections.ObjectModel.ReadOnlyCollection`1[System.String]","System.Collections.Generic.List`1[System.Diagnostics.Eventing.Reader.EventProperty]"
"An attempt was made to access an object.

Subject:
	Security ID:		S-1-5-18
	Account Name:		DESKTOP-0526O8D$
	Account Domain:		WORKGROUP
	Logon ID:		0x3E7

Object:
	Object Server:		Security
	Object Type:		Process
	Object Name:		\Device\HarddiskVolume4\Windows\System32\lsass.exe
	Handle ID:		0x53c
	Resource Attributes:	-

Process Information:
	Process ID:		0x13b0
	Process Name:		C:\Windows\System32\wbem\WmiPrvSE.exe

Access Request Information:
	Accesses:		Read from process memory
				
	Access Mask:		0x10","4663","1",,"0","12802","0","-9214364837600034816","248991","Microsoft-Windows-Security-Auditing","54849625-5478-4994-a5ba-3e3b0328c30d","Security","4","12724","DESKTOP-0526O8D",,"8/5/2019 5:56:21 PM",,,"h:\subhamoy_logs\new\step 10_fileaccessdenied-accno_subhamoy.evtx","System.UInt32[]","System.Diagnostics.Eventing.Reader.EventBookmark","Information","Info","Kernel Object","System.Collections.ObjectModel.ReadOnlyCollection`1[System.String]","System.Collections.Generic.List`1[System.Diagnostics.Eventing.Reader.EventProperty]"
"A handle to an object was requested.

Subject:
	Security ID:		S-1-5-18
	Account Name:		DESKTOP-0526O8D$
	Account Domain:		WORKGROUP
	Logon ID:		0x3E7

Object:
	Object Server:		Security
	Object Type:		Process
	Object Name:		\Device\HarddiskVolume4\Windows\System32\lsass.exe
	Handle ID:		0x53c
	Resource Attributes:	-

Process Information:
	Process ID:		0x13b0
	Process Name:		C:\Windows\System32\wbem\WmiPrvSE.exe

Access Request Information:
	Transaction ID:		{00000000-0000-0000-0000-000000000000}
	Accesses:		Read from process memory
				Query process information
				Undefined Access (no effect) Bit 12
				
	Access Reasons:		-
	Access Mask:		0x1410
	Privileges Used for Access Check:	-
	Restricted SID Count:	0","4656","1",,"0","12802","0","-9214364837600034816","248990","Microsoft-Windows-Security-Auditing","54849625-5478-4994-a5ba-3e3b0328c30d","Security","4","12724","DESKTOP-0526O8D",,"8/5/2019 5:56:21 PM",,,"h:\subhamoy_logs\new\step 10_fileaccessdenied-accno_subhamoy.evtx","System.UInt32[]","System.Diagnostics.Eventing.Reader.EventBookmark","Information","Info","Kernel Object","System.Collections.ObjectModel.ReadOnlyCollection`1[System.String]","System.Collections.Generic.List`1[System.Diagnostics.Eventing.Reader.EventProperty]"
"The handle to an object was closed.

Subject :
	Security ID:		S-1-5-18
	Account Name:		DESKTOP-0526O8D$
	Account Domain:		WORKGROUP
	Logon ID:		0x3E7

Object:
	Object Server:		Security
	Handle ID:		0x177c

Process Information:
	Process ID:		0x13b0
	Process Name:		C:\Windows\System32\wbem\WmiPrvSE.exe","4658","0",,"0","12802","0","-9214364837600034816","248989","Microsoft-Windows-Security-Auditing","54849625-5478-4994-a5ba-3e3b0328c30d","Security","4","12724","DESKTOP-0526O8D",,"8/5/2019 5:56:21 PM",,,"h:\subhamoy_logs\new\step 10_fileaccessdenied-accno_subhamoy.evtx","System.UInt32[]","System.Diagnostics.Eventing.Reader.EventBookmark","Information","Info","Kernel Object","System.Collections.ObjectModel.ReadOnlyCollection`1[System.String]","System.Collections.Generic.List`1[System.Diagnostics.Eventing.Reader.EventProperty]"
"An attempt was made to duplicate a handle to an object.

Subject:
	Security ID:		S-1-5-18
	Account Name:		DESKTOP-0526O8D$
	Account Domain:		WORKGROUP
	Logon ID:		0x3E7

Source Handle Information:
	Source Handle ID:	0x53c
	Source Process ID:	0x13b0

New Handle Information:
	Target Handle ID:	0x177c
	Target Process ID:	0x4","4690","0",,"0","12807","0","-9214364837600034816","248988","Microsoft-Windows-Security-Auditing","54849625-5478-4994-a5ba-3e3b0328c30d","Security","4","12724","DESKTOP-0526O8D",,"8/5/2019 5:56:21 PM",,,"h:\subhamoy_logs\new\step 10_fileaccessdenied-accno_subhamoy.evtx","System.UInt32[]","System.Diagnostics.Eventing.Reader.EventBookmark","Information","Info","Handle Manipulation","System.Collections.ObjectModel.ReadOnlyCollection`1[System.String]","System.Collections.Generic.List`1[System.Diagnostics.Eventing.Reader.EventProperty]"
"The handle to an object was closed.

Subject :
	Security ID:		S-1-5-18
	Account Name:		DESKTOP-0526O8D$
	Account Domain:		WORKGROUP
	Logon ID:		0x3E7

Object:
	Object Server:		Security
	Handle ID:		0x62c

Process Information:
	Process ID:		0x13b0
	Process Name:		C:\Windows\System32\wbem\WmiPrvSE.exe","4658","0",,"0","12802","0","-9214364837600034816","248987","Microsoft-Windows-Security-Auditing","54849625-5478-4994-a5ba-3e3b0328c30d","Security","4","8204","DESKTOP-0526O8D",,"8/5/2019 5:56:20 PM",,,"h:\subhamoy_logs\new\step 10_fileaccessdenied-accno_subhamoy.evtx","System.UInt32[]","System.Diagnostics.Eventing.Reader.EventBookmark","Information","Info","Kernel Object","System.Collections.ObjectModel.ReadOnlyCollection`1[System.String]","System.Collections.Generic.List`1[System.Diagnostics.Eventing.Reader.EventProperty]"
"An attempt was made to access an object.

Subject:
	Security ID:		S-1-5-18
	Account Name:		DESKTOP-0526O8D$
	Account Domain:		WORKGROUP
	Logon ID:		0x3E7

Object:
	Object Server:		Security
	Object Type:		Process
	Object Name:		\Device\HarddiskVolume4\Windows\System32\lsass.exe
	Handle ID:		0x62c
	Resource Attributes:	-

Process Information:
	Process ID:		0x13b0
	Process Name:		C:\Windows\System32\wbem\WmiPrvSE.exe

Access Request Information:
	Accesses:		Read from process memory
				
	Access Mask:		0x10","4663","1",,"0","12802","0","-9214364837600034816","248986","Microsoft-Windows-Security-Auditing","54849625-5478-4994-a5ba-3e3b0328c30d","Security","4","8204","DESKTOP-0526O8D",,"8/5/2019 5:56:20 PM",,,"h:\subhamoy_logs\new\step 10_fileaccessdenied-accno_subhamoy.evtx","System.UInt32[]","System.Diagnostics.Eventing.Reader.EventBookmark","Information","Info","Kernel Object","System.Collections.ObjectModel.ReadOnlyCollection`1[System.String]","System.Collections.Generic.List`1[System.Diagnostics.Eventing.Reader.EventProperty]"
"A handle to an object was requested.

Subject:
	Security ID:		S-1-5-18
	Account Name:		DESKTOP-0526O8D$
	Account Domain:		WORKGROUP
	Logon ID:		0x3E7

Object:
	Object Server:		Security
	Object Type:		Process
	Object Name:		\Device\HarddiskVolume4\Windows\System32\lsass.exe
	Handle ID:		0x62c
	Resource Attributes:	-

Process Information:
	Process ID:		0x13b0
	Process Name:		C:\Windows\System32\wbem\WmiPrvSE.exe

Access Request Information:
	Transaction ID:		{00000000-0000-0000-0000-000000000000}
	Accesses:		Read from process memory
				Query process information
				Undefined Access (no effect) Bit 12
				
	Access Reasons:		-
	Access Mask:		0x1410
	Privileges Used for Access Check:	-
	Restricted SID Count:	0","4656","1",,"0","12802","0","-9214364837600034816","248985","Microsoft-Windows-Security-Auditing","54849625-5478-4994-a5ba-3e3b0328c30d","Security","4","8204","DESKTOP-0526O8D",,"8/5/2019 5:56:20 PM",,,"h:\subhamoy_logs\new\step 10_fileaccessdenied-accno_subhamoy.evtx","System.UInt32[]","System.Diagnostics.Eventing.Reader.EventBookmark","Information","Info","Kernel Object","System.Collections.ObjectModel.ReadOnlyCollection`1[System.String]","System.Collections.Generic.List`1[System.Diagnostics.Eventing.Reader.EventProperty]"
"The handle to an object was closed.

Subject :
	Security ID:		S-1-5-18
	Account Name:		DESKTOP-0526O8D$
	Account Domain:		WORKGROUP
	Logon ID:		0x3E7

Object:
	Object Server:		Security
	Handle ID:		0x2210

Process Information:
	Process ID:		0x13b0
	Process Name:		C:\Windows\System32\wbem\WmiPrvSE.exe","4658","0",,"0","12802","0","-9214364837600034816","248984","Microsoft-Windows-Security-Auditing","54849625-5478-4994-a5ba-3e3b0328c30d","Security","4","8204","DESKTOP-0526O8D",,"8/5/2019 5:56:20 PM",,,"h:\subhamoy_logs\new\step 10_fileaccessdenied-accno_subhamoy.evtx","System.UInt32[]","System.Diagnostics.Eventing.Reader.EventBookmark","Information","Info","Kernel Object","System.Collections.ObjectModel.ReadOnlyCollection`1[System.String]","System.Collections.Generic.List`1[System.Diagnostics.Eventing.Reader.EventProperty]"
"An attempt was made to duplicate a handle to an object.

Subject:
	Security ID:		S-1-5-18
	Account Name:		DESKTOP-0526O8D$
	Account Domain:		WORKGROUP
	Logon ID:		0x3E7

Source Handle Information:
	Source Handle ID:	0x62c
	Source Process ID:	0x13b0

New Handle Information:
	Target Handle ID:	0x2210
	Target Process ID:	0x4","4690","0",,"0","12807","0","-9214364837600034816","248983","Microsoft-Windows-Security-Auditing","54849625-5478-4994-a5ba-3e3b0328c30d","Security","4","8204","DESKTOP-0526O8D",,"8/5/2019 5:56:20 PM",,,"h:\subhamoy_logs\new\step 10_fileaccessdenied-accno_subhamoy.evtx","System.UInt32[]","System.Diagnostics.Eventing.Reader.EventBookmark","Information","Info","Handle Manipulation","System.Collections.ObjectModel.ReadOnlyCollection`1[System.String]","System.Collections.Generic.List`1[System.Diagnostics.Eventing.Reader.EventProperty]"
"The handle to an object was closed.

Subject :
	Security ID:		S-1-5-18
	Account Name:		DESKTOP-0526O8D$
	Account Domain:		WORKGROUP
	Logon ID:		0x3E7

Object:
	Object Server:		Security
	Handle ID:		0x53c

Process Information:
	Process ID:		0x13b0
	Process Name:		C:\Windows\System32\wbem\WmiPrvSE.exe","4658","0",,"0","12802","0","-9214364837600034816","248982","Microsoft-Windows-Security-Auditing","54849625-5478-4994-a5ba-3e3b0328c30d","Security","4","12724","DESKTOP-0526O8D",,"8/5/2019 5:56:18 PM",,,"h:\subhamoy_logs\new\step 10_fileaccessdenied-accno_subhamoy.evtx","System.UInt32[]","System.Diagnostics.Eventing.Reader.EventBookmark","Information","Info","Kernel Object","System.Collections.ObjectModel.ReadOnlyCollection`1[System.String]","System.Collections.Generic.List`1[System.Diagnostics.Eventing.Reader.EventProperty]"
"An attempt was made to access an object.

Subject:
	Security ID:		S-1-5-18
	Account Name:		DESKTOP-0526O8D$
	Account Domain:		WORKGROUP
	Logon ID:		0x3E7

Object:
	Object Server:		Security
	Object Type:		Process
	Object Name:		\Device\HarddiskVolume4\Windows\System32\lsass.exe
	Handle ID:		0x53c
	Resource Attributes:	-

Process Information:
	Process ID:		0x13b0
	Process Name:		C:\Windows\System32\wbem\WmiPrvSE.exe

Access Request Information:
	Accesses:		Read from process memory
				
	Access Mask:		0x10","4663","1",,"0","12802","0","-9214364837600034816","248981","Microsoft-Windows-Security-Auditing","54849625-5478-4994-a5ba-3e3b0328c30d","Security","4","12724","DESKTOP-0526O8D",,"8/5/2019 5:56:18 PM",,,"h:\subhamoy_logs\new\step 10_fileaccessdenied-accno_subhamoy.evtx","System.UInt32[]","System.Diagnostics.Eventing.Reader.EventBookmark","Information","Info","Kernel Object","System.Collections.ObjectModel.ReadOnlyCollection`1[System.String]","System.Collections.Generic.List`1[System.Diagnostics.Eventing.Reader.EventProperty]"
"A handle to an object was requested.

Subject:
	Security ID:		S-1-5-18
	Account Name:		DESKTOP-0526O8D$
	Account Domain:		WORKGROUP
	Logon ID:		0x3E7

Object:
	Object Server:		Security
	Object Type:		Process
	Object Name:		\Device\HarddiskVolume4\Windows\System32\lsass.exe
	Handle ID:		0x53c
	Resource Attributes:	-

Process Information:
	Process ID:		0x13b0
	Process Name:		C:\Windows\System32\wbem\WmiPrvSE.exe

Access Request Information:
	Transaction ID:		{00000000-0000-0000-0000-000000000000}
	Accesses:		Read from process memory
				Query process information
				Undefined Access (no effect) Bit 12
				
	Access Reasons:		-
	Access Mask:		0x1410
	Privileges Used for Access Check:	-
	Restricted SID Count:	0","4656","1",,"0","12802","0","-9214364837600034816","248980","Microsoft-Windows-Security-Auditing","54849625-5478-4994-a5ba-3e3b0328c30d","Security","4","12724","DESKTOP-0526O8D",,"8/5/2019 5:56:18 PM",,,"h:\subhamoy_logs\new\step 10_fileaccessdenied-accno_subhamoy.evtx","System.UInt32[]","System.Diagnostics.Eventing.Reader.EventBookmark","Information","Info","Kernel Object","System.Collections.ObjectModel.ReadOnlyCollection`1[System.String]","System.Collections.Generic.List`1[System.Diagnostics.Eventing.Reader.EventProperty]"
"The handle to an object was closed.

Subject :
	Security ID:		S-1-5-18
	Account Name:		DESKTOP-0526O8D$
	Account Domain:		WORKGROUP
	Logon ID:		0x3E7

Object:
	Object Server:		Security
	Handle ID:		0x10ec

Process Information:
	Process ID:		0x13b0
	Process Name:		C:\Windows\System32\wbem\WmiPrvSE.exe","4658","0",,"0","12802","0","-9214364837600034816","248979","Microsoft-Windows-Security-Auditing","54849625-5478-4994-a5ba-3e3b0328c30d","Security","4","12724","DESKTOP-0526O8D",,"8/5/2019 5:56:18 PM",,,"h:\subhamoy_logs\new\step 10_fileaccessdenied-accno_subhamoy.evtx","System.UInt32[]","System.Diagnostics.Eventing.Reader.EventBookmark","Information","Info","Kernel Object","System.Collections.ObjectModel.ReadOnlyCollection`1[System.String]","System.Collections.Generic.List`1[System.Diagnostics.Eventing.Reader.EventProperty]"
"An attempt was made to duplicate a handle to an object.

Subject:
	Security ID:		S-1-5-18
	Account Name:		DESKTOP-0526O8D$
	Account Domain:		WORKGROUP
	Logon ID:		0x3E7

Source Handle Information:
	Source Handle ID:	0x53c
	Source Process ID:	0x13b0

New Handle Information:
	Target Handle ID:	0x10ec
	Target Process ID:	0x4","4690","0",,"0","12807","0","-9214364837600034816","248978","Microsoft-Windows-Security-Auditing","54849625-5478-4994-a5ba-3e3b0328c30d","Security","4","12724","DESKTOP-0526O8D",,"8/5/2019 5:56:18 PM",,,"h:\subhamoy_logs\new\step 10_fileaccessdenied-accno_subhamoy.evtx","System.UInt32[]","System.Diagnostics.Eventing.Reader.EventBookmark","Information","Info","Handle Manipulation","System.Collections.ObjectModel.ReadOnlyCollection`1[System.String]","System.Collections.Generic.List`1[System.Diagnostics.Eventing.Reader.EventProperty]"
"The handle to an object was closed.

Subject :
	Security ID:		S-1-5-21-1874035555-1170827713-1978778435-1001
	Account Name:		DEBASHISH
	Account Domain:		DESKTOP-0526O8D
	Logon ID:		0x7DAA2F8

Object:
	Object Server:		Security
	Handle ID:		0x10e0

Process Information:
	Process ID:		0x7a0
	Process Name:		C:\Windows\System32\mmc.exe","4658","0",,"0","12800","0","-9214364837600034816","248977","Microsoft-Windows-Security-Auditing","54849625-5478-4994-a5ba-3e3b0328c30d","Security","4","8204","DESKTOP-0526O8D",,"8/5/2019 5:56:18 PM",,,"h:\subhamoy_logs\new\step 10_fileaccessdenied-accno_subhamoy.evtx","System.UInt32[]","System.Diagnostics.Eventing.Reader.EventBookmark","Information","Info","File System","System.Collections.ObjectModel.ReadOnlyCollection`1[System.String]","System.Collections.Generic.List`1[System.Diagnostics.Eventing.Reader.EventProperty]"
"The handle to an object was closed.

Subject :
	Security ID:		S-1-5-21-1874035555-1170827713-1978778435-1001
	Account Name:		DEBASHISH
	Account Domain:		DESKTOP-0526O8D
	Logon ID:		0x7DAA2F8

Object:
	Object Server:		Security
	Handle ID:		0x10f0

Process Information:
	Process ID:		0x7a0
	Process Name:		C:\Windows\System32\mmc.exe","4658","0",,"0","12800","0","-9214364837600034816","248976","Microsoft-Windows-Security-Auditing","54849625-5478-4994-a5ba-3e3b0328c30d","Security","4","8204","DESKTOP-0526O8D",,"8/5/2019 5:56:18 PM",,,"h:\subhamoy_logs\new\step 10_fileaccessdenied-accno_subhamoy.evtx","System.UInt32[]","System.Diagnostics.Eventing.Reader.EventBookmark","Information","Info","File System","System.Collections.ObjectModel.ReadOnlyCollection`1[System.String]","System.Collections.Generic.List`1[System.Diagnostics.Eventing.Reader.EventProperty]"
"An attempt was made to access an object.

Subject:
	Security ID:		S-1-5-21-1874035555-1170827713-1978778435-1001
	Account Name:		DEBASHISH
	Account Domain:		DESKTOP-0526O8D
	Logon ID:		0x7DAA2F8

Object:
	Object Server:		Security
	Object Type:		File
	Object Name:		H:\SUBHAMOY_LOGS\a\OnlyAdminAccess.lnk
	Handle ID:		0x10f0
	Resource Attributes:	S:AI

Process Information:
	Process ID:		0x7a0
	Process Name:		C:\Windows\System32\mmc.exe

Access Request Information:
	Accesses:		ReadData (or ListDirectory)
				
	Access Mask:		0x1","4663","1",,"0","12800","0","-9214364837600034816","248975","Microsoft-Windows-Security-Auditing","54849625-5478-4994-a5ba-3e3b0328c30d","Security","4","8204","DESKTOP-0526O8D",,"8/5/2019 5:56:18 PM",,,"h:\subhamoy_logs\new\step 10_fileaccessdenied-accno_subhamoy.evtx","System.UInt32[]","System.Diagnostics.Eventing.Reader.EventBookmark","Information","Info","File System","System.Collections.ObjectModel.ReadOnlyCollection`1[System.String]","System.Collections.Generic.List`1[System.Diagnostics.Eventing.Reader.EventProperty]"
"A handle to an object was requested.

Subject:
	Security ID:		S-1-5-21-1874035555-1170827713-1978778435-1001
	Account Name:		DEBASHISH
	Account Domain:		DESKTOP-0526O8D
	Logon ID:		0x7DAA2F8

Object:
	Object Server:		Security
	Object Type:		File
	Object Name:		H:\SUBHAMOY_LOGS\a\OnlyAdminAccess.lnk
	Handle ID:		0x10f0
	Resource Attributes:	-

Process Information:
	Process ID:		0x7a0
	Process Name:		C:\Windows\System32\mmc.exe

Access Request Information:
	Transaction ID:		{00000000-0000-0000-0000-000000000000}
	Accesses:		READ_CONTROL
				SYNCHRONIZE
				ReadData (or ListDirectory)
				ReadEA
				ReadAttributes
				
	Access Reasons:		READ_CONTROL:	Granted by Ownership
				SYNCHRONIZE:	Granted by	D:(A;ID;FA;;;S-1-5-21-1874035555-1170827713-1978778435-1001)
				ReadData (or ListDirectory):	Granted by	D:(A;ID;FA;;;S-1-5-21-1874035555-1170827713-1978778435-1001)
				ReadEA:	Granted by	D:(A;ID;FA;;;S-1-5-21-1874035555-1170827713-1978778435-1001)
				ReadAttributes:	Granted by	D:(A;ID;FA;;;S-1-5-21-1874035555-1170827713-1978778435-1001)
				
	Access Mask:		0x120089
	Privileges Used for Access Check:	-
	Restricted SID Count:	0","4656","1",,"0","12800","0","-9214364837600034816","248974","Microsoft-Windows-Security-Auditing","54849625-5478-4994-a5ba-3e3b0328c30d","Security","4","8204","DESKTOP-0526O8D",,"8/5/2019 5:56:18 PM",,,"h:\subhamoy_logs\new\step 10_fileaccessdenied-accno_subhamoy.evtx","System.UInt32[]","System.Diagnostics.Eventing.Reader.EventBookmark","Information","Info","File System","System.Collections.ObjectModel.ReadOnlyCollection`1[System.String]","System.Collections.Generic.List`1[System.Diagnostics.Eventing.Reader.EventProperty]"
"The handle to an object was closed.

Subject :
	Security ID:		S-1-5-21-1874035555-1170827713-1978778435-1001
	Account Name:		DEBASHISH
	Account Domain:		DESKTOP-0526O8D
	Logon ID:		0x7DAA2F8

Object:
	Object Server:		Security
	Handle ID:		0x10ec

Process Information:
	Process ID:		0x7a0
	Process Name:		C:\Windows\System32\mmc.exe","4658","0",,"0","12800","0","-9214364837600034816","248973","Microsoft-Windows-Security-Auditing","54849625-5478-4994-a5ba-3e3b0328c30d","Security","4","8204","DESKTOP-0526O8D",,"8/5/2019 5:56:18 PM",,,"h:\subhamoy_logs\new\step 10_fileaccessdenied-accno_subhamoy.evtx","System.UInt32[]","System.Diagnostics.Eventing.Reader.EventBookmark","Information","Info","File System","System.Collections.ObjectModel.ReadOnlyCollection`1[System.String]","System.Collections.Generic.List`1[System.Diagnostics.Eventing.Reader.EventProperty]"
"An attempt was made to duplicate a handle to an object.

Subject:
	Security ID:		S-1-5-21-1874035555-1170827713-1978778435-1001
	Account Name:		DEBASHISH
	Account Domain:		DESKTOP-0526O8D
	Logon ID:		0x7DAA2F8

Source Handle Information:
	Source Handle ID:	0x10f0
	Source Process ID:	0x7a0

New Handle Information:
	Target Handle ID:	0x10ec
	Target Process ID:	0x4","4690","0",,"0","12807","0","-9214364837600034816","248972","Microsoft-Windows-Security-Auditing","54849625-5478-4994-a5ba-3e3b0328c30d","Security","4","8204","DESKTOP-0526O8D",,"8/5/2019 5:56:18 PM",,,"h:\subhamoy_logs\new\step 10_fileaccessdenied-accno_subhamoy.evtx","System.UInt32[]","System.Diagnostics.Eventing.Reader.EventBookmark","Information","Info","Handle Manipulation","System.Collections.ObjectModel.ReadOnlyCollection`1[System.String]","System.Collections.Generic.List`1[System.Diagnostics.Eventing.Reader.EventProperty]"
"The handle to an object was closed.

Subject :
	Security ID:		S-1-5-21-1874035555-1170827713-1978778435-1001
	Account Name:		DEBASHISH
	Account Domain:		DESKTOP-0526O8D
	Logon ID:		0x7DAA2F8

Object:
	Object Server:		Security
	Handle ID:		0x10dc

Process Information:
	Process ID:		0x7a0
	Process Name:		C:\Windows\System32\mmc.exe","4658","0",,"0","12800","0","-9214364837600034816","248971","Microsoft-Windows-Security-Auditing","54849625-5478-4994-a5ba-3e3b0328c30d","Security","4","8204","DESKTOP-0526O8D",,"8/5/2019 5:56:18 PM",,,"h:\subhamoy_logs\new\step 10_fileaccessdenied-accno_subhamoy.evtx","System.UInt32[]","System.Diagnostics.Eventing.Reader.EventBookmark","Information","Info","File System","System.Collections.ObjectModel.ReadOnlyCollection`1[System.String]","System.Collections.Generic.List`1[System.Diagnostics.Eventing.Reader.EventProperty]"
"An attempt was made to duplicate a handle to an object.

Subject:
	Security ID:		S-1-5-21-1874035555-1170827713-1978778435-1001
	Account Name:		DEBASHISH
	Account Domain:		DESKTOP-0526O8D
	Logon ID:		0x7DAA2F8

Source Handle Information:
	Source Handle ID:	0x10dc
	Source Process ID:	0x7a0

New Handle Information:
	Target Handle ID:	0x10e0
	Target Process ID:	0x7a0","4690","0",,"0","12807","0","-9214364837600034816","248970","Microsoft-Windows-Security-Auditing","54849625-5478-4994-a5ba-3e3b0328c30d","Security","4","8204","DESKTOP-0526O8D",,"8/5/2019 5:56:18 PM",,,"h:\subhamoy_logs\new\step 10_fileaccessdenied-accno_subhamoy.evtx","System.UInt32[]","System.Diagnostics.Eventing.Reader.EventBookmark","Information","Info","Handle Manipulation","System.Collections.ObjectModel.ReadOnlyCollection`1[System.String]","System.Collections.Generic.List`1[System.Diagnostics.Eventing.Reader.EventProperty]"
"A handle to an object was requested.

Subject:
	Security ID:		S-1-5-21-1874035555-1170827713-1978778435-1001
	Account Name:		DEBASHISH
	Account Domain:		DESKTOP-0526O8D
	Logon ID:		0x7DAA2F8

Object:
	Object Server:		Security
	Object Type:		File
	Object Name:		H:\SUBHAMOY_LOGS\a\OnlyAdminAccess.lnk
	Handle ID:		0x10dc
	Resource Attributes:	-

Process Information:
	Process ID:		0x7a0
	Process Name:		C:\Windows\System32\mmc.exe

Access Request Information:
	Transaction ID:		{00000000-0000-0000-0000-000000000000}
	Accesses:		READ_CONTROL
				SYNCHRONIZE
				ReadData (or ListDirectory)
				ReadEA
				ReadAttributes
				
	Access Reasons:		READ_CONTROL:	Granted by Ownership
				SYNCHRONIZE:	Granted by	D:(A;ID;FA;;;S-1-5-21-1874035555-1170827713-1978778435-1001)
				ReadData (or ListDirectory):	Granted by	D:(A;ID;FA;;;S-1-5-21-1874035555-1170827713-1978778435-1001)
				ReadEA:	Granted by	D:(A;ID;FA;;;S-1-5-21-1874035555-1170827713-1978778435-1001)
				ReadAttributes:	Granted by	D:(A;ID;FA;;;S-1-5-21-1874035555-1170827713-1978778435-1001)
				
	Access Mask:		0x120089
	Privileges Used for Access Check:	-
	Restricted SID Count:	0","4656","1",,"0","12800","0","-9214364837600034816","248969","Microsoft-Windows-Security-Auditing","54849625-5478-4994-a5ba-3e3b0328c30d","Security","4","8204","DESKTOP-0526O8D",,"8/5/2019 5:56:18 PM",,,"h:\subhamoy_logs\new\step 10_fileaccessdenied-accno_subhamoy.evtx","System.UInt32[]","System.Diagnostics.Eventing.Reader.EventBookmark","Information","Info","File System","System.Collections.ObjectModel.ReadOnlyCollection`1[System.String]","System.Collections.Generic.List`1[System.Diagnostics.Eventing.Reader.EventProperty]"
"The handle to an object was closed.

Subject :
	Security ID:		S-1-5-21-1874035555-1170827713-1978778435-1001
	Account Name:		DEBASHISH
	Account Domain:		DESKTOP-0526O8D
	Logon ID:		0x7DAA2F8

Object:
	Object Server:		Security
	Handle ID:		0x10ec

Process Information:
	Process ID:		0x7a0
	Process Name:		C:\Windows\System32\mmc.exe","4658","0",,"0","12800","0","-9214364837600034816","248968","Microsoft-Windows-Security-Auditing","54849625-5478-4994-a5ba-3e3b0328c30d","Security","4","8204","DESKTOP-0526O8D",,"8/5/2019 5:56:18 PM",,,"h:\subhamoy_logs\new\step 10_fileaccessdenied-accno_subhamoy.evtx","System.UInt32[]","System.Diagnostics.Eventing.Reader.EventBookmark","Information","Info","File System","System.Collections.ObjectModel.ReadOnlyCollection`1[System.String]","System.Collections.Generic.List`1[System.Diagnostics.Eventing.Reader.EventProperty]"
"An attempt was made to duplicate a handle to an object.

Subject:
	Security ID:		S-1-5-21-1874035555-1170827713-1978778435-1001
	Account Name:		DEBASHISH
	Account Domain:		DESKTOP-0526O8D
	Logon ID:		0x7DAA2F8

Source Handle Information:
	Source Handle ID:	0x10dc
	Source Process ID:	0x7a0

New Handle Information:
	Target Handle ID:	0x10ec
	Target Process ID:	0x4","4690","0",,"0","12807","0","-9214364837600034816","248967","Microsoft-Windows-Security-Auditing","54849625-5478-4994-a5ba-3e3b0328c30d","Security","4","8204","DESKTOP-0526O8D",,"8/5/2019 5:56:18 PM",,,"h:\subhamoy_logs\new\step 10_fileaccessdenied-accno_subhamoy.evtx","System.UInt32[]","System.Diagnostics.Eventing.Reader.EventBookmark","Information","Info","Handle Manipulation","System.Collections.ObjectModel.ReadOnlyCollection`1[System.String]","System.Collections.Generic.List`1[System.Diagnostics.Eventing.Reader.EventProperty]"
"The handle to an object was closed.

Subject :
	Security ID:		S-1-5-21-1874035555-1170827713-1978778435-1001
	Account Name:		DEBASHISH
	Account Domain:		DESKTOP-0526O8D
	Logon ID:		0x7DAA2F8

Object:
	Object Server:		Security
	Handle ID:		0x10d4

Process Information:
	Process ID:		0x7a0
	Process Name:		C:\Windows\System32\mmc.exe","4658","0",,"0","12800","0","-9214364837600034816","248966","Microsoft-Windows-Security-Auditing","54849625-5478-4994-a5ba-3e3b0328c30d","Security","4","8204","DESKTOP-0526O8D",,"8/5/2019 5:56:18 PM",,,"h:\subhamoy_logs\new\step 10_fileaccessdenied-accno_subhamoy.evtx","System.UInt32[]","System.Diagnostics.Eventing.Reader.EventBookmark","Information","Info","File System","System.Collections.ObjectModel.ReadOnlyCollection`1[System.String]","System.Collections.Generic.List`1[System.Diagnostics.Eventing.Reader.EventProperty]"
"The handle to an object was closed.

Subject :
	Security ID:		S-1-5-21-1874035555-1170827713-1978778435-1001
	Account Name:		DEBASHISH
	Account Domain:		DESKTOP-0526O8D
	Logon ID:		0x7DAA2F8

Object:
	Object Server:		Security
	Handle ID:		0x10a0

Process Information:
	Process ID:		0x7a0
	Process Name:		C:\Windows\System32\mmc.exe","4658","0",,"0","12800","0","-9214364837600034816","248965","Microsoft-Windows-Security-Auditing","54849625-5478-4994-a5ba-3e3b0328c30d","Security","4","8204","DESKTOP-0526O8D",,"8/5/2019 5:56:18 PM",,,"h:\subhamoy_logs\new\step 10_fileaccessdenied-accno_subhamoy.evtx","System.UInt32[]","System.Diagnostics.Eventing.Reader.EventBookmark","Information","Info","File System","System.Collections.ObjectModel.ReadOnlyCollection`1[System.String]","System.Collections.Generic.List`1[System.Diagnostics.Eventing.Reader.EventProperty]"
"An attempt was made to access an object.

Subject:
	Security ID:		S-1-5-21-1874035555-1170827713-1978778435-1001
	Account Name:		DEBASHISH
	Account Domain:		DESKTOP-0526O8D
	Logon ID:		0x7DAA2F8

Object:
	Object Server:		Security
	Object Type:		File
	Object Name:		H:\SUBHAMOY_LOGS\a\OnlyAdminAccess.lnk
	Handle ID:		0x10a0
	Resource Attributes:	S:AI

Process Information:
	Process ID:		0x7a0
	Process Name:		C:\Windows\System32\mmc.exe

Access Request Information:
	Accesses:		ReadData (or ListDirectory)
				
	Access Mask:		0x1","4663","1",,"0","12800","0","-9214364837600034816","248964","Microsoft-Windows-Security-Auditing","54849625-5478-4994-a5ba-3e3b0328c30d","Security","4","8204","DESKTOP-0526O8D",,"8/5/2019 5:56:18 PM",,,"h:\subhamoy_logs\new\step 10_fileaccessdenied-accno_subhamoy.evtx","System.UInt32[]","System.Diagnostics.Eventing.Reader.EventBookmark","Information","Info","File System","System.Collections.ObjectModel.ReadOnlyCollection`1[System.String]","System.Collections.Generic.List`1[System.Diagnostics.Eventing.Reader.EventProperty]"
"A handle to an object was requested.

Subject:
	Security ID:		S-1-5-21-1874035555-1170827713-1978778435-1001
	Account Name:		DEBASHISH
	Account Domain:		DESKTOP-0526O8D
	Logon ID:		0x7DAA2F8

Object:
	Object Server:		Security
	Object Type:		File
	Object Name:		H:\SUBHAMOY_LOGS\a\OnlyAdminAccess.lnk
	Handle ID:		0x10a0
	Resource Attributes:	-

Process Information:
	Process ID:		0x7a0
	Process Name:		C:\Windows\System32\mmc.exe

Access Request Information:
	Transaction ID:		{00000000-0000-0000-0000-000000000000}
	Accesses:		READ_CONTROL
				SYNCHRONIZE
				ReadData (or ListDirectory)
				ReadEA
				ReadAttributes
				
	Access Reasons:		READ_CONTROL:	Granted by Ownership
				SYNCHRONIZE:	Granted by	D:(A;ID;FA;;;S-1-5-21-1874035555-1170827713-1978778435-1001)
				ReadData (or ListDirectory):	Granted by	D:(A;ID;FA;;;S-1-5-21-1874035555-1170827713-1978778435-1001)
				ReadEA:	Granted by	D:(A;ID;FA;;;S-1-5-21-1874035555-1170827713-1978778435-1001)
				ReadAttributes:	Granted by	D:(A;ID;FA;;;S-1-5-21-1874035555-1170827713-1978778435-1001)
				
	Access Mask:		0x120089
	Privileges Used for Access Check:	-
	Restricted SID Count:	0","4656","1",,"0","12800","0","-9214364837600034816","248963","Microsoft-Windows-Security-Auditing","54849625-5478-4994-a5ba-3e3b0328c30d","Security","4","8204","DESKTOP-0526O8D",,"8/5/2019 5:56:18 PM",,,"h:\subhamoy_logs\new\step 10_fileaccessdenied-accno_subhamoy.evtx","System.UInt32[]","System.Diagnostics.Eventing.Reader.EventBookmark","Information","Info","File System","System.Collections.ObjectModel.ReadOnlyCollection`1[System.String]","System.Collections.Generic.List`1[System.Diagnostics.Eventing.Reader.EventProperty]"
"The handle to an object was closed.

Subject :
	Security ID:		S-1-5-21-1874035555-1170827713-1978778435-1001
	Account Name:		DEBASHISH
	Account Domain:		DESKTOP-0526O8D
	Logon ID:		0x7DAA2F8

Object:
	Object Server:		Security
	Handle ID:		0x2888

Process Information:
	Process ID:		0x7a0
	Process Name:		C:\Windows\System32\mmc.exe","4658","0",,"0","12800","0","-9214364837600034816","248962","Microsoft-Windows-Security-Auditing","54849625-5478-4994-a5ba-3e3b0328c30d","Security","4","8204","DESKTOP-0526O8D",,"8/5/2019 5:56:18 PM",,,"h:\subhamoy_logs\new\step 10_fileaccessdenied-accno_subhamoy.evtx","System.UInt32[]","System.Diagnostics.Eventing.Reader.EventBookmark","Information","Info","File System","System.Collections.ObjectModel.ReadOnlyCollection`1[System.String]","System.Collections.Generic.List`1[System.Diagnostics.Eventing.Reader.EventProperty]"
"An attempt was made to duplicate a handle to an object.

Subject:
	Security ID:		S-1-5-21-1874035555-1170827713-1978778435-1001
	Account Name:		DEBASHISH
	Account Domain:		DESKTOP-0526O8D
	Logon ID:		0x7DAA2F8

Source Handle Information:
	Source Handle ID:	0x10a0
	Source Process ID:	0x7a0

New Handle Information:
	Target Handle ID:	0x2888
	Target Process ID:	0x4","4690","0",,"0","12807","0","-9214364837600034816","248961","Microsoft-Windows-Security-Auditing","54849625-5478-4994-a5ba-3e3b0328c30d","Security","4","8204","DESKTOP-0526O8D",,"8/5/2019 5:56:18 PM",,,"h:\subhamoy_logs\new\step 10_fileaccessdenied-accno_subhamoy.evtx","System.UInt32[]","System.Diagnostics.Eventing.Reader.EventBookmark","Information","Info","Handle Manipulation","System.Collections.ObjectModel.ReadOnlyCollection`1[System.String]","System.Collections.Generic.List`1[System.Diagnostics.Eventing.Reader.EventProperty]"
"The handle to an object was closed.

Subject :
	Security ID:		S-1-5-21-1874035555-1170827713-1978778435-1001
	Account Name:		DEBASHISH
	Account Domain:		DESKTOP-0526O8D
	Logon ID:		0x7DAA2F8

Object:
	Object Server:		Security
	Handle ID:		0x1084

Process Information:
	Process ID:		0x7a0
	Process Name:		C:\Windows\System32\mmc.exe","4658","0",,"0","12800","0","-9214364837600034816","248960","Microsoft-Windows-Security-Auditing","54849625-5478-4994-a5ba-3e3b0328c30d","Security","4","8204","DESKTOP-0526O8D",,"8/5/2019 5:56:18 PM",,,"h:\subhamoy_logs\new\step 10_fileaccessdenied-accno_subhamoy.evtx","System.UInt32[]","System.Diagnostics.Eventing.Reader.EventBookmark","Information","Info","File System","System.Collections.ObjectModel.ReadOnlyCollection`1[System.String]","System.Collections.Generic.List`1[System.Diagnostics.Eventing.Reader.EventProperty]"
"An attempt was made to duplicate a handle to an object.

Subject:
	Security ID:		S-1-5-21-1874035555-1170827713-1978778435-1001
	Account Name:		DEBASHISH
	Account Domain:		DESKTOP-0526O8D
	Logon ID:		0x7DAA2F8

Source Handle Information:
	Source Handle ID:	0x1084
	Source Process ID:	0x7a0

New Handle Information:
	Target Handle ID:	0x10d4
	Target Process ID:	0x7a0","4690","0",,"0","12807","0","-9214364837600034816","248959","Microsoft-Windows-Security-Auditing","54849625-5478-4994-a5ba-3e3b0328c30d","Security","4","8204","DESKTOP-0526O8D",,"8/5/2019 5:56:18 PM",,,"h:\subhamoy_logs\new\step 10_fileaccessdenied-accno_subhamoy.evtx","System.UInt32[]","System.Diagnostics.Eventing.Reader.EventBookmark","Information","Info","Handle Manipulation","System.Collections.ObjectModel.ReadOnlyCollection`1[System.String]","System.Collections.Generic.List`1[System.Diagnostics.Eventing.Reader.EventProperty]"
"A handle to an object was requested.

Subject:
	Security ID:		S-1-5-21-1874035555-1170827713-1978778435-1001
	Account Name:		DEBASHISH
	Account Domain:		DESKTOP-0526O8D
	Logon ID:		0x7DAA2F8

Object:
	Object Server:		Security
	Object Type:		File
	Object Name:		H:\SUBHAMOY_LOGS\a\OnlyAdminAccess.lnk
	Handle ID:		0x1084
	Resource Attributes:	-

Process Information:
	Process ID:		0x7a0
	Process Name:		C:\Windows\System32\mmc.exe

Access Request Information:
	Transaction ID:		{00000000-0000-0000-0000-000000000000}
	Accesses:		READ_CONTROL
				SYNCHRONIZE
				ReadData (or ListDirectory)
				ReadEA
				ReadAttributes
				
	Access Reasons:		READ_CONTROL:	Granted by Ownership
				SYNCHRONIZE:	Granted by	D:(A;ID;FA;;;S-1-5-21-1874035555-1170827713-1978778435-1001)
				ReadData (or ListDirectory):	Granted by	D:(A;ID;FA;;;S-1-5-21-1874035555-1170827713-1978778435-1001)
				ReadEA:	Granted by	D:(A;ID;FA;;;S-1-5-21-1874035555-1170827713-1978778435-1001)
				ReadAttributes:	Granted by	D:(A;ID;FA;;;S-1-5-21-1874035555-1170827713-1978778435-1001)
				
	Access Mask:		0x120089
	Privileges Used for Access Check:	-
	Restricted SID Count:	0","4656","1",,"0","12800","0","-9214364837600034816","248958","Microsoft-Windows-Security-Auditing","54849625-5478-4994-a5ba-3e3b0328c30d","Security","4","8204","DESKTOP-0526O8D",,"8/5/2019 5:56:18 PM",,,"h:\subhamoy_logs\new\step 10_fileaccessdenied-accno_subhamoy.evtx","System.UInt32[]","System.Diagnostics.Eventing.Reader.EventBookmark","Information","Info","File System","System.Collections.ObjectModel.ReadOnlyCollection`1[System.String]","System.Collections.Generic.List`1[System.Diagnostics.Eventing.Reader.EventProperty]"
"The handle to an object was closed.

Subject :
	Security ID:		S-1-5-21-1874035555-1170827713-1978778435-1001
	Account Name:		DEBASHISH
	Account Domain:		DESKTOP-0526O8D
	Logon ID:		0x7DAA2F8

Object:
	Object Server:		Security
	Handle ID:		0x2888

Process Information:
	Process ID:		0x7a0
	Process Name:		C:\Windows\System32\mmc.exe","4658","0",,"0","12800","0","-9214364837600034816","248957","Microsoft-Windows-Security-Auditing","54849625-5478-4994-a5ba-3e3b0328c30d","Security","4","8204","DESKTOP-0526O8D",,"8/5/2019 5:56:18 PM",,,"h:\subhamoy_logs\new\step 10_fileaccessdenied-accno_subhamoy.evtx","System.UInt32[]","System.Diagnostics.Eventing.Reader.EventBookmark","Information","Info","File System","System.Collections.ObjectModel.ReadOnlyCollection`1[System.String]","System.Collections.Generic.List`1[System.Diagnostics.Eventing.Reader.EventProperty]"
"An attempt was made to duplicate a handle to an object.

Subject:
	Security ID:		S-1-5-21-1874035555-1170827713-1978778435-1001
	Account Name:		DEBASHISH
	Account Domain:		DESKTOP-0526O8D
	Logon ID:		0x7DAA2F8

Source Handle Information:
	Source Handle ID:	0x1084
	Source Process ID:	0x7a0

New Handle Information:
	Target Handle ID:	0x2888
	Target Process ID:	0x4","4690","0",,"0","12807","0","-9214364837600034816","248956","Microsoft-Windows-Security-Auditing","54849625-5478-4994-a5ba-3e3b0328c30d","Security","4","8204","DESKTOP-0526O8D",,"8/5/2019 5:56:18 PM",,,"h:\subhamoy_logs\new\step 10_fileaccessdenied-accno_subhamoy.evtx","System.UInt32[]","System.Diagnostics.Eventing.Reader.EventBookmark","Information","Info","Handle Manipulation","System.Collections.ObjectModel.ReadOnlyCollection`1[System.String]","System.Collections.Generic.List`1[System.Diagnostics.Eventing.Reader.EventProperty]"
"The handle to an object was closed.

Subject :
	Security ID:		S-1-5-21-1874035555-1170827713-1978778435-1001
	Account Name:		DEBASHISH
	Account Domain:		DESKTOP-0526O8D
	Logon ID:		0x7DAA2F8

Object:
	Object Server:		Security
	Handle ID:		0x9cc

Process Information:
	Process ID:		0x7a0
	Process Name:		C:\Windows\System32\mmc.exe","4658","0",,"0","12800","0","-9214364837600034816","248955","Microsoft-Windows-Security-Auditing","54849625-5478-4994-a5ba-3e3b0328c30d","Security","4","8204","DESKTOP-0526O8D",,"8/5/2019 5:56:18 PM",,,"h:\subhamoy_logs\new\step 10_fileaccessdenied-accno_subhamoy.evtx","System.UInt32[]","System.Diagnostics.Eventing.Reader.EventBookmark","Information","Info","File System","System.Collections.ObjectModel.ReadOnlyCollection`1[System.String]","System.Collections.Generic.List`1[System.Diagnostics.Eventing.Reader.EventProperty]"
"A handle to an object was requested.

Subject:
	Security ID:		S-1-5-21-1874035555-1170827713-1978778435-1001
	Account Name:		DEBASHISH
	Account Domain:		DESKTOP-0526O8D
	Logon ID:		0x7DAA2F8

Object:
	Object Server:		Security
	Object Type:		File
	Object Name:		H:\SUBHAMOY_LOGS\a
	Handle ID:		0x9cc
	Resource Attributes:	-

Process Information:
	Process ID:		0x7a0
	Process Name:		C:\Windows\System32\mmc.exe

Access Request Information:
	Transaction ID:		{00000000-0000-0000-0000-000000000000}
	Accesses:		SYNCHRONIZE
				ReadAttributes
				
	Access Reasons:		SYNCHRONIZE:	Granted by	D:(A;OICI;FA;;;S-1-5-21-1874035555-1170827713-1978778435-1001)
				ReadAttributes:	Granted by	D:(A;OICI;FA;;;S-1-5-21-1874035555-1170827713-1978778435-1001)
				
	Access Mask:		0x100080
	Privileges Used for Access Check:	-
	Restricted SID Count:	0","4656","1",,"0","12800","0","-9214364837600034816","248954","Microsoft-Windows-Security-Auditing","54849625-5478-4994-a5ba-3e3b0328c30d","Security","4","8204","DESKTOP-0526O8D",,"8/5/2019 5:56:18 PM",,,"h:\subhamoy_logs\new\step 10_fileaccessdenied-accno_subhamoy.evtx","System.UInt32[]","System.Diagnostics.Eventing.Reader.EventBookmark","Information","Info","File System","System.Collections.ObjectModel.ReadOnlyCollection`1[System.String]","System.Collections.Generic.List`1[System.Diagnostics.Eventing.Reader.EventProperty]"
"The handle to an object was closed.

Subject :
	Security ID:		S-1-5-21-1874035555-1170827713-1978778435-1001
	Account Name:		DEBASHISH
	Account Domain:		DESKTOP-0526O8D
	Logon ID:		0x7DAA2F8

Object:
	Object Server:		Security
	Handle ID:		0x2888

Process Information:
	Process ID:		0x7a0
	Process Name:		C:\Windows\System32\mmc.exe","4658","0",,"0","12800","0","-9214364837600034816","248953","Microsoft-Windows-Security-Auditing","54849625-5478-4994-a5ba-3e3b0328c30d","Security","4","8204","DESKTOP-0526O8D",,"8/5/2019 5:56:18 PM",,,"h:\subhamoy_logs\new\step 10_fileaccessdenied-accno_subhamoy.evtx","System.UInt32[]","System.Diagnostics.Eventing.Reader.EventBookmark","Information","Info","File System","System.Collections.ObjectModel.ReadOnlyCollection`1[System.String]","System.Collections.Generic.List`1[System.Diagnostics.Eventing.Reader.EventProperty]"
"An attempt was made to duplicate a handle to an object.

Subject:
	Security ID:		S-1-5-21-1874035555-1170827713-1978778435-1001
	Account Name:		DEBASHISH
	Account Domain:		DESKTOP-0526O8D
	Logon ID:		0x7DAA2F8

Source Handle Information:
	Source Handle ID:	0x9cc
	Source Process ID:	0x7a0

New Handle Information:
	Target Handle ID:	0x2888
	Target Process ID:	0x4","4690","0",,"0","12807","0","-9214364837600034816","248952","Microsoft-Windows-Security-Auditing","54849625-5478-4994-a5ba-3e3b0328c30d","Security","4","8204","DESKTOP-0526O8D",,"8/5/2019 5:56:18 PM",,,"h:\subhamoy_logs\new\step 10_fileaccessdenied-accno_subhamoy.evtx","System.UInt32[]","System.Diagnostics.Eventing.Reader.EventBookmark","Information","Info","Handle Manipulation","System.Collections.ObjectModel.ReadOnlyCollection`1[System.String]","System.Collections.Generic.List`1[System.Diagnostics.Eventing.Reader.EventProperty]"
"The handle to an object was closed.

Subject :
	Security ID:		S-1-5-21-1874035555-1170827713-1978778435-1001
	Account Name:		DEBASHISH
	Account Domain:		DESKTOP-0526O8D
	Logon ID:		0x7DAA2F8

Object:
	Object Server:		Security
	Handle ID:		0x9cc

Process Information:
	Process ID:		0x7a0
	Process Name:		C:\Windows\System32\mmc.exe","4658","0",,"0","12800","0","-9214364837600034816","248951","Microsoft-Windows-Security-Auditing","54849625-5478-4994-a5ba-3e3b0328c30d","Security","4","8204","DESKTOP-0526O8D",,"8/5/2019 5:56:18 PM",,,"h:\subhamoy_logs\new\step 10_fileaccessdenied-accno_subhamoy.evtx","System.UInt32[]","System.Diagnostics.Eventing.Reader.EventBookmark","Information","Info","File System","System.Collections.ObjectModel.ReadOnlyCollection`1[System.String]","System.Collections.Generic.List`1[System.Diagnostics.Eventing.Reader.EventProperty]"
"A handle to an object was requested.

Subject:
	Security ID:		S-1-5-21-1874035555-1170827713-1978778435-1001
	Account Name:		DEBASHISH
	Account Domain:		DESKTOP-0526O8D
	Logon ID:		0x7DAA2F8

Object:
	Object Server:		Security
	Object Type:		File
	Object Name:		H:\SUBHAMOY_LOGS\a
	Handle ID:		0x9cc
	Resource Attributes:	-

Process Information:
	Process ID:		0x7a0
	Process Name:		C:\Windows\System32\mmc.exe

Access Request Information:
	Transaction ID:		{00000000-0000-0000-0000-000000000000}
	Accesses:		SYNCHRONIZE
				ReadAttributes
				
	Access Reasons:		SYNCHRONIZE:	Granted by	D:(A;OICI;FA;;;S-1-5-21-1874035555-1170827713-1978778435-1001)
				ReadAttributes:	Granted by	D:(A;OICI;FA;;;S-1-5-21-1874035555-1170827713-1978778435-1001)
				
	Access Mask:		0x100080
	Privileges Used for Access Check:	-
	Restricted SID Count:	0","4656","1",,"0","12800","0","-9214364837600034816","248950","Microsoft-Windows-Security-Auditing","54849625-5478-4994-a5ba-3e3b0328c30d","Security","4","8204","DESKTOP-0526O8D",,"8/5/2019 5:56:18 PM",,,"h:\subhamoy_logs\new\step 10_fileaccessdenied-accno_subhamoy.evtx","System.UInt32[]","System.Diagnostics.Eventing.Reader.EventBookmark","Information","Info","File System","System.Collections.ObjectModel.ReadOnlyCollection`1[System.String]","System.Collections.Generic.List`1[System.Diagnostics.Eventing.Reader.EventProperty]"
"The handle to an object was closed.

Subject :
