	Security ID:		S-1-5-18
	Account Name:		DESKTOP-0526O8D$
	Account Domain:		WORKGROUP
	Logon ID:		0x3E7

Object:
	Object Server:		Security
	Handle ID:		0x420

Process Information:
	Process ID:		0x13b0
	Process Name:		C:\Windows\System32\wbem\WmiPrvSE.exe","4658","0",,"0","12802","0","-9214364837600034816","251218","Microsoft-Windows-Security-Auditing","54849625-5478-4994-a5ba-3e3b0328c30d","Security","4","3248","DESKTOP-0526O8D",,"8/5/2019 6:03:02 PM",,,"h:\subhamoy_logs\new\step 13_subhamoylogout-accno_subhamoy.evtx","System.UInt32[]","System.Diagnostics.Eventing.Reader.EventBookmark","Information","Info","Kernel Object","System.Collections.ObjectModel.ReadOnlyCollection`1[System.String]","System.Collections.Generic.List`1[System.Diagnostics.Eventing.Reader.EventProperty]"
"An attempt was made to access an object.

Subject:
	Security ID:		S-1-5-18
	Account Name:		DESKTOP-0526O8D$
	Account Domain:		WORKGROUP
	Logon ID:		0x3E7

Object:
	Object Server:		Security
	Object Type:		Process
	Object Name:		\Device\HarddiskVolume4\Windows\System32\lsass.exe
	Handle ID:		0x420
	Resource Attributes:	-

Process Information:
	Process ID:		0x13b0
	Process Name:		C:\Windows\System32\wbem\WmiPrvSE.exe

Access Request Information:
	Accesses:		Read from process memory
				
	Access Mask:		0x10","4663","1",,"0","12802","0","-9214364837600034816","251217","Microsoft-Windows-Security-Auditing","54849625-5478-4994-a5ba-3e3b0328c30d","Security","4","3248","DESKTOP-0526O8D",,"8/5/2019 6:03:02 PM",,,"h:\subhamoy_logs\new\step 13_subhamoylogout-accno_subhamoy.evtx","System.UInt32[]","System.Diagnostics.Eventing.Reader.EventBookmark","Information","Info","Kernel Object","System.Collections.ObjectModel.ReadOnlyCollection`1[System.String]","System.Collections.Generic.List`1[System.Diagnostics.Eventing.Reader.EventProperty]"
"A handle to an object was requested.

Subject:
	Security ID:		S-1-5-18
	Account Name:		DESKTOP-0526O8D$
	Account Domain:		WORKGROUP
	Logon ID:		0x3E7

Object:
	Object Server:		Security
	Object Type:		Process
	Object Name:		\Device\HarddiskVolume4\Windows\System32\lsass.exe
	Handle ID:		0x420
	Resource Attributes:	-

Process Information:
	Process ID:		0x13b0
	Process Name:		C:\Windows\System32\wbem\WmiPrvSE.exe

Access Request Information:
	Transaction ID:		{00000000-0000-0000-0000-000000000000}
	Accesses:		Read from process memory
				Query process information
				Undefined Access (no effect) Bit 12
				
	Access Reasons:		-
	Access Mask:		0x1410
	Privileges Used for Access Check:	-
	Restricted SID Count:	0","4656","1",,"0","12802","0","-9214364837600034816","251216","Microsoft-Windows-Security-Auditing","54849625-5478-4994-a5ba-3e3b0328c30d","Security","4","3248","DESKTOP-0526O8D",,"8/5/2019 6:03:02 PM",,,"h:\subhamoy_logs\new\step 13_subhamoylogout-accno_subhamoy.evtx","System.UInt32[]","System.Diagnostics.Eventing.Reader.EventBookmark","Information","Info","Kernel Object","System.Collections.ObjectModel.ReadOnlyCollection`1[System.String]","System.Collections.Generic.List`1[System.Diagnostics.Eventing.Reader.EventProperty]"
"The handle to an object was closed.

Subject :
	Security ID:		S-1-5-18
	Account Name:		DESKTOP-0526O8D$
	Account Domain:		WORKGROUP
	Logon ID:		0x3E7

Object:
	Object Server:		Security
	Handle ID:		0x1f88

Process Information:
	Process ID:		0x13b0
	Process Name:		C:\Windows\System32\wbem\WmiPrvSE.exe","4658","0",,"0","12802","0","-9214364837600034816","251215","Microsoft-Windows-Security-Auditing","54849625-5478-4994-a5ba-3e3b0328c30d","Security","4","3248","DESKTOP-0526O8D",,"8/5/2019 6:03:02 PM",,,"h:\subhamoy_logs\new\step 13_subhamoylogout-accno_subhamoy.evtx","System.UInt32[]","System.Diagnostics.Eventing.Reader.EventBookmark","Information","Info","Kernel Object","System.Collections.ObjectModel.ReadOnlyCollection`1[System.String]","System.Collections.Generic.List`1[System.Diagnostics.Eventing.Reader.EventProperty]"
"An attempt was made to duplicate a handle to an object.

Subject:
	Security ID:		S-1-5-18
	Account Name:		DESKTOP-0526O8D$
	Account Domain:		WORKGROUP
	Logon ID:		0x3E7

Source Handle Information:
	Source Handle ID:	0x420
	Source Process ID:	0x13b0

New Handle Information:
	Target Handle ID:	0x1f88
	Target Process ID:	0x4","4690","0",,"0","12807","0","-9214364837600034816","251214","Microsoft-Windows-Security-Auditing","54849625-5478-4994-a5ba-3e3b0328c30d","Security","4","3248","DESKTOP-0526O8D",,"8/5/2019 6:03:02 PM",,,"h:\subhamoy_logs\new\step 13_subhamoylogout-accno_subhamoy.evtx","System.UInt32[]","System.Diagnostics.Eventing.Reader.EventBookmark","Information","Info","Handle Manipulation","System.Collections.ObjectModel.ReadOnlyCollection`1[System.String]","System.Collections.Generic.List`1[System.Diagnostics.Eventing.Reader.EventProperty]"
"A user's local group membership was enumerated.

Subject:
	Security ID:		S-1-5-21-1874035555-1170827713-1978778435-1003
	Account Name:		Subhamoy
	Account Domain:		DESKTOP-0526O8D
	Logon ID:		0x7C8A089

User:
	Security ID:		S-1-5-21-1874035555-1170827713-1978778435-501
	Account Name:		Guest
	Account Domain:		DESKTOP-0526O8D

Process Information:
	Process ID:		0x19b4
	Process Name:		C:\Windows\System32\RuntimeBroker.exe","4798","0",,"0","13824","0","-9214364837600034816","251213","Microsoft-Windows-Security-Auditing","54849625-5478-4994-a5ba-3e3b0328c30d","Security","784","10912","DESKTOP-0526O8D",,"8/5/2019 6:03:01 PM","e10bc0fc-45db-0000-45c1-0be1db45d501",,"h:\subhamoy_logs\new\step 13_subhamoylogout-accno_subhamoy.evtx","System.UInt32[]","System.Diagnostics.Eventing.Reader.EventBookmark","Information","Info","User Account Management","System.Collections.ObjectModel.ReadOnlyCollection`1[System.String]","System.Collections.Generic.List`1[System.Diagnostics.Eventing.Reader.EventProperty]"
"The handle to an object was closed.

Subject :
	Security ID:		S-1-5-21-1874035555-1170827713-1978778435-1003
	Account Name:		Subhamoy
	Account Domain:		DESKTOP-0526O8D
	Logon ID:		0x7C8A089

Object:
	Object Server:		Security Account Manager
	Handle ID:		0x193f7ebaf40

Process Information:
	Process ID:		0x310
	Process Name:		C:\Windows\System32\lsass.exe","4658","0",,"0","12804","0","-9214364837600034816","251212","Microsoft-Windows-Security-Auditing","54849625-5478-4994-a5ba-3e3b0328c30d","Security","4","8204","DESKTOP-0526O8D",,"8/5/2019 6:03:01 PM",,,"h:\subhamoy_logs\new\step 13_subhamoylogout-accno_subhamoy.evtx","System.UInt32[]","System.Diagnostics.Eventing.Reader.EventBookmark","Information","Info","Other Object Access Events","System.Collections.ObjectModel.ReadOnlyCollection`1[System.String]","System.Collections.Generic.List`1[System.Diagnostics.Eventing.Reader.EventProperty]"
"The handle to an object was closed.

Subject :
	Security ID:		S-1-5-21-1874035555-1170827713-1978778435-1003
	Account Name:		Subhamoy
	Account Domain:		DESKTOP-0526O8D
	Logon ID:		0x7C8A089

Object:
	Object Server:		Security Account Manager
	Handle ID:		0x193f7ebb440

Process Information:
	Process ID:		0x310
	Process Name:		C:\Windows\System32\lsass.exe","4658","0",,"0","12804","0","-9214364837600034816","251211","Microsoft-Windows-Security-Auditing","54849625-5478-4994-a5ba-3e3b0328c30d","Security","4","8204","DESKTOP-0526O8D",,"8/5/2019 6:03:01 PM",,,"h:\subhamoy_logs\new\step 13_subhamoylogout-accno_subhamoy.evtx","System.UInt32[]","System.Diagnostics.Eventing.Reader.EventBookmark","Information","Info","Other Object Access Events","System.Collections.ObjectModel.ReadOnlyCollection`1[System.String]","System.Collections.Generic.List`1[System.Diagnostics.Eventing.Reader.EventProperty]"
"A handle to an object was requested.

Subject:
	Security ID:		S-1-5-21-1874035555-1170827713-1978778435-1003
	Account Name:		Subhamoy
	Account Domain:		DESKTOP-0526O8D
	Logon ID:		0x7C8A089

Object:
	Object Server:		Security Account Manager
	Object Type:		SAM_DOMAIN
	Object Name:		DESKTOP-0526O8D
	Handle ID:		0x193f7ebb440
	Resource Attributes:	-

Process Information:
	Process ID:		0x310
	Process Name:		C:\Windows\System32\lsass.exe

Access Request Information:
	Transaction ID:		{00000000-0000-0000-0000-000000000000}
	Accesses:		READ_CONTROL
				ReadPasswordParameters
				ReadOtherParameters
				GetLocalGroupMembership
				ListAccounts
				LookupIDs
				
	Access Reasons:		-
	Access Mask:		0x20385
	Privileges Used for Access Check:	-
	Restricted SID Count:	0","4656","1",,"0","12803","0","-9214364837600034816","251210","Microsoft-Windows-Security-Auditing","54849625-5478-4994-a5ba-3e3b0328c30d","Security","4","8204","DESKTOP-0526O8D",,"8/5/2019 6:03:01 PM",,,"h:\subhamoy_logs\new\step 13_subhamoylogout-accno_subhamoy.evtx","System.UInt32[]","System.Diagnostics.Eventing.Reader.EventBookmark","Information","Info","SAM","System.Collections.ObjectModel.ReadOnlyCollection`1[System.String]","System.Collections.Generic.List`1[System.Diagnostics.Eventing.Reader.EventProperty]"
"A handle to an object was requested.

Subject:
	Security ID:		S-1-5-21-1874035555-1170827713-1978778435-1003
	Account Name:		Subhamoy
	Account Domain:		DESKTOP-0526O8D
	Logon ID:		0x7C8A089

Object:
	Object Server:		Security Account Manager
	Object Type:		SAM_SERVER
	Object Name:		SAM
	Handle ID:		0x193f7ebaf40
	Resource Attributes:	-

Process Information:
	Process ID:		0x310
	Process Name:		C:\Windows\System32\lsass.exe

Access Request Information:
	Transaction ID:		{00000000-0000-0000-0000-000000000000}
	Accesses:		READ_CONTROL
				ConnectToServer
				EnumerateDomains
				LookupDomain
				
	Access Reasons:		-
	Access Mask:		0x20031
	Privileges Used for Access Check:	-
	Restricted SID Count:	0","4656","1",,"0","12803","0","-9214364837600034816","251209","Microsoft-Windows-Security-Auditing","54849625-5478-4994-a5ba-3e3b0328c30d","Security","4","8204","DESKTOP-0526O8D",,"8/5/2019 6:03:01 PM",,,"h:\subhamoy_logs\new\step 13_subhamoylogout-accno_subhamoy.evtx","System.UInt32[]","System.Diagnostics.Eventing.Reader.EventBookmark","Information","Info","SAM","System.Collections.ObjectModel.ReadOnlyCollection`1[System.String]","System.Collections.Generic.List`1[System.Diagnostics.Eventing.Reader.EventProperty]"
"An attempt was made to query the existence of a blank password for an account.

Subject:
	Security ID:		S-1-5-21-1874035555-1170827713-1978778435-1003
	Account Name:		Subhamoy
	Account Domain:		DESKTOP-0526O8D
	Logon ID:		0x7C8A089

Additional Information:
	Caller Workstation:	DESKTOP-0526O8D
	Target Account Name:	Guest
	Target Account Domain:	DESKTOP-0526O8D","4797","0",,"0","13824","0","-9214364837600034816","251208","Microsoft-Windows-Security-Auditing","54849625-5478-4994-a5ba-3e3b0328c30d","Security","784","11856","DESKTOP-0526O8D",,"8/5/2019 6:03:01 PM","e10bc0fc-45db-0000-45c1-0be1db45d501",,"h:\subhamoy_logs\new\step 13_subhamoylogout-accno_subhamoy.evtx","System.UInt32[]","System.Diagnostics.Eventing.Reader.EventBookmark","Information","Info","User Account Management","System.Collections.ObjectModel.ReadOnlyCollection`1[System.String]","System.Collections.Generic.List`1[System.Diagnostics.Eventing.Reader.EventProperty]"
"The handle to an object was closed.

Subject :
	Security ID:		S-1-5-21-1874035555-1170827713-1978778435-1003
	Account Name:		Subhamoy
	Account Domain:		DESKTOP-0526O8D
	Logon ID:		0x7C8A089

Object:
	Object Server:		Security Account Manager
	Handle ID:		0x193f7ebbe40

Process Information:
	Process ID:		0x310
	Process Name:		C:\Windows\System32\lsass.exe","4658","0",,"0","12804","0","-9214364837600034816","251207","Microsoft-Windows-Security-Auditing","54849625-5478-4994-a5ba-3e3b0328c30d","Security","4","8204","DESKTOP-0526O8D",,"8/5/2019 6:03:01 PM",,,"h:\subhamoy_logs\new\step 13_subhamoylogout-accno_subhamoy.evtx","System.UInt32[]","System.Diagnostics.Eventing.Reader.EventBookmark","Information","Info","Other Object Access Events","System.Collections.ObjectModel.ReadOnlyCollection`1[System.String]","System.Collections.Generic.List`1[System.Diagnostics.Eventing.Reader.EventProperty]"
"The handle to an object was closed.

Subject :
	Security ID:		S-1-5-21-1874035555-1170827713-1978778435-1003
	Account Name:		Subhamoy
	Account Domain:		DESKTOP-0526O8D
	Logon ID:		0x7C8A089

Object:
	Object Server:		Security Account Manager
	Handle ID:		0x193f7eba540

Process Information:
	Process ID:		0x310
	Process Name:		C:\Windows\System32\lsass.exe","4658","0",,"0","12804","0","-9214364837600034816","251206","Microsoft-Windows-Security-Auditing","54849625-5478-4994-a5ba-3e3b0328c30d","Security","4","8204","DESKTOP-0526O8D",,"8/5/2019 6:03:01 PM",,,"h:\subhamoy_logs\new\step 13_subhamoylogout-accno_subhamoy.evtx","System.UInt32[]","System.Diagnostics.Eventing.Reader.EventBookmark","Information","Info","Other Object Access Events","System.Collections.ObjectModel.ReadOnlyCollection`1[System.String]","System.Collections.Generic.List`1[System.Diagnostics.Eventing.Reader.EventProperty]"
"A handle to an object was requested.

Subject:
	Security ID:		S-1-5-21-1874035555-1170827713-1978778435-1003
	Account Name:		Subhamoy
	Account Domain:		DESKTOP-0526O8D
	Logon ID:		0x7C8A089

Object:
	Object Server:		Security Account Manager
	Object Type:		SAM_DOMAIN
	Object Name:		DESKTOP-0526O8D
	Handle ID:		0x193f7eba540
	Resource Attributes:	-

Process Information:
	Process ID:		0x310
	Process Name:		C:\Windows\System32\lsass.exe

Access Request Information:
	Transaction ID:		{00000000-0000-0000-0000-000000000000}
	Accesses:		READ_CONTROL
				ReadPasswordParameters
				ReadOtherParameters
				GetLocalGroupMembership
				ListAccounts
				LookupIDs
				
	Access Reasons:		-
	Access Mask:		0x20385
	Privileges Used for Access Check:	-
	Restricted SID Count:	0","4656","1",,"0","12803","0","-9214364837600034816","251205","Microsoft-Windows-Security-Auditing","54849625-5478-4994-a5ba-3e3b0328c30d","Security","4","8204","DESKTOP-0526O8D",,"8/5/2019 6:03:01 PM",,,"h:\subhamoy_logs\new\step 13_subhamoylogout-accno_subhamoy.evtx","System.UInt32[]","System.Diagnostics.Eventing.Reader.EventBookmark","Information","Info","SAM","System.Collections.ObjectModel.ReadOnlyCollection`1[System.String]","System.Collections.Generic.List`1[System.Diagnostics.Eventing.Reader.EventProperty]"
"A handle to an object was requested.

Subject:
	Security ID:		S-1-5-21-1874035555-1170827713-1978778435-1003
	Account Name:		Subhamoy
	Account Domain:		DESKTOP-0526O8D
	Logon ID:		0x7C8A089

Object:
	Object Server:		Security Account Manager
	Object Type:		SAM_SERVER
	Object Name:		SAM
	Handle ID:		0x193f7ebbe40
	Resource Attributes:	-

Process Information:
	Process ID:		0x310
	Process Name:		C:\Windows\System32\lsass.exe

Access Request Information:
	Transaction ID:		{00000000-0000-0000-0000-000000000000}
	Accesses:		READ_CONTROL
				ConnectToServer
				EnumerateDomains
				LookupDomain
				
	Access Reasons:		-
	Access Mask:		0x20031
	Privileges Used for Access Check:	-
	Restricted SID Count:	0","4656","1",,"0","12803","0","-9214364837600034816","251204","Microsoft-Windows-Security-Auditing","54849625-5478-4994-a5ba-3e3b0328c30d","Security","4","8204","DESKTOP-0526O8D",,"8/5/2019 6:03:01 PM",,,"h:\subhamoy_logs\new\step 13_subhamoylogout-accno_subhamoy.evtx","System.UInt32[]","System.Diagnostics.Eventing.Reader.EventBookmark","Information","Info","SAM","System.Collections.ObjectModel.ReadOnlyCollection`1[System.String]","System.Collections.Generic.List`1[System.Diagnostics.Eventing.Reader.EventProperty]"
"An attempt was made to query the existence of a blank password for an account.

Subject:
	Security ID:		S-1-5-21-1874035555-1170827713-1978778435-1003
	Account Name:		Subhamoy
	Account Domain:		DESKTOP-0526O8D
	Logon ID:		0x7C8A089

Additional Information:
	Caller Workstation:	DESKTOP-0526O8D
	Target Account Name:	WDAGUtilityAccount
	Target Account Domain:	DESKTOP-0526O8D","4797","0",,"0","13824","0","-9214364837600034816","251203","Microsoft-Windows-Security-Auditing","54849625-5478-4994-a5ba-3e3b0328c30d","Security","784","10912","DESKTOP-0526O8D",,"8/5/2019 6:03:01 PM","e10bc0fc-45db-0000-45c1-0be1db45d501",,"h:\subhamoy_logs\new\step 13_subhamoylogout-accno_subhamoy.evtx","System.UInt32[]","System.Diagnostics.Eventing.Reader.EventBookmark","Information","Info","User Account Management","System.Collections.ObjectModel.ReadOnlyCollection`1[System.String]","System.Collections.Generic.List`1[System.Diagnostics.Eventing.Reader.EventProperty]"
"A user's local group membership was enumerated.

Subject:
	Security ID:		S-1-5-21-1874035555-1170827713-1978778435-1003
	Account Name:		Subhamoy
	Account Domain:		DESKTOP-0526O8D
	Logon ID:		0x7C8A089

User:
	Security ID:		S-1-5-21-1874035555-1170827713-1978778435-1003
	Account Name:		Subhamoy
	Account Domain:		DESKTOP-0526O8D

Process Information:
	Process ID:		0x19b4
	Process Name:		C:\Windows\System32\RuntimeBroker.exe","4798","0",,"0","13824","0","-9214364837600034816","251202","Microsoft-Windows-Security-Auditing","54849625-5478-4994-a5ba-3e3b0328c30d","Security","784","10912","DESKTOP-0526O8D",,"8/5/2019 6:03:01 PM","e10bc0fc-45db-0000-45c1-0be1db45d501",,"h:\subhamoy_logs\new\step 13_subhamoylogout-accno_subhamoy.evtx","System.UInt32[]","System.Diagnostics.Eventing.Reader.EventBookmark","Information","Info","User Account Management","System.Collections.ObjectModel.ReadOnlyCollection`1[System.String]","System.Collections.Generic.List`1[System.Diagnostics.Eventing.Reader.EventProperty]"
"The handle to an object was closed.

Subject :
	Security ID:		S-1-5-21-1874035555-1170827713-1978778435-1003
	Account Name:		Subhamoy
	Account Domain:		DESKTOP-0526O8D
	Logon ID:		0x7C8A089

Object:
	Object Server:		Security Account Manager
	Handle ID:		0x193f7eba040

Process Information:
	Process ID:		0x310
	Process Name:		C:\Windows\System32\lsass.exe","4658","0",,"0","12804","0","-9214364837600034816","251201","Microsoft-Windows-Security-Auditing","54849625-5478-4994-a5ba-3e3b0328c30d","Security","4","8204","DESKTOP-0526O8D",,"8/5/2019 6:03:01 PM",,,"h:\subhamoy_logs\new\step 13_subhamoylogout-accno_subhamoy.evtx","System.UInt32[]","System.Diagnostics.Eventing.Reader.EventBookmark","Information","Info","Other Object Access Events","System.Collections.ObjectModel.ReadOnlyCollection`1[System.String]","System.Collections.Generic.List`1[System.Diagnostics.Eventing.Reader.EventProperty]"
"The handle to an object was closed.

Subject :
	Security ID:		S-1-5-21-1874035555-1170827713-1978778435-1003
	Account Name:		Subhamoy
	Account Domain:		DESKTOP-0526O8D
	Logon ID:		0x7C8A089

Object:
	Object Server:		Security Account Manager
	Handle ID:		0x193f7eba540

Process Information:
	Process ID:		0x310
	Process Name:		C:\Windows\System32\lsass.exe","4658","0",,"0","12804","0","-9214364837600034816","251200","Microsoft-Windows-Security-Auditing","54849625-5478-4994-a5ba-3e3b0328c30d","Security","4","8204","DESKTOP-0526O8D",,"8/5/2019 6:03:01 PM",,,"h:\subhamoy_logs\new\step 13_subhamoylogout-accno_subhamoy.evtx","System.UInt32[]","System.Diagnostics.Eventing.Reader.EventBookmark","Information","Info","Other Object Access Events","System.Collections.ObjectModel.ReadOnlyCollection`1[System.String]","System.Collections.Generic.List`1[System.Diagnostics.Eventing.Reader.EventProperty]"
"A handle to an object was requested.

Subject:
	Security ID:		S-1-5-21-1874035555-1170827713-1978778435-1003
	Account Name:		Subhamoy
	Account Domain:		DESKTOP-0526O8D
	Logon ID:		0x7C8A089

Object:
	Object Server:		Security Account Manager
	Object Type:		SAM_DOMAIN
	Object Name:		DESKTOP-0526O8D
	Handle ID:		0x193f7eba540
	Resource Attributes:	-

Process Information:
	Process ID:		0x310
	Process Name:		C:\Windows\System32\lsass.exe

Access Request Information:
	Transaction ID:		{00000000-0000-0000-0000-000000000000}
	Accesses:		READ_CONTROL
				ReadPasswordParameters
				ReadOtherParameters
				GetLocalGroupMembership
				ListAccounts
				LookupIDs
				
	Access Reasons:		-
	Access Mask:		0x20385
	Privileges Used for Access Check:	-
	Restricted SID Count:	0","4656","1",,"0","12803","0","-9214364837600034816","251199","Microsoft-Windows-Security-Auditing","54849625-5478-4994-a5ba-3e3b0328c30d","Security","4","8204","DESKTOP-0526O8D",,"8/5/2019 6:03:01 PM",,,"h:\subhamoy_logs\new\step 13_subhamoylogout-accno_subhamoy.evtx","System.UInt32[]","System.Diagnostics.Eventing.Reader.EventBookmark","Information","Info","SAM","System.Collections.ObjectModel.ReadOnlyCollection`1[System.String]","System.Collections.Generic.List`1[System.Diagnostics.Eventing.Reader.EventProperty]"
"A handle to an object was requested.

Subject:
	Security ID:		S-1-5-21-1874035555-1170827713-1978778435-1003
	Account Name:		Subhamoy
	Account Domain:		DESKTOP-0526O8D
	Logon ID:		0x7C8A089

Object:
	Object Server:		Security Account Manager
	Object Type:		SAM_SERVER
	Object Name:		SAM
	Handle ID:		0x193f7eba040
	Resource Attributes:	-

Process Information:
	Process ID:		0x310
	Process Name:		C:\Windows\System32\lsass.exe

Access Request Information:
	Transaction ID:		{00000000-0000-0000-0000-000000000000}
	Accesses:		READ_CONTROL
				ConnectToServer
				EnumerateDomains
				LookupDomain
				
	Access Reasons:		-
	Access Mask:		0x20031
	Privileges Used for Access Check:	-
	Restricted SID Count:	0","4656","1",,"0","12803","0","-9214364837600034816","251198","Microsoft-Windows-Security-Auditing","54849625-5478-4994-a5ba-3e3b0328c30d","Security","4","8204","DESKTOP-0526O8D",,"8/5/2019 6:03:01 PM",,,"h:\subhamoy_logs\new\step 13_subhamoylogout-accno_subhamoy.evtx","System.UInt32[]","System.Diagnostics.Eventing.Reader.EventBookmark","Information","Info","SAM","System.Collections.ObjectModel.ReadOnlyCollection`1[System.String]","System.Collections.Generic.List`1[System.Diagnostics.Eventing.Reader.EventProperty]"
"A user's local group membership was enumerated.

Subject:
	Security ID:		S-1-5-21-1874035555-1170827713-1978778435-1003
	Account Name:		Subhamoy
	Account Domain:		DESKTOP-0526O8D
	Logon ID:		0x7C8A089

User:
	Security ID:		S-1-5-21-1874035555-1170827713-1978778435-1004
	Account Name:		johnwick
	Account Domain:		DESKTOP-0526O8D

Process Information:
	Process ID:		0x19b4
	Process Name:		C:\Windows\System32\RuntimeBroker.exe","4798","0",,"0","13824","0","-9214364837600034816","251197","Microsoft-Windows-Security-Auditing","54849625-5478-4994-a5ba-3e3b0328c30d","Security","784","11856","DESKTOP-0526O8D",,"8/5/2019 6:03:01 PM","e10bc0fc-45db-0000-45c1-0be1db45d501",,"h:\subhamoy_logs\new\step 13_subhamoylogout-accno_subhamoy.evtx","System.UInt32[]","System.Diagnostics.Eventing.Reader.EventBookmark","Information","Info","User Account Management","System.Collections.ObjectModel.ReadOnlyCollection`1[System.String]","System.Collections.Generic.List`1[System.Diagnostics.Eventing.Reader.EventProperty]"
"The handle to an object was closed.

Subject :
	Security ID:		S-1-5-21-1874035555-1170827713-1978778435-1003
	Account Name:		Subhamoy
	Account Domain:		DESKTOP-0526O8D
	Logon ID:		0x7C8A089

Object:
	Object Server:		Security Account Manager
	Handle ID:		0x193f7ebd240

Process Information:
	Process ID:		0x310
	Process Name:		C:\Windows\System32\lsass.exe","4658","0",,"0","12804","0","-9214364837600034816","251196","Microsoft-Windows-Security-Auditing","54849625-5478-4994-a5ba-3e3b0328c30d","Security","4","8204","DESKTOP-0526O8D",,"8/5/2019 6:03:01 PM",,,"h:\subhamoy_logs\new\step 13_subhamoylogout-accno_subhamoy.evtx","System.UInt32[]","System.Diagnostics.Eventing.Reader.EventBookmark","Information","Info","Other Object Access Events","System.Collections.ObjectModel.ReadOnlyCollection`1[System.String]","System.Collections.Generic.List`1[System.Diagnostics.Eventing.Reader.EventProperty]"
"The handle to an object was closed.

Subject :
	Security ID:		S-1-5-21-1874035555-1170827713-1978778435-1003
	Account Name:		Subhamoy
	Account Domain:		DESKTOP-0526O8D
	Logon ID:		0x7C8A089

Object:
	Object Server:		Security Account Manager
	Handle ID:		0x193f7eba540

Process Information:
	Process ID:		0x310
	Process Name:		C:\Windows\System32\lsass.exe","4658","0",,"0","12804","0","-9214364837600034816","251195","Microsoft-Windows-Security-Auditing","54849625-5478-4994-a5ba-3e3b0328c30d","Security","4","8204","DESKTOP-0526O8D",,"8/5/2019 6:03:01 PM",,,"h:\subhamoy_logs\new\step 13_subhamoylogout-accno_subhamoy.evtx","System.UInt32[]","System.Diagnostics.Eventing.Reader.EventBookmark","Information","Info","Other Object Access Events","System.Collections.ObjectModel.ReadOnlyCollection`1[System.String]","System.Collections.Generic.List`1[System.Diagnostics.Eventing.Reader.EventProperty]"
"A handle to an object was requested.

Subject:
	Security ID:		S-1-5-21-1874035555-1170827713-1978778435-1003
	Account Name:		Subhamoy
	Account Domain:		DESKTOP-0526O8D
	Logon ID:		0x7C8A089

Object:
	Object Server:		Security Account Manager
	Object Type:		SAM_DOMAIN
	Object Name:		DESKTOP-0526O8D
	Handle ID:		0x193f7eba540
	Resource Attributes:	-

Process Information:
	Process ID:		0x310
	Process Name:		C:\Windows\System32\lsass.exe

Access Request Information:
	Transaction ID:		{00000000-0000-0000-0000-000000000000}
	Accesses:		READ_CONTROL
				ReadPasswordParameters
				ReadOtherParameters
				GetLocalGroupMembership
				ListAccounts
				LookupIDs
				
	Access Reasons:		-
	Access Mask:		0x20385
	Privileges Used for Access Check:	-
	Restricted SID Count:	0","4656","1",,"0","12803","0","-9214364837600034816","251194","Microsoft-Windows-Security-Auditing","54849625-5478-4994-a5ba-3e3b0328c30d","Security","4","8204","DESKTOP-0526O8D",,"8/5/2019 6:03:01 PM",,,"h:\subhamoy_logs\new\step 13_subhamoylogout-accno_subhamoy.evtx","System.UInt32[]","System.Diagnostics.Eventing.Reader.EventBookmark","Information","Info","SAM","System.Collections.ObjectModel.ReadOnlyCollection`1[System.String]","System.Collections.Generic.List`1[System.Diagnostics.Eventing.Reader.EventProperty]"
"A handle to an object was requested.

Subject:
	Security ID:		S-1-5-21-1874035555-1170827713-1978778435-1003
	Account Name:		Subhamoy
	Account Domain:		DESKTOP-0526O8D
	Logon ID:		0x7C8A089

Object:
	Object Server:		Security Account Manager
	Object Type:		SAM_SERVER
	Object Name:		SAM
	Handle ID:		0x193f7ebd240
	Resource Attributes:	-

Process Information:
	Process ID:		0x310
	Process Name:		C:\Windows\System32\lsass.exe

Access Request Information:
	Transaction ID:		{00000000-0000-0000-0000-000000000000}
	Accesses:		READ_CONTROL
				ConnectToServer
				EnumerateDomains
				LookupDomain
				
	Access Reasons:		-
	Access Mask:		0x20031
	Privileges Used for Access Check:	-
	Restricted SID Count:	0","4656","1",,"0","12803","0","-9214364837600034816","251193","Microsoft-Windows-Security-Auditing","54849625-5478-4994-a5ba-3e3b0328c30d","Security","4","8204","DESKTOP-0526O8D",,"8/5/2019 6:03:01 PM",,,"h:\subhamoy_logs\new\step 13_subhamoylogout-accno_subhamoy.evtx","System.UInt32[]","System.Diagnostics.Eventing.Reader.EventBookmark","Information","Info","SAM","System.Collections.ObjectModel.ReadOnlyCollection`1[System.String]","System.Collections.Generic.List`1[System.Diagnostics.Eventing.Reader.EventProperty]"
"An attempt was made to query the existence of a blank password for an account.

Subject:
	Security ID:		S-1-5-21-1874035555-1170827713-1978778435-1003
	Account Name:		Subhamoy
	Account Domain:		DESKTOP-0526O8D
	Logon ID:		0x7C8A089

Additional Information:
	Caller Workstation:	DESKTOP-0526O8D
	Target Account Name:	johnwick
	Target Account Domain:	DESKTOP-0526O8D","4797","0",,"0","13824","0","-9214364837600034816","251192","Microsoft-Windows-Security-Auditing","54849625-5478-4994-a5ba-3e3b0328c30d","Security","784","10912","DESKTOP-0526O8D",,"8/5/2019 6:03:01 PM","e10bc0fc-45db-0000-45c1-0be1db45d501",,"h:\subhamoy_logs\new\step 13_subhamoylogout-accno_subhamoy.evtx","System.UInt32[]","System.Diagnostics.Eventing.Reader.EventBookmark","Information","Info","User Account Management","System.Collections.ObjectModel.ReadOnlyCollection`1[System.String]","System.Collections.Generic.List`1[System.Diagnostics.Eventing.Reader.EventProperty]"
"The handle to an object was closed.

Subject :
	Security ID:		S-1-5-21-1874035555-1170827713-1978778435-1003
	Account Name:		Subhamoy
	Account Domain:		DESKTOP-0526O8D
	Logon ID:		0x7C8A089

Object:
	Object Server:		Security Account Manager
	Handle ID:		0x193f7ebb440

Process Information:
	Process ID:		0x310
	Process Name:		C:\Windows\System32\lsass.exe","4658","0",,"0","12804","0","-9214364837600034816","251191","Microsoft-Windows-Security-Auditing","54849625-5478-4994-a5ba-3e3b0328c30d","Security","4","8204","DESKTOP-0526O8D",,"8/5/2019 6:03:01 PM",,,"h:\subhamoy_logs\new\step 13_subhamoylogout-accno_subhamoy.evtx","System.UInt32[]","System.Diagnostics.Eventing.Reader.EventBookmark","Information","Info","Other Object Access Events","System.Collections.ObjectModel.ReadOnlyCollection`1[System.String]","System.Collections.Generic.List`1[System.Diagnostics.Eventing.Reader.EventProperty]"
"The handle to an object was closed.

Subject :
	Security ID:		S-1-5-21-1874035555-1170827713-1978778435-1003
	Account Name:		Subhamoy
	Account Domain:		DESKTOP-0526O8D
	Logon ID:		0x7C8A089

Object:
	Object Server:		Security Account Manager
	Handle ID:		0x193f7ebaf40

Process Information:
	Process ID:		0x310
	Process Name:		C:\Windows\System32\lsass.exe","4658","0",,"0","12804","0","-9214364837600034816","251190","Microsoft-Windows-Security-Auditing","54849625-5478-4994-a5ba-3e3b0328c30d","Security","4","8204","DESKTOP-0526O8D",,"8/5/2019 6:03:01 PM",,,"h:\subhamoy_logs\new\step 13_subhamoylogout-accno_subhamoy.evtx","System.UInt32[]","System.Diagnostics.Eventing.Reader.EventBookmark","Information","Info","Other Object Access Events","System.Collections.ObjectModel.ReadOnlyCollection`1[System.String]","System.Collections.Generic.List`1[System.Diagnostics.Eventing.Reader.EventProperty]"
"A handle to an object was requested.

Subject:
	Security ID:		S-1-5-21-1874035555-1170827713-1978778435-1003
	Account Name:		Subhamoy
	Account Domain:		DESKTOP-0526O8D
	Logon ID:		0x7C8A089

Object:
	Object Server:		Security Account Manager
	Object Type:		SAM_DOMAIN
	Object Name:		DESKTOP-0526O8D
	Handle ID:		0x193f7ebaf40
	Resource Attributes:	-

Process Information:
	Process ID:		0x310
	Process Name:		C:\Windows\System32\lsass.exe

Access Request Information:
	Transaction ID:		{00000000-0000-0000-0000-000000000000}
	Accesses:		READ_CONTROL
				ReadPasswordParameters
				ReadOtherParameters
				GetLocalGroupMembership
				ListAccounts
				LookupIDs
				
	Access Reasons:		-
	Access Mask:		0x20385
	Privileges Used for Access Check:	-
	Restricted SID Count:	0","4656","1",,"0","12803","0","-9214364837600034816","251189","Microsoft-Windows-Security-Auditing","54849625-5478-4994-a5ba-3e3b0328c30d","Security","4","8204","DESKTOP-0526O8D",,"8/5/2019 6:03:01 PM",,,"h:\subhamoy_logs\new\step 13_subhamoylogout-accno_subhamoy.evtx","System.UInt32[]","System.Diagnostics.Eventing.Reader.EventBookmark","Information","Info","SAM","System.Collections.ObjectModel.ReadOnlyCollection`1[System.String]","System.Collections.Generic.List`1[System.Diagnostics.Eventing.Reader.EventProperty]"
"A handle to an object was requested.

Subject:
	Security ID:		S-1-5-21-1874035555-1170827713-1978778435-1003
	Account Name:		Subhamoy
	Account Domain:		DESKTOP-0526O8D
	Logon ID:		0x7C8A089

Object:
	Object Server:		Security Account Manager
	Object Type:		SAM_SERVER
	Object Name:		SAM
	Handle ID:		0x193f7ebb440
	Resource Attributes:	-

Process Information:
	Process ID:		0x310
	Process Name:		C:\Windows\System32\lsass.exe

Access Request Information:
	Transaction ID:		{00000000-0000-0000-0000-000000000000}
	Accesses:		READ_CONTROL
				ConnectToServer
				EnumerateDomains
				LookupDomain
				
	Access Reasons:		-
	Access Mask:		0x20031
	Privileges Used for Access Check:	-
	Restricted SID Count:	0","4656","1",,"0","12803","0","-9214364837600034816","251188","Microsoft-Windows-Security-Auditing","54849625-5478-4994-a5ba-3e3b0328c30d","Security","4","8204","DESKTOP-0526O8D",,"8/5/2019 6:03:01 PM",,,"h:\subhamoy_logs\new\step 13_subhamoylogout-accno_subhamoy.evtx","System.UInt32[]","System.Diagnostics.Eventing.Reader.EventBookmark","Information","Info","SAM","System.Collections.ObjectModel.ReadOnlyCollection`1[System.String]","System.Collections.Generic.List`1[System.Diagnostics.Eventing.Reader.EventProperty]"
"An attempt was made to query the existence of a blank password for an account.

Subject:
	Security ID:		S-1-5-21-1874035555-1170827713-1978778435-1003
	Account Name:		Subhamoy
	Account Domain:		DESKTOP-0526O8D
	Logon ID:		0x7C8A089

Additional Information:
	Caller Workstation:	DESKTOP-0526O8D
	Target Account Name:	DefaultAccount
	Target Account Domain:	DESKTOP-0526O8D","4797","0",,"0","13824","0","-9214364837600034816","251187","Microsoft-Windows-Security-Auditing","54849625-5478-4994-a5ba-3e3b0328c30d","Security","784","11856","DESKTOP-0526O8D",,"8/5/2019 6:03:01 PM","e10bc0fc-45db-0000-45c1-0be1db45d501",,"h:\subhamoy_logs\new\step 13_subhamoylogout-accno_subhamoy.evtx","System.UInt32[]","System.Diagnostics.Eventing.Reader.EventBookmark","Information","Info","User Account Management","System.Collections.ObjectModel.ReadOnlyCollection`1[System.String]","System.Collections.Generic.List`1[System.Diagnostics.Eventing.Reader.EventProperty]"
"A user's local group membership was enumerated.

Subject:
	Security ID:		S-1-5-21-1874035555-1170827713-1978778435-1003
	Account Name:		Subhamoy
	Account Domain:		DESKTOP-0526O8D
	Logon ID:		0x7C8A089

User:
	Security ID:		S-1-5-21-1874035555-1170827713-1978778435-1001
	Account Name:		DEBASHISH
	Account Domain:		DESKTOP-0526O8D

Process Information:
	Process ID:		0x19b4
	Process Name:		C:\Windows\System32\RuntimeBroker.exe","4798","0",,"0","13824","0","-9214364837600034816","251186","Microsoft-Windows-Security-Auditing","54849625-5478-4994-a5ba-3e3b0328c30d","Security","784","11856","DESKTOP-0526O8D",,"8/5/2019 6:03:01 PM","e10bc0fc-45db-0000-45c1-0be1db45d501",,"h:\subhamoy_logs\new\step 13_subhamoylogout-accno_subhamoy.evtx","System.UInt32[]","System.Diagnostics.Eventing.Reader.EventBookmark","Information","Info","User Account Management","System.Collections.ObjectModel.ReadOnlyCollection`1[System.String]","System.Collections.Generic.List`1[System.Diagnostics.Eventing.Reader.EventProperty]"
"A user's local group membership was enumerated.

Subject:
	Security ID:		S-1-5-21-1874035555-1170827713-1978778435-1003
	Account Name:		Subhamoy
	Account Domain:		DESKTOP-0526O8D
	Logon ID:		0x7C8A089

User:
	Security ID:		S-1-5-21-1874035555-1170827713-1978778435-1001
	Account Name:		DEBASHISH
	Account Domain:		DESKTOP-0526O8D

Process Information:
	Process ID:		0x19b4
	Process Name:		C:\Windows\System32\RuntimeBroker.exe","4798","0",,"0","13824","0","-9214364837600034816","251185","Microsoft-Windows-Security-Auditing","54849625-5478-4994-a5ba-3e3b0328c30d","Security","784","11856","DESKTOP-0526O8D",,"8/5/2019 6:03:01 PM","e10bc0fc-45db-0000-45c1-0be1db45d501",,"h:\subhamoy_logs\new\step 13_subhamoylogout-accno_subhamoy.evtx","System.UInt32[]","System.Diagnostics.Eventing.Reader.EventBookmark","Information","Info","User Account Management","System.Collections.ObjectModel.ReadOnlyCollection`1[System.String]","System.Collections.Generic.List`1[System.Diagnostics.Eventing.Reader.EventProperty]"
"The handle to an object was closed.

Subject :
	Security ID:		S-1-5-21-1874035555-1170827713-1978778435-1003
	Account Name:		Subhamoy
	Account Domain:		DESKTOP-0526O8D
	Logon ID:		0x7C8A089

Object:
	Object Server:		Security Account Manager
	Handle ID:		0x193f7ebbe40

Process Information:
	Process ID:		0x310
	Process Name:		C:\Windows\System32\lsass.exe","4658","0",,"0","12804","0","-9214364837600034816","251184","Microsoft-Windows-Security-Auditing","54849625-5478-4994-a5ba-3e3b0328c30d","Security","4","8204","DESKTOP-0526O8D",,"8/5/2019 6:03:01 PM",,,"h:\subhamoy_logs\new\step 13_subhamoylogout-accno_subhamoy.evtx","System.UInt32[]","System.Diagnostics.Eventing.Reader.EventBookmark","Information","Info","Other Object Access Events","System.Collections.ObjectModel.ReadOnlyCollection`1[System.String]","System.Collections.Generic.List`1[System.Diagnostics.Eventing.Reader.EventProperty]"
"The handle to an object was closed.

Subject :
	Security ID:		S-1-5-21-1874035555-1170827713-1978778435-1003
	Account Name:		Subhamoy
	Account Domain:		DESKTOP-0526O8D
	Logon ID:		0x7C8A089

Object:
	Object Server:		Security Account Manager
	Handle ID:		0x193f7ebd740

Process Information:
	Process ID:		0x310
	Process Name:		C:\Windows\System32\lsass.exe","4658","0",,"0","12804","0","-9214364837600034816","251183","Microsoft-Windows-Security-Auditing","54849625-5478-4994-a5ba-3e3b0328c30d","Security","4","8204","DESKTOP-0526O8D",,"8/5/2019 6:03:01 PM",,,"h:\subhamoy_logs\new\step 13_subhamoylogout-accno_subhamoy.evtx","System.UInt32[]","System.Diagnostics.Eventing.Reader.EventBookmark","Information","Info","Other Object Access Events","System.Collections.ObjectModel.ReadOnlyCollection`1[System.String]","System.Collections.Generic.List`1[System.Diagnostics.Eventing.Reader.EventProperty]"
"A handle to an object was requested.

Subject:
	Security ID:		S-1-5-21-1874035555-1170827713-1978778435-1003
	Account Name:		Subhamoy
	Account Domain:		DESKTOP-0526O8D
	Logon ID:		0x7C8A089

Object:
	Object Server:		Security Account Manager
	Object Type:		SAM_DOMAIN
	Object Name:		DESKTOP-0526O8D
	Handle ID:		0x193f7ebd740
	Resource Attributes:	-

Process Information:
	Process ID:		0x310
	Process Name:		C:\Windows\System32\lsass.exe

Access Request Information:
	Transaction ID:		{00000000-0000-0000-0000-000000000000}
	Accesses:		READ_CONTROL
				ReadPasswordParameters
				ReadOtherParameters
				GetLocalGroupMembership
				ListAccounts
				LookupIDs
				
	Access Reasons:		-
	Access Mask:		0x20385
	Privileges Used for Access Check:	-
	Restricted SID Count:	0","4656","1",,"0","12803","0","-9214364837600034816","251182","Microsoft-Windows-Security-Auditing","54849625-5478-4994-a5ba-3e3b0328c30d","Security","4","8204","DESKTOP-0526O8D",,"8/5/2019 6:03:01 PM",,,"h:\subhamoy_logs\new\step 13_subhamoylogout-accno_subhamoy.evtx","System.UInt32[]","System.Diagnostics.Eventing.Reader.EventBookmark","Information","Info","SAM","System.Collections.ObjectModel.ReadOnlyCollection`1[System.String]","System.Collections.Generic.List`1[System.Diagnostics.Eventing.Reader.EventProperty]"
"A handle to an object was requested.

Subject:
	Security ID:		S-1-5-21-1874035555-1170827713-1978778435-1003
	Account Name:		Subhamoy
	Account Domain:		DESKTOP-0526O8D
	Logon ID:		0x7C8A089

Object:
	Object Server:		Security Account Manager
	Object Type:		SAM_SERVER
	Object Name:		SAM
	Handle ID:		0x193f7ebbe40
	Resource Attributes:	-

Process Information:
	Process ID:		0x310
	Process Name:		C:\Windows\System32\lsass.exe

Access Request Information:
	Transaction ID:		{00000000-0000-0000-0000-000000000000}
	Accesses:		READ_CONTROL
				ConnectToServer
				EnumerateDomains
				LookupDomain
				
	Access Reasons:		-
	Access Mask:		0x20031
	Privileges Used for Access Check:	-
	Restricted SID Count:	0","4656","1",,"0","12803","0","-9214364837600034816","251181","Microsoft-Windows-Security-Auditing","54849625-5478-4994-a5ba-3e3b0328c30d","Security","4","8204","DESKTOP-0526O8D",,"8/5/2019 6:03:01 PM",,,"h:\subhamoy_logs\new\step 13_subhamoylogout-accno_subhamoy.evtx","System.UInt32[]","System.Diagnostics.Eventing.Reader.EventBookmark","Information","Info","SAM","System.Collections.ObjectModel.ReadOnlyCollection`1[System.String]","System.Collections.Generic.List`1[System.Diagnostics.Eventing.Reader.EventProperty]"
"An attempt was made to query the existence of a blank password for an account.

Subject:
	Security ID:		S-1-5-21-1874035555-1170827713-1978778435-1003
	Account Name:		Subhamoy
	Account Domain:		DESKTOP-0526O8D
	Logon ID:		0x7C8A089

Additional Information:
	Caller Workstation:	DESKTOP-0526O8D
	Target Account Name:	DEBASHISH
	Target Account Domain:	DESKTOP-0526O8D","4797","0",,"0","13824","0","-9214364837600034816","251180","Microsoft-Windows-Security-Auditing","54849625-5478-4994-a5ba-3e3b0328c30d","Security","784","10912","DESKTOP-0526O8D",,"8/5/2019 6:03:01 PM","e10bc0fc-45db-0000-45c1-0be1db45d501",,"h:\subhamoy_logs\new\step 13_subhamoylogout-accno_subhamoy.evtx","System.UInt32[]","System.Diagnostics.Eventing.Reader.EventBookmark","Information","Info","User Account Management","System.Collections.ObjectModel.ReadOnlyCollection`1[System.String]","System.Collections.Generic.List`1[System.Diagnostics.Eventing.Reader.EventProperty]"
"The handle to an object was closed.

Subject :
	Security ID:		S-1-5-21-1874035555-1170827713-1978778435-1003
	Account Name:		Subhamoy
	Account Domain:		DESKTOP-0526O8D
	Logon ID:		0x7C8A089

Object:
	Object Server:		Security Account Manager
	Handle ID:		0x193f7eba040

Process Information:
	Process ID:		0x310
	Process Name:		C:\Windows\System32\lsass.exe","4658","0",,"0","12804","0","-9214364837600034816","251179","Microsoft-Windows-Security-Auditing","54849625-5478-4994-a5ba-3e3b0328c30d","Security","4","8204","DESKTOP-0526O8D",,"8/5/2019 6:03:01 PM",,,"h:\subhamoy_logs\new\step 13_subhamoylogout-accno_subhamoy.evtx","System.UInt32[]","System.Diagnostics.Eventing.Reader.EventBookmark","Information","Info","Other Object Access Events","System.Collections.ObjectModel.ReadOnlyCollection`1[System.String]","System.Collections.Generic.List`1[System.Diagnostics.Eventing.Reader.EventProperty]"
"The handle to an object was closed.

Subject :
	Security ID:		S-1-5-21-1874035555-1170827713-1978778435-1003
	Account Name:		Subhamoy
	Account Domain:		DESKTOP-0526O8D
	Logon ID:		0x7C8A089

Object:
	Object Server:		Security Account Manager
	Handle ID:		0x193f7ebb940

Process Information:
	Process ID:		0x310
	Process Name:		C:\Windows\System32\lsass.exe","4658","0",,"0","12804","0","-9214364837600034816","251178","Microsoft-Windows-Security-Auditing","54849625-5478-4994-a5ba-3e3b0328c30d","Security","4","8204","DESKTOP-0526O8D",,"8/5/2019 6:03:01 PM",,,"h:\subhamoy_logs\new\step 13_subhamoylogout-accno_subhamoy.evtx","System.UInt32[]","System.Diagnostics.Eventing.Reader.EventBookmark","Information","Info","Other Object Access Events","System.Collections.ObjectModel.ReadOnlyCollection`1[System.String]","System.Collections.Generic.List`1[System.Diagnostics.Eventing.Reader.EventProperty]"
"A handle to an object was requested.

Subject:
	Security ID:		S-1-5-21-1874035555-1170827713-1978778435-1003
	Account Name:		Subhamoy
	Account Domain:		DESKTOP-0526O8D
	Logon ID:		0x7C8A089

Object:
	Object Server:		Security Account Manager
	Object Type:		SAM_DOMAIN
	Object Name:		DESKTOP-0526O8D
	Handle ID:		0x193f7ebb940
	Resource Attributes:	-

Process Information:
	Process ID:		0x310
	Process Name:		C:\Windows\System32\lsass.exe

Access Request Information:
	Transaction ID:		{00000000-0000-0000-0000-000000000000}
	Accesses:		READ_CONTROL
				ReadPasswordParameters
				ReadOtherParameters
				GetLocalGroupMembership
				ListAccounts
				LookupIDs
				
	Access Reasons:		-
	Access Mask:		0x20385
	Privileges Used for Access Check:	-
	Restricted SID Count:	0","4656","1",,"0","12803","0","-9214364837600034816","251177","Microsoft-Windows-Security-Auditing","54849625-5478-4994-a5ba-3e3b0328c30d","Security","4","8204","DESKTOP-0526O8D",,"8/5/2019 6:03:01 PM",,,"h:\subhamoy_logs\new\step 13_subhamoylogout-accno_subhamoy.evtx","System.UInt32[]","System.Diagnostics.Eventing.Reader.EventBookmark","Information","Info","SAM","System.Collections.ObjectModel.ReadOnlyCollection`1[System.String]","System.Collections.Generic.List`1[System.Diagnostics.Eventing.Reader.EventProperty]"
"A handle to an object was requested.

Subject:
	Security ID:		S-1-5-21-1874035555-1170827713-1978778435-1003
	Account Name:		Subhamoy
	Account Domain:		DESKTOP-0526O8D
	Logon ID:		0x7C8A089

Object:
	Object Server:		Security Account Manager
	Object Type:		SAM_SERVER
	Object Name:		SAM
	Handle ID:		0x193f7eba040
	Resource Attributes:	-

Process Information:
	Process ID:		0x310
	Process Name:		C:\Windows\System32\lsass.exe

Access Request Information:
	Transaction ID:		{00000000-0000-0000-0000-000000000000}
	Accesses:		READ_CONTROL
				ConnectToServer
				EnumerateDomains
				LookupDomain
				
	Access Reasons:		-
	Access Mask:		0x20031
	Privileges Used for Access Check:	-
	Restricted SID Count:	0","4656","1",,"0","12803","0","-9214364837600034816","251176","Microsoft-Windows-Security-Auditing","54849625-5478-4994-a5ba-3e3b0328c30d","Security","4","8204","DESKTOP-0526O8D",,"8/5/2019 6:03:01 PM",,,"h:\subhamoy_logs\new\step 13_subhamoylogout-accno_subhamoy.evtx","System.UInt32[]","System.Diagnostics.Eventing.Reader.EventBookmark","Information","Info","SAM","System.Collections.ObjectModel.ReadOnlyCollection`1[System.String]","System.Collections.Generic.List`1[System.Diagnostics.Eventing.Reader.EventProperty]"
"An attempt was made to query the existence of a blank password for an account.

Subject:
	Security ID:		S-1-5-21-1874035555-1170827713-1978778435-1003
	Account Name:		Subhamoy
	Account Domain:		DESKTOP-0526O8D
	Logon ID:		0x7C8A089

Additional Information:
	Caller Workstation:	DESKTOP-0526O8D
	Target Account Name:	Administrator
	Target Account Domain:	DESKTOP-0526O8D","4797","0",,"0","13824","0","-9214364837600034816","251175","Microsoft-Windows-Security-Auditing","54849625-5478-4994-a5ba-3e3b0328c30d","Security","784","11856","DESKTOP-0526O8D",,"8/5/2019 6:03:01 PM","e10bc0fc-45db-0000-45c1-0be1db45d501",,"h:\subhamoy_logs\new\step 13_subhamoylogout-accno_subhamoy.evtx","System.UInt32[]","System.Diagnostics.Eventing.Reader.EventBookmark","Information","Info","User Account Management","System.Collections.ObjectModel.ReadOnlyCollection`1[System.String]","System.Collections.Generic.List`1[System.Diagnostics.Eventing.Reader.EventProperty]"
"An attempt was made to query the existence of a blank password for an account.

Subject:
	Security ID:		S-1-5-21-1874035555-1170827713-1978778435-1003
	Account Name:		Subhamoy
	Account Domain:		DESKTOP-0526O8D
	Logon ID:		0x7C8A089

Additional Information:
	Caller Workstation:	DESKTOP-0526O8D
	Target Account Name:	WDAGUtilityAccount
	Target Account Domain:	DESKTOP-0526O8D","4797","0",,"0","13824","0","-9214364837600034816","251174","Microsoft-Windows-Security-Auditing","54849625-5478-4994-a5ba-3e3b0328c30d","Security","784","11856","DESKTOP-0526O8D",,"8/5/2019 6:03:01 PM","e10bc0fc-45db-0000-45c1-0be1db45d501",,"h:\subhamoy_logs\new\step 13_subhamoylogout-accno_subhamoy.evtx","System.UInt32[]","System.Diagnostics.Eventing.Reader.EventBookmark","Information","Info","User Account Management","System.Collections.ObjectModel.ReadOnlyCollection`1[System.String]","System.Collections.Generic.List`1[System.Diagnostics.Eventing.Reader.EventProperty]"
"An attempt was made to query the existence of a blank password for an account.

Subject:
	Security ID:		S-1-5-21-1874035555-1170827713-1978778435-1003
	Account Name:		Subhamoy
	Account Domain:		DESKTOP-0526O8D
	Logon ID:		0x7C8A089

Additional Information:
	Caller Workstation:	DESKTOP-0526O8D
	Target Account Name:	johnwick
	Target Account Domain:	DESKTOP-0526O8D","4797","0",,"0","13824","0","-9214364837600034816","251173","Microsoft-Windows-Security-Auditing","54849625-5478-4994-a5ba-3e3b0328c30d","Security","784","11856","DESKTOP-0526O8D",,"8/5/2019 6:03:01 PM","e10bc0fc-45db-0000-45c1-0be1db45d501",,"h:\subhamoy_logs\new\step 13_subhamoylogout-accno_subhamoy.evtx","System.UInt32[]","System.Diagnostics.Eventing.Reader.EventBookmark","Information","Info","User Account Management","System.Collections.ObjectModel.ReadOnlyCollection`1[System.String]","System.Collections.Generic.List`1[System.Diagnostics.Eventing.Reader.EventProperty]"
"An attempt was made to query the existence of a blank password for an account.

Subject:
	Security ID:		S-1-5-21-1874035555-1170827713-1978778435-1003
	Account Name:		Subhamoy
	Account Domain:		DESKTOP-0526O8D
	Logon ID:		0x7C8A089

Additional Information:
	Caller Workstation:	DESKTOP-0526O8D
	Target Account Name:	Guest
	Target Account Domain:	DESKTOP-0526O8D","4797","0",,"0","13824","0","-9214364837600034816","251172","Microsoft-Windows-Security-Auditing","54849625-5478-4994-a5ba-3e3b0328c30d","Security","784","11856","DESKTOP-0526O8D",,"8/5/2019 6:03:01 PM","e10bc0fc-45db-0000-45c1-0be1db45d501",,"h:\subhamoy_logs\new\step 13_subhamoylogout-accno_subhamoy.evtx","System.UInt32[]","System.Diagnostics.Eventing.Reader.EventBookmark","Information","Info","User Account Management","System.Collections.ObjectModel.ReadOnlyCollection`1[System.String]","System.Collections.Generic.List`1[System.Diagnostics.Eventing.Reader.EventProperty]"
"An attempt was made to query the existence of a blank password for an account.

Subject:
