#TYPE System.Diagnostics.Eventing.Reader.EventLogRecord
"Message","Id","Version","Qualifiers","Level","Task","Opcode","Keywords","RecordId","ProviderName","ProviderId","LogName","ProcessId","ThreadId","MachineName","UserId","TimeCreated","ActivityId","RelatedActivityId","ContainerLog","MatchedQueryIds","Bookmark","LevelDisplayName","OpcodeDisplayName","TaskDisplayName","KeywordsDisplayNames","Properties"
"The handle to an object was closed.

Subject :
	Security ID:		S-1-5-18
	Account Name:		DESKTOP-0526O8D$
	Account Domain:		WORKGROUP
	Logon ID:		0x3E7

Object:
	Object Server:		Security
	Handle ID:		0x4b4

Process Information:
	Process ID:		0x13b0
	Process Name:		C:\Windows\System32\wbem\WmiPrvSE.exe","4658","0",,"0","12802","0","-9214364837600034816","225041","Microsoft-Windows-Security-Auditing","54849625-5478-4994-a5ba-3e3b0328c30d","Security","4","2316","DESKTOP-0526O8D",,"8/5/2019 5:19:31 PM",,,"h:\subhamoy_logs\new\step 04_delaccount-accno_debashish.evtx","System.UInt32[]","System.Diagnostics.Eventing.Reader.EventBookmark","Information","Info","Kernel Object","System.Collections.ObjectModel.ReadOnlyCollection`1[System.String]","System.Collections.Generic.List`1[System.Diagnostics.Eventing.Reader.EventProperty]"
"An attempt was made to access an object.

Subject:
	Security ID:		S-1-5-18
	Account Name:		DESKTOP-0526O8D$
	Account Domain:		WORKGROUP
	Logon ID:		0x3E7

Object:
	Object Server:		Security
	Object Type:		Process
	Object Name:		\Device\HarddiskVolume4\Windows\System32\lsass.exe
	Handle ID:		0x4b4
	Resource Attributes:	-

Process Information:
	Process ID:		0x13b0
	Process Name:		C:\Windows\System32\wbem\WmiPrvSE.exe

Access Request Information:
	Accesses:		Read from process memory
				
	Access Mask:		0x10","4663","1",,"0","12802","0","-9214364837600034816","225040","Microsoft-Windows-Security-Auditing","54849625-5478-4994-a5ba-3e3b0328c30d","Security","4","2316","DESKTOP-0526O8D",,"8/5/2019 5:19:31 PM",,,"h:\subhamoy_logs\new\step 04_delaccount-accno_debashish.evtx","System.UInt32[]","System.Diagnostics.Eventing.Reader.EventBookmark","Information","Info","Kernel Object","System.Collections.ObjectModel.ReadOnlyCollection`1[System.String]","System.Collections.Generic.List`1[System.Diagnostics.Eventing.Reader.EventProperty]"
"A handle to an object was requested.

Subject:
	Security ID:		S-1-5-18
	Account Name:		DESKTOP-0526O8D$
	Account Domain:		WORKGROUP
	Logon ID:		0x3E7

Object:
	Object Server:		Security
	Object Type:		Process
	Object Name:		\Device\HarddiskVolume4\Windows\System32\lsass.exe
	Handle ID:		0x4b4
	Resource Attributes:	-

Process Information:
	Process ID:		0x13b0
	Process Name:		C:\Windows\System32\wbem\WmiPrvSE.exe

Access Request Information:
	Transaction ID:		{00000000-0000-0000-0000-000000000000}
	Accesses:		Read from process memory
				Query process information
				Undefined Access (no effect) Bit 12
				
	Access Reasons:		-
	Access Mask:		0x1410
	Privileges Used for Access Check:	-
	Restricted SID Count:	0","4656","1",,"0","12802","0","-9214364837600034816","225039","Microsoft-Windows-Security-Auditing","54849625-5478-4994-a5ba-3e3b0328c30d","Security","4","2316","DESKTOP-0526O8D",,"8/5/2019 5:19:31 PM",,,"h:\subhamoy_logs\new\step 04_delaccount-accno_debashish.evtx","System.UInt32[]","System.Diagnostics.Eventing.Reader.EventBookmark","Information","Info","Kernel Object","System.Collections.ObjectModel.ReadOnlyCollection`1[System.String]","System.Collections.Generic.List`1[System.Diagnostics.Eventing.Reader.EventProperty]"
"The handle to an object was closed.

Subject :
	Security ID:		S-1-5-18
	Account Name:		DESKTOP-0526O8D$
	Account Domain:		WORKGROUP
	Logon ID:		0x3E7

Object:
	Object Server:		Security
	Handle ID:		0x5550

Process Information:
	Process ID:		0x13b0
	Process Name:		C:\Windows\System32\wbem\WmiPrvSE.exe","4658","0",,"0","12802","0","-9214364837600034816","225038","Microsoft-Windows-Security-Auditing","54849625-5478-4994-a5ba-3e3b0328c30d","Security","4","2316","DESKTOP-0526O8D",,"8/5/2019 5:19:31 PM",,,"h:\subhamoy_logs\new\step 04_delaccount-accno_debashish.evtx","System.UInt32[]","System.Diagnostics.Eventing.Reader.EventBookmark","Information","Info","Kernel Object","System.Collections.ObjectModel.ReadOnlyCollection`1[System.String]","System.Collections.Generic.List`1[System.Diagnostics.Eventing.Reader.EventProperty]"
"An attempt was made to duplicate a handle to an object.

Subject:
	Security ID:		S-1-5-18
	Account Name:		DESKTOP-0526O8D$
	Account Domain:		WORKGROUP
	Logon ID:		0x3E7

Source Handle Information:
	Source Handle ID:	0x4b4
	Source Process ID:	0x13b0

New Handle Information:
	Target Handle ID:	0x5550
	Target Process ID:	0x4","4690","0",,"0","12807","0","-9214364837600034816","225037","Microsoft-Windows-Security-Auditing","54849625-5478-4994-a5ba-3e3b0328c30d","Security","4","2316","DESKTOP-0526O8D",,"8/5/2019 5:19:31 PM",,,"h:\subhamoy_logs\new\step 04_delaccount-accno_debashish.evtx","System.UInt32[]","System.Diagnostics.Eventing.Reader.EventBookmark","Information","Info","Handle Manipulation","System.Collections.ObjectModel.ReadOnlyCollection`1[System.String]","System.Collections.Generic.List`1[System.Diagnostics.Eventing.Reader.EventProperty]"
"The handle to an object was closed.

Subject :
	Security ID:		S-1-5-18
	Account Name:		DESKTOP-0526O8D$
	Account Domain:		WORKGROUP
	Logon ID:		0x3E7

Object:
	Object Server:		Security
	Handle ID:		0x66c

Process Information:
	Process ID:		0x13b0
	Process Name:		C:\Windows\System32\wbem\WmiPrvSE.exe","4658","0",,"0","12802","0","-9214364837600034816","225036","Microsoft-Windows-Security-Auditing","54849625-5478-4994-a5ba-3e3b0328c30d","Security","4","8172","DESKTOP-0526O8D",,"8/5/2019 5:19:30 PM",,,"h:\subhamoy_logs\new\step 04_delaccount-accno_debashish.evtx","System.UInt32[]","System.Diagnostics.Eventing.Reader.EventBookmark","Information","Info","Kernel Object","System.Collections.ObjectModel.ReadOnlyCollection`1[System.String]","System.Collections.Generic.List`1[System.Diagnostics.Eventing.Reader.EventProperty]"
"An attempt was made to access an object.

Subject:
	Security ID:		S-1-5-18
	Account Name:		DESKTOP-0526O8D$
	Account Domain:		WORKGROUP
	Logon ID:		0x3E7

Object:
	Object Server:		Security
	Object Type:		Process
	Object Name:		\Device\HarddiskVolume4\Windows\System32\lsass.exe
	Handle ID:		0x66c
	Resource Attributes:	-

Process Information:
	Process ID:		0x13b0
	Process Name:		C:\Windows\System32\wbem\WmiPrvSE.exe

Access Request Information:
	Accesses:		Read from process memory
				
	Access Mask:		0x10","4663","1",,"0","12802","0","-9214364837600034816","225035","Microsoft-Windows-Security-Auditing","54849625-5478-4994-a5ba-3e3b0328c30d","Security","4","8172","DESKTOP-0526O8D",,"8/5/2019 5:19:30 PM",,,"h:\subhamoy_logs\new\step 04_delaccount-accno_debashish.evtx","System.UInt32[]","System.Diagnostics.Eventing.Reader.EventBookmark","Information","Info","Kernel Object","System.Collections.ObjectModel.ReadOnlyCollection`1[System.String]","System.Collections.Generic.List`1[System.Diagnostics.Eventing.Reader.EventProperty]"
"A handle to an object was requested.

Subject:
	Security ID:		S-1-5-18
	Account Name:		DESKTOP-0526O8D$
	Account Domain:		WORKGROUP
	Logon ID:		0x3E7

Object:
	Object Server:		Security
	Object Type:		Process
	Object Name:		\Device\HarddiskVolume4\Windows\System32\lsass.exe
	Handle ID:		0x66c
	Resource Attributes:	-

Process Information:
	Process ID:		0x13b0
	Process Name:		C:\Windows\System32\wbem\WmiPrvSE.exe

Access Request Information:
	Transaction ID:		{00000000-0000-0000-0000-000000000000}
	Accesses:		Read from process memory
				Query process information
				Undefined Access (no effect) Bit 12
				
	Access Reasons:		-
	Access Mask:		0x1410
	Privileges Used for Access Check:	-
	Restricted SID Count:	0","4656","1",,"0","12802","0","-9214364837600034816","225034","Microsoft-Windows-Security-Auditing","54849625-5478-4994-a5ba-3e3b0328c30d","Security","4","8172","DESKTOP-0526O8D",,"8/5/2019 5:19:30 PM",,,"h:\subhamoy_logs\new\step 04_delaccount-accno_debashish.evtx","System.UInt32[]","System.Diagnostics.Eventing.Reader.EventBookmark","Information","Info","Kernel Object","System.Collections.ObjectModel.ReadOnlyCollection`1[System.String]","System.Collections.Generic.List`1[System.Diagnostics.Eventing.Reader.EventProperty]"
"The handle to an object was closed.

Subject :
	Security ID:		S-1-5-18
	Account Name:		DESKTOP-0526O8D$
	Account Domain:		WORKGROUP
	Logon ID:		0x3E7

Object:
	Object Server:		Security
	Handle ID:		0xeec

Process Information:
	Process ID:		0x13b0
	Process Name:		C:\Windows\System32\wbem\WmiPrvSE.exe","4658","0",,"0","12802","0","-9214364837600034816","225033","Microsoft-Windows-Security-Auditing","54849625-5478-4994-a5ba-3e3b0328c30d","Security","4","8172","DESKTOP-0526O8D",,"8/5/2019 5:19:30 PM",,,"h:\subhamoy_logs\new\step 04_delaccount-accno_debashish.evtx","System.UInt32[]","System.Diagnostics.Eventing.Reader.EventBookmark","Information","Info","Kernel Object","System.Collections.ObjectModel.ReadOnlyCollection`1[System.String]","System.Collections.Generic.List`1[System.Diagnostics.Eventing.Reader.EventProperty]"
"An attempt was made to duplicate a handle to an object.

Subject:
	Security ID:		S-1-5-18
	Account Name:		DESKTOP-0526O8D$
	Account Domain:		WORKGROUP
	Logon ID:		0x3E7

Source Handle Information:
	Source Handle ID:	0x66c
	Source Process ID:	0x13b0

New Handle Information:
	Target Handle ID:	0xeec
	Target Process ID:	0x4","4690","0",,"0","12807","0","-9214364837600034816","225032","Microsoft-Windows-Security-Auditing","54849625-5478-4994-a5ba-3e3b0328c30d","Security","4","8172","DESKTOP-0526O8D",,"8/5/2019 5:19:30 PM",,,"h:\subhamoy_logs\new\step 04_delaccount-accno_debashish.evtx","System.UInt32[]","System.Diagnostics.Eventing.Reader.EventBookmark","Information","Info","Handle Manipulation","System.Collections.ObjectModel.ReadOnlyCollection`1[System.String]","System.Collections.Generic.List`1[System.Diagnostics.Eventing.Reader.EventProperty]"
"The handle to an object was closed.

Subject :
	Security ID:		S-1-5-18
	Account Name:		DESKTOP-0526O8D$
	Account Domain:		WORKGROUP
	Logon ID:		0x3E7

Object:
	Object Server:		Security
	Handle ID:		0x4b4

Process Information:
	Process ID:		0x13b0
	Process Name:		C:\Windows\System32\wbem\WmiPrvSE.exe","4658","0",,"0","12802","0","-9214364837600034816","225031","Microsoft-Windows-Security-Auditing","54849625-5478-4994-a5ba-3e3b0328c30d","Security","4","2316","DESKTOP-0526O8D",,"8/5/2019 5:19:29 PM",,,"h:\subhamoy_logs\new\step 04_delaccount-accno_debashish.evtx","System.UInt32[]","System.Diagnostics.Eventing.Reader.EventBookmark","Information","Info","Kernel Object","System.Collections.ObjectModel.ReadOnlyCollection`1[System.String]","System.Collections.Generic.List`1[System.Diagnostics.Eventing.Reader.EventProperty]"
"An attempt was made to access an object.

Subject:
	Security ID:		S-1-5-18
	Account Name:		DESKTOP-0526O8D$
	Account Domain:		WORKGROUP
	Logon ID:		0x3E7

Object:
	Object Server:		Security
	Object Type:		Process
	Object Name:		\Device\HarddiskVolume4\Windows\System32\lsass.exe
	Handle ID:		0x4b4
	Resource Attributes:	-

Process Information:
	Process ID:		0x13b0
	Process Name:		C:\Windows\System32\wbem\WmiPrvSE.exe

Access Request Information:
	Accesses:		Read from process memory
				
	Access Mask:		0x10","4663","1",,"0","12802","0","-9214364837600034816","225030","Microsoft-Windows-Security-Auditing","54849625-5478-4994-a5ba-3e3b0328c30d","Security","4","2316","DESKTOP-0526O8D",,"8/5/2019 5:19:29 PM",,,"h:\subhamoy_logs\new\step 04_delaccount-accno_debashish.evtx","System.UInt32[]","System.Diagnostics.Eventing.Reader.EventBookmark","Information","Info","Kernel Object","System.Collections.ObjectModel.ReadOnlyCollection`1[System.String]","System.Collections.Generic.List`1[System.Diagnostics.Eventing.Reader.EventProperty]"
"A handle to an object was requested.

Subject:
	Security ID:		S-1-5-18
	Account Name:		DESKTOP-0526O8D$
	Account Domain:		WORKGROUP
	Logon ID:		0x3E7

Object:
	Object Server:		Security
	Object Type:		Process
	Object Name:		\Device\HarddiskVolume4\Windows\System32\lsass.exe
	Handle ID:		0x4b4
	Resource Attributes:	-

Process Information:
	Process ID:		0x13b0
	Process Name:		C:\Windows\System32\wbem\WmiPrvSE.exe

Access Request Information:
	Transaction ID:		{00000000-0000-0000-0000-000000000000}
	Accesses:		Read from process memory
				Query process information
				Undefined Access (no effect) Bit 12
				
	Access Reasons:		-
	Access Mask:		0x1410
	Privileges Used for Access Check:	-
	Restricted SID Count:	0","4656","1",,"0","12802","0","-9214364837600034816","225029","Microsoft-Windows-Security-Auditing","54849625-5478-4994-a5ba-3e3b0328c30d","Security","4","2316","DESKTOP-0526O8D",,"8/5/2019 5:19:29 PM",,,"h:\subhamoy_logs\new\step 04_delaccount-accno_debashish.evtx","System.UInt32[]","System.Diagnostics.Eventing.Reader.EventBookmark","Information","Info","Kernel Object","System.Collections.ObjectModel.ReadOnlyCollection`1[System.String]","System.Collections.Generic.List`1[System.Diagnostics.Eventing.Reader.EventProperty]"
"The handle to an object was closed.

Subject :
	Security ID:		S-1-5-18
	Account Name:		DESKTOP-0526O8D$
	Account Domain:		WORKGROUP
	Logon ID:		0x3E7

Object:
	Object Server:		Security
	Handle ID:		0x3f90

Process Information:
	Process ID:		0x13b0
	Process Name:		C:\Windows\System32\wbem\WmiPrvSE.exe","4658","0",,"0","12802","0","-9214364837600034816","225028","Microsoft-Windows-Security-Auditing","54849625-5478-4994-a5ba-3e3b0328c30d","Security","4","2316","DESKTOP-0526O8D",,"8/5/2019 5:19:29 PM",,,"h:\subhamoy_logs\new\step 04_delaccount-accno_debashish.evtx","System.UInt32[]","System.Diagnostics.Eventing.Reader.EventBookmark","Information","Info","Kernel Object","System.Collections.ObjectModel.ReadOnlyCollection`1[System.String]","System.Collections.Generic.List`1[System.Diagnostics.Eventing.Reader.EventProperty]"
"An attempt was made to duplicate a handle to an object.

Subject:
	Security ID:		S-1-5-18
	Account Name:		DESKTOP-0526O8D$
	Account Domain:		WORKGROUP
	Logon ID:		0x3E7

Source Handle Information:
	Source Handle ID:	0x4b4
	Source Process ID:	0x13b0

New Handle Information:
	Target Handle ID:	0x3f90
	Target Process ID:	0x4","4690","0",,"0","12807","0","-9214364837600034816","225027","Microsoft-Windows-Security-Auditing","54849625-5478-4994-a5ba-3e3b0328c30d","Security","4","2316","DESKTOP-0526O8D",,"8/5/2019 5:19:29 PM",,,"h:\subhamoy_logs\new\step 04_delaccount-accno_debashish.evtx","System.UInt32[]","System.Diagnostics.Eventing.Reader.EventBookmark","Information","Info","Handle Manipulation","System.Collections.ObjectModel.ReadOnlyCollection`1[System.String]","System.Collections.Generic.List`1[System.Diagnostics.Eventing.Reader.EventProperty]"
"The handle to an object was closed.

Subject :
	Security ID:		S-1-5-18
	Account Name:		DESKTOP-0526O8D$
	Account Domain:		WORKGROUP
	Logon ID:		0x3E7

Object:
	Object Server:		Security
	Handle ID:		0x66c

Process Information:
	Process ID:		0x13b0
	Process Name:		C:\Windows\System32\wbem\WmiPrvSE.exe","4658","0",,"0","12802","0","-9214364837600034816","225026","Microsoft-Windows-Security-Auditing","54849625-5478-4994-a5ba-3e3b0328c30d","Security","4","8172","DESKTOP-0526O8D",,"8/5/2019 5:19:28 PM",,,"h:\subhamoy_logs\new\step 04_delaccount-accno_debashish.evtx","System.UInt32[]","System.Diagnostics.Eventing.Reader.EventBookmark","Information","Info","Kernel Object","System.Collections.ObjectModel.ReadOnlyCollection`1[System.String]","System.Collections.Generic.List`1[System.Diagnostics.Eventing.Reader.EventProperty]"
"An attempt was made to access an object.

Subject:
	Security ID:		S-1-5-18
	Account Name:		DESKTOP-0526O8D$
	Account Domain:		WORKGROUP
	Logon ID:		0x3E7

Object:
	Object Server:		Security
	Object Type:		Process
	Object Name:		\Device\HarddiskVolume4\Windows\System32\lsass.exe
	Handle ID:		0x66c
	Resource Attributes:	-

Process Information:
	Process ID:		0x13b0
	Process Name:		C:\Windows\System32\wbem\WmiPrvSE.exe

Access Request Information:
	Accesses:		Read from process memory
				
	Access Mask:		0x10","4663","1",,"0","12802","0","-9214364837600034816","225025","Microsoft-Windows-Security-Auditing","54849625-5478-4994-a5ba-3e3b0328c30d","Security","4","2316","DESKTOP-0526O8D",,"8/5/2019 5:19:28 PM",,,"h:\subhamoy_logs\new\step 04_delaccount-accno_debashish.evtx","System.UInt32[]","System.Diagnostics.Eventing.Reader.EventBookmark","Information","Info","Kernel Object","System.Collections.ObjectModel.ReadOnlyCollection`1[System.String]","System.Collections.Generic.List`1[System.Diagnostics.Eventing.Reader.EventProperty]"
"A handle to an object was requested.

Subject:
	Security ID:		S-1-5-18
	Account Name:		DESKTOP-0526O8D$
	Account Domain:		WORKGROUP
	Logon ID:		0x3E7

Object:
	Object Server:		Security
	Object Type:		Process
	Object Name:		\Device\HarddiskVolume4\Windows\System32\lsass.exe
	Handle ID:		0x66c
	Resource Attributes:	-

Process Information:
	Process ID:		0x13b0
	Process Name:		C:\Windows\System32\wbem\WmiPrvSE.exe

Access Request Information:
	Transaction ID:		{00000000-0000-0000-0000-000000000000}
	Accesses:		Read from process memory
				Query process information
				Undefined Access (no effect) Bit 12
				
	Access Reasons:		-
	Access Mask:		0x1410
	Privileges Used for Access Check:	-
	Restricted SID Count:	0","4656","1",,"0","12802","0","-9214364837600034816","225024","Microsoft-Windows-Security-Auditing","54849625-5478-4994-a5ba-3e3b0328c30d","Security","4","2316","DESKTOP-0526O8D",,"8/5/2019 5:19:28 PM",,,"h:\subhamoy_logs\new\step 04_delaccount-accno_debashish.evtx","System.UInt32[]","System.Diagnostics.Eventing.Reader.EventBookmark","Information","Info","Kernel Object","System.Collections.ObjectModel.ReadOnlyCollection`1[System.String]","System.Collections.Generic.List`1[System.Diagnostics.Eventing.Reader.EventProperty]"
"The handle to an object was closed.

Subject :
	Security ID:		S-1-5-18
	Account Name:		DESKTOP-0526O8D$
	Account Domain:		WORKGROUP
	Logon ID:		0x3E7

Object:
	Object Server:		Security
	Handle ID:		0x3f90

Process Information:
	Process ID:		0x13b0
	Process Name:		C:\Windows\System32\wbem\WmiPrvSE.exe","4658","0",,"0","12802","0","-9214364837600034816","225023","Microsoft-Windows-Security-Auditing","54849625-5478-4994-a5ba-3e3b0328c30d","Security","4","2316","DESKTOP-0526O8D",,"8/5/2019 5:19:28 PM",,,"h:\subhamoy_logs\new\step 04_delaccount-accno_debashish.evtx","System.UInt32[]","System.Diagnostics.Eventing.Reader.EventBookmark","Information","Info","Kernel Object","System.Collections.ObjectModel.ReadOnlyCollection`1[System.String]","System.Collections.Generic.List`1[System.Diagnostics.Eventing.Reader.EventProperty]"
"An attempt was made to duplicate a handle to an object.

Subject:
	Security ID:		S-1-5-18
	Account Name:		DESKTOP-0526O8D$
	Account Domain:		WORKGROUP
	Logon ID:		0x3E7

Source Handle Information:
	Source Handle ID:	0x66c
	Source Process ID:	0x13b0

New Handle Information:
	Target Handle ID:	0x3f90
	Target Process ID:	0x4","4690","0",,"0","12807","0","-9214364837600034816","225022","Microsoft-Windows-Security-Auditing","54849625-5478-4994-a5ba-3e3b0328c30d","Security","4","2316","DESKTOP-0526O8D",,"8/5/2019 5:19:28 PM",,,"h:\subhamoy_logs\new\step 04_delaccount-accno_debashish.evtx","System.UInt32[]","System.Diagnostics.Eventing.Reader.EventBookmark","Information","Info","Handle Manipulation","System.Collections.ObjectModel.ReadOnlyCollection`1[System.String]","System.Collections.Generic.List`1[System.Diagnostics.Eventing.Reader.EventProperty]"
"The handle to an object was closed.

Subject :
	Security ID:		S-1-5-18
	Account Name:		DESKTOP-0526O8D$
	Account Domain:		WORKGROUP
	Logon ID:		0x3E7

Object:
	Object Server:		Security
	Handle ID:		0x4d4

Process Information:
	Process ID:		0x13b0
	Process Name:		C:\Windows\System32\wbem\WmiPrvSE.exe","4658","0",,"0","12802","0","-9214364837600034816","225021","Microsoft-Windows-Security-Auditing","54849625-5478-4994-a5ba-3e3b0328c30d","Security","4","2316","DESKTOP-0526O8D",,"8/5/2019 5:19:27 PM",,,"h:\subhamoy_logs\new\step 04_delaccount-accno_debashish.evtx","System.UInt32[]","System.Diagnostics.Eventing.Reader.EventBookmark","Information","Info","Kernel Object","System.Collections.ObjectModel.ReadOnlyCollection`1[System.String]","System.Collections.Generic.List`1[System.Diagnostics.Eventing.Reader.EventProperty]"
"An attempt was made to access an object.

Subject:
	Security ID:		S-1-5-18
	Account Name:		DESKTOP-0526O8D$
	Account Domain:		WORKGROUP
	Logon ID:		0x3E7

Object:
	Object Server:		Security
	Object Type:		Process
	Object Name:		\Device\HarddiskVolume4\Windows\System32\lsass.exe
	Handle ID:		0x4d4
	Resource Attributes:	-

Process Information:
	Process ID:		0x13b0
	Process Name:		C:\Windows\System32\wbem\WmiPrvSE.exe

Access Request Information:
	Accesses:		Read from process memory
				
	Access Mask:		0x10","4663","1",,"0","12802","0","-9214364837600034816","225020","Microsoft-Windows-Security-Auditing","54849625-5478-4994-a5ba-3e3b0328c30d","Security","4","2316","DESKTOP-0526O8D",,"8/5/2019 5:19:27 PM",,,"h:\subhamoy_logs\new\step 04_delaccount-accno_debashish.evtx","System.UInt32[]","System.Diagnostics.Eventing.Reader.EventBookmark","Information","Info","Kernel Object","System.Collections.ObjectModel.ReadOnlyCollection`1[System.String]","System.Collections.Generic.List`1[System.Diagnostics.Eventing.Reader.EventProperty]"
"A handle to an object was requested.

Subject:
	Security ID:		S-1-5-18
	Account Name:		DESKTOP-0526O8D$
	Account Domain:		WORKGROUP
	Logon ID:		0x3E7

Object:
	Object Server:		Security
	Object Type:		Process
	Object Name:		\Device\HarddiskVolume4\Windows\System32\lsass.exe
	Handle ID:		0x4d4
	Resource Attributes:	-

Process Information:
	Process ID:		0x13b0
	Process Name:		C:\Windows\System32\wbem\WmiPrvSE.exe

Access Request Information:
	Transaction ID:		{00000000-0000-0000-0000-000000000000}
	Accesses:		Read from process memory
				Query process information
				Undefined Access (no effect) Bit 12
				
	Access Reasons:		-
	Access Mask:		0x1410
	Privileges Used for Access Check:	-
	Restricted SID Count:	0","4656","1",,"0","12802","0","-9214364837600034816","225019","Microsoft-Windows-Security-Auditing","54849625-5478-4994-a5ba-3e3b0328c30d","Security","4","2316","DESKTOP-0526O8D",,"8/5/2019 5:19:27 PM",,,"h:\subhamoy_logs\new\step 04_delaccount-accno_debashish.evtx","System.UInt32[]","System.Diagnostics.Eventing.Reader.EventBookmark","Information","Info","Kernel Object","System.Collections.ObjectModel.ReadOnlyCollection`1[System.String]","System.Collections.Generic.List`1[System.Diagnostics.Eventing.Reader.EventProperty]"
"The handle to an object was closed.

Subject :
	Security ID:		S-1-5-18
	Account Name:		DESKTOP-0526O8D$
	Account Domain:		WORKGROUP
	Logon ID:		0x3E7

Object:
	Object Server:		Security
	Handle ID:		0x3f90

Process Information:
	Process ID:		0x13b0
	Process Name:		C:\Windows\System32\wbem\WmiPrvSE.exe","4658","0",,"0","12802","0","-9214364837600034816","225018","Microsoft-Windows-Security-Auditing","54849625-5478-4994-a5ba-3e3b0328c30d","Security","4","2316","DESKTOP-0526O8D",,"8/5/2019 5:19:27 PM",,,"h:\subhamoy_logs\new\step 04_delaccount-accno_debashish.evtx","System.UInt32[]","System.Diagnostics.Eventing.Reader.EventBookmark","Information","Info","Kernel Object","System.Collections.ObjectModel.ReadOnlyCollection`1[System.String]","System.Collections.Generic.List`1[System.Diagnostics.Eventing.Reader.EventProperty]"
"An attempt was made to duplicate a handle to an object.

Subject:
	Security ID:		S-1-5-18
	Account Name:		DESKTOP-0526O8D$
	Account Domain:		WORKGROUP
	Logon ID:		0x3E7

Source Handle Information:
	Source Handle ID:	0x4d4
	Source Process ID:	0x13b0

New Handle Information:
	Target Handle ID:	0x3f90
	Target Process ID:	0x4","4690","0",,"0","12807","0","-9214364837600034816","225017","Microsoft-Windows-Security-Auditing","54849625-5478-4994-a5ba-3e3b0328c30d","Security","4","2316","DESKTOP-0526O8D",,"8/5/2019 5:19:27 PM",,,"h:\subhamoy_logs\new\step 04_delaccount-accno_debashish.evtx","System.UInt32[]","System.Diagnostics.Eventing.Reader.EventBookmark","Information","Info","Handle Manipulation","System.Collections.ObjectModel.ReadOnlyCollection`1[System.String]","System.Collections.Generic.List`1[System.Diagnostics.Eventing.Reader.EventProperty]"
"The handle to an object was closed.

Subject :
	Security ID:		S-1-5-18
	Account Name:		DESKTOP-0526O8D$
	Account Domain:		WORKGROUP
	Logon ID:		0x3E7

Object:
	Object Server:		Security
	Handle ID:		0x6f4

Process Information:
	Process ID:		0x13b0
	Process Name:		C:\Windows\System32\wbem\WmiPrvSE.exe","4658","0",,"0","12802","0","-9214364837600034816","225016","Microsoft-Windows-Security-Auditing","54849625-5478-4994-a5ba-3e3b0328c30d","Security","4","8172","DESKTOP-0526O8D",,"8/5/2019 5:19:26 PM",,,"h:\subhamoy_logs\new\step 04_delaccount-accno_debashish.evtx","System.UInt32[]","System.Diagnostics.Eventing.Reader.EventBookmark","Information","Info","Kernel Object","System.Collections.ObjectModel.ReadOnlyCollection`1[System.String]","System.Collections.Generic.List`1[System.Diagnostics.Eventing.Reader.EventProperty]"
"An attempt was made to access an object.

Subject:
	Security ID:		S-1-5-18
	Account Name:		DESKTOP-0526O8D$
	Account Domain:		WORKGROUP
	Logon ID:		0x3E7

Object:
	Object Server:		Security
	Object Type:		Process
	Object Name:		\Device\HarddiskVolume4\Windows\System32\lsass.exe
	Handle ID:		0x6f4
	Resource Attributes:	-

Process Information:
	Process ID:		0x13b0
	Process Name:		C:\Windows\System32\wbem\WmiPrvSE.exe

Access Request Information:
	Accesses:		Read from process memory
				
	Access Mask:		0x10","4663","1",,"0","12802","0","-9214364837600034816","225015","Microsoft-Windows-Security-Auditing","54849625-5478-4994-a5ba-3e3b0328c30d","Security","4","8172","DESKTOP-0526O8D",,"8/5/2019 5:19:26 PM",,,"h:\subhamoy_logs\new\step 04_delaccount-accno_debashish.evtx","System.UInt32[]","System.Diagnostics.Eventing.Reader.EventBookmark","Information","Info","Kernel Object","System.Collections.ObjectModel.ReadOnlyCollection`1[System.String]","System.Collections.Generic.List`1[System.Diagnostics.Eventing.Reader.EventProperty]"
"A handle to an object was requested.

Subject:
	Security ID:		S-1-5-18
	Account Name:		DESKTOP-0526O8D$
	Account Domain:		WORKGROUP
	Logon ID:		0x3E7

Object:
	Object Server:		Security
	Object Type:		Process
	Object Name:		\Device\HarddiskVolume4\Windows\System32\lsass.exe
	Handle ID:		0x6f4
	Resource Attributes:	-

Process Information:
	Process ID:		0x13b0
	Process Name:		C:\Windows\System32\wbem\WmiPrvSE.exe

Access Request Information:
	Transaction ID:		{00000000-0000-0000-0000-000000000000}
	Accesses:		Read from process memory
				Query process information
				Undefined Access (no effect) Bit 12
				
	Access Reasons:		-
	Access Mask:		0x1410
	Privileges Used for Access Check:	-
	Restricted SID Count:	0","4656","1",,"0","12802","0","-9214364837600034816","225014","Microsoft-Windows-Security-Auditing","54849625-5478-4994-a5ba-3e3b0328c30d","Security","4","8172","DESKTOP-0526O8D",,"8/5/2019 5:19:26 PM",,,"h:\subhamoy_logs\new\step 04_delaccount-accno_debashish.evtx","System.UInt32[]","System.Diagnostics.Eventing.Reader.EventBookmark","Information","Info","Kernel Object","System.Collections.ObjectModel.ReadOnlyCollection`1[System.String]","System.Collections.Generic.List`1[System.Diagnostics.Eventing.Reader.EventProperty]"
"The handle to an object was closed.

Subject :
	Security ID:		S-1-5-18
	Account Name:		DESKTOP-0526O8D$
	Account Domain:		WORKGROUP
	Logon ID:		0x3E7

Object:
	Object Server:		Security
	Handle ID:		0x3f90

Process Information:
	Process ID:		0x13b0
	Process Name:		C:\Windows\System32\wbem\WmiPrvSE.exe","4658","0",,"0","12802","0","-9214364837600034816","225013","Microsoft-Windows-Security-Auditing","54849625-5478-4994-a5ba-3e3b0328c30d","Security","4","8172","DESKTOP-0526O8D",,"8/5/2019 5:19:26 PM",,,"h:\subhamoy_logs\new\step 04_delaccount-accno_debashish.evtx","System.UInt32[]","System.Diagnostics.Eventing.Reader.EventBookmark","Information","Info","Kernel Object","System.Collections.ObjectModel.ReadOnlyCollection`1[System.String]","System.Collections.Generic.List`1[System.Diagnostics.Eventing.Reader.EventProperty]"
"An attempt was made to duplicate a handle to an object.

Subject:
	Security ID:		S-1-5-18
	Account Name:		DESKTOP-0526O8D$
	Account Domain:		WORKGROUP
	Logon ID:		0x3E7

Source Handle Information:
	Source Handle ID:	0x6f4
	Source Process ID:	0x13b0

New Handle Information:
	Target Handle ID:	0x3f90
	Target Process ID:	0x4","4690","0",,"0","12807","0","-9214364837600034816","225012","Microsoft-Windows-Security-Auditing","54849625-5478-4994-a5ba-3e3b0328c30d","Security","4","8172","DESKTOP-0526O8D",,"8/5/2019 5:19:26 PM",,,"h:\subhamoy_logs\new\step 04_delaccount-accno_debashish.evtx","System.UInt32[]","System.Diagnostics.Eventing.Reader.EventBookmark","Information","Info","Handle Manipulation","System.Collections.ObjectModel.ReadOnlyCollection`1[System.String]","System.Collections.Generic.List`1[System.Diagnostics.Eventing.Reader.EventProperty]"
"The handle to an object was closed.

Subject :
	Security ID:		S-1-5-18
	Account Name:		DESKTOP-0526O8D$
	Account Domain:		WORKGROUP
	Logon ID:		0x3E7

Object:
	Object Server:		Security
	Handle ID:		0x43c

Process Information:
	Process ID:		0x13b0
	Process Name:		C:\Windows\System32\wbem\WmiPrvSE.exe","4658","0",,"0","12802","0","-9214364837600034816","225011","Microsoft-Windows-Security-Auditing","54849625-5478-4994-a5ba-3e3b0328c30d","Security","4","2316","DESKTOP-0526O8D",,"8/5/2019 5:19:25 PM",,,"h:\subhamoy_logs\new\step 04_delaccount-accno_debashish.evtx","System.UInt32[]","System.Diagnostics.Eventing.Reader.EventBookmark","Information","Info","Kernel Object","System.Collections.ObjectModel.ReadOnlyCollection`1[System.String]","System.Collections.Generic.List`1[System.Diagnostics.Eventing.Reader.EventProperty]"
"An attempt was made to access an object.

Subject:
	Security ID:		S-1-5-18
	Account Name:		DESKTOP-0526O8D$
	Account Domain:		WORKGROUP
	Logon ID:		0x3E7

Object:
	Object Server:		Security
	Object Type:		Process
	Object Name:		\Device\HarddiskVolume4\Windows\System32\lsass.exe
	Handle ID:		0x43c
	Resource Attributes:	-

Process Information:
	Process ID:		0x13b0
	Process Name:		C:\Windows\System32\wbem\WmiPrvSE.exe

Access Request Information:
	Accesses:		Read from process memory
				
	Access Mask:		0x10","4663","1",,"0","12802","0","-9214364837600034816","225010","Microsoft-Windows-Security-Auditing","54849625-5478-4994-a5ba-3e3b0328c30d","Security","4","2316","DESKTOP-0526O8D",,"8/5/2019 5:19:25 PM",,,"h:\subhamoy_logs\new\step 04_delaccount-accno_debashish.evtx","System.UInt32[]","System.Diagnostics.Eventing.Reader.EventBookmark","Information","Info","Kernel Object","System.Collections.ObjectModel.ReadOnlyCollection`1[System.String]","System.Collections.Generic.List`1[System.Diagnostics.Eventing.Reader.EventProperty]"
"A handle to an object was requested.

Subject:
	Security ID:		S-1-5-18
	Account Name:		DESKTOP-0526O8D$
	Account Domain:		WORKGROUP
	Logon ID:		0x3E7

Object:
	Object Server:		Security
	Object Type:		Process
	Object Name:		\Device\HarddiskVolume4\Windows\System32\lsass.exe
	Handle ID:		0x43c
	Resource Attributes:	-

Process Information:
	Process ID:		0x13b0
	Process Name:		C:\Windows\System32\wbem\WmiPrvSE.exe

Access Request Information:
	Transaction ID:		{00000000-0000-0000-0000-000000000000}
	Accesses:		Read from process memory
				Query process information
				Undefined Access (no effect) Bit 12
				
	Access Reasons:		-
	Access Mask:		0x1410
	Privileges Used for Access Check:	-
	Restricted SID Count:	0","4656","1",,"0","12802","0","-9214364837600034816","225009","Microsoft-Windows-Security-Auditing","54849625-5478-4994-a5ba-3e3b0328c30d","Security","4","2316","DESKTOP-0526O8D",,"8/5/2019 5:19:25 PM",,,"h:\subhamoy_logs\new\step 04_delaccount-accno_debashish.evtx","System.UInt32[]","System.Diagnostics.Eventing.Reader.EventBookmark","Information","Info","Kernel Object","System.Collections.ObjectModel.ReadOnlyCollection`1[System.String]","System.Collections.Generic.List`1[System.Diagnostics.Eventing.Reader.EventProperty]"
"The handle to an object was closed.

Subject :
	Security ID:		S-1-5-18
	Account Name:		DESKTOP-0526O8D$
	Account Domain:		WORKGROUP
	Logon ID:		0x3E7

Object:
	Object Server:		Security
	Handle ID:		0x3f90

Process Information:
	Process ID:		0x13b0
	Process Name:		C:\Windows\System32\wbem\WmiPrvSE.exe","4658","0",,"0","12802","0","-9214364837600034816","225008","Microsoft-Windows-Security-Auditing","54849625-5478-4994-a5ba-3e3b0328c30d","Security","4","2316","DESKTOP-0526O8D",,"8/5/2019 5:19:25 PM",,,"h:\subhamoy_logs\new\step 04_delaccount-accno_debashish.evtx","System.UInt32[]","System.Diagnostics.Eventing.Reader.EventBookmark","Information","Info","Kernel Object","System.Collections.ObjectModel.ReadOnlyCollection`1[System.String]","System.Collections.Generic.List`1[System.Diagnostics.Eventing.Reader.EventProperty]"
"An attempt was made to duplicate a handle to an object.

Subject:
	Security ID:		S-1-5-18
	Account Name:		DESKTOP-0526O8D$
	Account Domain:		WORKGROUP
	Logon ID:		0x3E7

Source Handle Information:
	Source Handle ID:	0x43c
	Source Process ID:	0x13b0

New Handle Information:
	Target Handle ID:	0x3f90
	Target Process ID:	0x4","4690","0",,"0","12807","0","-9214364837600034816","225007","Microsoft-Windows-Security-Auditing","54849625-5478-4994-a5ba-3e3b0328c30d","Security","4","2316","DESKTOP-0526O8D",,"8/5/2019 5:19:25 PM",,,"h:\subhamoy_logs\new\step 04_delaccount-accno_debashish.evtx","System.UInt32[]","System.Diagnostics.Eventing.Reader.EventBookmark","Information","Info","Handle Manipulation","System.Collections.ObjectModel.ReadOnlyCollection`1[System.String]","System.Collections.Generic.List`1[System.Diagnostics.Eventing.Reader.EventProperty]"
"A user's local group membership was enumerated.

Subject:
	Security ID:		S-1-5-21-1874035555-1170827713-1978778435-1001
	Account Name:		DEBASHISH
	Account Domain:		DESKTOP-0526O8D
	Logon ID:		0x785E60E

User:
	Security ID:		S-1-5-21-1874035555-1170827713-1978778435-1001
	Account Name:		DEBASHISH
	Account Domain:		DESKTOP-0526O8D

Process Information:
	Process ID:		0x1938
	Process Name:		C:\Windows\System32\mmc.exe","4798","0",,"0","13824","0","-9214364837600034816","225006","Microsoft-Windows-Security-Auditing","54849625-5478-4994-a5ba-3e3b0328c30d","Security","784","11936","DESKTOP-0526O8D",,"8/5/2019 5:19:24 PM","e10bc0fc-45db-0000-45c1-0be1db45d501",,"h:\subhamoy_logs\new\step 04_delaccount-accno_debashish.evtx","System.UInt32[]","System.Diagnostics.Eventing.Reader.EventBookmark","Information","Info","User Account Management","System.Collections.ObjectModel.ReadOnlyCollection`1[System.String]","System.Collections.Generic.List`1[System.Diagnostics.Eventing.Reader.EventProperty]"
"The handle to an object was closed.

Subject :
	Security ID:		S-1-5-18
	Account Name:		DESKTOP-0526O8D$
	Account Domain:		WORKGROUP
	Logon ID:		0x3E7

Object:
	Object Server:		Security
	Handle ID:		0x6f4

Process Information:
	Process ID:		0x13b0
	Process Name:		C:\Windows\System32\wbem\WmiPrvSE.exe","4658","0",,"0","12802","0","-9214364837600034816","225005","Microsoft-Windows-Security-Auditing","54849625-5478-4994-a5ba-3e3b0328c30d","Security","4","8172","DESKTOP-0526O8D",,"8/5/2019 5:19:24 PM",,,"h:\subhamoy_logs\new\step 04_delaccount-accno_debashish.evtx","System.UInt32[]","System.Diagnostics.Eventing.Reader.EventBookmark","Information","Info","Kernel Object","System.Collections.ObjectModel.ReadOnlyCollection`1[System.String]","System.Collections.Generic.List`1[System.Diagnostics.Eventing.Reader.EventProperty]"
"An attempt was made to access an object.

Subject:
	Security ID:		S-1-5-18
	Account Name:		DESKTOP-0526O8D$
	Account Domain:		WORKGROUP
	Logon ID:		0x3E7

Object:
	Object Server:		Security
	Object Type:		Process
	Object Name:		\Device\HarddiskVolume4\Windows\System32\lsass.exe
	Handle ID:		0x6f4
	Resource Attributes:	-

Process Information:
	Process ID:		0x13b0
	Process Name:		C:\Windows\System32\wbem\WmiPrvSE.exe

Access Request Information:
	Accesses:		Read from process memory
				
	Access Mask:		0x10","4663","1",,"0","12802","0","-9214364837600034816","225004","Microsoft-Windows-Security-Auditing","54849625-5478-4994-a5ba-3e3b0328c30d","Security","4","8172","DESKTOP-0526O8D",,"8/5/2019 5:19:24 PM",,,"h:\subhamoy_logs\new\step 04_delaccount-accno_debashish.evtx","System.UInt32[]","System.Diagnostics.Eventing.Reader.EventBookmark","Information","Info","Kernel Object","System.Collections.ObjectModel.ReadOnlyCollection`1[System.String]","System.Collections.Generic.List`1[System.Diagnostics.Eventing.Reader.EventProperty]"
"A handle to an object was requested.

Subject:
	Security ID:		S-1-5-18
	Account Name:		DESKTOP-0526O8D$
	Account Domain:		WORKGROUP
	Logon ID:		0x3E7

Object:
	Object Server:		Security
	Object Type:		Process
	Object Name:		\Device\HarddiskVolume4\Windows\System32\lsass.exe
	Handle ID:		0x6f4
	Resource Attributes:	-

Process Information:
	Process ID:		0x13b0
	Process Name:		C:\Windows\System32\wbem\WmiPrvSE.exe

Access Request Information:
	Transaction ID:		{00000000-0000-0000-0000-000000000000}
	Accesses:		Read from process memory
				Query process information
				Undefined Access (no effect) Bit 12
				
	Access Reasons:		-
	Access Mask:		0x1410
	Privileges Used for Access Check:	-
	Restricted SID Count:	0","4656","1",,"0","12802","0","-9214364837600034816","225003","Microsoft-Windows-Security-Auditing","54849625-5478-4994-a5ba-3e3b0328c30d","Security","4","8172","DESKTOP-0526O8D",,"8/5/2019 5:19:24 PM",,,"h:\subhamoy_logs\new\step 04_delaccount-accno_debashish.evtx","System.UInt32[]","System.Diagnostics.Eventing.Reader.EventBookmark","Information","Info","Kernel Object","System.Collections.ObjectModel.ReadOnlyCollection`1[System.String]","System.Collections.Generic.List`1[System.Diagnostics.Eventing.Reader.EventProperty]"
"The handle to an object was closed.

Subject :
	Security ID:		S-1-5-18
	Account Name:		DESKTOP-0526O8D$
	Account Domain:		WORKGROUP
	Logon ID:		0x3E7

Object:
	Object Server:		Security
	Handle ID:		0x25cc

Process Information:
	Process ID:		0x13b0
	Process Name:		C:\Windows\System32\wbem\WmiPrvSE.exe","4658","0",,"0","12802","0","-9214364837600034816","225002","Microsoft-Windows-Security-Auditing","54849625-5478-4994-a5ba-3e3b0328c30d","Security","4","8172","DESKTOP-0526O8D",,"8/5/2019 5:19:24 PM",,,"h:\subhamoy_logs\new\step 04_delaccount-accno_debashish.evtx","System.UInt32[]","System.Diagnostics.Eventing.Reader.EventBookmark","Information","Info","Kernel Object","System.Collections.ObjectModel.ReadOnlyCollection`1[System.String]","System.Collections.Generic.List`1[System.Diagnostics.Eventing.Reader.EventProperty]"
"An attempt was made to duplicate a handle to an object.

Subject:
	Security ID:		S-1-5-18
	Account Name:		DESKTOP-0526O8D$
	Account Domain:		WORKGROUP
	Logon ID:		0x3E7

Source Handle Information:
	Source Handle ID:	0x6f4
	Source Process ID:	0x13b0

New Handle Information:
	Target Handle ID:	0x25cc
	Target Process ID:	0x4","4690","0",,"0","12807","0","-9214364837600034816","225001","Microsoft-Windows-Security-Auditing","54849625-5478-4994-a5ba-3e3b0328c30d","Security","4","8172","DESKTOP-0526O8D",,"8/5/2019 5:19:24 PM",,,"h:\subhamoy_logs\new\step 04_delaccount-accno_debashish.evtx","System.UInt32[]","System.Diagnostics.Eventing.Reader.EventBookmark","Information","Info","Handle Manipulation","System.Collections.ObjectModel.ReadOnlyCollection`1[System.String]","System.Collections.Generic.List`1[System.Diagnostics.Eventing.Reader.EventProperty]"
"The handle to an object was closed.

Subject :
	Security ID:		S-1-5-18
	Account Name:		DESKTOP-0526O8D$
	Account Domain:		WORKGROUP
	Logon ID:		0x3E7

Object:
	Object Server:		Security
	Handle ID:		0x4d4

Process Information:
	Process ID:		0x13b0
	Process Name:		C:\Windows\System32\wbem\WmiPrvSE.exe","4658","0",,"0","12802","0","-9214364837600034816","225000","Microsoft-Windows-Security-Auditing","54849625-5478-4994-a5ba-3e3b0328c30d","Security","4","2316","DESKTOP-0526O8D",,"8/5/2019 5:19:23 PM",,,"h:\subhamoy_logs\new\step 04_delaccount-accno_debashish.evtx","System.UInt32[]","System.Diagnostics.Eventing.Reader.EventBookmark","Information","Info","Kernel Object","System.Collections.ObjectModel.ReadOnlyCollection`1[System.String]","System.Collections.Generic.List`1[System.Diagnostics.Eventing.Reader.EventProperty]"
"An attempt was made to access an object.

Subject:
	Security ID:		S-1-5-18
	Account Name:		DESKTOP-0526O8D$
	Account Domain:		WORKGROUP
	Logon ID:		0x3E7

Object:
	Object Server:		Security
	Object Type:		Process
	Object Name:		\Device\HarddiskVolume4\Windows\System32\lsass.exe
	Handle ID:		0x4d4
	Resource Attributes:	-

Process Information:
	Process ID:		0x13b0
	Process Name:		C:\Windows\System32\wbem\WmiPrvSE.exe

Access Request Information:
	Accesses:		Read from process memory
				
	Access Mask:		0x10","4663","1",,"0","12802","0","-9214364837600034816","224999","Microsoft-Windows-Security-Auditing","54849625-5478-4994-a5ba-3e3b0328c30d","Security","4","2316","DESKTOP-0526O8D",,"8/5/2019 5:19:23 PM",,,"h:\subhamoy_logs\new\step 04_delaccount-accno_debashish.evtx","System.UInt32[]","System.Diagnostics.Eventing.Reader.EventBookmark","Information","Info","Kernel Object","System.Collections.ObjectModel.ReadOnlyCollection`1[System.String]","System.Collections.Generic.List`1[System.Diagnostics.Eventing.Reader.EventProperty]"
"A handle to an object was requested.

Subject:
	Security ID:		S-1-5-18
	Account Name:		DESKTOP-0526O8D$
	Account Domain:		WORKGROUP
	Logon ID:		0x3E7

Object:
	Object Server:		Security
	Object Type:		Process
	Object Name:		\Device\HarddiskVolume4\Windows\System32\lsass.exe
	Handle ID:		0x4d4
	Resource Attributes:	-

Process Information:
	Process ID:		0x13b0
	Process Name:		C:\Windows\System32\wbem\WmiPrvSE.exe

Access Request Information:
	Transaction ID:		{00000000-0000-0000-0000-000000000000}
	Accesses:		Read from process memory
				Query process information
				Undefined Access (no effect) Bit 12
				
	Access Reasons:		-
	Access Mask:		0x1410
	Privileges Used for Access Check:	-
	Restricted SID Count:	0","4656","1",,"0","12802","0","-9214364837600034816","224998","Microsoft-Windows-Security-Auditing","54849625-5478-4994-a5ba-3e3b0328c30d","Security","4","2316","DESKTOP-0526O8D",,"8/5/2019 5:19:23 PM",,,"h:\subhamoy_logs\new\step 04_delaccount-accno_debashish.evtx","System.UInt32[]","System.Diagnostics.Eventing.Reader.EventBookmark","Information","Info","Kernel Object","System.Collections.ObjectModel.ReadOnlyCollection`1[System.String]","System.Collections.Generic.List`1[System.Diagnostics.Eventing.Reader.EventProperty]"
"The handle to an object was closed.

Subject :
	Security ID:		S-1-5-18
	Account Name:		DESKTOP-0526O8D$
	Account Domain:		WORKGROUP
	Logon ID:		0x3E7

Object:
	Object Server:		Security
	Handle ID:		0x3ed8

Process Information:
	Process ID:		0x13b0
	Process Name:		C:\Windows\System32\wbem\WmiPrvSE.exe","4658","0",,"0","12802","0","-9214364837600034816","224997","Microsoft-Windows-Security-Auditing","54849625-5478-4994-a5ba-3e3b0328c30d","Security","4","2316","DESKTOP-0526O8D",,"8/5/2019 5:19:23 PM",,,"h:\subhamoy_logs\new\step 04_delaccount-accno_debashish.evtx","System.UInt32[]","System.Diagnostics.Eventing.Reader.EventBookmark","Information","Info","Kernel Object","System.Collections.ObjectModel.ReadOnlyCollection`1[System.String]","System.Collections.Generic.List`1[System.Diagnostics.Eventing.Reader.EventProperty]"
"An attempt was made to duplicate a handle to an object.

Subject:
	Security ID:		S-1-5-18
	Account Name:		DESKTOP-0526O8D$
	Account Domain:		WORKGROUP
	Logon ID:		0x3E7

Source Handle Information:
	Source Handle ID:	0x4d4
	Source Process ID:	0x13b0

New Handle Information:
	Target Handle ID:	0x3ed8
	Target Process ID:	0x4","4690","0",,"0","12807","0","-9214364837600034816","224996","Microsoft-Windows-Security-Auditing","54849625-5478-4994-a5ba-3e3b0328c30d","Security","4","2316","DESKTOP-0526O8D",,"8/5/2019 5:19:23 PM",,,"h:\subhamoy_logs\new\step 04_delaccount-accno_debashish.evtx","System.UInt32[]","System.Diagnostics.Eventing.Reader.EventBookmark","Information","Info","Handle Manipulation","System.Collections.ObjectModel.ReadOnlyCollection`1[System.String]","System.Collections.Generic.List`1[System.Diagnostics.Eventing.Reader.EventProperty]"
"The handle to an object was closed.

Subject :
	Security ID:		S-1-5-18
	Account Name:		DESKTOP-0526O8D$
	Account Domain:		WORKGROUP
	Logon ID:		0x3E7

Object:
	Object Server:		Security
	Handle ID:		0x478

Process Information:
	Process ID:		0x13b0
	Process Name:		C:\Windows\System32\wbem\WmiPrvSE.exe","4658","0",,"0","12802","0","-9214364837600034816","224995","Microsoft-Windows-Security-Auditing","54849625-5478-4994-a5ba-3e3b0328c30d","Security","4","2316","DESKTOP-0526O8D",,"8/5/2019 5:19:22 PM",,,"h:\subhamoy_logs\new\step 04_delaccount-accno_debashish.evtx","System.UInt32[]","System.Diagnostics.Eventing.Reader.EventBookmark","Information","Info","Kernel Object","System.Collections.ObjectModel.ReadOnlyCollection`1[System.String]","System.Collections.Generic.List`1[System.Diagnostics.Eventing.Reader.EventProperty]"
"An attempt was made to access an object.

Subject:
	Security ID:		S-1-5-18
	Account Name:		DESKTOP-0526O8D$
	Account Domain:		WORKGROUP
	Logon ID:		0x3E7

Object:
	Object Server:		Security
	Object Type:		Process
	Object Name:		\Device\HarddiskVolume4\Windows\System32\lsass.exe
	Handle ID:		0x478
	Resource Attributes:	-

Process Information:
	Process ID:		0x13b0
	Process Name:		C:\Windows\System32\wbem\WmiPrvSE.exe

Access Request Information:
	Accesses:		Read from process memory
				
	Access Mask:		0x10","4663","1",,"0","12802","0","-9214364837600034816","224994","Microsoft-Windows-Security-Auditing","54849625-5478-4994-a5ba-3e3b0328c30d","Security","4","2316","DESKTOP-0526O8D",,"8/5/2019 5:19:22 PM",,,"h:\subhamoy_logs\new\step 04_delaccount-accno_debashish.evtx","System.UInt32[]","System.Diagnostics.Eventing.Reader.EventBookmark","Information","Info","Kernel Object","System.Collections.ObjectModel.ReadOnlyCollection`1[System.String]","System.Collections.Generic.List`1[System.Diagnostics.Eventing.Reader.EventProperty]"
"A handle to an object was requested.

Subject:
	Security ID:		S-1-5-18
	Account Name:		DESKTOP-0526O8D$
	Account Domain:		WORKGROUP
	Logon ID:		0x3E7

Object:
	Object Server:		Security
	Object Type:		Process
	Object Name:		\Device\HarddiskVolume4\Windows\System32\lsass.exe
	Handle ID:		0x478
	Resource Attributes:	-

Process Information:
	Process ID:		0x13b0
	Process Name:		C:\Windows\System32\wbem\WmiPrvSE.exe

Access Request Information:
	Transaction ID:		{00000000-0000-0000-0000-000000000000}
	Accesses:		Read from process memory
				Query process information
				Undefined Access (no effect) Bit 12
				
	Access Reasons:		-
	Access Mask:		0x1410
	Privileges Used for Access Check:	-
	Restricted SID Count:	0","4656","1",,"0","12802","0","-9214364837600034816","224993","Microsoft-Windows-Security-Auditing","54849625-5478-4994-a5ba-3e3b0328c30d","Security","4","2316","DESKTOP-0526O8D",,"8/5/2019 5:19:22 PM",,,"h:\subhamoy_logs\new\step 04_delaccount-accno_debashish.evtx","System.UInt32[]","System.Diagnostics.Eventing.Reader.EventBookmark","Information","Info","Kernel Object","System.Collections.ObjectModel.ReadOnlyCollection`1[System.String]","System.Collections.Generic.List`1[System.Diagnostics.Eventing.Reader.EventProperty]"
"The handle to an object was closed.

Subject :
	Security ID:		S-1-5-18
	Account Name:		DESKTOP-0526O8D$
	Account Domain:		WORKGROUP
	Logon ID:		0x3E7

Object:
	Object Server:		Security
	Handle ID:		0x25cc

Process Information:
	Process ID:		0x13b0
	Process Name:		C:\Windows\System32\wbem\WmiPrvSE.exe","4658","0",,"0","12802","0","-9214364837600034816","224992","Microsoft-Windows-Security-Auditing","54849625-5478-4994-a5ba-3e3b0328c30d","Security","4","2316","DESKTOP-0526O8D",,"8/5/2019 5:19:22 PM",,,"h:\subhamoy_logs\new\step 04_delaccount-accno_debashish.evtx","System.UInt32[]","System.Diagnostics.Eventing.Reader.EventBookmark","Information","Info","Kernel Object","System.Collections.ObjectModel.ReadOnlyCollection`1[System.String]","System.Collections.Generic.List`1[System.Diagnostics.Eventing.Reader.EventProperty]"
"An attempt was made to duplicate a handle to an object.

Subject:
