Subject:
	Account Name:		Dr. Chinmoy Karmakar
	Account Domain:		DESKTOP-8O0G16U
	Logon ID:		0xF19625

Session:
	Session Name:		Console

Additional Information:
	Client Name:		Unknown
	Client Address:		LOCAL


This event is generated when a user disconnects from an existing Terminal Services session, or when a user switches away from an existing desktop using Fast User Switching.","4779","0",,"0","12551","0","-9214364837600034816","91382","Microsoft-Windows-Security-Auditing","54849625-5478-4994-a5ba-3e3b0328c30d","Security","720","10100","DESKTOP-8O0G16U",,"26-06-2019 21:51:49","07066c20-1a99-0001-266c-0607991ad501",,"c:\users\user\downloads\fwdeventscase1\case_2.evtx","System.UInt32[]","System.Diagnostics.Eventing.Reader.EventBookmark","Information","Info","Other Logon/Logoff Events","System.Collections.ObjectModel.ReadOnlyCollection`1[System.String]","System.Collections.Generic.List`1[System.Diagnostics.Eventing.Reader.EventProperty]"
"A user's local group membership was enumerated.

Subject:
	Security ID:		S-1-5-21-3497878331-16137086-3393786485-1001
	Account Name:		Dr. Chinmoy Karmakar
	Account Domain:		DESKTOP-8O0G16U
	Logon ID:		0xF19625

User:
	Security ID:		S-1-5-21-3497878331-16137086-3393786485-501
	Account Name:		Guest
	Account Domain:		DESKTOP-8O0G16U

Process Information:
	Process ID:		0x2970
	Process Name:		C:\Windows\System32\RuntimeBroker.exe","4798","0",,"0","13824","0","-9214364837600034816","91381","Microsoft-Windows-Security-Auditing","54849625-5478-4994-a5ba-3e3b0328c30d","Security","720","10100","DESKTOP-8O0G16U",,"26-06-2019 21:51:47","07066c20-1a99-0001-266c-0607991ad501",,"c:\users\user\downloads\fwdeventscase1\case_2.evtx","System.UInt32[]","System.Diagnostics.Eventing.Reader.EventBookmark","Information","Info","User Account Management","System.Collections.ObjectModel.ReadOnlyCollection`1[System.String]","System.Collections.Generic.List`1[System.Diagnostics.Eventing.Reader.EventProperty]"
"An attempt was made to query the existence of a blank password for an account.

Subject:
	Security ID:		S-1-5-21-3497878331-16137086-3393786485-1001
	Account Name:		Dr. Chinmoy Karmakar
	Account Domain:		DESKTOP-8O0G16U
	Logon ID:		0xF19625

Additional Information:
	Caller Workstation:	DESKTOP-8O0G16U
	Target Account Name:	Guest
	Target Account Domain:	DESKTOP-8O0G16U","4797","0",,"0","13824","0","-9214364837600034816","91380","Microsoft-Windows-Security-Auditing","54849625-5478-4994-a5ba-3e3b0328c30d","Security","720","10100","DESKTOP-8O0G16U",,"26-06-2019 21:51:47","07066c20-1a99-0001-266c-0607991ad501",,"c:\users\user\downloads\fwdeventscase1\case_2.evtx","System.UInt32[]","System.Diagnostics.Eventing.Reader.EventBookmark","Information","Info","User Account Management","System.Collections.ObjectModel.ReadOnlyCollection`1[System.String]","System.Collections.Generic.List`1[System.Diagnostics.Eventing.Reader.EventProperty]"
"A user's local group membership was enumerated.

Subject:
	Security ID:		S-1-5-21-3497878331-16137086-3393786485-1001
	Account Name:		Dr. Chinmoy Karmakar
	Account Domain:		DESKTOP-8O0G16U
	Logon ID:		0xF19625

User:
	Security ID:		S-1-5-21-3497878331-16137086-3393786485-1003
	Account Name:		Subhamoy
	Account Domain:		DESKTOP-8O0G16U

Process Information:
	Process ID:		0x2970
	Process Name:		C:\Windows\System32\RuntimeBroker.exe","4798","0",,"0","13824","0","-9214364837600034816","91379","Microsoft-Windows-Security-Auditing","54849625-5478-4994-a5ba-3e3b0328c30d","Security","720","1056","DESKTOP-8O0G16U",,"26-06-2019 21:51:47","07066c20-1a99-0001-266c-0607991ad501",,"c:\users\user\downloads\fwdeventscase1\case_2.evtx","System.UInt32[]","System.Diagnostics.Eventing.Reader.EventBookmark","Information","Info","User Account Management","System.Collections.ObjectModel.ReadOnlyCollection`1[System.String]","System.Collections.Generic.List`1[System.Diagnostics.Eventing.Reader.EventProperty]"
"An attempt was made to query the existence of a blank password for an account.

Subject:
	Security ID:		S-1-5-21-3497878331-16137086-3393786485-1001
	Account Name:		Dr. Chinmoy Karmakar
	Account Domain:		DESKTOP-8O0G16U
	Logon ID:		0xF19625

Additional Information:
	Caller Workstation:	DESKTOP-8O0G16U
	Target Account Name:	Subhamoy
	Target Account Domain:	DESKTOP-8O0G16U","4797","0",,"0","13824","0","-9214364837600034816","91378","Microsoft-Windows-Security-Auditing","54849625-5478-4994-a5ba-3e3b0328c30d","Security","720","1056","DESKTOP-8O0G16U",,"26-06-2019 21:51:47","07066c20-1a99-0001-266c-0607991ad501",,"c:\users\user\downloads\fwdeventscase1\case_2.evtx","System.UInt32[]","System.Diagnostics.Eventing.Reader.EventBookmark","Information","Info","User Account Management","System.Collections.ObjectModel.ReadOnlyCollection`1[System.String]","System.Collections.Generic.List`1[System.Diagnostics.Eventing.Reader.EventProperty]"
"A user's local group membership was enumerated.

Subject:
	Security ID:		S-1-5-21-3497878331-16137086-3393786485-1001
	Account Name:		Dr. Chinmoy Karmakar
	Account Domain:		DESKTOP-8O0G16U
	Logon ID:		0xF19625

User:
	Security ID:		S-1-5-21-3497878331-16137086-3393786485-1001
	Account Name:		Dr. Chinmoy Karmakar
	Account Domain:		DESKTOP-8O0G16U

Process Information:
	Process ID:		0x2970
	Process Name:		C:\Windows\System32\RuntimeBroker.exe","4798","0",,"0","13824","0","-9214364837600034816","91377","Microsoft-Windows-Security-Auditing","54849625-5478-4994-a5ba-3e3b0328c30d","Security","720","1056","DESKTOP-8O0G16U",,"26-06-2019 21:51:47","07066c20-1a99-0001-266c-0607991ad501",,"c:\users\user\downloads\fwdeventscase1\case_2.evtx","System.UInt32[]","System.Diagnostics.Eventing.Reader.EventBookmark","Information","Info","User Account Management","System.Collections.ObjectModel.ReadOnlyCollection`1[System.String]","System.Collections.Generic.List`1[System.Diagnostics.Eventing.Reader.EventProperty]"
"An attempt was made to query the existence of a blank password for an account.

Subject:
	Security ID:		S-1-5-21-3497878331-16137086-3393786485-1001
	Account Name:		Dr. Chinmoy Karmakar
	Account Domain:		DESKTOP-8O0G16U
	Logon ID:		0xF19625

Additional Information:
	Caller Workstation:	DESKTOP-8O0G16U
	Target Account Name:	DefaultAccount
	Target Account Domain:	DESKTOP-8O0G16U","4797","0",,"0","13824","0","-9214364837600034816","91376","Microsoft-Windows-Security-Auditing","54849625-5478-4994-a5ba-3e3b0328c30d","Security","720","10100","DESKTOP-8O0G16U",,"26-06-2019 21:51:47","07066c20-1a99-0001-266c-0607991ad501",,"c:\users\user\downloads\fwdeventscase1\case_2.evtx","System.UInt32[]","System.Diagnostics.Eventing.Reader.EventBookmark","Information","Info","User Account Management","System.Collections.ObjectModel.ReadOnlyCollection`1[System.String]","System.Collections.Generic.List`1[System.Diagnostics.Eventing.Reader.EventProperty]"
"An attempt was made to query the existence of a blank password for an account.

Subject:
	Security ID:		S-1-5-21-3497878331-16137086-3393786485-1001
	Account Name:		Dr. Chinmoy Karmakar
	Account Domain:		DESKTOP-8O0G16U
	Logon ID:		0xF19625

Additional Information:
	Caller Workstation:	DESKTOP-8O0G16U
	Target Account Name:	Administrator
	Target Account Domain:	DESKTOP-8O0G16U","4797","0",,"0","13824","0","-9214364837600034816","91375","Microsoft-Windows-Security-Auditing","54849625-5478-4994-a5ba-3e3b0328c30d","Security","720","10100","DESKTOP-8O0G16U",,"26-06-2019 21:51:47","07066c20-1a99-0001-266c-0607991ad501",,"c:\users\user\downloads\fwdeventscase1\case_2.evtx","System.UInt32[]","System.Diagnostics.Eventing.Reader.EventBookmark","Information","Info","User Account Management","System.Collections.ObjectModel.ReadOnlyCollection`1[System.String]","System.Collections.Generic.List`1[System.Diagnostics.Eventing.Reader.EventProperty]"
"An attempt was made to query the existence of a blank password for an account.

Subject:
	Security ID:		S-1-5-21-3497878331-16137086-3393786485-1001
	Account Name:		Dr. Chinmoy Karmakar
	Account Domain:		DESKTOP-8O0G16U
	Logon ID:		0xF19625

Additional Information:
	Caller Workstation:	DESKTOP-8O0G16U
	Target Account Name:	Subhamoy
	Target Account Domain:	DESKTOP-8O0G16U","4797","0",,"0","13824","0","-9214364837600034816","91374","Microsoft-Windows-Security-Auditing","54849625-5478-4994-a5ba-3e3b0328c30d","Security","720","10100","DESKTOP-8O0G16U",,"26-06-2019 21:51:47","07066c20-1a99-0001-266c-0607991ad501",,"c:\users\user\downloads\fwdeventscase1\case_2.evtx","System.UInt32[]","System.Diagnostics.Eventing.Reader.EventBookmark","Information","Info","User Account Management","System.Collections.ObjectModel.ReadOnlyCollection`1[System.String]","System.Collections.Generic.List`1[System.Diagnostics.Eventing.Reader.EventProperty]"
"An attempt was made to query the existence of a blank password for an account.

Subject:
	Security ID:		S-1-5-21-3497878331-16137086-3393786485-1001
	Account Name:		Dr. Chinmoy Karmakar
	Account Domain:		DESKTOP-8O0G16U
	Logon ID:		0xF19625

Additional Information:
	Caller Workstation:	DESKTOP-8O0G16U
	Target Account Name:	Guest
	Target Account Domain:	DESKTOP-8O0G16U","4797","0",,"0","13824","0","-9214364837600034816","91373","Microsoft-Windows-Security-Auditing","54849625-5478-4994-a5ba-3e3b0328c30d","Security","720","10100","DESKTOP-8O0G16U",,"26-06-2019 21:51:47","07066c20-1a99-0001-266c-0607991ad501",,"c:\users\user\downloads\fwdeventscase1\case_2.evtx","System.UInt32[]","System.Diagnostics.Eventing.Reader.EventBookmark","Information","Info","User Account Management","System.Collections.ObjectModel.ReadOnlyCollection`1[System.String]","System.Collections.Generic.List`1[System.Diagnostics.Eventing.Reader.EventProperty]"
"An attempt was made to query the existence of a blank password for an account.

Subject:
	Security ID:		S-1-5-21-3497878331-16137086-3393786485-1001
	Account Name:		Dr. Chinmoy Karmakar
	Account Domain:		DESKTOP-8O0G16U
	Logon ID:		0xF19625

Additional Information:
	Caller Workstation:	DESKTOP-8O0G16U
	Target Account Name:	DefaultAccount
	Target Account Domain:	DESKTOP-8O0G16U","4797","0",,"0","13824","0","-9214364837600034816","91372","Microsoft-Windows-Security-Auditing","54849625-5478-4994-a5ba-3e3b0328c30d","Security","720","10100","DESKTOP-8O0G16U",,"26-06-2019 21:51:47","07066c20-1a99-0001-266c-0607991ad501",,"c:\users\user\downloads\fwdeventscase1\case_2.evtx","System.UInt32[]","System.Diagnostics.Eventing.Reader.EventBookmark","Information","Info","User Account Management","System.Collections.ObjectModel.ReadOnlyCollection`1[System.String]","System.Collections.Generic.List`1[System.Diagnostics.Eventing.Reader.EventProperty]"
"An attempt was made to query the existence of a blank password for an account.

Subject:
	Security ID:		S-1-5-21-3497878331-16137086-3393786485-1001
	Account Name:		Dr. Chinmoy Karmakar
	Account Domain:		DESKTOP-8O0G16U
	Logon ID:		0xF19625

Additional Information:
	Caller Workstation:	DESKTOP-8O0G16U
	Target Account Name:	Administrator
	Target Account Domain:	DESKTOP-8O0G16U","4797","0",,"0","13824","0","-9214364837600034816","91371","Microsoft-Windows-Security-Auditing","54849625-5478-4994-a5ba-3e3b0328c30d","Security","720","10100","DESKTOP-8O0G16U",,"26-06-2019 21:51:47","07066c20-1a99-0001-266c-0607991ad501",,"c:\users\user\downloads\fwdeventscase1\case_2.evtx","System.UInt32[]","System.Diagnostics.Eventing.Reader.EventBookmark","Information","Info","User Account Management","System.Collections.ObjectModel.ReadOnlyCollection`1[System.String]","System.Collections.Generic.List`1[System.Diagnostics.Eventing.Reader.EventProperty]"
"The audit log was cleared.
Subject:
	Security ID:	S-1-5-21-3497878331-16137086-3393786485-1001
	Account Name:	Dr. Chinmoy Karmakar
	Domain Name:	DESKTOP-8O0G16U
	Logon ID:	0xF195DD","1102","0",,"4","104","0","4620693217682128896","91370","Microsoft-Windows-Eventlog","fc65ddd8-d6ef-4962-83d5-6e5cfe9ce148","Security","1332","7016","DESKTOP-8O0G16U",,"26-06-2019 21:51:39",,,"c:\users\user\downloads\fwdeventscase1\case_2.evtx","System.UInt32[]","System.Diagnostics.Eventing.Reader.EventBookmark","Information","Info","Log clear","System.Collections.ObjectModel.ReadOnlyCollection`1[System.String]","System.Collections.Generic.List`1[System.Diagnostics.Eventing.Reader.EventProperty]"
