#TYPE System.Diagnostics.Eventing.Reader.EventLogRecord
"Message","Id","Version","Qualifiers","Level","Task","Opcode","Keywords","RecordId","ProviderName","ProviderId","LogName","ProcessId","ThreadId","MachineName","UserId","TimeCreated","ActivityId","RelatedActivityId","ContainerLog","MatchedQueryIds","Bookmark","LevelDisplayName","OpcodeDisplayName","TaskDisplayName","KeywordsDisplayNames","Properties"
"The Windows Filtering Platform has blocked a packet.

Application Information:
	Process ID:		0
	Application Name:	-

Network Information:
	Direction:		Outbound
	Source Address:		192.168.153.1
	Source Port:		137
	Destination Address:	192.168.153.255
	Destination Port:		137
	Protocol:		17

Filter Information:
	Filter Run-Time ID:	695263
	Layer Name:		Transport
	Layer Run-Time ID:	16","5152","0",,"0","12809","0","-9218868437227405312","912187","Microsoft-Windows-Security-Auditing","54849625-5478-4994-a5ba-3e3b0328c30d","Security","4","3968","DESKTOP-H1J37M8",,"10-06-2019 10:08:24",,,"d:\log_doc\sec_10-06.evtx","System.UInt32[]","System.Diagnostics.Eventing.Reader.EventBookmark","Information","Info","Filtering Platform Packet Drop","System.Collections.ObjectModel.ReadOnlyCollection`1[System.String]","System.Collections.Generic.List`1[System.Diagnostics.Eventing.Reader.EventProperty]"
"The Windows Filtering Platform has blocked a packet.

Application Information:
	Process ID:		0
	Application Name:	-

Network Information:
	Direction:		Outbound
	Source Address:		192.168.153.1
	Source Port:		137
	Destination Address:	192.168.153.255
	Destination Port:		137
	Protocol:		17

Filter Information:
	Filter Run-Time ID:	695263
	Layer Name:		Transport
	Layer Run-Time ID:	16","5152","0",,"0","12809","0","-9218868437227405312","912186","Microsoft-Windows-Security-Auditing","54849625-5478-4994-a5ba-3e3b0328c30d","Security","4","3968","DESKTOP-H1J37M8",,"10-06-2019 10:08:24",,,"d:\log_doc\sec_10-06.evtx","System.UInt32[]","System.Diagnostics.Eventing.Reader.EventBookmark","Information","Info","Filtering Platform Packet Drop","System.Collections.ObjectModel.ReadOnlyCollection`1[System.String]","System.Collections.Generic.List`1[System.Diagnostics.Eventing.Reader.EventProperty]"
"The Windows Filtering Platform has blocked a packet.

Application Information:
	Process ID:		0
	Application Name:	-

Network Information:
	Direction:		Outbound
	Source Address:		192.168.153.1
	Source Port:		137
	Destination Address:	192.168.153.255
	Destination Port:		137
	Protocol:		17

Filter Information:
	Filter Run-Time ID:	695263
	Layer Name:		Transport
	Layer Run-Time ID:	16","5152","0",,"0","12809","0","-9218868437227405312","912185","Microsoft-Windows-Security-Auditing","54849625-5478-4994-a5ba-3e3b0328c30d","Security","4","5824","DESKTOP-H1J37M8",,"10-06-2019 10:08:23",,,"d:\log_doc\sec_10-06.evtx","System.UInt32[]","System.Diagnostics.Eventing.Reader.EventBookmark","Information","Info","Filtering Platform Packet Drop","System.Collections.ObjectModel.ReadOnlyCollection`1[System.String]","System.Collections.Generic.List`1[System.Diagnostics.Eventing.Reader.EventProperty]"
"The Windows Filtering Platform has permitted a connection.

Application Information:
	Process ID:		4
	Application Name:	System

Network Information:
	Direction:		Outbound
	Source Address:		192.168.153.1
	Source Port:		137
	Destination Address:	192.168.153.255
	Destination Port:		137
	Protocol:		17

Filter Information:
	Filter Run-Time ID:	695300
	Layer Name:		Connect
	Layer Run-Time ID:	48","5156","1",,"0","12810","0","-9214364837600034816","912184","Microsoft-Windows-Security-Auditing","54849625-5478-4994-a5ba-3e3b0328c30d","Security","4","5824","DESKTOP-H1J37M8",,"10-06-2019 10:08:23",,,"d:\log_doc\sec_10-06.evtx","System.UInt32[]","System.Diagnostics.Eventing.Reader.EventBookmark","Information","Info","Filtering Platform Connection","System.Collections.ObjectModel.ReadOnlyCollection`1[System.String]","System.Collections.Generic.List`1[System.Diagnostics.Eventing.Reader.EventProperty]"
"The Windows Filtering Platform has permitted a connection.

Application Information:
	Process ID:		1328
	Application Name:	\device\harddiskvolume2\program files\bitdefender agent\productagentservice.exe

Network Information:
	Direction:		Inbound
	Source Address:		127.0.0.1
	Source Port:		50815
	Destination Address:	127.0.0.1
	Destination Port:		50814
	Protocol:		6

Filter Information:
	Filter Run-Time ID:	695237
	Layer Name:		Receive/Accept
	Layer Run-Time ID:	44","5156","1",,"0","12810","0","-9214364837600034816","912183","Microsoft-Windows-Security-Auditing","54849625-5478-4994-a5ba-3e3b0328c30d","Security","4","5824","DESKTOP-H1J37M8",,"10-06-2019 10:08:22",,,"d:\log_doc\sec_10-06.evtx","System.UInt32[]","System.Diagnostics.Eventing.Reader.EventBookmark","Information","Info","Filtering Platform Connection","System.Collections.ObjectModel.ReadOnlyCollection`1[System.String]","System.Collections.Generic.List`1[System.Diagnostics.Eventing.Reader.EventProperty]"
"The Windows Filtering Platform has permitted a connection.

Application Information:
	Process ID:		1328
	Application Name:	\device\harddiskvolume2\program files\bitdefender agent\productagentservice.exe

Network Information:
	Direction:		Outbound
	Source Address:		127.0.0.1
	Source Port:		50815
	Destination Address:	127.0.0.1
	Destination Port:		50814
	Protocol:		6

Filter Information:
	Filter Run-Time ID:	695239
	Layer Name:		Connect
	Layer Run-Time ID:	48","5156","1",,"0","12810","0","-9214364837600034816","912182","Microsoft-Windows-Security-Auditing","54849625-5478-4994-a5ba-3e3b0328c30d","Security","4","5824","DESKTOP-H1J37M8",,"10-06-2019 10:08:22",,,"d:\log_doc\sec_10-06.evtx","System.UInt32[]","System.Diagnostics.Eventing.Reader.EventBookmark","Information","Info","Filtering Platform Connection","System.Collections.ObjectModel.ReadOnlyCollection`1[System.String]","System.Collections.Generic.List`1[System.Diagnostics.Eventing.Reader.EventProperty]"
"The Windows Filtering Platform has permitted a connection.

Application Information:
	Process ID:		1328
	Application Name:	\device\harddiskvolume2\program files\bitdefender agent\productagentservice.exe

Network Information:
	Direction:		Inbound
	Source Address:		127.0.0.1
	Source Port:		50813
	Destination Address:	127.0.0.1
	Destination Port:		50812
	Protocol:		6

Filter Information:
	Filter Run-Time ID:	695237
	Layer Name:		Receive/Accept
	Layer Run-Time ID:	44","5156","1",,"0","12810","0","-9214364837600034816","912181","Microsoft-Windows-Security-Auditing","54849625-5478-4994-a5ba-3e3b0328c30d","Security","4","5824","DESKTOP-H1J37M8",,"10-06-2019 10:08:22",,,"d:\log_doc\sec_10-06.evtx","System.UInt32[]","System.Diagnostics.Eventing.Reader.EventBookmark","Information","Info","Filtering Platform Connection","System.Collections.ObjectModel.ReadOnlyCollection`1[System.String]","System.Collections.Generic.List`1[System.Diagnostics.Eventing.Reader.EventProperty]"
"The Windows Filtering Platform has permitted a connection.

Application Information:
	Process ID:		1328
	Application Name:	\device\harddiskvolume2\program files\bitdefender agent\productagentservice.exe

Network Information:
	Direction:		Outbound
	Source Address:		127.0.0.1
	Source Port:		50813
	Destination Address:	127.0.0.1
	Destination Port:		50812
	Protocol:		6

Filter Information:
	Filter Run-Time ID:	695239
	Layer Name:		Connect
	Layer Run-Time ID:	48","5156","1",,"0","12810","0","-9214364837600034816","912180","Microsoft-Windows-Security-Auditing","54849625-5478-4994-a5ba-3e3b0328c30d","Security","4","5824","DESKTOP-H1J37M8",,"10-06-2019 10:08:22",,,"d:\log_doc\sec_10-06.evtx","System.UInt32[]","System.Diagnostics.Eventing.Reader.EventBookmark","Information","Info","Filtering Platform Connection","System.Collections.ObjectModel.ReadOnlyCollection`1[System.String]","System.Collections.Generic.List`1[System.Diagnostics.Eventing.Reader.EventProperty]"
"The Windows Filtering Platform has blocked a packet.

Application Information:
	Process ID:		0
	Application Name:	-

Network Information:
	Direction:		Outbound
	Source Address:		192.168.153.1
	Source Port:		137
	Destination Address:	192.168.153.2
	Destination Port:		137
	Protocol:		17

Filter Information:
	Filter Run-Time ID:	695263
	Layer Name:		Transport
	Layer Run-Time ID:	16","5152","0",,"0","12809","0","-9218868437227405312","912179","Microsoft-Windows-Security-Auditing","54849625-5478-4994-a5ba-3e3b0328c30d","Security","4","5824","DESKTOP-H1J37M8",,"10-06-2019 10:08:21",,,"d:\log_doc\sec_10-06.evtx","System.UInt32[]","System.Diagnostics.Eventing.Reader.EventBookmark","Information","Info","Filtering Platform Packet Drop","System.Collections.ObjectModel.ReadOnlyCollection`1[System.String]","System.Collections.Generic.List`1[System.Diagnostics.Eventing.Reader.EventProperty]"
"The Windows Filtering Platform has blocked a packet.

Application Information:
	Process ID:		0
	Application Name:	-

Network Information:
	Direction:		Outbound
	Source Address:		192.168.153.1
	Source Port:		137
	Destination Address:	192.168.153.2
	Destination Port:		137
	Protocol:		17

Filter Information:
	Filter Run-Time ID:	695263
	Layer Name:		Transport
	Layer Run-Time ID:	16","5152","0",,"0","12809","0","-9218868437227405312","912178","Microsoft-Windows-Security-Auditing","54849625-5478-4994-a5ba-3e3b0328c30d","Security","4","3968","DESKTOP-H1J37M8",,"10-06-2019 10:08:20",,,"d:\log_doc\sec_10-06.evtx","System.UInt32[]","System.Diagnostics.Eventing.Reader.EventBookmark","Information","Info","Filtering Platform Packet Drop","System.Collections.ObjectModel.ReadOnlyCollection`1[System.String]","System.Collections.Generic.List`1[System.Diagnostics.Eventing.Reader.EventProperty]"
"The Windows Filtering Platform has blocked a packet.

Application Information:
	Process ID:		0
	Application Name:	-

Network Information:
	Direction:		Outbound
	Source Address:		192.168.153.1
	Source Port:		137
	Destination Address:	192.168.153.2
	Destination Port:		137
	Protocol:		17

Filter Information:
	Filter Run-Time ID:	695263
	Layer Name:		Transport
	Layer Run-Time ID:	16","5152","0",,"0","12809","0","-9218868437227405312","912177","Microsoft-Windows-Security-Auditing","54849625-5478-4994-a5ba-3e3b0328c30d","Security","4","5260","DESKTOP-H1J37M8",,"10-06-2019 10:08:18",,,"d:\log_doc\sec_10-06.evtx","System.UInt32[]","System.Diagnostics.Eventing.Reader.EventBookmark","Information","Info","Filtering Platform Packet Drop","System.Collections.ObjectModel.ReadOnlyCollection`1[System.String]","System.Collections.Generic.List`1[System.Diagnostics.Eventing.Reader.EventProperty]"
"The Windows Filtering Platform has blocked a packet.

Application Information:
	Process ID:		0
	Application Name:	-

Network Information:
	Direction:		Outbound
	Source Address:		192.168.160.1
	Source Port:		137
	Destination Address:	192.168.160.255
	Destination Port:		137
	Protocol:		17

Filter Information:
	Filter Run-Time ID:	695263
	Layer Name:		Transport
	Layer Run-Time ID:	16","5152","0",,"0","12809","0","-9218868437227405312","912176","Microsoft-Windows-Security-Auditing","54849625-5478-4994-a5ba-3e3b0328c30d","Security","4","3968","DESKTOP-H1J37M8",,"10-06-2019 10:08:18",,,"d:\log_doc\sec_10-06.evtx","System.UInt32[]","System.Diagnostics.Eventing.Reader.EventBookmark","Information","Info","Filtering Platform Packet Drop","System.Collections.ObjectModel.ReadOnlyCollection`1[System.String]","System.Collections.Generic.List`1[System.Diagnostics.Eventing.Reader.EventProperty]"
"The Windows Filtering Platform has blocked a packet.

Application Information:
	Process ID:		0
	Application Name:	-

Network Information:
	Direction:		Outbound
	Source Address:		192.168.160.1
	Source Port:		137
	Destination Address:	192.168.160.255
	Destination Port:		137
	Protocol:		17

Filter Information:
	Filter Run-Time ID:	695263
	Layer Name:		Transport
	Layer Run-Time ID:	16","5152","0",,"0","12809","0","-9218868437227405312","912175","Microsoft-Windows-Security-Auditing","54849625-5478-4994-a5ba-3e3b0328c30d","Security","4","3968","DESKTOP-H1J37M8",,"10-06-2019 10:08:17",,,"d:\log_doc\sec_10-06.evtx","System.UInt32[]","System.Diagnostics.Eventing.Reader.EventBookmark","Information","Info","Filtering Platform Packet Drop","System.Collections.ObjectModel.ReadOnlyCollection`1[System.String]","System.Collections.Generic.List`1[System.Diagnostics.Eventing.Reader.EventProperty]"
"The Windows Filtering Platform has blocked a packet.

Application Information:
	Process ID:		0
	Application Name:	-

Network Information:
	Direction:		Outbound
	Source Address:		192.168.160.1
	Source Port:		137
	Destination Address:	192.168.160.255
	Destination Port:		137
	Protocol:		17

Filter Information:
	Filter Run-Time ID:	695263
	Layer Name:		Transport
	Layer Run-Time ID:	16","5152","0",,"0","12809","0","-9218868437227405312","912174","Microsoft-Windows-Security-Auditing","54849625-5478-4994-a5ba-3e3b0328c30d","Security","4","3968","DESKTOP-H1J37M8",,"10-06-2019 10:08:16",,,"d:\log_doc\sec_10-06.evtx","System.UInt32[]","System.Diagnostics.Eventing.Reader.EventBookmark","Information","Info","Filtering Platform Packet Drop","System.Collections.ObjectModel.ReadOnlyCollection`1[System.String]","System.Collections.Generic.List`1[System.Diagnostics.Eventing.Reader.EventProperty]"
"The Windows Filtering Platform has permitted a connection.

Application Information:
	Process ID:		4
	Application Name:	System

Network Information:
	Direction:		Outbound
	Source Address:		192.168.160.1
	Source Port:		137
	Destination Address:	192.168.160.255
	Destination Port:		137
	Protocol:		17

Filter Information:
	Filter Run-Time ID:	695298
	Layer Name:		Connect
	Layer Run-Time ID:	48","5156","1",,"0","12810","0","-9214364837600034816","912173","Microsoft-Windows-Security-Auditing","54849625-5478-4994-a5ba-3e3b0328c30d","Security","4","3968","DESKTOP-H1J37M8",,"10-06-2019 10:08:16",,,"d:\log_doc\sec_10-06.evtx","System.UInt32[]","System.Diagnostics.Eventing.Reader.EventBookmark","Information","Info","Filtering Platform Connection","System.Collections.ObjectModel.ReadOnlyCollection`1[System.String]","System.Collections.Generic.List`1[System.Diagnostics.Eventing.Reader.EventProperty]"
"The Windows Filtering Platform has permitted a connection.

Application Information:
	Process ID:		2884
	Application Name:	\device\harddiskvolume2\program files\bitdefender\bitdefender security\bdservicehost.exe

Network Information:
	Direction:		Inbound
	Source Address:		127.0.0.1
	Source Port:		50811
	Destination Address:	127.0.0.1
	Destination Port:		50810
	Protocol:		6

Filter Information:
	Filter Run-Time ID:	695237
	Layer Name:		Receive/Accept
	Layer Run-Time ID:	44","5156","1",,"0","12810","0","-9214364837600034816","912172","Microsoft-Windows-Security-Auditing","54849625-5478-4994-a5ba-3e3b0328c30d","Security","4","3968","DESKTOP-H1J37M8",,"10-06-2019 10:08:08",,,"d:\log_doc\sec_10-06.evtx","System.UInt32[]","System.Diagnostics.Eventing.Reader.EventBookmark","Information","Info","Filtering Platform Connection","System.Collections.ObjectModel.ReadOnlyCollection`1[System.String]","System.Collections.Generic.List`1[System.Diagnostics.Eventing.Reader.EventProperty]"
"The Windows Filtering Platform has permitted a connection.

Application Information:
	Process ID:		2884
	Application Name:	\device\harddiskvolume2\program files\bitdefender\bitdefender security\bdservicehost.exe

Network Information:
	Direction:		Outbound
	Source Address:		127.0.0.1
	Source Port:		50811
	Destination Address:	127.0.0.1
	Destination Port:		50810
	Protocol:		6

Filter Information:
	Filter Run-Time ID:	695239
	Layer Name:		Connect
	Layer Run-Time ID:	48","5156","1",,"0","12810","0","-9214364837600034816","912171","Microsoft-Windows-Security-Auditing","54849625-5478-4994-a5ba-3e3b0328c30d","Security","4","3968","DESKTOP-H1J37M8",,"10-06-2019 10:08:08",,,"d:\log_doc\sec_10-06.evtx","System.UInt32[]","System.Diagnostics.Eventing.Reader.EventBookmark","Information","Info","Filtering Platform Connection","System.Collections.ObjectModel.ReadOnlyCollection`1[System.String]","System.Collections.Generic.List`1[System.Diagnostics.Eventing.Reader.EventProperty]"
"The Windows Filtering Platform has permitted a connection.

Application Information:
	Process ID:		2884
	Application Name:	\device\harddiskvolume2\program files\bitdefender\bitdefender security\bdservicehost.exe

Network Information:
	Direction:		Inbound
	Source Address:		127.0.0.1
	Source Port:		50809
	Destination Address:	127.0.0.1
	Destination Port:		50808
	Protocol:		6

Filter Information:
	Filter Run-Time ID:	695237
	Layer Name:		Receive/Accept
	Layer Run-Time ID:	44","5156","1",,"0","12810","0","-9214364837600034816","912170","Microsoft-Windows-Security-Auditing","54849625-5478-4994-a5ba-3e3b0328c30d","Security","4","3968","DESKTOP-H1J37M8",,"10-06-2019 10:08:08",,,"d:\log_doc\sec_10-06.evtx","System.UInt32[]","System.Diagnostics.Eventing.Reader.EventBookmark","Information","Info","Filtering Platform Connection","System.Collections.ObjectModel.ReadOnlyCollection`1[System.String]","System.Collections.Generic.List`1[System.Diagnostics.Eventing.Reader.EventProperty]"
"The Windows Filtering Platform has permitted a connection.

Application Information:
	Process ID:		2884
	Application Name:	\device\harddiskvolume2\program files\bitdefender\bitdefender security\bdservicehost.exe

Network Information:
	Direction:		Outbound
	Source Address:		127.0.0.1
	Source Port:		50809
	Destination Address:	127.0.0.1
	Destination Port:		50808
	Protocol:		6

Filter Information:
	Filter Run-Time ID:	695239
	Layer Name:		Connect
	Layer Run-Time ID:	48","5156","1",,"0","12810","0","-9214364837600034816","912169","Microsoft-Windows-Security-Auditing","54849625-5478-4994-a5ba-3e3b0328c30d","Security","4","3968","DESKTOP-H1J37M8",,"10-06-2019 10:08:08",,,"d:\log_doc\sec_10-06.evtx","System.UInt32[]","System.Diagnostics.Eventing.Reader.EventBookmark","Information","Info","Filtering Platform Connection","System.Collections.ObjectModel.ReadOnlyCollection`1[System.String]","System.Collections.Generic.List`1[System.Diagnostics.Eventing.Reader.EventProperty]"
"The Windows Filtering Platform has permitted a connection.

Application Information:
	Process ID:		2828
	Application Name:	\device\harddiskvolume2\program files\bitdefender\bitdefender device management\devmgmtservice.exe

Network Information:
	Direction:		Inbound
	Source Address:		127.0.0.1
	Source Port:		50807
	Destination Address:	127.0.0.1
	Destination Port:		50806
	Protocol:		6

Filter Information:
	Filter Run-Time ID:	695237
	Layer Name:		Receive/Accept
	Layer Run-Time ID:	44","5156","1",,"0","12810","0","-9214364837600034816","912168","Microsoft-Windows-Security-Auditing","54849625-5478-4994-a5ba-3e3b0328c30d","Security","4","3968","DESKTOP-H1J37M8",,"10-06-2019 10:08:08",,,"d:\log_doc\sec_10-06.evtx","System.UInt32[]","System.Diagnostics.Eventing.Reader.EventBookmark","Information","Info","Filtering Platform Connection","System.Collections.ObjectModel.ReadOnlyCollection`1[System.String]","System.Collections.Generic.List`1[System.Diagnostics.Eventing.Reader.EventProperty]"
"The Windows Filtering Platform has permitted a connection.

Application Information:
	Process ID:		2828
	Application Name:	\device\harddiskvolume2\program files\bitdefender\bitdefender device management\devmgmtservice.exe

Network Information:
	Direction:		Outbound
	Source Address:		127.0.0.1
	Source Port:		50807
	Destination Address:	127.0.0.1
	Destination Port:		50806
	Protocol:		6

Filter Information:
	Filter Run-Time ID:	695239
	Layer Name:		Connect
	Layer Run-Time ID:	48","5156","1",,"0","12810","0","-9214364837600034816","912167","Microsoft-Windows-Security-Auditing","54849625-5478-4994-a5ba-3e3b0328c30d","Security","4","3968","DESKTOP-H1J37M8",,"10-06-2019 10:08:08",,,"d:\log_doc\sec_10-06.evtx","System.UInt32[]","System.Diagnostics.Eventing.Reader.EventBookmark","Information","Info","Filtering Platform Connection","System.Collections.ObjectModel.ReadOnlyCollection`1[System.String]","System.Collections.Generic.List`1[System.Diagnostics.Eventing.Reader.EventProperty]"
"The Windows Filtering Platform has permitted a connection.

Application Information:
	Process ID:		2828
	Application Name:	\device\harddiskvolume2\program files\bitdefender\bitdefender device management\devmgmtservice.exe

Network Information:
	Direction:		Inbound
	Source Address:		127.0.0.1
	Source Port:		50805
	Destination Address:	127.0.0.1
	Destination Port:		50804
	Protocol:		6

Filter Information:
	Filter Run-Time ID:	695237
	Layer Name:		Receive/Accept
	Layer Run-Time ID:	44","5156","1",,"0","12810","0","-9214364837600034816","912166","Microsoft-Windows-Security-Auditing","54849625-5478-4994-a5ba-3e3b0328c30d","Security","4","3968","DESKTOP-H1J37M8",,"10-06-2019 10:08:08",,,"d:\log_doc\sec_10-06.evtx","System.UInt32[]","System.Diagnostics.Eventing.Reader.EventBookmark","Information","Info","Filtering Platform Connection","System.Collections.ObjectModel.ReadOnlyCollection`1[System.String]","System.Collections.Generic.List`1[System.Diagnostics.Eventing.Reader.EventProperty]"
"The Windows Filtering Platform has permitted a connection.

Application Information:
	Process ID:		2828
	Application Name:	\device\harddiskvolume2\program files\bitdefender\bitdefender device management\devmgmtservice.exe

Network Information:
	Direction:		Outbound
	Source Address:		127.0.0.1
	Source Port:		50805
	Destination Address:	127.0.0.1
	Destination Port:		50804
	Protocol:		6

Filter Information:
	Filter Run-Time ID:	695239
	Layer Name:		Connect
	Layer Run-Time ID:	48","5156","1",,"0","12810","0","-9214364837600034816","912165","Microsoft-Windows-Security-Auditing","54849625-5478-4994-a5ba-3e3b0328c30d","Security","4","3968","DESKTOP-H1J37M8",,"10-06-2019 10:08:08",,,"d:\log_doc\sec_10-06.evtx","System.UInt32[]","System.Diagnostics.Eventing.Reader.EventBookmark","Information","Info","Filtering Platform Connection","System.Collections.ObjectModel.ReadOnlyCollection`1[System.String]","System.Collections.Generic.List`1[System.Diagnostics.Eventing.Reader.EventProperty]"
"The Windows Filtering Platform has permitted a connection.

Application Information:
	Process ID:		964
	Application Name:	\device\harddiskvolume2\program files\bitdefender\bitdefender security\vsserv.exe

Network Information:
	Direction:		Inbound
	Source Address:		127.0.0.1
	Source Port:		50803
	Destination Address:	127.0.0.1
	Destination Port:		50802
	Protocol:		6

Filter Information:
	Filter Run-Time ID:	695237
	Layer Name:		Receive/Accept
	Layer Run-Time ID:	44","5156","1",,"0","12810","0","-9214364837600034816","912164","Microsoft-Windows-Security-Auditing","54849625-5478-4994-a5ba-3e3b0328c30d","Security","4","3968","DESKTOP-H1J37M8",,"10-06-2019 10:08:08",,,"d:\log_doc\sec_10-06.evtx","System.UInt32[]","System.Diagnostics.Eventing.Reader.EventBookmark","Information","Info","Filtering Platform Connection","System.Collections.ObjectModel.ReadOnlyCollection`1[System.String]","System.Collections.Generic.List`1[System.Diagnostics.Eventing.Reader.EventProperty]"
"The Windows Filtering Platform has permitted a connection.

Application Information:
	Process ID:		964
	Application Name:	\device\harddiskvolume2\program files\bitdefender\bitdefender security\vsserv.exe

Network Information:
	Direction:		Outbound
	Source Address:		127.0.0.1
	Source Port:		50803
	Destination Address:	127.0.0.1
	Destination Port:		50802
	Protocol:		6

Filter Information:
	Filter Run-Time ID:	695239
	Layer Name:		Connect
	Layer Run-Time ID:	48","5156","1",,"0","12810","0","-9214364837600034816","912163","Microsoft-Windows-Security-Auditing","54849625-5478-4994-a5ba-3e3b0328c30d","Security","4","3968","DESKTOP-H1J37M8",,"10-06-2019 10:08:08",,,"d:\log_doc\sec_10-06.evtx","System.UInt32[]","System.Diagnostics.Eventing.Reader.EventBookmark","Information","Info","Filtering Platform Connection","System.Collections.ObjectModel.ReadOnlyCollection`1[System.String]","System.Collections.Generic.List`1[System.Diagnostics.Eventing.Reader.EventProperty]"
"The Windows Filtering Platform has permitted a connection.

Application Information:
	Process ID:		964
	Application Name:	\device\harddiskvolume2\program files\bitdefender\bitdefender security\vsserv.exe

Network Information:
	Direction:		Inbound
	Source Address:		127.0.0.1
	Source Port:		50801
	Destination Address:	127.0.0.1
	Destination Port:		50800
	Protocol:		6

Filter Information:
	Filter Run-Time ID:	695237
	Layer Name:		Receive/Accept
	Layer Run-Time ID:	44","5156","1",,"0","12810","0","-9214364837600034816","912162","Microsoft-Windows-Security-Auditing","54849625-5478-4994-a5ba-3e3b0328c30d","Security","4","3968","DESKTOP-H1J37M8",,"10-06-2019 10:08:08",,,"d:\log_doc\sec_10-06.evtx","System.UInt32[]","System.Diagnostics.Eventing.Reader.EventBookmark","Information","Info","Filtering Platform Connection","System.Collections.ObjectModel.ReadOnlyCollection`1[System.String]","System.Collections.Generic.List`1[System.Diagnostics.Eventing.Reader.EventProperty]"
"The Windows Filtering Platform has permitted a connection.

Application Information:
	Process ID:		964
	Application Name:	\device\harddiskvolume2\program files\bitdefender\bitdefender security\vsserv.exe

Network Information:
	Direction:		Outbound
	Source Address:		127.0.0.1
	Source Port:		50801
	Destination Address:	127.0.0.1
	Destination Port:		50800
	Protocol:		6

Filter Information:
	Filter Run-Time ID:	695239
	Layer Name:		Connect
	Layer Run-Time ID:	48","5156","1",,"0","12810","0","-9214364837600034816","912161","Microsoft-Windows-Security-Auditing","54849625-5478-4994-a5ba-3e3b0328c30d","Security","4","3968","DESKTOP-H1J37M8",,"10-06-2019 10:08:08",,,"d:\log_doc\sec_10-06.evtx","System.UInt32[]","System.Diagnostics.Eventing.Reader.EventBookmark","Information","Info","Filtering Platform Connection","System.Collections.ObjectModel.ReadOnlyCollection`1[System.String]","System.Collections.Generic.List`1[System.Diagnostics.Eventing.Reader.EventProperty]"
"The Windows Filtering Platform has permitted a connection.

Application Information:
	Process ID:		4
	Application Name:	System

Network Information:
	Direction:		Outbound
	Source Address:		192.168.160.1
	Source Port:		138
	Destination Address:	192.168.160.255
	Destination Port:		138
	Protocol:		17

Filter Information:
	Filter Run-Time ID:	695298
	Layer Name:		Connect
	Layer Run-Time ID:	48","5156","1",,"0","12810","0","-9214364837600034816","912160","Microsoft-Windows-Security-Auditing","54849625-5478-4994-a5ba-3e3b0328c30d","Security","4","5824","DESKTOP-H1J37M8",,"10-06-2019 10:08:06",,,"d:\log_doc\sec_10-06.evtx","System.UInt32[]","System.Diagnostics.Eventing.Reader.EventBookmark","Information","Info","Filtering Platform Connection","System.Collections.ObjectModel.ReadOnlyCollection`1[System.String]","System.Collections.Generic.List`1[System.Diagnostics.Eventing.Reader.EventProperty]"
"The Windows Filtering Platform has permitted a connection.

Application Information:
	Process ID:		4
	Application Name:	System

Network Information:
	Direction:		Outbound
	Source Address:		192.168.153.1
	Source Port:		138
	Destination Address:	192.168.153.255
	Destination Port:		138
	Protocol:		17

Filter Information:
	Filter Run-Time ID:	695300
	Layer Name:		Connect
	Layer Run-Time ID:	48","5156","1",,"0","12810","0","-9214364837600034816","912159","Microsoft-Windows-Security-Auditing","54849625-5478-4994-a5ba-3e3b0328c30d","Security","4","5824","DESKTOP-H1J37M8",,"10-06-2019 10:08:06",,,"d:\log_doc\sec_10-06.evtx","System.UInt32[]","System.Diagnostics.Eventing.Reader.EventBookmark","Information","Info","Filtering Platform Connection","System.Collections.ObjectModel.ReadOnlyCollection`1[System.String]","System.Collections.Generic.List`1[System.Diagnostics.Eventing.Reader.EventProperty]"
"The handle to an object was closed.

Subject :
	Security ID:		S-1-5-18
	Account Name:		DESKTOP-H1J37M8$
	Account Domain:		WORKGROUP
	Logon ID:		0x3E7

Object:
	Object Server:		Security Account Manager
	Handle ID:		0x2a9c2b75e40

Process Information:
	Process ID:		0x460
	Process Name:		C:\Windows\System32\lsass.exe","4658","0",,"0","12804","0","-9214364837600034816","912158","Microsoft-Windows-Security-Auditing","54849625-5478-4994-a5ba-3e3b0328c30d","Security","4","5260","DESKTOP-H1J37M8",,"10-06-2019 10:08:04",,,"d:\log_doc\sec_10-06.evtx","System.UInt32[]","System.Diagnostics.Eventing.Reader.EventBookmark","Information","Info","Other Object Access Events","System.Collections.ObjectModel.ReadOnlyCollection`1[System.String]","System.Collections.Generic.List`1[System.Diagnostics.Eventing.Reader.EventProperty]"
"The handle to an object was closed.

Subject :
	Security ID:		S-1-5-18
	Account Name:		DESKTOP-H1J37M8$
	Account Domain:		WORKGROUP
	Logon ID:		0x3E7

Object:
	Object Server:		Security Account Manager
	Handle ID:		0x2a9c2b75440

Process Information:
	Process ID:		0x460
	Process Name:		C:\Windows\System32\lsass.exe","4658","0",,"0","12804","0","-9214364837600034816","912157","Microsoft-Windows-Security-Auditing","54849625-5478-4994-a5ba-3e3b0328c30d","Security","4","5260","DESKTOP-H1J37M8",,"10-06-2019 10:08:04",,,"d:\log_doc\sec_10-06.evtx","System.UInt32[]","System.Diagnostics.Eventing.Reader.EventBookmark","Information","Info","Other Object Access Events","System.Collections.ObjectModel.ReadOnlyCollection`1[System.String]","System.Collections.Generic.List`1[System.Diagnostics.Eventing.Reader.EventProperty]"
"A handle to an object was requested.

Subject:
	Security ID:		S-1-5-18
	Account Name:		DESKTOP-H1J37M8$
	Account Domain:		WORKGROUP
	Logon ID:		0x3E7

Object:
	Object Server:		Security Account Manager
	Object Type:		SAM_DOMAIN
	Object Name:		DESKTOP-H1J37M8
	Handle ID:		0x2a9c2b75440
	Resource Attributes:	-

Process Information:
	Process ID:		0x460
	Process Name:		C:\Windows\System32\lsass.exe

Access Request Information:
	Transaction ID:		{00000000-0000-0000-0000-000000000000}
	Accesses:		DELETE
				READ_CONTROL
				WRITE_DAC
				WRITE_OWNER
				ReadPasswordParameters
				WritePasswordParameters
				ReadOtherParameters
				WriteOtherParameters
				CreateUser
				CreateLocalGroup
				GetLocalGroupMembership
				ListAccounts
				LookupIDs
				AdministerServer
				
	Access Reasons:		-
	Access Mask:		0xF07DF
	Privileges Used for Access Check:	-
	Restricted SID Count:	0","4656","1",,"0","12803","0","-9214364837600034816","912156","Microsoft-Windows-Security-Auditing","54849625-5478-4994-a5ba-3e3b0328c30d","Security","4","5260","DESKTOP-H1J37M8",,"10-06-2019 10:08:04",,,"d:\log_doc\sec_10-06.evtx","System.UInt32[]","System.Diagnostics.Eventing.Reader.EventBookmark","Information","Info","SAM","System.Collections.ObjectModel.ReadOnlyCollection`1[System.String]","System.Collections.Generic.List`1[System.Diagnostics.Eventing.Reader.EventProperty]"
"A handle to an object was requested.

Subject:
	Security ID:		S-1-5-18
	Account Name:		DESKTOP-H1J37M8$
	Account Domain:		WORKGROUP
	Logon ID:		0x3E7

Object:
	Object Server:		Security Account Manager
	Object Type:		SAM_SERVER
	Object Name:		SAM
	Handle ID:		0x2a9c2b75e40
	Resource Attributes:	-

Process Information:
	Process ID:		0x460
	Process Name:		C:\Windows\System32\lsass.exe

Access Request Information:
	Transaction ID:		{00000000-0000-0000-0000-000000000000}
	Accesses:		DELETE
				READ_CONTROL
				WRITE_DAC
				WRITE_OWNER
				ConnectToServer
				ShutdownServer
				InitializeServer
				CreateDomain
				EnumerateDomains
				LookupDomain
				
	Access Reasons:		-
	Access Mask:		0xF003F
	Privileges Used for Access Check:	-
	Restricted SID Count:	0","4656","1",,"0","12803","0","-9214364837600034816","912155","Microsoft-Windows-Security-Auditing","54849625-5478-4994-a5ba-3e3b0328c30d","Security","4","5260","DESKTOP-H1J37M8",,"10-06-2019 10:08:04",,,"d:\log_doc\sec_10-06.evtx","System.UInt32[]","System.Diagnostics.Eventing.Reader.EventBookmark","Information","Info","SAM","System.Collections.ObjectModel.ReadOnlyCollection`1[System.String]","System.Collections.Generic.List`1[System.Diagnostics.Eventing.Reader.EventProperty]"
"The handle to an object was closed.

Subject :
	Security ID:		S-1-5-18
	Account Name:		DESKTOP-H1J37M8$
	Account Domain:		WORKGROUP
	Logon ID:		0x3E7

Object:
	Object Server:		Security Account Manager
	Handle ID:		0x2a9c2b77740

Process Information:
	Process ID:		0x460
	Process Name:		C:\Windows\System32\lsass.exe","4658","0",,"0","12804","0","-9214364837600034816","912154","Microsoft-Windows-Security-Auditing","54849625-5478-4994-a5ba-3e3b0328c30d","Security","4","5260","DESKTOP-H1J37M8",,"10-06-2019 10:08:04",,,"d:\log_doc\sec_10-06.evtx","System.UInt32[]","System.Diagnostics.Eventing.Reader.EventBookmark","Information","Info","Other Object Access Events","System.Collections.ObjectModel.ReadOnlyCollection`1[System.String]","System.Collections.Generic.List`1[System.Diagnostics.Eventing.Reader.EventProperty]"
"The handle to an object was closed.

Subject :
	Security ID:		S-1-5-18
	Account Name:		DESKTOP-H1J37M8$
	Account Domain:		WORKGROUP
	Logon ID:		0x3E7

Object:
	Object Server:		Security Account Manager
	Handle ID:		0x2a9c2b76d40

Process Information:
	Process ID:		0x460
	Process Name:		C:\Windows\System32\lsass.exe","4658","0",,"0","12804","0","-9214364837600034816","912153","Microsoft-Windows-Security-Auditing","54849625-5478-4994-a5ba-3e3b0328c30d","Security","4","5260","DESKTOP-H1J37M8",,"10-06-2019 10:08:04",,,"d:\log_doc\sec_10-06.evtx","System.UInt32[]","System.Diagnostics.Eventing.Reader.EventBookmark","Information","Info","Other Object Access Events","System.Collections.ObjectModel.ReadOnlyCollection`1[System.String]","System.Collections.Generic.List`1[System.Diagnostics.Eventing.Reader.EventProperty]"
"A handle to an object was requested.

Subject:
	Security ID:		S-1-5-18
	Account Name:		DESKTOP-H1J37M8$
	Account Domain:		WORKGROUP
	Logon ID:		0x3E7

Object:
	Object Server:		Security Account Manager
	Object Type:		SAM_DOMAIN
	Object Name:		DESKTOP-H1J37M8
	Handle ID:		0x2a9c2b76d40
	Resource Attributes:	-

Process Information:
	Process ID:		0x460
	Process Name:		C:\Windows\System32\lsass.exe

Access Request Information:
	Transaction ID:		{00000000-0000-0000-0000-000000000000}
	Accesses:		DELETE
				READ_CONTROL
				WRITE_DAC
				WRITE_OWNER
				ReadPasswordParameters
				WritePasswordParameters
				ReadOtherParameters
				WriteOtherParameters
				CreateUser
				CreateLocalGroup
				GetLocalGroupMembership
				ListAccounts
				LookupIDs
				AdministerServer
				
	Access Reasons:		-
	Access Mask:		0xF07DF
	Privileges Used for Access Check:	-
	Restricted SID Count:	0","4656","1",,"0","12803","0","-9214364837600034816","912152","Microsoft-Windows-Security-Auditing","54849625-5478-4994-a5ba-3e3b0328c30d","Security","4","5260","DESKTOP-H1J37M8",,"10-06-2019 10:08:04",,,"d:\log_doc\sec_10-06.evtx","System.UInt32[]","System.Diagnostics.Eventing.Reader.EventBookmark","Information","Info","SAM","System.Collections.ObjectModel.ReadOnlyCollection`1[System.String]","System.Collections.Generic.List`1[System.Diagnostics.Eventing.Reader.EventProperty]"
"A handle to an object was requested.

Subject:
	Security ID:		S-1-5-18
	Account Name:		DESKTOP-H1J37M8$
	Account Domain:		WORKGROUP
	Logon ID:		0x3E7

Object:
	Object Server:		Security Account Manager
	Object Type:		SAM_SERVER
	Object Name:		SAM
	Handle ID:		0x2a9c2b77740
	Resource Attributes:	-

Process Information:
	Process ID:		0x460
	Process Name:		C:\Windows\System32\lsass.exe

Access Request Information:
	Transaction ID:		{00000000-0000-0000-0000-000000000000}
	Accesses:		DELETE
				READ_CONTROL
				WRITE_DAC
				WRITE_OWNER
				ConnectToServer
				ShutdownServer
				InitializeServer
				CreateDomain
				EnumerateDomains
				LookupDomain
				
	Access Reasons:		-
	Access Mask:		0xF003F
	Privileges Used for Access Check:	-
	Restricted SID Count:	0","4656","1",,"0","12803","0","-9214364837600034816","912151","Microsoft-Windows-Security-Auditing","54849625-5478-4994-a5ba-3e3b0328c30d","Security","4","5260","DESKTOP-H1J37M8",,"10-06-2019 10:08:04",,,"d:\log_doc\sec_10-06.evtx","System.UInt32[]","System.Diagnostics.Eventing.Reader.EventBookmark","Information","Info","SAM","System.Collections.ObjectModel.ReadOnlyCollection`1[System.String]","System.Collections.Generic.List`1[System.Diagnostics.Eventing.Reader.EventProperty]"
"The Windows Filtering Platform has blocked a packet.

Application Information:
	Process ID:		0
	Application Name:	-

Network Information:
	Direction:		Outbound
	Source Address:		192.168.153.1
	Source Port:		137
	Destination Address:	192.168.153.2
	Destination Port:		137
	Protocol:		17

Filter Information:
	Filter Run-Time ID:	695263
	Layer Name:		Transport
	Layer Run-Time ID:	16","5152","0",,"0","12809","0","-9218868437227405312","912150","Microsoft-Windows-Security-Auditing","54849625-5478-4994-a5ba-3e3b0328c30d","Security","4","3968","DESKTOP-H1J37M8",,"10-06-2019 10:07:36",,,"d:\log_doc\sec_10-06.evtx","System.UInt32[]","System.Diagnostics.Eventing.Reader.EventBookmark","Information","Info","Filtering Platform Packet Drop","System.Collections.ObjectModel.ReadOnlyCollection`1[System.String]","System.Collections.Generic.List`1[System.Diagnostics.Eventing.Reader.EventProperty]"
"The Windows Filtering Platform has blocked a packet.

Application Information:
	Process ID:		0
	Application Name:	-

Network Information:
	Direction:		Outbound
	Source Address:		192.168.153.1
	Source Port:		137
	Destination Address:	192.168.153.2
	Destination Port:		137
	Protocol:		17

Filter Information:
	Filter Run-Time ID:	695263
	Layer Name:		Transport
	Layer Run-Time ID:	16","5152","0",,"0","12809","0","-9218868437227405312","912149","Microsoft-Windows-Security-Auditing","54849625-5478-4994-a5ba-3e3b0328c30d","Security","4","3968","DESKTOP-H1J37M8",,"10-06-2019 10:07:34",,,"d:\log_doc\sec_10-06.evtx","System.UInt32[]","System.Diagnostics.Eventing.Reader.EventBookmark","Information","Info","Filtering Platform Packet Drop","System.Collections.ObjectModel.ReadOnlyCollection`1[System.String]","System.Collections.Generic.List`1[System.Diagnostics.Eventing.Reader.EventProperty]"
"The Windows Filtering Platform has blocked a packet.

Application Information:
	Process ID:		0
	Application Name:	-

Network Information:
	Direction:		Outbound
	Source Address:		192.168.153.1
	Source Port:		137
	Destination Address:	192.168.153.2
	Destination Port:		137
	Protocol:		17

Filter Information:
	Filter Run-Time ID:	695263
	Layer Name:		Transport
	Layer Run-Time ID:	16","5152","0",,"0","12809","0","-9218868437227405312","912148","Microsoft-Windows-Security-Auditing","54849625-5478-4994-a5ba-3e3b0328c30d","Security","4","3968","DESKTOP-H1J37M8",,"10-06-2019 10:07:33",,,"d:\log_doc\sec_10-06.evtx","System.UInt32[]","System.Diagnostics.Eventing.Reader.EventBookmark","Information","Info","Filtering Platform Packet Drop","System.Collections.ObjectModel.ReadOnlyCollection`1[System.String]","System.Collections.Generic.List`1[System.Diagnostics.Eventing.Reader.EventProperty]"
"The Windows Filtering Platform has blocked a packet.

Application Information:
	Process ID:		0
	Application Name:	-

Network Information:
	Direction:		Outbound
	Source Address:		192.168.153.1
	Source Port:		137
	Destination Address:	192.168.153.2
	Destination Port:		137
	Protocol:		17

Filter Information:
	Filter Run-Time ID:	695263
	Layer Name:		Transport
	Layer Run-Time ID:	16","5152","0",,"0","12809","0","-9218868437227405312","912147","Microsoft-Windows-Security-Auditing","54849625-5478-4994-a5ba-3e3b0328c30d","Security","4","6628","DESKTOP-H1J37M8",,"10-06-2019 10:07:27",,,"d:\log_doc\sec_10-06.evtx","System.UInt32[]","System.Diagnostics.Eventing.Reader.EventBookmark","Information","Info","Filtering Platform Packet Drop","System.Collections.ObjectModel.ReadOnlyCollection`1[System.String]","System.Collections.Generic.List`1[System.Diagnostics.Eventing.Reader.EventProperty]"
"The Windows Filtering Platform has blocked a packet.

Application Information:
	Process ID:		0
	Application Name:	-

Network Information:
	Direction:		Outbound
	Source Address:		192.168.153.1
	Source Port:		137
	Destination Address:	192.168.153.2
	Destination Port:		137
	Protocol:		17

Filter Information:
	Filter Run-Time ID:	695263
	Layer Name:		Transport
	Layer Run-Time ID:	16","5152","0",,"0","12809","0","-9218868437227405312","912146","Microsoft-Windows-Security-Auditing","54849625-5478-4994-a5ba-3e3b0328c30d","Security","4","2552","DESKTOP-H1J37M8",,"10-06-2019 10:07:25",,,"d:\log_doc\sec_10-06.evtx","System.UInt32[]","System.Diagnostics.Eventing.Reader.EventBookmark","Information","Info","Filtering Platform Packet Drop","System.Collections.ObjectModel.ReadOnlyCollection`1[System.String]","System.Collections.Generic.List`1[System.Diagnostics.Eventing.Reader.EventProperty]"
"The Windows Filtering Platform has blocked a packet.

Application Information:
	Process ID:		0
	Application Name:	-

Network Information:
	Direction:		Outbound
	Source Address:		192.168.153.1
	Source Port:		137
	Destination Address:	192.168.153.2
	Destination Port:		137
	Protocol:		17

Filter Information:
	Filter Run-Time ID:	695263
	Layer Name:		Transport
	Layer Run-Time ID:	16","5152","0",,"0","12809","0","-9218868437227405312","912145","Microsoft-Windows-Security-Auditing","54849625-5478-4994-a5ba-3e3b0328c30d","Security","4","2552","DESKTOP-H1J37M8",,"10-06-2019 10:07:24",,,"d:\log_doc\sec_10-06.evtx","System.UInt32[]","System.Diagnostics.Eventing.Reader.EventBookmark","Information","Info","Filtering Platform Packet Drop","System.Collections.ObjectModel.ReadOnlyCollection`1[System.String]","System.Collections.Generic.List`1[System.Diagnostics.Eventing.Reader.EventProperty]"
"The Windows Filtering Platform has permitted a connection.

Application Information:
	Process ID:		1328
	Application Name:	\device\harddiskvolume2\program files\bitdefender agent\productagentservice.exe

Network Information:
	Direction:		Inbound
	Source Address:		127.0.0.1
	Source Port:		50799
	Destination Address:	127.0.0.1
	Destination Port:		50798
	Protocol:		6

Filter Information:
	Filter Run-Time ID:	695237
	Layer Name:		Receive/Accept
	Layer Run-Time ID:	44","5156","1",,"0","12810","0","-9214364837600034816","912144","Microsoft-Windows-Security-Auditing","54849625-5478-4994-a5ba-3e3b0328c30d","Security","4","6628","DESKTOP-H1J37M8",,"10-06-2019 10:07:22",,,"d:\log_doc\sec_10-06.evtx","System.UInt32[]","System.Diagnostics.Eventing.Reader.EventBookmark","Information","Info","Filtering Platform Connection","System.Collections.ObjectModel.ReadOnlyCollection`1[System.String]","System.Collections.Generic.List`1[System.Diagnostics.Eventing.Reader.EventProperty]"
"The Windows Filtering Platform has permitted a connection.

Application Information:
	Process ID:		1328
	Application Name:	\device\harddiskvolume2\program files\bitdefender agent\productagentservice.exe

Network Information:
	Direction:		Outbound
	Source Address:		127.0.0.1
	Source Port:		50799
	Destination Address:	127.0.0.1
	Destination Port:		50798
	Protocol:		6

Filter Information:
	Filter Run-Time ID:	695239
	Layer Name:		Connect
	Layer Run-Time ID:	48","5156","1",,"0","12810","0","-9214364837600034816","912143","Microsoft-Windows-Security-Auditing","54849625-5478-4994-a5ba-3e3b0328c30d","Security","4","6628","DESKTOP-H1J37M8",,"10-06-2019 10:07:22",,,"d:\log_doc\sec_10-06.evtx","System.UInt32[]","System.Diagnostics.Eventing.Reader.EventBookmark","Information","Info","Filtering Platform Connection","System.Collections.ObjectModel.ReadOnlyCollection`1[System.String]","System.Collections.Generic.List`1[System.Diagnostics.Eventing.Reader.EventProperty]"
"The Windows Filtering Platform has permitted a connection.

Application Information:
	Process ID:		1328
	Application Name:	\device\harddiskvolume2\program files\bitdefender agent\productagentservice.exe

Network Information:
	Direction:		Inbound
	Source Address:		127.0.0.1
	Source Port:		50797
	Destination Address:	127.0.0.1
	Destination Port:		50796
	Protocol:		6

Filter Information:
	Filter Run-Time ID:	695237
	Layer Name:		Receive/Accept
	Layer Run-Time ID:	44","5156","1",,"0","12810","0","-9214364837600034816","912142","Microsoft-Windows-Security-Auditing","54849625-5478-4994-a5ba-3e3b0328c30d","Security","4","6628","DESKTOP-H1J37M8",,"10-06-2019 10:07:22",,,"d:\log_doc\sec_10-06.evtx","System.UInt32[]","System.Diagnostics.Eventing.Reader.EventBookmark","Information","Info","Filtering Platform Connection","System.Collections.ObjectModel.ReadOnlyCollection`1[System.String]","System.Collections.Generic.List`1[System.Diagnostics.Eventing.Reader.EventProperty]"
"The Windows Filtering Platform has permitted a connection.

Application Information:
	Process ID:		1328
	Application Name:	\device\harddiskvolume2\program files\bitdefender agent\productagentservice.exe

Network Information:
	Direction:		Outbound
	Source Address:		127.0.0.1
	Source Port:		50797
	Destination Address:	127.0.0.1
	Destination Port:		50796
	Protocol:		6

Filter Information:
	Filter Run-Time ID:	695239
	Layer Name:		Connect
	Layer Run-Time ID:	48","5156","1",,"0","12810","0","-9214364837600034816","912141","Microsoft-Windows-Security-Auditing","54849625-5478-4994-a5ba-3e3b0328c30d","Security","4","6628","DESKTOP-H1J37M8",,"10-06-2019 10:07:22",,,"d:\log_doc\sec_10-06.evtx","System.UInt32[]","System.Diagnostics.Eventing.Reader.EventBookmark","Information","Info","Filtering Platform Connection","System.Collections.ObjectModel.ReadOnlyCollection`1[System.String]","System.Collections.Generic.List`1[System.Diagnostics.Eventing.Reader.EventProperty]"
"The Windows Filtering Platform has blocked a packet.

Application Information:
	Process ID:		0
	Application Name:	-

Network Information:
	Direction:		Outbound
	Source Address:		192.168.153.1
	Source Port:		137
	Destination Address:	192.168.153.2
	Destination Port:		137
	Protocol:		17

Filter Information:
	Filter Run-Time ID:	695263
	Layer Name:		Transport
	Layer Run-Time ID:	16","5152","0",,"0","12809","0","-9218868437227405312","912140","Microsoft-Windows-Security-Auditing","54849625-5478-4994-a5ba-3e3b0328c30d","Security","4","2552","DESKTOP-H1J37M8",,"10-06-2019 10:07:18",,,"d:\log_doc\sec_10-06.evtx","System.UInt32[]","System.Diagnostics.Eventing.Reader.EventBookmark","Information","Info","Filtering Platform Packet Drop","System.Collections.ObjectModel.ReadOnlyCollection`1[System.String]","System.Collections.Generic.List`1[System.Diagnostics.Eventing.Reader.EventProperty]"
"The Windows Filtering Platform has blocked a packet.

Application Information:
	Process ID:		0
	Application Name:	-

Network Information:
	Direction:		Outbound
	Source Address:		192.168.153.1
	Source Port:		137
	Destination Address:	192.168.153.2
	Destination Port:		137
	Protocol:		17

Filter Information:
	Filter Run-Time ID:	695263
	Layer Name:		Transport
	Layer Run-Time ID:	16","5152","0",,"0","12809","0","-9218868437227405312","912139","Microsoft-Windows-Security-Auditing","54849625-5478-4994-a5ba-3e3b0328c30d","Security","4","6628","DESKTOP-H1J37M8",,"10-06-2019 10:07:16",,,"d:\log_doc\sec_10-06.evtx","System.UInt32[]","System.Diagnostics.Eventing.Reader.EventBookmark","Information","Info","Filtering Platform Packet Drop","System.Collections.ObjectModel.ReadOnlyCollection`1[System.String]","System.Collections.Generic.List`1[System.Diagnostics.Eventing.Reader.EventProperty]"
"The handle to an object was closed.

Subject :
	Security ID:		S-1-5-21-714234298-2729167949-211770098-1001
	Account Name:		Suchismita
	Account Domain:		DESKTOP-H1J37M8
	Logon ID:		0x8379D

Object:
	Object Server:		Security
	Handle ID:		0x16c0

Process Information:
	Process ID:		0x1ed0
	Process Name:		C:\Windows\explorer.exe","4658","0",,"0","12800","0","-9214364837600034816","912138","Microsoft-Windows-Security-Auditing","54849625-5478-4994-a5ba-3e3b0328c30d","Security","4","6628","DESKTOP-H1J37M8",,"10-06-2019 10:07:15",,,"d:\log_doc\sec_10-06.evtx","System.UInt32[]","System.Diagnostics.Eventing.Reader.EventBookmark","Information","Info","File System","System.Collections.ObjectModel.ReadOnlyCollection`1[System.String]","System.Collections.Generic.List`1[System.Diagnostics.Eventing.Reader.EventProperty]"
"A handle to an object was requested.

Subject:
	Security ID:		S-1-5-21-714234298-2729167949-211770098-1001
	Account Name:		Suchismita
	Account Domain:		DESKTOP-H1J37M8
	Logon ID:		0x8379D

Object:
	Object Server:		Security
	Object Type:		File
	Object Name:		C:\Windows\WinSxS\FileMaps\$$_system32_21f9a9c4a2f8b514.cdf-ms
	Handle ID:		0x16c0
	Resource Attributes:	-

Process Information:
