"The Windows Filtering Platform has permitted a connection.

Application Information:
	Process ID:		3048
	Application Name:	\device\harddiskvolume2\windows\system32\svchost.exe

Network Information:
	Direction:		Inbound
	Source Address:		192.168.153.138
	Source Port:		5353
	Destination Address:	224.0.0.251
	Destination Port:		5353
	Protocol:		17

Filter Information:
	Filter Run-Time ID:	695299
	Layer Name:		Receive/Accept
	Layer Run-Time ID:	44","5156","1",,"0","12810","0","-9214364837600034816","911639","Microsoft-Windows-Security-Auditing","54849625-5478-4994-a5ba-3e3b0328c30d","Security","4","9300","DESKTOP-H1J37M8",,"10-06-2019 09:57:48",,,"d:\log_doc\sec_10-06.evtx","System.UInt32[]","System.Diagnostics.Eventing.Reader.EventBookmark","Information","Info","Filtering Platform Connection","System.Collections.ObjectModel.ReadOnlyCollection`1[System.String]","System.Collections.Generic.List`1[System.Diagnostics.Eventing.Reader.EventProperty]"
"The Windows Filtering Platform has blocked a packet.

Application Information:
	Process ID:		0
	Application Name:	-

Network Information:
	Direction:		Inbound
	Source Address:		0.0.0.0
	Source Port:		68
	Destination Address:	255.255.255.255
	Destination Port:		67
	Protocol:		17

Filter Information:
	Filter Run-Time ID:	695247
	Layer Name:		Transport
	Layer Run-Time ID:	13","5152","0",,"0","12809","0","-9218868437227405312","911638","Microsoft-Windows-Security-Auditing","54849625-5478-4994-a5ba-3e3b0328c30d","Security","4","1952","DESKTOP-H1J37M8",,"10-06-2019 09:57:48",,,"d:\log_doc\sec_10-06.evtx","System.UInt32[]","System.Diagnostics.Eventing.Reader.EventBookmark","Information","Info","Filtering Platform Packet Drop","System.Collections.ObjectModel.ReadOnlyCollection`1[System.String]","System.Collections.Generic.List`1[System.Diagnostics.Eventing.Reader.EventProperty]"
"The Windows Filtering Platform has permitted a connection.

Application Information:
	Process ID:		3048
	Application Name:	\device\harddiskvolume2\windows\system32\svchost.exe

Network Information:
	Direction:		Inbound
	Source Address:		fe80::21c6:be48:357b:e964
	Source Port:		5353
	Destination Address:	ff02::fb
	Destination Port:		5353
	Protocol:		17

Filter Information:
	Filter Run-Time ID:	695295
	Layer Name:		Receive/Accept
	Layer Run-Time ID:	46","5156","1",,"0","12810","0","-9214364837600034816","911637","Microsoft-Windows-Security-Auditing","54849625-5478-4994-a5ba-3e3b0328c30d","Security","4","1952","DESKTOP-H1J37M8",,"10-06-2019 09:57:48",,,"d:\log_doc\sec_10-06.evtx","System.UInt32[]","System.Diagnostics.Eventing.Reader.EventBookmark","Information","Info","Filtering Platform Connection","System.Collections.ObjectModel.ReadOnlyCollection`1[System.String]","System.Collections.Generic.List`1[System.Diagnostics.Eventing.Reader.EventProperty]"
"The Windows Filtering Platform has permitted a connection.

Application Information:
	Process ID:		3048
	Application Name:	\device\harddiskvolume2\windows\system32\svchost.exe

Network Information:
	Direction:		Inbound
	Source Address:		fe80::21c6:be48:357b:e964
	Source Port:		5353
	Destination Address:	ff02::fb
	Destination Port:		5353
	Protocol:		17

Filter Information:
	Filter Run-Time ID:	695295
	Layer Name:		Receive/Accept
	Layer Run-Time ID:	46","5156","1",,"0","12810","0","-9214364837600034816","911636","Microsoft-Windows-Security-Auditing","54849625-5478-4994-a5ba-3e3b0328c30d","Security","4","128","DESKTOP-H1J37M8",,"10-06-2019 09:57:47",,,"d:\log_doc\sec_10-06.evtx","System.UInt32[]","System.Diagnostics.Eventing.Reader.EventBookmark","Information","Info","Filtering Platform Connection","System.Collections.ObjectModel.ReadOnlyCollection`1[System.String]","System.Collections.Generic.List`1[System.Diagnostics.Eventing.Reader.EventProperty]"
"The Windows Filtering Platform has permitted a connection.

Application Information:
	Process ID:		3048
	Application Name:	\device\harddiskvolume2\windows\system32\svchost.exe

Network Information:
	Direction:		Inbound
	Source Address:		fe80::21c6:be48:357b:e964
	Source Port:		5353
	Destination Address:	ff02::fb
	Destination Port:		5353
	Protocol:		17

Filter Information:
	Filter Run-Time ID:	695295
	Layer Name:		Receive/Accept
	Layer Run-Time ID:	46","5156","1",,"0","12810","0","-9214364837600034816","911635","Microsoft-Windows-Security-Auditing","54849625-5478-4994-a5ba-3e3b0328c30d","Security","4","9300","DESKTOP-H1J37M8",,"10-06-2019 09:57:47",,,"d:\log_doc\sec_10-06.evtx","System.UInt32[]","System.Diagnostics.Eventing.Reader.EventBookmark","Information","Info","Filtering Platform Connection","System.Collections.ObjectModel.ReadOnlyCollection`1[System.String]","System.Collections.Generic.List`1[System.Diagnostics.Eventing.Reader.EventProperty]"
"The Windows Filtering Platform has permitted a connection.

Application Information:
	Process ID:		3048
	Application Name:	\device\harddiskvolume2\windows\system32\svchost.exe

Network Information:
	Direction:		Inbound
	Source Address:		fe80::21c6:be48:357b:e964
	Source Port:		5353
	Destination Address:	ff02::fb
	Destination Port:		5353
	Protocol:		17

Filter Information:
	Filter Run-Time ID:	695295
	Layer Name:		Receive/Accept
	Layer Run-Time ID:	46","5156","1",,"0","12810","0","-9214364837600034816","911634","Microsoft-Windows-Security-Auditing","54849625-5478-4994-a5ba-3e3b0328c30d","Security","4","9300","DESKTOP-H1J37M8",,"10-06-2019 09:57:47",,,"d:\log_doc\sec_10-06.evtx","System.UInt32[]","System.Diagnostics.Eventing.Reader.EventBookmark","Information","Info","Filtering Platform Connection","System.Collections.ObjectModel.ReadOnlyCollection`1[System.String]","System.Collections.Generic.List`1[System.Diagnostics.Eventing.Reader.EventProperty]"
"The Windows Filtering Platform has permitted a connection.

Application Information:
	Process ID:		3048
	Application Name:	\device\harddiskvolume2\windows\system32\svchost.exe

Network Information:
	Direction:		Inbound
	Source Address:		fe80::21c6:be48:357b:e964
	Source Port:		5353
	Destination Address:	ff02::fb
	Destination Port:		5353
	Protocol:		17

Filter Information:
	Filter Run-Time ID:	695295
	Layer Name:		Receive/Accept
	Layer Run-Time ID:	46","5156","1",,"0","12810","0","-9214364837600034816","911633","Microsoft-Windows-Security-Auditing","54849625-5478-4994-a5ba-3e3b0328c30d","Security","4","9300","DESKTOP-H1J37M8",,"10-06-2019 09:57:47",,,"d:\log_doc\sec_10-06.evtx","System.UInt32[]","System.Diagnostics.Eventing.Reader.EventBookmark","Information","Info","Filtering Platform Connection","System.Collections.ObjectModel.ReadOnlyCollection`1[System.String]","System.Collections.Generic.List`1[System.Diagnostics.Eventing.Reader.EventProperty]"
"The Windows Filtering Platform has blocked a packet.

Application Information:
	Process ID:		0
	Application Name:	-

Network Information:
	Direction:		Inbound
	Source Address:		0.0.0.0
	Source Port:		68
	Destination Address:	255.255.255.255
	Destination Port:		67
	Protocol:		17

Filter Information:
	Filter Run-Time ID:	695247
	Layer Name:		Transport
	Layer Run-Time ID:	13","5152","0",,"0","12809","0","-9218868437227405312","911632","Microsoft-Windows-Security-Auditing","54849625-5478-4994-a5ba-3e3b0328c30d","Security","4","9300","DESKTOP-H1J37M8",,"10-06-2019 09:57:47",,,"d:\log_doc\sec_10-06.evtx","System.UInt32[]","System.Diagnostics.Eventing.Reader.EventBookmark","Information","Info","Filtering Platform Packet Drop","System.Collections.ObjectModel.ReadOnlyCollection`1[System.String]","System.Collections.Generic.List`1[System.Diagnostics.Eventing.Reader.EventProperty]"
"The handle to an object was closed.

Subject :
	Security ID:		S-1-5-18
	Account Name:		DESKTOP-H1J37M8$
	Account Domain:		WORKGROUP
	Logon ID:		0x3E7

Object:
	Object Server:		Security Account Manager
	Handle ID:		0x2a9c2b75440

Process Information:
	Process ID:		0x460
	Process Name:		C:\Windows\System32\lsass.exe","4658","0",,"0","12804","0","-9214364837600034816","911631","Microsoft-Windows-Security-Auditing","54849625-5478-4994-a5ba-3e3b0328c30d","Security","4","6628","DESKTOP-H1J37M8",,"10-06-2019 09:57:39",,,"d:\log_doc\sec_10-06.evtx","System.UInt32[]","System.Diagnostics.Eventing.Reader.EventBookmark","Information","Info","Other Object Access Events","System.Collections.ObjectModel.ReadOnlyCollection`1[System.String]","System.Collections.Generic.List`1[System.Diagnostics.Eventing.Reader.EventProperty]"
"The handle to an object was closed.

Subject :
	Security ID:		S-1-5-18
	Account Name:		DESKTOP-H1J37M8$
	Account Domain:		WORKGROUP
	Logon ID:		0x3E7

Object:
	Object Server:		Security Account Manager
	Handle ID:		0x2a9c2b74540

Process Information:
	Process ID:		0x460
	Process Name:		C:\Windows\System32\lsass.exe","4658","0",,"0","12804","0","-9214364837600034816","911630","Microsoft-Windows-Security-Auditing","54849625-5478-4994-a5ba-3e3b0328c30d","Security","4","6628","DESKTOP-H1J37M8",,"10-06-2019 09:57:39",,,"d:\log_doc\sec_10-06.evtx","System.UInt32[]","System.Diagnostics.Eventing.Reader.EventBookmark","Information","Info","Other Object Access Events","System.Collections.ObjectModel.ReadOnlyCollection`1[System.String]","System.Collections.Generic.List`1[System.Diagnostics.Eventing.Reader.EventProperty]"
"A handle to an object was requested.

Subject:
	Security ID:		S-1-5-18
	Account Name:		DESKTOP-H1J37M8$
	Account Domain:		WORKGROUP
	Logon ID:		0x3E7

Object:
	Object Server:		Security Account Manager
	Object Type:		SAM_DOMAIN
	Object Name:		DESKTOP-H1J37M8
	Handle ID:		0x2a9c2b74540
	Resource Attributes:	-

Process Information:
	Process ID:		0x460
	Process Name:		C:\Windows\System32\lsass.exe

Access Request Information:
	Transaction ID:		{00000000-0000-0000-0000-000000000000}
	Accesses:		DELETE
				READ_CONTROL
				WRITE_DAC
				WRITE_OWNER
				ReadPasswordParameters
				WritePasswordParameters
				ReadOtherParameters
				WriteOtherParameters
				CreateUser
				CreateLocalGroup
				GetLocalGroupMembership
				ListAccounts
				LookupIDs
				AdministerServer
				
	Access Reasons:		-
	Access Mask:		0xF07DF
	Privileges Used for Access Check:	-
	Restricted SID Count:	0","4656","1",,"0","12803","0","-9214364837600034816","911629","Microsoft-Windows-Security-Auditing","54849625-5478-4994-a5ba-3e3b0328c30d","Security","4","6628","DESKTOP-H1J37M8",,"10-06-2019 09:57:39",,,"d:\log_doc\sec_10-06.evtx","System.UInt32[]","System.Diagnostics.Eventing.Reader.EventBookmark","Information","Info","SAM","System.Collections.ObjectModel.ReadOnlyCollection`1[System.String]","System.Collections.Generic.List`1[System.Diagnostics.Eventing.Reader.EventProperty]"
"A handle to an object was requested.

Subject:
	Security ID:		S-1-5-18
	Account Name:		DESKTOP-H1J37M8$
	Account Domain:		WORKGROUP
	Logon ID:		0x3E7

Object:
	Object Server:		Security Account Manager
	Object Type:		SAM_SERVER
	Object Name:		SAM
	Handle ID:		0x2a9c2b75440
	Resource Attributes:	-

Process Information:
	Process ID:		0x460
	Process Name:		C:\Windows\System32\lsass.exe

Access Request Information:
	Transaction ID:		{00000000-0000-0000-0000-000000000000}
	Accesses:		DELETE
				READ_CONTROL
				WRITE_DAC
				WRITE_OWNER
				ConnectToServer
				ShutdownServer
				InitializeServer
				CreateDomain
				EnumerateDomains
				LookupDomain
				
	Access Reasons:		-
	Access Mask:		0xF003F
	Privileges Used for Access Check:	-
	Restricted SID Count:	0","4656","1",,"0","12803","0","-9214364837600034816","911628","Microsoft-Windows-Security-Auditing","54849625-5478-4994-a5ba-3e3b0328c30d","Security","4","6628","DESKTOP-H1J37M8",,"10-06-2019 09:57:39",,,"d:\log_doc\sec_10-06.evtx","System.UInt32[]","System.Diagnostics.Eventing.Reader.EventBookmark","Information","Info","SAM","System.Collections.ObjectModel.ReadOnlyCollection`1[System.String]","System.Collections.Generic.List`1[System.Diagnostics.Eventing.Reader.EventProperty]"
"Permissions on an object were changed.

Subject:
	Security ID:		S-1-5-18
	Account Name:		DESKTOP-H1J37M8$
	Account Domain:		WORKGROUP
	Logon ID:		0x3E7

Object:
	Object Server:	Security
	Object Type:	Token
	Object Name:	-
	Handle ID:	0x874

Process:
	Process ID:	0x420
	Process Name:	C:\Windows\System32\services.exe

Permissions Change:
	Original Security Descriptor:	D:(A;;GA;;;SY)(A;;RCGXGR;;;BA)
	New Security Descriptor:	D:(A;;GA;;;SY)(A;;RC;;;OW)(A;;GA;;;S-1-5-80-2952724807-2252311773-3412998076-2712868122-780978283)","4670","0",,"0","13570","0","-9214364837600034816","911627","Microsoft-Windows-Security-Auditing","54849625-5478-4994-a5ba-3e3b0328c30d","Security","4","9300","DESKTOP-H1J37M8",,"10-06-2019 09:57:39",,,"d:\log_doc\sec_10-06.evtx","System.UInt32[]","System.Diagnostics.Eventing.Reader.EventBookmark","Information","Info","Authorization Policy Change","System.Collections.ObjectModel.ReadOnlyCollection`1[System.String]","System.Collections.Generic.List`1[System.Diagnostics.Eventing.Reader.EventProperty]"
"The handle to an object was closed.

Subject :
	Security ID:		S-1-5-18
	Account Name:		DESKTOP-H1J37M8$
	Account Domain:		WORKGROUP
	Logon ID:		0x3E7

Object:
	Object Server:		Security Account Manager
	Handle ID:		0x2a9c2b74040

Process Information:
	Process ID:		0x460
	Process Name:		C:\Windows\System32\lsass.exe","4658","0",,"0","12804","0","-9214364837600034816","911626","Microsoft-Windows-Security-Auditing","54849625-5478-4994-a5ba-3e3b0328c30d","Security","4","9300","DESKTOP-H1J37M8",,"10-06-2019 09:57:39",,,"d:\log_doc\sec_10-06.evtx","System.UInt32[]","System.Diagnostics.Eventing.Reader.EventBookmark","Information","Info","Other Object Access Events","System.Collections.ObjectModel.ReadOnlyCollection`1[System.String]","System.Collections.Generic.List`1[System.Diagnostics.Eventing.Reader.EventProperty]"
"The handle to an object was closed.

Subject :
	Security ID:		S-1-5-18
	Account Name:		DESKTOP-H1J37M8$
	Account Domain:		WORKGROUP
	Logon ID:		0x3E7

Object:
	Object Server:		Security Account Manager
	Handle ID:		0x2a9c2b77240

Process Information:
	Process ID:		0x460
	Process Name:		C:\Windows\System32\lsass.exe","4658","0",,"0","12804","0","-9214364837600034816","911625","Microsoft-Windows-Security-Auditing","54849625-5478-4994-a5ba-3e3b0328c30d","Security","4","9300","DESKTOP-H1J37M8",,"10-06-2019 09:57:39",,,"d:\log_doc\sec_10-06.evtx","System.UInt32[]","System.Diagnostics.Eventing.Reader.EventBookmark","Information","Info","Other Object Access Events","System.Collections.ObjectModel.ReadOnlyCollection`1[System.String]","System.Collections.Generic.List`1[System.Diagnostics.Eventing.Reader.EventProperty]"
"A handle to an object was requested.

Subject:
	Security ID:		S-1-5-18
	Account Name:		DESKTOP-H1J37M8$
	Account Domain:		WORKGROUP
	Logon ID:		0x3E7

Object:
	Object Server:		Security Account Manager
	Object Type:		SAM_DOMAIN
	Object Name:		DESKTOP-H1J37M8
	Handle ID:		0x2a9c2b77240
	Resource Attributes:	-

Process Information:
	Process ID:		0x460
	Process Name:		C:\Windows\System32\lsass.exe

Access Request Information:
	Transaction ID:		{00000000-0000-0000-0000-000000000000}
	Accesses:		DELETE
				READ_CONTROL
				WRITE_DAC
				WRITE_OWNER
				ReadPasswordParameters
				WritePasswordParameters
				ReadOtherParameters
				WriteOtherParameters
				CreateUser
				CreateLocalGroup
				GetLocalGroupMembership
				ListAccounts
				LookupIDs
				AdministerServer
				
	Access Reasons:		-
	Access Mask:		0xF07DF
	Privileges Used for Access Check:	-
	Restricted SID Count:	0","4656","1",,"0","12803","0","-9214364837600034816","911624","Microsoft-Windows-Security-Auditing","54849625-5478-4994-a5ba-3e3b0328c30d","Security","4","9300","DESKTOP-H1J37M8",,"10-06-2019 09:57:39",,,"d:\log_doc\sec_10-06.evtx","System.UInt32[]","System.Diagnostics.Eventing.Reader.EventBookmark","Information","Info","SAM","System.Collections.ObjectModel.ReadOnlyCollection`1[System.String]","System.Collections.Generic.List`1[System.Diagnostics.Eventing.Reader.EventProperty]"
"A handle to an object was requested.

Subject:
	Security ID:		S-1-5-18
	Account Name:		DESKTOP-H1J37M8$
	Account Domain:		WORKGROUP
	Logon ID:		0x3E7

Object:
	Object Server:		Security Account Manager
	Object Type:		SAM_SERVER
	Object Name:		SAM
	Handle ID:		0x2a9c2b74040
	Resource Attributes:	-

Process Information:
	Process ID:		0x460
	Process Name:		C:\Windows\System32\lsass.exe

Access Request Information:
	Transaction ID:		{00000000-0000-0000-0000-000000000000}
	Accesses:		DELETE
				READ_CONTROL
				WRITE_DAC
				WRITE_OWNER
				ConnectToServer
				ShutdownServer
				InitializeServer
				CreateDomain
				EnumerateDomains
				LookupDomain
				
	Access Reasons:		-
	Access Mask:		0xF003F
	Privileges Used for Access Check:	-
	Restricted SID Count:	0","4656","1",,"0","12803","0","-9214364837600034816","911623","Microsoft-Windows-Security-Auditing","54849625-5478-4994-a5ba-3e3b0328c30d","Security","4","9300","DESKTOP-H1J37M8",,"10-06-2019 09:57:39",,,"d:\log_doc\sec_10-06.evtx","System.UInt32[]","System.Diagnostics.Eventing.Reader.EventBookmark","Information","Info","SAM","System.Collections.ObjectModel.ReadOnlyCollection`1[System.String]","System.Collections.Generic.List`1[System.Diagnostics.Eventing.Reader.EventProperty]"
"The Windows Filtering Platform has permitted a connection.

Application Information:
	Process ID:		1328
	Application Name:	\device\harddiskvolume2\program files\bitdefender agent\productagentservice.exe

Network Information:
	Direction:		Inbound
	Source Address:		127.0.0.1
	Source Port:		50623
	Destination Address:	127.0.0.1
	Destination Port:		50622
	Protocol:		6

Filter Information:
	Filter Run-Time ID:	695237
	Layer Name:		Receive/Accept
	Layer Run-Time ID:	44","5156","1",,"0","12810","0","-9214364837600034816","911622","Microsoft-Windows-Security-Auditing","54849625-5478-4994-a5ba-3e3b0328c30d","Security","4","6628","DESKTOP-H1J37M8",,"10-06-2019 09:57:21",,,"d:\log_doc\sec_10-06.evtx","System.UInt32[]","System.Diagnostics.Eventing.Reader.EventBookmark","Information","Info","Filtering Platform Connection","System.Collections.ObjectModel.ReadOnlyCollection`1[System.String]","System.Collections.Generic.List`1[System.Diagnostics.Eventing.Reader.EventProperty]"
"The Windows Filtering Platform has permitted a connection.

Application Information:
	Process ID:		1328
	Application Name:	\device\harddiskvolume2\program files\bitdefender agent\productagentservice.exe

Network Information:
	Direction:		Outbound
	Source Address:		127.0.0.1
	Source Port:		50623
	Destination Address:	127.0.0.1
	Destination Port:		50622
	Protocol:		6

Filter Information:
	Filter Run-Time ID:	695239
	Layer Name:		Connect
	Layer Run-Time ID:	48","5156","1",,"0","12810","0","-9214364837600034816","911621","Microsoft-Windows-Security-Auditing","54849625-5478-4994-a5ba-3e3b0328c30d","Security","4","6628","DESKTOP-H1J37M8",,"10-06-2019 09:57:21",,,"d:\log_doc\sec_10-06.evtx","System.UInt32[]","System.Diagnostics.Eventing.Reader.EventBookmark","Information","Info","Filtering Platform Connection","System.Collections.ObjectModel.ReadOnlyCollection`1[System.String]","System.Collections.Generic.List`1[System.Diagnostics.Eventing.Reader.EventProperty]"
"The Windows Filtering Platform has permitted a connection.

Application Information:
	Process ID:		1328
	Application Name:	\device\harddiskvolume2\program files\bitdefender agent\productagentservice.exe

Network Information:
	Direction:		Inbound
	Source Address:		127.0.0.1
	Source Port:		50621
	Destination Address:	127.0.0.1
	Destination Port:		50620
	Protocol:		6

Filter Information:
	Filter Run-Time ID:	695237
	Layer Name:		Receive/Accept
	Layer Run-Time ID:	44","5156","1",,"0","12810","0","-9214364837600034816","911620","Microsoft-Windows-Security-Auditing","54849625-5478-4994-a5ba-3e3b0328c30d","Security","4","6628","DESKTOP-H1J37M8",,"10-06-2019 09:57:21",,,"d:\log_doc\sec_10-06.evtx","System.UInt32[]","System.Diagnostics.Eventing.Reader.EventBookmark","Information","Info","Filtering Platform Connection","System.Collections.ObjectModel.ReadOnlyCollection`1[System.String]","System.Collections.Generic.List`1[System.Diagnostics.Eventing.Reader.EventProperty]"
"The Windows Filtering Platform has permitted a connection.

Application Information:
	Process ID:		1328
	Application Name:	\device\harddiskvolume2\program files\bitdefender agent\productagentservice.exe

Network Information:
	Direction:		Outbound
	Source Address:		127.0.0.1
	Source Port:		50621
	Destination Address:	127.0.0.1
	Destination Port:		50620
	Protocol:		6

Filter Information:
	Filter Run-Time ID:	695239
	Layer Name:		Connect
	Layer Run-Time ID:	48","5156","1",,"0","12810","0","-9214364837600034816","911619","Microsoft-Windows-Security-Auditing","54849625-5478-4994-a5ba-3e3b0328c30d","Security","4","6628","DESKTOP-H1J37M8",,"10-06-2019 09:57:21",,,"d:\log_doc\sec_10-06.evtx","System.UInt32[]","System.Diagnostics.Eventing.Reader.EventBookmark","Information","Info","Filtering Platform Connection","System.Collections.ObjectModel.ReadOnlyCollection`1[System.String]","System.Collections.Generic.List`1[System.Diagnostics.Eventing.Reader.EventProperty]"
"The Windows Filtering Platform has permitted a connection.

Application Information:
	Process ID:		1596
	Application Name:	\device\harddiskvolume2\program files (x86)\vmware\vmware player\vmplayer.exe

Network Information:
	Direction:		Inbound
	Source Address:		127.0.0.1
	Source Port:		50619
	Destination Address:	127.0.0.1
	Destination Port:		50618
	Protocol:		6

Filter Information:
	Filter Run-Time ID:	695237
	Layer Name:		Receive/Accept
	Layer Run-Time ID:	44","5156","1",,"0","12810","0","-9214364837600034816","911618","Microsoft-Windows-Security-Auditing","54849625-5478-4994-a5ba-3e3b0328c30d","Security","4","6628","DESKTOP-H1J37M8",,"10-06-2019 09:57:10",,,"d:\log_doc\sec_10-06.evtx","System.UInt32[]","System.Diagnostics.Eventing.Reader.EventBookmark","Information","Info","Filtering Platform Connection","System.Collections.ObjectModel.ReadOnlyCollection`1[System.String]","System.Collections.Generic.List`1[System.Diagnostics.Eventing.Reader.EventProperty]"
"The Windows Filtering Platform has permitted a connection.

Application Information:
	Process ID:		1596
	Application Name:	\device\harddiskvolume2\program files (x86)\vmware\vmware player\vmplayer.exe

Network Information:
	Direction:		Outbound
	Source Address:		127.0.0.1
	Source Port:		50619
	Destination Address:	127.0.0.1
	Destination Port:		50618
	Protocol:		6

Filter Information:
	Filter Run-Time ID:	695239
	Layer Name:		Connect
	Layer Run-Time ID:	48","5156","1",,"0","12810","0","-9214364837600034816","911617","Microsoft-Windows-Security-Auditing","54849625-5478-4994-a5ba-3e3b0328c30d","Security","4","6628","DESKTOP-H1J37M8",,"10-06-2019 09:57:10",,,"d:\log_doc\sec_10-06.evtx","System.UInt32[]","System.Diagnostics.Eventing.Reader.EventBookmark","Information","Info","Filtering Platform Connection","System.Collections.ObjectModel.ReadOnlyCollection`1[System.String]","System.Collections.Generic.List`1[System.Diagnostics.Eventing.Reader.EventProperty]"
"The Windows Filtering Platform has permitted a connection.

Application Information:
	Process ID:		1596
	Application Name:	\device\harddiskvolume2\program files (x86)\vmware\vmware player\vmplayer.exe

Network Information:
	Direction:		Inbound
	Source Address:		127.0.0.1
	Source Port:		50617
	Destination Address:	127.0.0.1
	Destination Port:		50616
	Protocol:		6

Filter Information:
	Filter Run-Time ID:	695237
	Layer Name:		Receive/Accept
	Layer Run-Time ID:	44","5156","1",,"0","12810","0","-9214364837600034816","911616","Microsoft-Windows-Security-Auditing","54849625-5478-4994-a5ba-3e3b0328c30d","Security","4","6628","DESKTOP-H1J37M8",,"10-06-2019 09:57:10",,,"d:\log_doc\sec_10-06.evtx","System.UInt32[]","System.Diagnostics.Eventing.Reader.EventBookmark","Information","Info","Filtering Platform Connection","System.Collections.ObjectModel.ReadOnlyCollection`1[System.String]","System.Collections.Generic.List`1[System.Diagnostics.Eventing.Reader.EventProperty]"
"The Windows Filtering Platform has permitted a connection.

Application Information:
	Process ID:		1596
	Application Name:	\device\harddiskvolume2\program files (x86)\vmware\vmware player\vmplayer.exe

Network Information:
	Direction:		Outbound
	Source Address:		127.0.0.1
	Source Port:		50617
	Destination Address:	127.0.0.1
	Destination Port:		50616
	Protocol:		6

Filter Information:
	Filter Run-Time ID:	695239
	Layer Name:		Connect
	Layer Run-Time ID:	48","5156","1",,"0","12810","0","-9214364837600034816","911615","Microsoft-Windows-Security-Auditing","54849625-5478-4994-a5ba-3e3b0328c30d","Security","4","6628","DESKTOP-H1J37M8",,"10-06-2019 09:57:10",,,"d:\log_doc\sec_10-06.evtx","System.UInt32[]","System.Diagnostics.Eventing.Reader.EventBookmark","Information","Info","Filtering Platform Connection","System.Collections.ObjectModel.ReadOnlyCollection`1[System.String]","System.Collections.Generic.List`1[System.Diagnostics.Eventing.Reader.EventProperty]"
"The Windows Filtering Platform has permitted a connection.

Application Information:
	Process ID:		4624
	Application Name:	\device\harddiskvolume2\program files (x86)\vmware\vmware player\vmware-authd.exe

Network Information:
	Direction:		Inbound
	Source Address:		127.0.0.1
	Source Port:		50615
	Destination Address:	127.0.0.1
	Destination Port:		50614
	Protocol:		6

Filter Information:
	Filter Run-Time ID:	695237
	Layer Name:		Receive/Accept
	Layer Run-Time ID:	44","5156","1",,"0","12810","0","-9214364837600034816","911614","Microsoft-Windows-Security-Auditing","54849625-5478-4994-a5ba-3e3b0328c30d","Security","4","6628","DESKTOP-H1J37M8",,"10-06-2019 09:57:10",,,"d:\log_doc\sec_10-06.evtx","System.UInt32[]","System.Diagnostics.Eventing.Reader.EventBookmark","Information","Info","Filtering Platform Connection","System.Collections.ObjectModel.ReadOnlyCollection`1[System.String]","System.Collections.Generic.List`1[System.Diagnostics.Eventing.Reader.EventProperty]"
"The Windows Filtering Platform has permitted a connection.

Application Information:
	Process ID:		4624
	Application Name:	\device\harddiskvolume2\program files (x86)\vmware\vmware player\vmware-authd.exe

Network Information:
	Direction:		Outbound
	Source Address:		127.0.0.1
	Source Port:		50615
	Destination Address:	127.0.0.1
	Destination Port:		50614
	Protocol:		6

Filter Information:
	Filter Run-Time ID:	695239
	Layer Name:		Connect
	Layer Run-Time ID:	48","5156","1",,"0","12810","0","-9214364837600034816","911613","Microsoft-Windows-Security-Auditing","54849625-5478-4994-a5ba-3e3b0328c30d","Security","4","6628","DESKTOP-H1J37M8",,"10-06-2019 09:57:10",,,"d:\log_doc\sec_10-06.evtx","System.UInt32[]","System.Diagnostics.Eventing.Reader.EventBookmark","Information","Info","Filtering Platform Connection","System.Collections.ObjectModel.ReadOnlyCollection`1[System.String]","System.Collections.Generic.List`1[System.Diagnostics.Eventing.Reader.EventProperty]"
"The Windows Filtering Platform has permitted a connection.

Application Information:
	Process ID:		2884
	Application Name:	\device\harddiskvolume2\program files\bitdefender\bitdefender security\bdservicehost.exe

Network Information:
	Direction:		Inbound
	Source Address:		127.0.0.1
	Source Port:		50613
	Destination Address:	127.0.0.1
	Destination Port:		50612
	Protocol:		6

Filter Information:
	Filter Run-Time ID:	695237
	Layer Name:		Receive/Accept
	Layer Run-Time ID:	44","5156","1",,"0","12810","0","-9214364837600034816","911612","Microsoft-Windows-Security-Auditing","54849625-5478-4994-a5ba-3e3b0328c30d","Security","4","6628","DESKTOP-H1J37M8",,"10-06-2019 09:57:08",,,"d:\log_doc\sec_10-06.evtx","System.UInt32[]","System.Diagnostics.Eventing.Reader.EventBookmark","Information","Info","Filtering Platform Connection","System.Collections.ObjectModel.ReadOnlyCollection`1[System.String]","System.Collections.Generic.List`1[System.Diagnostics.Eventing.Reader.EventProperty]"
"The Windows Filtering Platform has permitted a connection.

Application Information:
	Process ID:		2884
	Application Name:	\device\harddiskvolume2\program files\bitdefender\bitdefender security\bdservicehost.exe

Network Information:
	Direction:		Outbound
	Source Address:		127.0.0.1
	Source Port:		50613
	Destination Address:	127.0.0.1
	Destination Port:		50612
	Protocol:		6

Filter Information:
	Filter Run-Time ID:	695239
	Layer Name:		Connect
	Layer Run-Time ID:	48","5156","1",,"0","12810","0","-9214364837600034816","911611","Microsoft-Windows-Security-Auditing","54849625-5478-4994-a5ba-3e3b0328c30d","Security","4","6628","DESKTOP-H1J37M8",,"10-06-2019 09:57:08",,,"d:\log_doc\sec_10-06.evtx","System.UInt32[]","System.Diagnostics.Eventing.Reader.EventBookmark","Information","Info","Filtering Platform Connection","System.Collections.ObjectModel.ReadOnlyCollection`1[System.String]","System.Collections.Generic.List`1[System.Diagnostics.Eventing.Reader.EventProperty]"
"The Windows Filtering Platform has permitted a connection.

Application Information:
	Process ID:		2884
	Application Name:	\device\harddiskvolume2\program files\bitdefender\bitdefender security\bdservicehost.exe

Network Information:
	Direction:		Inbound
	Source Address:		127.0.0.1
	Source Port:		50611
	Destination Address:	127.0.0.1
	Destination Port:		50610
	Protocol:		6

Filter Information:
	Filter Run-Time ID:	695237
	Layer Name:		Receive/Accept
	Layer Run-Time ID:	44","5156","1",,"0","12810","0","-9214364837600034816","911610","Microsoft-Windows-Security-Auditing","54849625-5478-4994-a5ba-3e3b0328c30d","Security","4","6628","DESKTOP-H1J37M8",,"10-06-2019 09:57:08",,,"d:\log_doc\sec_10-06.evtx","System.UInt32[]","System.Diagnostics.Eventing.Reader.EventBookmark","Information","Info","Filtering Platform Connection","System.Collections.ObjectModel.ReadOnlyCollection`1[System.String]","System.Collections.Generic.List`1[System.Diagnostics.Eventing.Reader.EventProperty]"
"The Windows Filtering Platform has permitted a connection.

Application Information:
	Process ID:		2884
	Application Name:	\device\harddiskvolume2\program files\bitdefender\bitdefender security\bdservicehost.exe

Network Information:
	Direction:		Outbound
	Source Address:		127.0.0.1
	Source Port:		50611
	Destination Address:	127.0.0.1
	Destination Port:		50610
	Protocol:		6

Filter Information:
	Filter Run-Time ID:	695239
	Layer Name:		Connect
	Layer Run-Time ID:	48","5156","1",,"0","12810","0","-9214364837600034816","911609","Microsoft-Windows-Security-Auditing","54849625-5478-4994-a5ba-3e3b0328c30d","Security","4","6628","DESKTOP-H1J37M8",,"10-06-2019 09:57:08",,,"d:\log_doc\sec_10-06.evtx","System.UInt32[]","System.Diagnostics.Eventing.Reader.EventBookmark","Information","Info","Filtering Platform Connection","System.Collections.ObjectModel.ReadOnlyCollection`1[System.String]","System.Collections.Generic.List`1[System.Diagnostics.Eventing.Reader.EventProperty]"
"The Windows Filtering Platform has permitted a connection.

Application Information:
	Process ID:		2828
	Application Name:	\device\harddiskvolume2\program files\bitdefender\bitdefender device management\devmgmtservice.exe

Network Information:
	Direction:		Inbound
	Source Address:		127.0.0.1
	Source Port:		50609
	Destination Address:	127.0.0.1
	Destination Port:		50608
	Protocol:		6

Filter Information:
	Filter Run-Time ID:	695237
	Layer Name:		Receive/Accept
	Layer Run-Time ID:	44","5156","1",,"0","12810","0","-9214364837600034816","911608","Microsoft-Windows-Security-Auditing","54849625-5478-4994-a5ba-3e3b0328c30d","Security","4","6628","DESKTOP-H1J37M8",,"10-06-2019 09:57:08",,,"d:\log_doc\sec_10-06.evtx","System.UInt32[]","System.Diagnostics.Eventing.Reader.EventBookmark","Information","Info","Filtering Platform Connection","System.Collections.ObjectModel.ReadOnlyCollection`1[System.String]","System.Collections.Generic.List`1[System.Diagnostics.Eventing.Reader.EventProperty]"
"The Windows Filtering Platform has permitted a connection.

Application Information:
	Process ID:		2828
	Application Name:	\device\harddiskvolume2\program files\bitdefender\bitdefender device management\devmgmtservice.exe

Network Information:
	Direction:		Outbound
	Source Address:		127.0.0.1
	Source Port:		50609
	Destination Address:	127.0.0.1
	Destination Port:		50608
	Protocol:		6

Filter Information:
	Filter Run-Time ID:	695239
	Layer Name:		Connect
	Layer Run-Time ID:	48","5156","1",,"0","12810","0","-9214364837600034816","911607","Microsoft-Windows-Security-Auditing","54849625-5478-4994-a5ba-3e3b0328c30d","Security","4","6628","DESKTOP-H1J37M8",,"10-06-2019 09:57:08",,,"d:\log_doc\sec_10-06.evtx","System.UInt32[]","System.Diagnostics.Eventing.Reader.EventBookmark","Information","Info","Filtering Platform Connection","System.Collections.ObjectModel.ReadOnlyCollection`1[System.String]","System.Collections.Generic.List`1[System.Diagnostics.Eventing.Reader.EventProperty]"
"The Windows Filtering Platform has permitted a connection.

Application Information:
	Process ID:		2828
	Application Name:	\device\harddiskvolume2\program files\bitdefender\bitdefender device management\devmgmtservice.exe

Network Information:
	Direction:		Inbound
	Source Address:		127.0.0.1
	Source Port:		50607
	Destination Address:	127.0.0.1
	Destination Port:		50606
	Protocol:		6

Filter Information:
	Filter Run-Time ID:	695237
	Layer Name:		Receive/Accept
	Layer Run-Time ID:	44","5156","1",,"0","12810","0","-9214364837600034816","911606","Microsoft-Windows-Security-Auditing","54849625-5478-4994-a5ba-3e3b0328c30d","Security","4","6628","DESKTOP-H1J37M8",,"10-06-2019 09:57:08",,,"d:\log_doc\sec_10-06.evtx","System.UInt32[]","System.Diagnostics.Eventing.Reader.EventBookmark","Information","Info","Filtering Platform Connection","System.Collections.ObjectModel.ReadOnlyCollection`1[System.String]","System.Collections.Generic.List`1[System.Diagnostics.Eventing.Reader.EventProperty]"
"The Windows Filtering Platform has permitted a connection.

Application Information:
	Process ID:		2828
	Application Name:	\device\harddiskvolume2\program files\bitdefender\bitdefender device management\devmgmtservice.exe

Network Information:
	Direction:		Outbound
	Source Address:		127.0.0.1
	Source Port:		50607
	Destination Address:	127.0.0.1
	Destination Port:		50606
	Protocol:		6

Filter Information:
	Filter Run-Time ID:	695239
	Layer Name:		Connect
	Layer Run-Time ID:	48","5156","1",,"0","12810","0","-9214364837600034816","911605","Microsoft-Windows-Security-Auditing","54849625-5478-4994-a5ba-3e3b0328c30d","Security","4","6628","DESKTOP-H1J37M8",,"10-06-2019 09:57:08",,,"d:\log_doc\sec_10-06.evtx","System.UInt32[]","System.Diagnostics.Eventing.Reader.EventBookmark","Information","Info","Filtering Platform Connection","System.Collections.ObjectModel.ReadOnlyCollection`1[System.String]","System.Collections.Generic.List`1[System.Diagnostics.Eventing.Reader.EventProperty]"
"The Windows Filtering Platform has permitted a connection.

Application Information:
	Process ID:		964
	Application Name:	\device\harddiskvolume2\program files\bitdefender\bitdefender security\vsserv.exe

Network Information:
	Direction:		Inbound
	Source Address:		127.0.0.1
	Source Port:		50605
	Destination Address:	127.0.0.1
	Destination Port:		50604
	Protocol:		6

Filter Information:
	Filter Run-Time ID:	695237
	Layer Name:		Receive/Accept
	Layer Run-Time ID:	44","5156","1",,"0","12810","0","-9214364837600034816","911604","Microsoft-Windows-Security-Auditing","54849625-5478-4994-a5ba-3e3b0328c30d","Security","4","9300","DESKTOP-H1J37M8",,"10-06-2019 09:57:08",,,"d:\log_doc\sec_10-06.evtx","System.UInt32[]","System.Diagnostics.Eventing.Reader.EventBookmark","Information","Info","Filtering Platform Connection","System.Collections.ObjectModel.ReadOnlyCollection`1[System.String]","System.Collections.Generic.List`1[System.Diagnostics.Eventing.Reader.EventProperty]"
"The Windows Filtering Platform has permitted a connection.

Application Information:
	Process ID:		964
	Application Name:	\device\harddiskvolume2\program files\bitdefender\bitdefender security\vsserv.exe

Network Information:
	Direction:		Outbound
	Source Address:		127.0.0.1
	Source Port:		50605
	Destination Address:	127.0.0.1
	Destination Port:		50604
	Protocol:		6

Filter Information:
	Filter Run-Time ID:	695239
	Layer Name:		Connect
	Layer Run-Time ID:	48","5156","1",,"0","12810","0","-9214364837600034816","911603","Microsoft-Windows-Security-Auditing","54849625-5478-4994-a5ba-3e3b0328c30d","Security","4","9300","DESKTOP-H1J37M8",,"10-06-2019 09:57:08",,,"d:\log_doc\sec_10-06.evtx","System.UInt32[]","System.Diagnostics.Eventing.Reader.EventBookmark","Information","Info","Filtering Platform Connection","System.Collections.ObjectModel.ReadOnlyCollection`1[System.String]","System.Collections.Generic.List`1[System.Diagnostics.Eventing.Reader.EventProperty]"
"The Windows Filtering Platform has permitted a connection.

Application Information:
	Process ID:		964
	Application Name:	\device\harddiskvolume2\program files\bitdefender\bitdefender security\vsserv.exe

Network Information:
	Direction:		Inbound
	Source Address:		127.0.0.1
	Source Port:		50603
	Destination Address:	127.0.0.1
	Destination Port:		50602
	Protocol:		6

Filter Information:
	Filter Run-Time ID:	695237
	Layer Name:		Receive/Accept
	Layer Run-Time ID:	44","5156","1",,"0","12810","0","-9214364837600034816","911602","Microsoft-Windows-Security-Auditing","54849625-5478-4994-a5ba-3e3b0328c30d","Security","4","9300","DESKTOP-H1J37M8",,"10-06-2019 09:57:08",,,"d:\log_doc\sec_10-06.evtx","System.UInt32[]","System.Diagnostics.Eventing.Reader.EventBookmark","Information","Info","Filtering Platform Connection","System.Collections.ObjectModel.ReadOnlyCollection`1[System.String]","System.Collections.Generic.List`1[System.Diagnostics.Eventing.Reader.EventProperty]"
"The Windows Filtering Platform has permitted a connection.

Application Information:
	Process ID:		964
	Application Name:	\device\harddiskvolume2\program files\bitdefender\bitdefender security\vsserv.exe

Network Information:
	Direction:		Outbound
	Source Address:		127.0.0.1
	Source Port:		50603
	Destination Address:	127.0.0.1
	Destination Port:		50602
	Protocol:		6

Filter Information:
	Filter Run-Time ID:	695239
	Layer Name:		Connect
	Layer Run-Time ID:	48","5156","1",,"0","12810","0","-9214364837600034816","911601","Microsoft-Windows-Security-Auditing","54849625-5478-4994-a5ba-3e3b0328c30d","Security","4","9300","DESKTOP-H1J37M8",,"10-06-2019 09:57:08",,,"d:\log_doc\sec_10-06.evtx","System.UInt32[]","System.Diagnostics.Eventing.Reader.EventBookmark","Information","Info","Filtering Platform Connection","System.Collections.ObjectModel.ReadOnlyCollection`1[System.String]","System.Collections.Generic.List`1[System.Diagnostics.Eventing.Reader.EventProperty]"
"Permissions on an object were changed.

Subject:
	Security ID:		S-1-5-18
	Account Name:		DESKTOP-H1J37M8$
	Account Domain:		WORKGROUP
	Logon ID:		0x3E7

Object:
	Object Server:	Security
	Object Type:	Token
	Object Name:	-
	Handle ID:	0x4a4

Process:
	Process ID:	0x79c
	Process Name:	C:\Windows\System32\svchost.exe

Permissions Change:
	Original Security Descriptor:	D:(A;;GA;;;SY)(A;;GA;;;NS)
	New Security Descriptor:	D:(A;;GA;;;SY)(A;;RC;;;OW)(A;;GA;;;S-1-5-86-615999462-62705297-2911207457-59056572-3668589837)","4670","0",,"0","13570","0","-9214364837600034816","911600","Microsoft-Windows-Security-Auditing","54849625-5478-4994-a5ba-3e3b0328c30d","Security","4","2552","DESKTOP-H1J37M8",,"10-06-2019 09:57:07",,,"d:\log_doc\sec_10-06.evtx","System.UInt32[]","System.Diagnostics.Eventing.Reader.EventBookmark","Information","Info","Authorization Policy Change","System.Collections.ObjectModel.ReadOnlyCollection`1[System.String]","System.Collections.Generic.List`1[System.Diagnostics.Eventing.Reader.EventProperty]"
"The Windows Filtering Platform has permitted a connection.

Application Information:
	Process ID:		4624
	Application Name:	\device\harddiskvolume2\program files (x86)\vmware\vmware player\vmware-authd.exe

Network Information:
	Direction:		Inbound
	Source Address:		127.0.0.1
	Source Port:		50601
	Destination Address:	127.0.0.1
	Destination Port:		50600
	Protocol:		6

Filter Information:
	Filter Run-Time ID:	695237
	Layer Name:		Receive/Accept
	Layer Run-Time ID:	44","5156","1",,"0","12810","0","-9214364837600034816","911599","Microsoft-Windows-Security-Auditing","54849625-5478-4994-a5ba-3e3b0328c30d","Security","4","2552","DESKTOP-H1J37M8",,"10-06-2019 09:57:04",,,"d:\log_doc\sec_10-06.evtx","System.UInt32[]","System.Diagnostics.Eventing.Reader.EventBookmark","Information","Info","Filtering Platform Connection","System.Collections.ObjectModel.ReadOnlyCollection`1[System.String]","System.Collections.Generic.List`1[System.Diagnostics.Eventing.Reader.EventProperty]"
"The Windows Filtering Platform has permitted a connection.

Application Information:
	Process ID:		4624
	Application Name:	\device\harddiskvolume2\program files (x86)\vmware\vmware player\vmware-authd.exe

Network Information:
	Direction:		Outbound
	Source Address:		127.0.0.1
	Source Port:		50601
	Destination Address:	127.0.0.1
	Destination Port:		50600
	Protocol:		6

Filter Information:
	Filter Run-Time ID:	695239
	Layer Name:		Connect
	Layer Run-Time ID:	48","5156","1",,"0","12810","0","-9214364837600034816","911598","Microsoft-Windows-Security-Auditing","54849625-5478-4994-a5ba-3e3b0328c30d","Security","4","2552","DESKTOP-H1J37M8",,"10-06-2019 09:57:04",,,"d:\log_doc\sec_10-06.evtx","System.UInt32[]","System.Diagnostics.Eventing.Reader.EventBookmark","Information","Info","Filtering Platform Connection","System.Collections.ObjectModel.ReadOnlyCollection`1[System.String]","System.Collections.Generic.List`1[System.Diagnostics.Eventing.Reader.EventProperty]"
"The Windows Filtering Platform has permitted a connection.

Application Information:
	Process ID:		4624
	Application Name:	\device\harddiskvolume2\program files (x86)\vmware\vmware player\vmware-authd.exe

Network Information:
	Direction:		Inbound
	Source Address:		127.0.0.1
	Source Port:		50599
	Destination Address:	127.0.0.1
	Destination Port:		50598
	Protocol:		6

Filter Information:
	Filter Run-Time ID:	695237
	Layer Name:		Receive/Accept
	Layer Run-Time ID:	44","5156","1",,"0","12810","0","-9214364837600034816","911597","Microsoft-Windows-Security-Auditing","54849625-5478-4994-a5ba-3e3b0328c30d","Security","4","2552","DESKTOP-H1J37M8",,"10-06-2019 09:57:04",,,"d:\log_doc\sec_10-06.evtx","System.UInt32[]","System.Diagnostics.Eventing.Reader.EventBookmark","Information","Info","Filtering Platform Connection","System.Collections.ObjectModel.ReadOnlyCollection`1[System.String]","System.Collections.Generic.List`1[System.Diagnostics.Eventing.Reader.EventProperty]"
"The Windows Filtering Platform has permitted a connection.

Application Information:
	Process ID:		4624
	Application Name:	\device\harddiskvolume2\program files (x86)\vmware\vmware player\vmware-authd.exe

Network Information:
	Direction:		Outbound
	Source Address:		127.0.0.1
	Source Port:		50599
	Destination Address:	127.0.0.1
	Destination Port:		50598
	Protocol:		6

Filter Information:
	Filter Run-Time ID:	695239
	Layer Name:		Connect
	Layer Run-Time ID:	48","5156","1",,"0","12810","0","-9214364837600034816","911596","Microsoft-Windows-Security-Auditing","54849625-5478-4994-a5ba-3e3b0328c30d","Security","4","2552","DESKTOP-H1J37M8",,"10-06-2019 09:57:04",,,"d:\log_doc\sec_10-06.evtx","System.UInt32[]","System.Diagnostics.Eventing.Reader.EventBookmark","Information","Info","Filtering Platform Connection","System.Collections.ObjectModel.ReadOnlyCollection`1[System.String]","System.Collections.Generic.List`1[System.Diagnostics.Eventing.Reader.EventProperty]"
"Permissions on an object were changed.

Subject:
	Security ID:		S-1-5-18
	Account Name:		DESKTOP-H1J37M8$
	Account Domain:		WORKGROUP
	Logon ID:		0x3E7

Object:
	Object Server:	Security
	Object Type:	Token
	Object Name:	-
	Handle ID:	0x4a8

Process:
	Process ID:	0x79c
	Process Name:	C:\Windows\System32\svchost.exe

Permissions Change:
	Original Security Descriptor:	D:(A;;GA;;;SY)(A;;GA;;;NS)
	New Security Descriptor:	D:(A;;GA;;;SY)(A;;RC;;;OW)(A;;GA;;;S-1-5-86-615999462-62705297-2911207457-59056572-3668589837)","4670","0",,"0","13570","0","-9214364837600034816","911595","Microsoft-Windows-Security-Auditing","54849625-5478-4994-a5ba-3e3b0328c30d","Security","4","2552","DESKTOP-H1J37M8",,"10-06-2019 09:56:57",,,"d:\log_doc\sec_10-06.evtx","System.UInt32[]","System.Diagnostics.Eventing.Reader.EventBookmark","Information","Info","Authorization Policy Change","System.Collections.ObjectModel.ReadOnlyCollection`1[System.String]","System.Collections.Generic.List`1[System.Diagnostics.Eventing.Reader.EventProperty]"
"The handle to an object was closed.

Subject :
	Security ID:		S-1-5-21-714234298-2729167949-211770098-1001
	Account Name:		Suchismita
	Account Domain:		DESKTOP-H1J37M8
	Logon ID:		0x8379D

Object:
	Object Server:		Security
	Handle ID:		0x2af8

Process Information:
	Process ID:		0x1ed0
	Process Name:		C:\Windows\explorer.exe","4658","0",,"0","12800","0","-9214364837600034816","911594","Microsoft-Windows-Security-Auditing","54849625-5478-4994-a5ba-3e3b0328c30d","Security","4","3968","DESKTOP-H1J37M8",,"10-06-2019 09:56:56",,,"d:\log_doc\sec_10-06.evtx","System.UInt32[]","System.Diagnostics.Eventing.Reader.EventBookmark","Information","Info","File System","System.Collections.ObjectModel.ReadOnlyCollection`1[System.String]","System.Collections.Generic.List`1[System.Diagnostics.Eventing.Reader.EventProperty]"
"A handle to an object was requested.

Subject:
	Security ID:		S-1-5-21-714234298-2729167949-211770098-1001
	Account Name:		Suchismita
	Account Domain:		DESKTOP-H1J37M8
	Logon ID:		0x8379D

Object:
	Object Server:		Security
	Object Type:		File
	Object Name:		C:\Windows\WinSxS\FileMaps\_0000000000000000.cdf-ms
	Handle ID:		0x2af8
	Resource Attributes:	-

Process Information:
	Process ID:		0x1ed0
	Process Name:		C:\Windows\explorer.exe

Access Request Information:
	Transaction ID:		{00000000-0000-0000-0000-000000000000}
	Accesses:		READ_CONTROL
				SYNCHRONIZE
				ReadData (or ListDirectory)
				ReadEA
				ReadAttributes
				
	Access Reasons:		READ_CONTROL:	Granted by	D:(A;;0x1200a9;;;BU)
				SYNCHRONIZE:	Granted by	D:(A;;0x1200a9;;;BU)
				ReadData (or ListDirectory):	Granted by	D:(A;;0x1200a9;;;BU)
				ReadEA:	Granted by	D:(A;;0x1200a9;;;BU)
				ReadAttributes:	Granted by	D:(A;;0x1200a9;;;BU)
				
	Access Mask:		0x120089
	Privileges Used for Access Check:	-
	Restricted SID Count:	0","4656","1",,"0","12800","0","-9214364837600034816","911593","Microsoft-Windows-Security-Auditing","54849625-5478-4994-a5ba-3e3b0328c30d","Security","4","3968","DESKTOP-H1J37M8",,"10-06-2019 09:56:56",,,"d:\log_doc\sec_10-06.evtx","System.UInt32[]","System.Diagnostics.Eventing.Reader.EventBookmark","Information","Info","File System","System.Collections.ObjectModel.ReadOnlyCollection`1[System.String]","System.Collections.Generic.List`1[System.Diagnostics.Eventing.Reader.EventProperty]"
"The handle to an object was closed.

Subject :
	Security ID:		S-1-5-21-714234298-2729167949-211770098-1001
	Account Name:		Suchismita
	Account Domain:		DESKTOP-H1J37M8
	Logon ID:		0x8379D

Object:
	Object Server:		Security
	Handle ID:		0x3e58

Process Information:
