	Process ID:		0x1ed0
	Process Name:		C:\Windows\explorer.exe","4658","0",,"0","12800","0","-9214364837600034816","911592","Microsoft-Windows-Security-Auditing","54849625-5478-4994-a5ba-3e3b0328c30d","Security","4","3968","DESKTOP-H1J37M8",,"10-06-2019 09:56:56",,,"d:\log_doc\sec_10-06.evtx","System.UInt32[]","System.Diagnostics.Eventing.Reader.EventBookmark","Information","Info","File System","System.Collections.ObjectModel.ReadOnlyCollection`1[System.String]","System.Collections.Generic.List`1[System.Diagnostics.Eventing.Reader.EventProperty]"
"An attempt was made to duplicate a handle to an object.

Subject:
	Security ID:		S-1-5-21-714234298-2729167949-211770098-1001
	Account Name:		Suchismita
	Account Domain:		DESKTOP-H1J37M8
	Logon ID:		0x8379D

Source Handle Information:
	Source Handle ID:	0x2af8
	Source Process ID:	0x1ed0

New Handle Information:
	Target Handle ID:	0x3e58
	Target Process ID:	0x4","4690","0",,"0","12807","0","-9214364837600034816","911591","Microsoft-Windows-Security-Auditing","54849625-5478-4994-a5ba-3e3b0328c30d","Security","4","3968","DESKTOP-H1J37M8",,"10-06-2019 09:56:56",,,"d:\log_doc\sec_10-06.evtx","System.UInt32[]","System.Diagnostics.Eventing.Reader.EventBookmark","Information","Info","Handle Manipulation","System.Collections.ObjectModel.ReadOnlyCollection`1[System.String]","System.Collections.Generic.List`1[System.Diagnostics.Eventing.Reader.EventProperty]"
"The audit log was cleared.
Subject:
	Security ID:	S-1-5-21-714234298-2729167949-211770098-1001
	Account Name:	Suchismita
	Domain Name:	DESKTOP-H1J37M8
	Logon ID:	0x83774","1102","0",,"4","104","0","4620693217682128896","911590","Microsoft-Windows-Eventlog","fc65ddd8-d6ef-4962-83d5-6e5cfe9ce148","Security","1944","3012","DESKTOP-H1J37M8",,"10-06-2019 09:56:44",,,"d:\log_doc\sec_10-06.evtx","System.UInt32[]","System.Diagnostics.Eventing.Reader.EventBookmark","Information","Info","Log clear","System.Collections.ObjectModel.ReadOnlyCollection`1[System.String]","System.Collections.Generic.List`1[System.Diagnostics.Eventing.Reader.EventProperty]"
