"The Windows Filtering Platform has permitted a bind to a local port.

Application Information:
	Process ID:		3048
	Application Name:	\device\harddiskvolume2\windows\system32\svchost.exe

Network Information:
	Source Address:		::
	Source Port:		59606
	Protocol:		17

Filter Information:
	Filter Run-Time ID:	0
	Layer Name:		Resource Assignment
	Layer Run-Time ID:	38","5158","0",,"0","12810","0","-9214364837600034816","911788","Microsoft-Windows-Security-Auditing","54849625-5478-4994-a5ba-3e3b0328c30d","Security","4","5824","DESKTOP-H1J37M8",,"10-06-2019 10:00:22",,,"d:\log_doc\sec_10-06.evtx","System.UInt32[]","System.Diagnostics.Eventing.Reader.EventBookmark","Information","Info","Filtering Platform Connection","System.Collections.ObjectModel.ReadOnlyCollection`1[System.String]","System.Collections.Generic.List`1[System.Diagnostics.Eventing.Reader.EventProperty]"
"The Windows Filtering Platform has permitted a bind to a local port.

Application Information:
	Process ID:		3048
	Application Name:	\device\harddiskvolume2\windows\system32\svchost.exe

Network Information:
	Source Address:		::
	Source Port:		59606
	Protocol:		17

Filter Information:
	Filter Run-Time ID:	0
	Layer Name:		Resource Assignment
	Layer Run-Time ID:	36","5158","0",,"0","12810","0","-9214364837600034816","911787","Microsoft-Windows-Security-Auditing","54849625-5478-4994-a5ba-3e3b0328c30d","Security","4","5824","DESKTOP-H1J37M8",,"10-06-2019 10:00:22",,,"d:\log_doc\sec_10-06.evtx","System.UInt32[]","System.Diagnostics.Eventing.Reader.EventBookmark","Information","Info","Filtering Platform Connection","System.Collections.ObjectModel.ReadOnlyCollection`1[System.String]","System.Collections.Generic.List`1[System.Diagnostics.Eventing.Reader.EventProperty]"
"The computer attempted to validate the credentials for an account.

Authentication Package:	MICROSOFT_AUTHENTICATION_PACKAGE_V1_0
Logon Account:	Suchismita
Source Workstation:	DESKTOP-H1J37M8
Error Code:	0x0","4776","0",,"0","14336","0","-9214364837600034816","911786","Microsoft-Windows-Security-Auditing","54849625-5478-4994-a5ba-3e3b0328c30d","Security","1120","1012","DESKTOP-H1J37M8",,"10-06-2019 10:00:22","415f3519-1f3d-0001-6c7f-5f413d1fd501",,"d:\log_doc\sec_10-06.evtx","System.UInt32[]","System.Diagnostics.Eventing.Reader.EventBookmark","Information","Info","Credential Validation","System.Collections.ObjectModel.ReadOnlyCollection`1[System.String]","System.Collections.Generic.List`1[System.Diagnostics.Eventing.Reader.EventProperty]"
"The Windows Filtering Platform has permitted a connection.

Application Information:
	Process ID:		1328
	Application Name:	\device\harddiskvolume2\program files\bitdefender agent\productagentservice.exe

Network Information:
	Direction:		Inbound
	Source Address:		127.0.0.1
	Source Port:		50671
	Destination Address:	127.0.0.1
	Destination Port:		50670
	Protocol:		6

Filter Information:
	Filter Run-Time ID:	695237
	Layer Name:		Receive/Accept
	Layer Run-Time ID:	44","5156","1",,"0","12810","0","-9214364837600034816","911785","Microsoft-Windows-Security-Auditing","54849625-5478-4994-a5ba-3e3b0328c30d","Security","4","5824","DESKTOP-H1J37M8",,"10-06-2019 10:00:21",,,"d:\log_doc\sec_10-06.evtx","System.UInt32[]","System.Diagnostics.Eventing.Reader.EventBookmark","Information","Info","Filtering Platform Connection","System.Collections.ObjectModel.ReadOnlyCollection`1[System.String]","System.Collections.Generic.List`1[System.Diagnostics.Eventing.Reader.EventProperty]"
"The Windows Filtering Platform has permitted a connection.

Application Information:
	Process ID:		1328
	Application Name:	\device\harddiskvolume2\program files\bitdefender agent\productagentservice.exe

Network Information:
	Direction:		Outbound
	Source Address:		127.0.0.1
	Source Port:		50671
	Destination Address:	127.0.0.1
	Destination Port:		50670
	Protocol:		6

Filter Information:
	Filter Run-Time ID:	695239
	Layer Name:		Connect
	Layer Run-Time ID:	48","5156","1",,"0","12810","0","-9214364837600034816","911784","Microsoft-Windows-Security-Auditing","54849625-5478-4994-a5ba-3e3b0328c30d","Security","4","5824","DESKTOP-H1J37M8",,"10-06-2019 10:00:21",,,"d:\log_doc\sec_10-06.evtx","System.UInt32[]","System.Diagnostics.Eventing.Reader.EventBookmark","Information","Info","Filtering Platform Connection","System.Collections.ObjectModel.ReadOnlyCollection`1[System.String]","System.Collections.Generic.List`1[System.Diagnostics.Eventing.Reader.EventProperty]"
"The Windows Filtering Platform has permitted a connection.

Application Information:
	Process ID:		1328
	Application Name:	\device\harddiskvolume2\program files\bitdefender agent\productagentservice.exe

Network Information:
	Direction:		Inbound
	Source Address:		127.0.0.1
	Source Port:		50669
	Destination Address:	127.0.0.1
	Destination Port:		50668
	Protocol:		6

Filter Information:
	Filter Run-Time ID:	695237
	Layer Name:		Receive/Accept
	Layer Run-Time ID:	44","5156","1",,"0","12810","0","-9214364837600034816","911783","Microsoft-Windows-Security-Auditing","54849625-5478-4994-a5ba-3e3b0328c30d","Security","4","5824","DESKTOP-H1J37M8",,"10-06-2019 10:00:21",,,"d:\log_doc\sec_10-06.evtx","System.UInt32[]","System.Diagnostics.Eventing.Reader.EventBookmark","Information","Info","Filtering Platform Connection","System.Collections.ObjectModel.ReadOnlyCollection`1[System.String]","System.Collections.Generic.List`1[System.Diagnostics.Eventing.Reader.EventProperty]"
"The Windows Filtering Platform has permitted a connection.

Application Information:
	Process ID:		1328
	Application Name:	\device\harddiskvolume2\program files\bitdefender agent\productagentservice.exe

Network Information:
	Direction:		Outbound
	Source Address:		127.0.0.1
	Source Port:		50669
	Destination Address:	127.0.0.1
	Destination Port:		50668
	Protocol:		6

Filter Information:
	Filter Run-Time ID:	695239
	Layer Name:		Connect
	Layer Run-Time ID:	48","5156","1",,"0","12810","0","-9214364837600034816","911782","Microsoft-Windows-Security-Auditing","54849625-5478-4994-a5ba-3e3b0328c30d","Security","4","5824","DESKTOP-H1J37M8",,"10-06-2019 10:00:21",,,"d:\log_doc\sec_10-06.evtx","System.UInt32[]","System.Diagnostics.Eventing.Reader.EventBookmark","Information","Info","Filtering Platform Connection","System.Collections.ObjectModel.ReadOnlyCollection`1[System.String]","System.Collections.Generic.List`1[System.Diagnostics.Eventing.Reader.EventProperty]"
"The Windows Filtering Platform has blocked a packet.

Application Information:
	Process ID:		0
	Application Name:	-

Network Information:
	Direction:		Outbound
	Source Address:		192.168.153.1
	Source Port:		137
	Destination Address:	192.168.153.2
	Destination Port:		137
	Protocol:		17

Filter Information:
	Filter Run-Time ID:	695263
	Layer Name:		Transport
	Layer Run-Time ID:	16","5152","0",,"0","12809","0","-9218868437227405312","911781","Microsoft-Windows-Security-Auditing","54849625-5478-4994-a5ba-3e3b0328c30d","Security","4","2552","DESKTOP-H1J37M8",,"10-06-2019 10:00:17",,,"d:\log_doc\sec_10-06.evtx","System.UInt32[]","System.Diagnostics.Eventing.Reader.EventBookmark","Information","Info","Filtering Platform Packet Drop","System.Collections.ObjectModel.ReadOnlyCollection`1[System.String]","System.Collections.Generic.List`1[System.Diagnostics.Eventing.Reader.EventProperty]"
"An account failed to log on.

Subject:
	Security ID:		S-1-5-18
	Account Name:		DESKTOP-H1J37M8$
	Account Domain:		WORKGROUP
	Logon ID:		0x3E7

Logon Type:			2

Account For Which Logon Failed:
	Security ID:		S-1-0-0
	Account Name:		Suchismita
	Account Domain:		DESKTOP-H1J37M8

Failure Information:
	Failure Reason:		Unknown user name or bad password.
	Status:			0xC000006D
	Sub Status:		0xC000006A

Process Information:
	Caller Process ID:	0x8c8
	Caller Process Name:	C:\Windows\System32\svchost.exe

Network Information:
	Workstation Name:	DESKTOP-H1J37M8
	Source Network Address:	127.0.0.1
	Source Port:		0

Detailed Authentication Information:
	Logon Process:		User32 
	Authentication Package:	Negotiate
	Transited Services:	-
	Package Name (NTLM only):	-
	Key Length:		0

This event is generated when a logon request fails. It is generated on the computer where access was attempted.

The Subject fields indicate the account on the local system which requested the logon. This is most commonly a service such as the Server service, or a local process such as Winlogon.exe or Services.exe.

The Logon Type field indicates the kind of logon that was requested. The most common types are 2 (interactive) and 3 (network).

The Process Information fields indicate which account and process on the system requested the logon.

The Network Information fields indicate where a remote logon request originated. Workstation name is not always available and may be left blank in some cases.

The authentication information fields provide detailed information about this specific logon request.
	- Transited services indicate which intermediate services have participated in this logon request.
	- Package name indicates which sub-protocol was used among the NTLM protocols.
	- Key length indicates the length of the generated session key. This will be 0 if no session key was requested.","4625","0",,"0","12544","0","-9218868437227405312","911780","Microsoft-Windows-Security-Auditing","54849625-5478-4994-a5ba-3e3b0328c30d","Security","1120","3284","DESKTOP-H1J37M8",,"10-06-2019 10:00:16","415f3519-1f3d-0000-ab35-5f413d1fd501",,"d:\log_doc\sec_10-06.evtx","System.UInt32[]","System.Diagnostics.Eventing.Reader.EventBookmark","Information","Info","Logon","System.Collections.ObjectModel.ReadOnlyCollection`1[System.String]","System.Collections.Generic.List`1[System.Diagnostics.Eventing.Reader.EventProperty]"
"The computer attempted to validate the credentials for an account.

Authentication Package:	MICROSOFT_AUTHENTICATION_PACKAGE_V1_0
Logon Account:	Suchismita
Source Workstation:	DESKTOP-H1J37M8
Error Code:	0xC000006A","4776","0",,"0","14336","0","-9218868437227405312","911779","Microsoft-Windows-Security-Auditing","54849625-5478-4994-a5ba-3e3b0328c30d","Security","1120","3284","DESKTOP-H1J37M8",,"10-06-2019 10:00:16","415f3519-1f3d-0001-647f-5f413d1fd501",,"d:\log_doc\sec_10-06.evtx","System.UInt32[]","System.Diagnostics.Eventing.Reader.EventBookmark","Information","Info","Credential Validation","System.Collections.ObjectModel.ReadOnlyCollection`1[System.String]","System.Collections.Generic.List`1[System.Diagnostics.Eventing.Reader.EventProperty]"
"The Windows Filtering Platform has blocked a packet.

Application Information:
	Process ID:		0
	Application Name:	-

Network Information:
	Direction:		Outbound
	Source Address:		192.168.153.1
	Source Port:		137
	Destination Address:	192.168.153.2
	Destination Port:		137
	Protocol:		17

Filter Information:
	Filter Run-Time ID:	695263
	Layer Name:		Transport
	Layer Run-Time ID:	16","5152","0",,"0","12809","0","-9218868437227405312","911778","Microsoft-Windows-Security-Auditing","54849625-5478-4994-a5ba-3e3b0328c30d","Security","4","5260","DESKTOP-H1J37M8",,"10-06-2019 10:00:16",,,"d:\log_doc\sec_10-06.evtx","System.UInt32[]","System.Diagnostics.Eventing.Reader.EventBookmark","Information","Info","Filtering Platform Packet Drop","System.Collections.ObjectModel.ReadOnlyCollection`1[System.String]","System.Collections.Generic.List`1[System.Diagnostics.Eventing.Reader.EventProperty]"
"The Windows Filtering Platform has blocked a packet.

Application Information:
	Process ID:		0
	Application Name:	-

Network Information:
	Direction:		Outbound
	Source Address:		192.168.153.1
	Source Port:		137
	Destination Address:	192.168.153.2
	Destination Port:		137
	Protocol:		17

Filter Information:
	Filter Run-Time ID:	695263
	Layer Name:		Transport
	Layer Run-Time ID:	16","5152","0",,"0","12809","0","-9218868437227405312","911777","Microsoft-Windows-Security-Auditing","54849625-5478-4994-a5ba-3e3b0328c30d","Security","4","2552","DESKTOP-H1J37M8",,"10-06-2019 10:00:14",,,"d:\log_doc\sec_10-06.evtx","System.UInt32[]","System.Diagnostics.Eventing.Reader.EventBookmark","Information","Info","Filtering Platform Packet Drop","System.Collections.ObjectModel.ReadOnlyCollection`1[System.String]","System.Collections.Generic.List`1[System.Diagnostics.Eventing.Reader.EventProperty]"
"The handle to an object was closed.

Subject :
	Security ID:		S-1-5-18
	Account Name:		DESKTOP-H1J37M8$
	Account Domain:		WORKGROUP
	Logon ID:		0x3E7

Object:
	Object Server:		Security Account Manager
	Handle ID:		0x2a9c2b76340

Process Information:
	Process ID:		0x460
	Process Name:		C:\Windows\System32\lsass.exe","4658","0",,"0","12804","0","-9214364837600034816","911776","Microsoft-Windows-Security-Auditing","54849625-5478-4994-a5ba-3e3b0328c30d","Security","4","1972","DESKTOP-H1J37M8",,"10-06-2019 10:00:09",,,"d:\log_doc\sec_10-06.evtx","System.UInt32[]","System.Diagnostics.Eventing.Reader.EventBookmark","Information","Info","Other Object Access Events","System.Collections.ObjectModel.ReadOnlyCollection`1[System.String]","System.Collections.Generic.List`1[System.Diagnostics.Eventing.Reader.EventProperty]"
"The handle to an object was closed.

Subject :
	Security ID:		S-1-5-18
	Account Name:		DESKTOP-H1J37M8$
	Account Domain:		WORKGROUP
	Logon ID:		0x3E7

Object:
	Object Server:		Security Account Manager
	Handle ID:		0x2a9c2b77240

Process Information:
	Process ID:		0x460
	Process Name:		C:\Windows\System32\lsass.exe","4658","0",,"0","12804","0","-9214364837600034816","911775","Microsoft-Windows-Security-Auditing","54849625-5478-4994-a5ba-3e3b0328c30d","Security","4","1972","DESKTOP-H1J37M8",,"10-06-2019 10:00:09",,,"d:\log_doc\sec_10-06.evtx","System.UInt32[]","System.Diagnostics.Eventing.Reader.EventBookmark","Information","Info","Other Object Access Events","System.Collections.ObjectModel.ReadOnlyCollection`1[System.String]","System.Collections.Generic.List`1[System.Diagnostics.Eventing.Reader.EventProperty]"
"A handle to an object was requested.

Subject:
	Security ID:		S-1-5-18
	Account Name:		DESKTOP-H1J37M8$
	Account Domain:		WORKGROUP
	Logon ID:		0x3E7

Object:
	Object Server:		Security Account Manager
	Object Type:		SAM_DOMAIN
	Object Name:		DESKTOP-H1J37M8
	Handle ID:		0x2a9c2b77240
	Resource Attributes:	-

Process Information:
	Process ID:		0x460
	Process Name:		C:\Windows\System32\lsass.exe

Access Request Information:
	Transaction ID:		{00000000-0000-0000-0000-000000000000}
	Accesses:		DELETE
				READ_CONTROL
				WRITE_DAC
				WRITE_OWNER
				ReadPasswordParameters
				WritePasswordParameters
				ReadOtherParameters
				WriteOtherParameters
				CreateUser
				CreateLocalGroup
				GetLocalGroupMembership
				ListAccounts
				LookupIDs
				AdministerServer
				
	Access Reasons:		-
	Access Mask:		0xF07DF
	Privileges Used for Access Check:	-
	Restricted SID Count:	0","4656","1",,"0","12803","0","-9214364837600034816","911774","Microsoft-Windows-Security-Auditing","54849625-5478-4994-a5ba-3e3b0328c30d","Security","4","1972","DESKTOP-H1J37M8",,"10-06-2019 10:00:09",,,"d:\log_doc\sec_10-06.evtx","System.UInt32[]","System.Diagnostics.Eventing.Reader.EventBookmark","Information","Info","SAM","System.Collections.ObjectModel.ReadOnlyCollection`1[System.String]","System.Collections.Generic.List`1[System.Diagnostics.Eventing.Reader.EventProperty]"
"A handle to an object was requested.

Subject:
	Security ID:		S-1-5-18
	Account Name:		DESKTOP-H1J37M8$
	Account Domain:		WORKGROUP
	Logon ID:		0x3E7

Object:
	Object Server:		Security Account Manager
	Object Type:		SAM_SERVER
	Object Name:		SAM
	Handle ID:		0x2a9c2b76340
	Resource Attributes:	-

Process Information:
	Process ID:		0x460
	Process Name:		C:\Windows\System32\lsass.exe

Access Request Information:
	Transaction ID:		{00000000-0000-0000-0000-000000000000}
	Accesses:		DELETE
				READ_CONTROL
				WRITE_DAC
				WRITE_OWNER
				ConnectToServer
				ShutdownServer
				InitializeServer
				CreateDomain
				EnumerateDomains
				LookupDomain
				
	Access Reasons:		-
	Access Mask:		0xF003F
	Privileges Used for Access Check:	-
	Restricted SID Count:	0","4656","1",,"0","12803","0","-9214364837600034816","911773","Microsoft-Windows-Security-Auditing","54849625-5478-4994-a5ba-3e3b0328c30d","Security","4","1972","DESKTOP-H1J37M8",,"10-06-2019 10:00:09",,,"d:\log_doc\sec_10-06.evtx","System.UInt32[]","System.Diagnostics.Eventing.Reader.EventBookmark","Information","Info","SAM","System.Collections.ObjectModel.ReadOnlyCollection`1[System.String]","System.Collections.Generic.List`1[System.Diagnostics.Eventing.Reader.EventProperty]"
"The handle to an object was closed.

Subject :
	Security ID:		S-1-5-18
	Account Name:		DESKTOP-H1J37M8$
	Account Domain:		WORKGROUP
	Logon ID:		0x3E7

Object:
	Object Server:		Security Account Manager
	Handle ID:		0x2a9c2b76840

Process Information:
	Process ID:		0x460
	Process Name:		C:\Windows\System32\lsass.exe","4658","0",,"0","12804","0","-9214364837600034816","911772","Microsoft-Windows-Security-Auditing","54849625-5478-4994-a5ba-3e3b0328c30d","Security","4","1972","DESKTOP-H1J37M8",,"10-06-2019 10:00:09",,,"d:\log_doc\sec_10-06.evtx","System.UInt32[]","System.Diagnostics.Eventing.Reader.EventBookmark","Information","Info","Other Object Access Events","System.Collections.ObjectModel.ReadOnlyCollection`1[System.String]","System.Collections.Generic.List`1[System.Diagnostics.Eventing.Reader.EventProperty]"
"The handle to an object was closed.

Subject :
	Security ID:		S-1-5-18
	Account Name:		DESKTOP-H1J37M8$
	Account Domain:		WORKGROUP
	Logon ID:		0x3E7

Object:
	Object Server:		Security Account Manager
	Handle ID:		0x2a9c2b77240

Process Information:
	Process ID:		0x460
	Process Name:		C:\Windows\System32\lsass.exe","4658","0",,"0","12804","0","-9214364837600034816","911771","Microsoft-Windows-Security-Auditing","54849625-5478-4994-a5ba-3e3b0328c30d","Security","4","1972","DESKTOP-H1J37M8",,"10-06-2019 10:00:09",,,"d:\log_doc\sec_10-06.evtx","System.UInt32[]","System.Diagnostics.Eventing.Reader.EventBookmark","Information","Info","Other Object Access Events","System.Collections.ObjectModel.ReadOnlyCollection`1[System.String]","System.Collections.Generic.List`1[System.Diagnostics.Eventing.Reader.EventProperty]"
"A handle to an object was requested.

Subject:
	Security ID:		S-1-5-18
	Account Name:		DESKTOP-H1J37M8$
	Account Domain:		WORKGROUP
	Logon ID:		0x3E7

Object:
	Object Server:		Security Account Manager
	Object Type:		SAM_DOMAIN
	Object Name:		DESKTOP-H1J37M8
	Handle ID:		0x2a9c2b77240
	Resource Attributes:	-

Process Information:
	Process ID:		0x460
	Process Name:		C:\Windows\System32\lsass.exe

Access Request Information:
	Transaction ID:		{00000000-0000-0000-0000-000000000000}
	Accesses:		DELETE
				READ_CONTROL
				WRITE_DAC
				WRITE_OWNER
				ReadPasswordParameters
				WritePasswordParameters
				ReadOtherParameters
				WriteOtherParameters
				CreateUser
				CreateLocalGroup
				GetLocalGroupMembership
				ListAccounts
				LookupIDs
				AdministerServer
				
	Access Reasons:		-
	Access Mask:		0xF07DF
	Privileges Used for Access Check:	-
	Restricted SID Count:	0","4656","1",,"0","12803","0","-9214364837600034816","911770","Microsoft-Windows-Security-Auditing","54849625-5478-4994-a5ba-3e3b0328c30d","Security","4","1972","DESKTOP-H1J37M8",,"10-06-2019 10:00:09",,,"d:\log_doc\sec_10-06.evtx","System.UInt32[]","System.Diagnostics.Eventing.Reader.EventBookmark","Information","Info","SAM","System.Collections.ObjectModel.ReadOnlyCollection`1[System.String]","System.Collections.Generic.List`1[System.Diagnostics.Eventing.Reader.EventProperty]"
"A handle to an object was requested.

Subject:
	Security ID:		S-1-5-18
	Account Name:		DESKTOP-H1J37M8$
	Account Domain:		WORKGROUP
	Logon ID:		0x3E7

Object:
	Object Server:		Security Account Manager
	Object Type:		SAM_SERVER
	Object Name:		SAM
	Handle ID:		0x2a9c2b76840
	Resource Attributes:	-

Process Information:
	Process ID:		0x460
	Process Name:		C:\Windows\System32\lsass.exe

Access Request Information:
	Transaction ID:		{00000000-0000-0000-0000-000000000000}
	Accesses:		DELETE
				READ_CONTROL
				WRITE_DAC
				WRITE_OWNER
				ConnectToServer
				ShutdownServer
				InitializeServer
				CreateDomain
				EnumerateDomains
				LookupDomain
				
	Access Reasons:		-
	Access Mask:		0xF003F
	Privileges Used for Access Check:	-
	Restricted SID Count:	0","4656","1",,"0","12803","0","-9214364837600034816","911769","Microsoft-Windows-Security-Auditing","54849625-5478-4994-a5ba-3e3b0328c30d","Security","4","1972","DESKTOP-H1J37M8",,"10-06-2019 10:00:09",,,"d:\log_doc\sec_10-06.evtx","System.UInt32[]","System.Diagnostics.Eventing.Reader.EventBookmark","Information","Info","SAM","System.Collections.ObjectModel.ReadOnlyCollection`1[System.String]","System.Collections.Generic.List`1[System.Diagnostics.Eventing.Reader.EventProperty]"
"The handle to an object was closed.

Subject :
	Security ID:		S-1-5-18
	Account Name:		DESKTOP-H1J37M8$
	Account Domain:		WORKGROUP
	Logon ID:		0x3E7

Object:
	Object Server:		Security Account Manager
	Handle ID:		0x2a9c2b74a40

Process Information:
	Process ID:		0x460
	Process Name:		C:\Windows\System32\lsass.exe","4658","0",,"0","12804","0","-9214364837600034816","911768","Microsoft-Windows-Security-Auditing","54849625-5478-4994-a5ba-3e3b0328c30d","Security","4","448","DESKTOP-H1J37M8",,"10-06-2019 10:00:09",,,"d:\log_doc\sec_10-06.evtx","System.UInt32[]","System.Diagnostics.Eventing.Reader.EventBookmark","Information","Info","Other Object Access Events","System.Collections.ObjectModel.ReadOnlyCollection`1[System.String]","System.Collections.Generic.List`1[System.Diagnostics.Eventing.Reader.EventProperty]"
"The handle to an object was closed.

Subject :
	Security ID:		S-1-5-18
	Account Name:		DESKTOP-H1J37M8$
	Account Domain:		WORKGROUP
	Logon ID:		0x3E7

Object:
	Object Server:		Security Account Manager
	Handle ID:		0x2a9c2b75440

Process Information:
	Process ID:		0x460
	Process Name:		C:\Windows\System32\lsass.exe","4658","0",,"0","12804","0","-9214364837600034816","911767","Microsoft-Windows-Security-Auditing","54849625-5478-4994-a5ba-3e3b0328c30d","Security","4","448","DESKTOP-H1J37M8",,"10-06-2019 10:00:09",,,"d:\log_doc\sec_10-06.evtx","System.UInt32[]","System.Diagnostics.Eventing.Reader.EventBookmark","Information","Info","Other Object Access Events","System.Collections.ObjectModel.ReadOnlyCollection`1[System.String]","System.Collections.Generic.List`1[System.Diagnostics.Eventing.Reader.EventProperty]"
"The handle to an object was closed.

Subject :
	Security ID:		S-1-5-18
	Account Name:		DESKTOP-H1J37M8$
	Account Domain:		WORKGROUP
	Logon ID:		0x3E7

Object:
	Object Server:		Security Account Manager
	Handle ID:		0x2a9c2b77740

Process Information:
	Process ID:		0x460
	Process Name:		C:\Windows\System32\lsass.exe","4658","0",,"0","12804","0","-9214364837600034816","911766","Microsoft-Windows-Security-Auditing","54849625-5478-4994-a5ba-3e3b0328c30d","Security","4","448","DESKTOP-H1J37M8",,"10-06-2019 10:00:09",,,"d:\log_doc\sec_10-06.evtx","System.UInt32[]","System.Diagnostics.Eventing.Reader.EventBookmark","Information","Info","Other Object Access Events","System.Collections.ObjectModel.ReadOnlyCollection`1[System.String]","System.Collections.Generic.List`1[System.Diagnostics.Eventing.Reader.EventProperty]"
"A handle to an object was requested.

Subject:
	Security ID:		S-1-5-18
	Account Name:		DESKTOP-H1J37M8$
	Account Domain:		WORKGROUP
	Logon ID:		0x3E7

Object:
	Object Server:		Security Account Manager
	Object Type:		SAM_USER
	Object Name:		DOMAINS\Account\Users\000003E9
	Handle ID:		0x2a9c2b77740
	Resource Attributes:	-

Process Information:
	Process ID:		0x460
	Process Name:		C:\Windows\System32\lsass.exe

Access Request Information:
	Transaction ID:		{00000000-0000-0000-0000-000000000000}
	Accesses:		DELETE
				READ_CONTROL
				WRITE_DAC
				WRITE_OWNER
				ReadGeneralInformation
				ReadPreferences
				WritePreferences
				ReadLogon
				ReadAccount
				WriteAccount
				ChangePassword (with knowledge of old password)
				SetPassword (without knowledge of old password)
				ListGroups
				ReadGroupMembership
				ChangeGroupMembership
				
	Access Reasons:		-
	Access Mask:		0xF07FF
	Privileges Used for Access Check:	-
	Restricted SID Count:	0","4656","1",,"0","12803","0","-9214364837600034816","911765","Microsoft-Windows-Security-Auditing","54849625-5478-4994-a5ba-3e3b0328c30d","Security","4","448","DESKTOP-H1J37M8",,"10-06-2019 10:00:09",,,"d:\log_doc\sec_10-06.evtx","System.UInt32[]","System.Diagnostics.Eventing.Reader.EventBookmark","Information","Info","SAM","System.Collections.ObjectModel.ReadOnlyCollection`1[System.String]","System.Collections.Generic.List`1[System.Diagnostics.Eventing.Reader.EventProperty]"
"A handle to an object was requested.

Subject:
	Security ID:		S-1-5-18
	Account Name:		DESKTOP-H1J37M8$
	Account Domain:		WORKGROUP
	Logon ID:		0x3E7

Object:
	Object Server:		Security Account Manager
	Object Type:		SAM_DOMAIN
	Object Name:		DESKTOP-H1J37M8
	Handle ID:		0x2a9c2b75440
	Resource Attributes:	-

Process Information:
	Process ID:		0x460
	Process Name:		C:\Windows\System32\lsass.exe

Access Request Information:
	Transaction ID:		{00000000-0000-0000-0000-000000000000}
	Accesses:		DELETE
				READ_CONTROL
				WRITE_DAC
				WRITE_OWNER
				ReadPasswordParameters
				WritePasswordParameters
				ReadOtherParameters
				WriteOtherParameters
				CreateUser
				CreateLocalGroup
				GetLocalGroupMembership
				ListAccounts
				LookupIDs
				AdministerServer
				
	Access Reasons:		-
	Access Mask:		0xF07DF
	Privileges Used for Access Check:	-
	Restricted SID Count:	0","4656","1",,"0","12803","0","-9214364837600034816","911764","Microsoft-Windows-Security-Auditing","54849625-5478-4994-a5ba-3e3b0328c30d","Security","4","5824","DESKTOP-H1J37M8",,"10-06-2019 10:00:09",,,"d:\log_doc\sec_10-06.evtx","System.UInt32[]","System.Diagnostics.Eventing.Reader.EventBookmark","Information","Info","SAM","System.Collections.ObjectModel.ReadOnlyCollection`1[System.String]","System.Collections.Generic.List`1[System.Diagnostics.Eventing.Reader.EventProperty]"
"A handle to an object was requested.

Subject:
	Security ID:		S-1-5-18
	Account Name:		DESKTOP-H1J37M8$
	Account Domain:		WORKGROUP
	Logon ID:		0x3E7

Object:
	Object Server:		Security Account Manager
	Object Type:		SAM_SERVER
	Object Name:		SAM
	Handle ID:		0x2a9c2b74a40
	Resource Attributes:	-

Process Information:
	Process ID:		0x460
	Process Name:		C:\Windows\System32\lsass.exe

Access Request Information:
	Transaction ID:		{00000000-0000-0000-0000-000000000000}
	Accesses:		DELETE
				READ_CONTROL
				WRITE_DAC
				WRITE_OWNER
				ConnectToServer
				ShutdownServer
				InitializeServer
				CreateDomain
				EnumerateDomains
				LookupDomain
				
	Access Reasons:		-
	Access Mask:		0xF003F
	Privileges Used for Access Check:	-
	Restricted SID Count:	0","4656","1",,"0","12803","0","-9214364837600034816","911763","Microsoft-Windows-Security-Auditing","54849625-5478-4994-a5ba-3e3b0328c30d","Security","4","5824","DESKTOP-H1J37M8",,"10-06-2019 10:00:09",,,"d:\log_doc\sec_10-06.evtx","System.UInt32[]","System.Diagnostics.Eventing.Reader.EventBookmark","Information","Info","SAM","System.Collections.ObjectModel.ReadOnlyCollection`1[System.String]","System.Collections.Generic.List`1[System.Diagnostics.Eventing.Reader.EventProperty]"
"The handle to an object was closed.

Subject :
	Security ID:		S-1-5-18
	Account Name:		DESKTOP-H1J37M8$
	Account Domain:		WORKGROUP
	Logon ID:		0x3E7

Object:
	Object Server:		Security Account Manager
	Handle ID:		0x2a9c2b76840

Process Information:
	Process ID:		0x460
	Process Name:		C:\Windows\System32\lsass.exe","4658","0",,"0","12804","0","-9214364837600034816","911762","Microsoft-Windows-Security-Auditing","54849625-5478-4994-a5ba-3e3b0328c30d","Security","4","448","DESKTOP-H1J37M8",,"10-06-2019 10:00:09",,,"d:\log_doc\sec_10-06.evtx","System.UInt32[]","System.Diagnostics.Eventing.Reader.EventBookmark","Information","Info","Other Object Access Events","System.Collections.ObjectModel.ReadOnlyCollection`1[System.String]","System.Collections.Generic.List`1[System.Diagnostics.Eventing.Reader.EventProperty]"
"The handle to an object was closed.

Subject :
	Security ID:		S-1-5-18
	Account Name:		DESKTOP-H1J37M8$
	Account Domain:		WORKGROUP
	Logon ID:		0x3E7

Object:
	Object Server:		Security Account Manager
	Handle ID:		0x2a9c2b74a40

Process Information:
	Process ID:		0x460
	Process Name:		C:\Windows\System32\lsass.exe","4658","0",,"0","12804","0","-9214364837600034816","911761","Microsoft-Windows-Security-Auditing","54849625-5478-4994-a5ba-3e3b0328c30d","Security","4","448","DESKTOP-H1J37M8",,"10-06-2019 10:00:09",,,"d:\log_doc\sec_10-06.evtx","System.UInt32[]","System.Diagnostics.Eventing.Reader.EventBookmark","Information","Info","Other Object Access Events","System.Collections.ObjectModel.ReadOnlyCollection`1[System.String]","System.Collections.Generic.List`1[System.Diagnostics.Eventing.Reader.EventProperty]"
"A handle to an object was requested.

Subject:
	Security ID:		S-1-5-18
	Account Name:		DESKTOP-H1J37M8$
	Account Domain:		WORKGROUP
	Logon ID:		0x3E7

Object:
	Object Server:		Security Account Manager
	Object Type:		SAM_DOMAIN
	Object Name:		DESKTOP-H1J37M8
	Handle ID:		0x2a9c2b74a40
	Resource Attributes:	-

Process Information:
	Process ID:		0x460
	Process Name:		C:\Windows\System32\lsass.exe

Access Request Information:
	Transaction ID:		{00000000-0000-0000-0000-000000000000}
	Accesses:		DELETE
				READ_CONTROL
				WRITE_DAC
				WRITE_OWNER
				ReadPasswordParameters
				WritePasswordParameters
				ReadOtherParameters
				WriteOtherParameters
				CreateUser
				CreateLocalGroup
				GetLocalGroupMembership
				ListAccounts
				LookupIDs
				AdministerServer
				
	Access Reasons:		-
	Access Mask:		0xF07DF
	Privileges Used for Access Check:	-
	Restricted SID Count:	0","4656","1",,"0","12803","0","-9214364837600034816","911760","Microsoft-Windows-Security-Auditing","54849625-5478-4994-a5ba-3e3b0328c30d","Security","4","448","DESKTOP-H1J37M8",,"10-06-2019 10:00:09",,,"d:\log_doc\sec_10-06.evtx","System.UInt32[]","System.Diagnostics.Eventing.Reader.EventBookmark","Information","Info","SAM","System.Collections.ObjectModel.ReadOnlyCollection`1[System.String]","System.Collections.Generic.List`1[System.Diagnostics.Eventing.Reader.EventProperty]"
"A handle to an object was requested.

Subject:
	Security ID:		S-1-5-18
	Account Name:		DESKTOP-H1J37M8$
	Account Domain:		WORKGROUP
	Logon ID:		0x3E7

Object:
	Object Server:		Security Account Manager
	Object Type:		SAM_SERVER
	Object Name:		SAM
	Handle ID:		0x2a9c2b76840
	Resource Attributes:	-

Process Information:
	Process ID:		0x460
	Process Name:		C:\Windows\System32\lsass.exe

Access Request Information:
	Transaction ID:		{00000000-0000-0000-0000-000000000000}
	Accesses:		DELETE
				READ_CONTROL
				WRITE_DAC
				WRITE_OWNER
				ConnectToServer
				ShutdownServer
				InitializeServer
				CreateDomain
				EnumerateDomains
				LookupDomain
				
	Access Reasons:		-
	Access Mask:		0xF003F
	Privileges Used for Access Check:	-
	Restricted SID Count:	0","4656","1",,"0","12803","0","-9214364837600034816","911759","Microsoft-Windows-Security-Auditing","54849625-5478-4994-a5ba-3e3b0328c30d","Security","4","448","DESKTOP-H1J37M8",,"10-06-2019 10:00:09",,,"d:\log_doc\sec_10-06.evtx","System.UInt32[]","System.Diagnostics.Eventing.Reader.EventBookmark","Information","Info","SAM","System.Collections.ObjectModel.ReadOnlyCollection`1[System.String]","System.Collections.Generic.List`1[System.Diagnostics.Eventing.Reader.EventProperty]"
"The handle to an object was closed.

Subject :
	Security ID:		S-1-5-18
	Account Name:		DESKTOP-H1J37M8$
	Account Domain:		WORKGROUP
	Logon ID:		0x3E7

Object:
	Object Server:		Security Account Manager
	Handle ID:		0x2a9c2b76d40

Process Information:
	Process ID:		0x460
	Process Name:		C:\Windows\System32\lsass.exe","4658","0",,"0","12804","0","-9214364837600034816","911758","Microsoft-Windows-Security-Auditing","54849625-5478-4994-a5ba-3e3b0328c30d","Security","4","448","DESKTOP-H1J37M8",,"10-06-2019 10:00:09",,,"d:\log_doc\sec_10-06.evtx","System.UInt32[]","System.Diagnostics.Eventing.Reader.EventBookmark","Information","Info","Other Object Access Events","System.Collections.ObjectModel.ReadOnlyCollection`1[System.String]","System.Collections.Generic.List`1[System.Diagnostics.Eventing.Reader.EventProperty]"
"The handle to an object was closed.

Subject :
	Security ID:		S-1-5-18
	Account Name:		DESKTOP-H1J37M8$
	Account Domain:		WORKGROUP
	Logon ID:		0x3E7

Object:
	Object Server:		Security Account Manager
	Handle ID:		0x2a9c2b74040

Process Information:
	Process ID:		0x460
	Process Name:		C:\Windows\System32\lsass.exe","4658","0",,"0","12804","0","-9214364837600034816","911757","Microsoft-Windows-Security-Auditing","54849625-5478-4994-a5ba-3e3b0328c30d","Security","4","448","DESKTOP-H1J37M8",,"10-06-2019 10:00:09",,,"d:\log_doc\sec_10-06.evtx","System.UInt32[]","System.Diagnostics.Eventing.Reader.EventBookmark","Information","Info","Other Object Access Events","System.Collections.ObjectModel.ReadOnlyCollection`1[System.String]","System.Collections.Generic.List`1[System.Diagnostics.Eventing.Reader.EventProperty]"
"A handle to an object was requested.

Subject:
	Security ID:		S-1-5-18
	Account Name:		DESKTOP-H1J37M8$
	Account Domain:		WORKGROUP
	Logon ID:		0x3E7

Object:
	Object Server:		Security Account Manager
	Object Type:		SAM_DOMAIN
	Object Name:		DESKTOP-H1J37M8
	Handle ID:		0x2a9c2b74040
	Resource Attributes:	-

Process Information:
	Process ID:		0x460
	Process Name:		C:\Windows\System32\lsass.exe

Access Request Information:
	Transaction ID:		{00000000-0000-0000-0000-000000000000}
	Accesses:		DELETE
				READ_CONTROL
				WRITE_DAC
				WRITE_OWNER
				ReadPasswordParameters
				WritePasswordParameters
				ReadOtherParameters
				WriteOtherParameters
				CreateUser
				CreateLocalGroup
				GetLocalGroupMembership
				ListAccounts
				LookupIDs
				AdministerServer
				
	Access Reasons:		-
	Access Mask:		0xF07DF
	Privileges Used for Access Check:	-
	Restricted SID Count:	0","4656","1",,"0","12803","0","-9214364837600034816","911756","Microsoft-Windows-Security-Auditing","54849625-5478-4994-a5ba-3e3b0328c30d","Security","4","448","DESKTOP-H1J37M8",,"10-06-2019 10:00:09",,,"d:\log_doc\sec_10-06.evtx","System.UInt32[]","System.Diagnostics.Eventing.Reader.EventBookmark","Information","Info","SAM","System.Collections.ObjectModel.ReadOnlyCollection`1[System.String]","System.Collections.Generic.List`1[System.Diagnostics.Eventing.Reader.EventProperty]"
"A handle to an object was requested.

Subject:
	Security ID:		S-1-5-18
	Account Name:		DESKTOP-H1J37M8$
	Account Domain:		WORKGROUP
	Logon ID:		0x3E7

Object:
	Object Server:		Security Account Manager
	Object Type:		SAM_SERVER
	Object Name:		SAM
	Handle ID:		0x2a9c2b76d40
	Resource Attributes:	-

Process Information:
	Process ID:		0x460
	Process Name:		C:\Windows\System32\lsass.exe

Access Request Information:
	Transaction ID:		{00000000-0000-0000-0000-000000000000}
	Accesses:		DELETE
				READ_CONTROL
				WRITE_DAC
				WRITE_OWNER
				ConnectToServer
				ShutdownServer
				InitializeServer
				CreateDomain
				EnumerateDomains
				LookupDomain
				
	Access Reasons:		-
	Access Mask:		0xF003F
	Privileges Used for Access Check:	-
	Restricted SID Count:	0","4656","1",,"0","12803","0","-9214364837600034816","911755","Microsoft-Windows-Security-Auditing","54849625-5478-4994-a5ba-3e3b0328c30d","Security","4","448","DESKTOP-H1J37M8",,"10-06-2019 10:00:09",,,"d:\log_doc\sec_10-06.evtx","System.UInt32[]","System.Diagnostics.Eventing.Reader.EventBookmark","Information","Info","SAM","System.Collections.ObjectModel.ReadOnlyCollection`1[System.String]","System.Collections.Generic.List`1[System.Diagnostics.Eventing.Reader.EventProperty]"
"The handle to an object was closed.

Subject :
	Security ID:		S-1-5-18
	Account Name:		DESKTOP-H1J37M8$
	Account Domain:		WORKGROUP
	Logon ID:		0x3E7

Object:
	Object Server:		Security Account Manager
	Handle ID:		0x2a9c2b74040

Process Information:
	Process ID:		0x460
	Process Name:		C:\Windows\System32\lsass.exe","4658","0",,"0","12804","0","-9214364837600034816","911754","Microsoft-Windows-Security-Auditing","54849625-5478-4994-a5ba-3e3b0328c30d","Security","4","448","DESKTOP-H1J37M8",,"10-06-2019 10:00:09",,,"d:\log_doc\sec_10-06.evtx","System.UInt32[]","System.Diagnostics.Eventing.Reader.EventBookmark","Information","Info","Other Object Access Events","System.Collections.ObjectModel.ReadOnlyCollection`1[System.String]","System.Collections.Generic.List`1[System.Diagnostics.Eventing.Reader.EventProperty]"
"The handle to an object was closed.

Subject :
	Security ID:		S-1-5-18
	Account Name:		DESKTOP-H1J37M8$
	Account Domain:		WORKGROUP
	Logon ID:		0x3E7

Object:
	Object Server:		Security Account Manager
	Handle ID:		0x2a9c2b76d40

Process Information:
	Process ID:		0x460
	Process Name:		C:\Windows\System32\lsass.exe","4658","0",,"0","12804","0","-9214364837600034816","911753","Microsoft-Windows-Security-Auditing","54849625-5478-4994-a5ba-3e3b0328c30d","Security","4","448","DESKTOP-H1J37M8",,"10-06-2019 10:00:09",,,"d:\log_doc\sec_10-06.evtx","System.UInt32[]","System.Diagnostics.Eventing.Reader.EventBookmark","Information","Info","Other Object Access Events","System.Collections.ObjectModel.ReadOnlyCollection`1[System.String]","System.Collections.Generic.List`1[System.Diagnostics.Eventing.Reader.EventProperty]"
"A handle to an object was requested.

Subject:
	Security ID:		S-1-5-18
	Account Name:		DESKTOP-H1J37M8$
	Account Domain:		WORKGROUP
	Logon ID:		0x3E7

Object:
	Object Server:		Security Account Manager
	Object Type:		SAM_DOMAIN
	Object Name:		DESKTOP-H1J37M8
	Handle ID:		0x2a9c2b76d40
	Resource Attributes:	-

Process Information:
	Process ID:		0x460
	Process Name:		C:\Windows\System32\lsass.exe

Access Request Information:
	Transaction ID:		{00000000-0000-0000-0000-000000000000}
	Accesses:		DELETE
				READ_CONTROL
				WRITE_DAC
				WRITE_OWNER
				ReadPasswordParameters
				WritePasswordParameters
				ReadOtherParameters
				WriteOtherParameters
				CreateUser
				CreateLocalGroup
				GetLocalGroupMembership
				ListAccounts
				LookupIDs
				AdministerServer
				
	Access Reasons:		-
	Access Mask:		0xF07DF
	Privileges Used for Access Check:	-
	Restricted SID Count:	0","4656","1",,"0","12803","0","-9214364837600034816","911752","Microsoft-Windows-Security-Auditing","54849625-5478-4994-a5ba-3e3b0328c30d","Security","4","448","DESKTOP-H1J37M8",,"10-06-2019 10:00:09",,,"d:\log_doc\sec_10-06.evtx","System.UInt32[]","System.Diagnostics.Eventing.Reader.EventBookmark","Information","Info","SAM","System.Collections.ObjectModel.ReadOnlyCollection`1[System.String]","System.Collections.Generic.List`1[System.Diagnostics.Eventing.Reader.EventProperty]"
"A handle to an object was requested.

Subject:
	Security ID:		S-1-5-18
	Account Name:		DESKTOP-H1J37M8$
	Account Domain:		WORKGROUP
	Logon ID:		0x3E7

Object:
	Object Server:		Security Account Manager
	Object Type:		SAM_SERVER
	Object Name:		SAM
	Handle ID:		0x2a9c2b74040
	Resource Attributes:	-

Process Information:
	Process ID:		0x460
	Process Name:		C:\Windows\System32\lsass.exe

Access Request Information:
	Transaction ID:		{00000000-0000-0000-0000-000000000000}
	Accesses:		DELETE
				READ_CONTROL
				WRITE_DAC
				WRITE_OWNER
				ConnectToServer
				ShutdownServer
				InitializeServer
				CreateDomain
				EnumerateDomains
				LookupDomain
				
	Access Reasons:		-
	Access Mask:		0xF003F
	Privileges Used for Access Check:	-
	Restricted SID Count:	0","4656","1",,"0","12803","0","-9214364837600034816","911751","Microsoft-Windows-Security-Auditing","54849625-5478-4994-a5ba-3e3b0328c30d","Security","4","448","DESKTOP-H1J37M8",,"10-06-2019 10:00:09",,,"d:\log_doc\sec_10-06.evtx","System.UInt32[]","System.Diagnostics.Eventing.Reader.EventBookmark","Information","Info","SAM","System.Collections.ObjectModel.ReadOnlyCollection`1[System.String]","System.Collections.Generic.List`1[System.Diagnostics.Eventing.Reader.EventProperty]"
"The Windows Filtering Platform has permitted a connection.

Application Information:
	Process ID:		2884
	Application Name:	\device\harddiskvolume2\program files\bitdefender\bitdefender security\bdservicehost.exe

Network Information:
	Direction:		Inbound
	Source Address:		127.0.0.1
	Source Port:		50667
	Destination Address:	127.0.0.1
	Destination Port:		50666
	Protocol:		6

Filter Information:
	Filter Run-Time ID:	695237
	Layer Name:		Receive/Accept
	Layer Run-Time ID:	44","5156","1",,"0","12810","0","-9214364837600034816","911750","Microsoft-Windows-Security-Auditing","54849625-5478-4994-a5ba-3e3b0328c30d","Security","4","2552","DESKTOP-H1J37M8",,"10-06-2019 10:00:08",,,"d:\log_doc\sec_10-06.evtx","System.UInt32[]","System.Diagnostics.Eventing.Reader.EventBookmark","Information","Info","Filtering Platform Connection","System.Collections.ObjectModel.ReadOnlyCollection`1[System.String]","System.Collections.Generic.List`1[System.Diagnostics.Eventing.Reader.EventProperty]"
"The Windows Filtering Platform has permitted a connection.

Application Information:
	Process ID:		2884
	Application Name:	\device\harddiskvolume2\program files\bitdefender\bitdefender security\bdservicehost.exe

Network Information:
	Direction:		Outbound
	Source Address:		127.0.0.1
	Source Port:		50667
	Destination Address:	127.0.0.1
	Destination Port:		50666
	Protocol:		6

Filter Information:
	Filter Run-Time ID:	695239
	Layer Name:		Connect
	Layer Run-Time ID:	48","5156","1",,"0","12810","0","-9214364837600034816","911749","Microsoft-Windows-Security-Auditing","54849625-5478-4994-a5ba-3e3b0328c30d","Security","4","2552","DESKTOP-H1J37M8",,"10-06-2019 10:00:08",,,"d:\log_doc\sec_10-06.evtx","System.UInt32[]","System.Diagnostics.Eventing.Reader.EventBookmark","Information","Info","Filtering Platform Connection","System.Collections.ObjectModel.ReadOnlyCollection`1[System.String]","System.Collections.Generic.List`1[System.Diagnostics.Eventing.Reader.EventProperty]"
"The Windows Filtering Platform has permitted a connection.

Application Information:
	Process ID:		2884
	Application Name:	\device\harddiskvolume2\program files\bitdefender\bitdefender security\bdservicehost.exe

Network Information:
	Direction:		Inbound
	Source Address:		127.0.0.1
	Source Port:		50665
	Destination Address:	127.0.0.1
	Destination Port:		50664
	Protocol:		6

Filter Information:
	Filter Run-Time ID:	695237
	Layer Name:		Receive/Accept
	Layer Run-Time ID:	44","5156","1",,"0","12810","0","-9214364837600034816","911748","Microsoft-Windows-Security-Auditing","54849625-5478-4994-a5ba-3e3b0328c30d","Security","4","2552","DESKTOP-H1J37M8",,"10-06-2019 10:00:08",,,"d:\log_doc\sec_10-06.evtx","System.UInt32[]","System.Diagnostics.Eventing.Reader.EventBookmark","Information","Info","Filtering Platform Connection","System.Collections.ObjectModel.ReadOnlyCollection`1[System.String]","System.Collections.Generic.List`1[System.Diagnostics.Eventing.Reader.EventProperty]"
"The Windows Filtering Platform has permitted a connection.

Application Information:
	Process ID:		2884
	Application Name:	\device\harddiskvolume2\program files\bitdefender\bitdefender security\bdservicehost.exe

Network Information:
	Direction:		Outbound
	Source Address:		127.0.0.1
	Source Port:		50665
	Destination Address:	127.0.0.1
	Destination Port:		50664
	Protocol:		6

Filter Information:
	Filter Run-Time ID:	695239
	Layer Name:		Connect
	Layer Run-Time ID:	48","5156","1",,"0","12810","0","-9214364837600034816","911747","Microsoft-Windows-Security-Auditing","54849625-5478-4994-a5ba-3e3b0328c30d","Security","4","2552","DESKTOP-H1J37M8",,"10-06-2019 10:00:08",,,"d:\log_doc\sec_10-06.evtx","System.UInt32[]","System.Diagnostics.Eventing.Reader.EventBookmark","Information","Info","Filtering Platform Connection","System.Collections.ObjectModel.ReadOnlyCollection`1[System.String]","System.Collections.Generic.List`1[System.Diagnostics.Eventing.Reader.EventProperty]"
"The Windows Filtering Platform has permitted a connection.

Application Information:
	Process ID:		2828
	Application Name:	\device\harddiskvolume2\program files\bitdefender\bitdefender device management\devmgmtservice.exe

Network Information:
	Direction:		Inbound
	Source Address:		127.0.0.1
	Source Port:		50663
	Destination Address:	127.0.0.1
	Destination Port:		50662
	Protocol:		6

Filter Information:
	Filter Run-Time ID:	695237
	Layer Name:		Receive/Accept
	Layer Run-Time ID:	44","5156","1",,"0","12810","0","-9214364837600034816","911746","Microsoft-Windows-Security-Auditing","54849625-5478-4994-a5ba-3e3b0328c30d","Security","4","128","DESKTOP-H1J37M8",,"10-06-2019 10:00:08",,,"d:\log_doc\sec_10-06.evtx","System.UInt32[]","System.Diagnostics.Eventing.Reader.EventBookmark","Information","Info","Filtering Platform Connection","System.Collections.ObjectModel.ReadOnlyCollection`1[System.String]","System.Collections.Generic.List`1[System.Diagnostics.Eventing.Reader.EventProperty]"
"The Windows Filtering Platform has permitted a connection.

Application Information:
	Process ID:		2828
	Application Name:	\device\harddiskvolume2\program files\bitdefender\bitdefender device management\devmgmtservice.exe

Network Information:
	Direction:		Outbound
	Source Address:		127.0.0.1
	Source Port:		50663
	Destination Address:	127.0.0.1
	Destination Port:		50662
	Protocol:		6

Filter Information:
	Filter Run-Time ID:	695239
	Layer Name:		Connect
	Layer Run-Time ID:	48","5156","1",,"0","12810","0","-9214364837600034816","911745","Microsoft-Windows-Security-Auditing","54849625-5478-4994-a5ba-3e3b0328c30d","Security","4","128","DESKTOP-H1J37M8",,"10-06-2019 10:00:08",,,"d:\log_doc\sec_10-06.evtx","System.UInt32[]","System.Diagnostics.Eventing.Reader.EventBookmark","Information","Info","Filtering Platform Connection","System.Collections.ObjectModel.ReadOnlyCollection`1[System.String]","System.Collections.Generic.List`1[System.Diagnostics.Eventing.Reader.EventProperty]"
"The Windows Filtering Platform has permitted a connection.

Application Information:
	Process ID:		2828
	Application Name:	\device\harddiskvolume2\program files\bitdefender\bitdefender device management\devmgmtservice.exe

Network Information:
	Direction:		Inbound
	Source Address:		127.0.0.1
	Source Port:		50661
	Destination Address:	127.0.0.1
	Destination Port:		50660
	Protocol:		6

Filter Information:
	Filter Run-Time ID:	695237
	Layer Name:		Receive/Accept
	Layer Run-Time ID:	44","5156","1",,"0","12810","0","-9214364837600034816","911744","Microsoft-Windows-Security-Auditing","54849625-5478-4994-a5ba-3e3b0328c30d","Security","4","128","DESKTOP-H1J37M8",,"10-06-2019 10:00:08",,,"d:\log_doc\sec_10-06.evtx","System.UInt32[]","System.Diagnostics.Eventing.Reader.EventBookmark","Information","Info","Filtering Platform Connection","System.Collections.ObjectModel.ReadOnlyCollection`1[System.String]","System.Collections.Generic.List`1[System.Diagnostics.Eventing.Reader.EventProperty]"
"The Windows Filtering Platform has permitted a connection.

Application Information:
	Process ID:		2828
	Application Name:	\device\harddiskvolume2\program files\bitdefender\bitdefender device management\devmgmtservice.exe

Network Information:
	Direction:		Outbound
	Source Address:		127.0.0.1
	Source Port:		50661
	Destination Address:	127.0.0.1
	Destination Port:		50660
	Protocol:		6

Filter Information:
	Filter Run-Time ID:	695239
	Layer Name:		Connect
	Layer Run-Time ID:	48","5156","1",,"0","12810","0","-9214364837600034816","911743","Microsoft-Windows-Security-Auditing","54849625-5478-4994-a5ba-3e3b0328c30d","Security","4","128","DESKTOP-H1J37M8",,"10-06-2019 10:00:08",,,"d:\log_doc\sec_10-06.evtx","System.UInt32[]","System.Diagnostics.Eventing.Reader.EventBookmark","Information","Info","Filtering Platform Connection","System.Collections.ObjectModel.ReadOnlyCollection`1[System.String]","System.Collections.Generic.List`1[System.Diagnostics.Eventing.Reader.EventProperty]"
"The Windows Filtering Platform has permitted a connection.

Application Information:
	Process ID:		964
	Application Name:	\device\harddiskvolume2\program files\bitdefender\bitdefender security\vsserv.exe

Network Information:
	Direction:		Inbound
	Source Address:		127.0.0.1
	Source Port:		50659
	Destination Address:	127.0.0.1
	Destination Port:		50658
	Protocol:		6

Filter Information:
	Filter Run-Time ID:	695237
	Layer Name:		Receive/Accept
	Layer Run-Time ID:	44","5156","1",,"0","12810","0","-9214364837600034816","911742","Microsoft-Windows-Security-Auditing","54849625-5478-4994-a5ba-3e3b0328c30d","Security","4","128","DESKTOP-H1J37M8",,"10-06-2019 10:00:08",,,"d:\log_doc\sec_10-06.evtx","System.UInt32[]","System.Diagnostics.Eventing.Reader.EventBookmark","Information","Info","Filtering Platform Connection","System.Collections.ObjectModel.ReadOnlyCollection`1[System.String]","System.Collections.Generic.List`1[System.Diagnostics.Eventing.Reader.EventProperty]"
