"The Windows Filtering Platform has permitted a connection.

Application Information:
	Process ID:		2828
	Application Name:	\device\harddiskvolume2\program files\bitdefender\bitdefender device management\devmgmtservice.exe

Network Information:
	Direction:		Outbound
	Source Address:		127.0.0.1
	Source Port:		50727
	Destination Address:	127.0.0.1
	Destination Port:		50726
	Protocol:		6

Filter Information:
	Filter Run-Time ID:	695239
	Layer Name:		Connect
	Layer Run-Time ID:	48","5156","1",,"0","12810","0","-9214364837600034816","911985","Microsoft-Windows-Security-Auditing","54849625-5478-4994-a5ba-3e3b0328c30d","Security","4","3220","DESKTOP-H1J37M8",,"10-06-2019 10:04:08",,,"d:\log_doc\sec_10-06.evtx","System.UInt32[]","System.Diagnostics.Eventing.Reader.EventBookmark","Information","Info","Filtering Platform Connection","System.Collections.ObjectModel.ReadOnlyCollection`1[System.String]","System.Collections.Generic.List`1[System.Diagnostics.Eventing.Reader.EventProperty]"
"The Windows Filtering Platform has permitted a connection.

Application Information:
	Process ID:		2828
	Application Name:	\device\harddiskvolume2\program files\bitdefender\bitdefender device management\devmgmtservice.exe

Network Information:
	Direction:		Inbound
	Source Address:		127.0.0.1
	Source Port:		50725
	Destination Address:	127.0.0.1
	Destination Port:		50724
	Protocol:		6

Filter Information:
	Filter Run-Time ID:	695237
	Layer Name:		Receive/Accept
	Layer Run-Time ID:	44","5156","1",,"0","12810","0","-9214364837600034816","911984","Microsoft-Windows-Security-Auditing","54849625-5478-4994-a5ba-3e3b0328c30d","Security","4","3220","DESKTOP-H1J37M8",,"10-06-2019 10:04:08",,,"d:\log_doc\sec_10-06.evtx","System.UInt32[]","System.Diagnostics.Eventing.Reader.EventBookmark","Information","Info","Filtering Platform Connection","System.Collections.ObjectModel.ReadOnlyCollection`1[System.String]","System.Collections.Generic.List`1[System.Diagnostics.Eventing.Reader.EventProperty]"
"The Windows Filtering Platform has permitted a connection.

Application Information:
	Process ID:		2828
	Application Name:	\device\harddiskvolume2\program files\bitdefender\bitdefender device management\devmgmtservice.exe

Network Information:
	Direction:		Outbound
	Source Address:		127.0.0.1
	Source Port:		50725
	Destination Address:	127.0.0.1
	Destination Port:		50724
	Protocol:		6

Filter Information:
	Filter Run-Time ID:	695239
	Layer Name:		Connect
	Layer Run-Time ID:	48","5156","1",,"0","12810","0","-9214364837600034816","911983","Microsoft-Windows-Security-Auditing","54849625-5478-4994-a5ba-3e3b0328c30d","Security","4","3220","DESKTOP-H1J37M8",,"10-06-2019 10:04:08",,,"d:\log_doc\sec_10-06.evtx","System.UInt32[]","System.Diagnostics.Eventing.Reader.EventBookmark","Information","Info","Filtering Platform Connection","System.Collections.ObjectModel.ReadOnlyCollection`1[System.String]","System.Collections.Generic.List`1[System.Diagnostics.Eventing.Reader.EventProperty]"
"The Windows Filtering Platform has permitted a connection.

Application Information:
	Process ID:		964
	Application Name:	\device\harddiskvolume2\program files\bitdefender\bitdefender security\vsserv.exe

Network Information:
	Direction:		Inbound
	Source Address:		127.0.0.1
	Source Port:		50723
	Destination Address:	127.0.0.1
	Destination Port:		50722
	Protocol:		6

Filter Information:
	Filter Run-Time ID:	695237
	Layer Name:		Receive/Accept
	Layer Run-Time ID:	44","5156","1",,"0","12810","0","-9214364837600034816","911982","Microsoft-Windows-Security-Auditing","54849625-5478-4994-a5ba-3e3b0328c30d","Security","4","3220","DESKTOP-H1J37M8",,"10-06-2019 10:04:08",,,"d:\log_doc\sec_10-06.evtx","System.UInt32[]","System.Diagnostics.Eventing.Reader.EventBookmark","Information","Info","Filtering Platform Connection","System.Collections.ObjectModel.ReadOnlyCollection`1[System.String]","System.Collections.Generic.List`1[System.Diagnostics.Eventing.Reader.EventProperty]"
"The Windows Filtering Platform has permitted a connection.

Application Information:
	Process ID:		964
	Application Name:	\device\harddiskvolume2\program files\bitdefender\bitdefender security\vsserv.exe

Network Information:
	Direction:		Outbound
	Source Address:		127.0.0.1
	Source Port:		50723
	Destination Address:	127.0.0.1
	Destination Port:		50722
	Protocol:		6

Filter Information:
	Filter Run-Time ID:	695239
	Layer Name:		Connect
	Layer Run-Time ID:	48","5156","1",,"0","12810","0","-9214364837600034816","911981","Microsoft-Windows-Security-Auditing","54849625-5478-4994-a5ba-3e3b0328c30d","Security","4","3220","DESKTOP-H1J37M8",,"10-06-2019 10:04:08",,,"d:\log_doc\sec_10-06.evtx","System.UInt32[]","System.Diagnostics.Eventing.Reader.EventBookmark","Information","Info","Filtering Platform Connection","System.Collections.ObjectModel.ReadOnlyCollection`1[System.String]","System.Collections.Generic.List`1[System.Diagnostics.Eventing.Reader.EventProperty]"
"The Windows Filtering Platform has permitted a connection.

Application Information:
	Process ID:		964
	Application Name:	\device\harddiskvolume2\program files\bitdefender\bitdefender security\vsserv.exe

Network Information:
	Direction:		Inbound
	Source Address:		127.0.0.1
	Source Port:		50721
	Destination Address:	127.0.0.1
	Destination Port:		50720
	Protocol:		6

Filter Information:
	Filter Run-Time ID:	695237
	Layer Name:		Receive/Accept
	Layer Run-Time ID:	44","5156","1",,"0","12810","0","-9214364837600034816","911980","Microsoft-Windows-Security-Auditing","54849625-5478-4994-a5ba-3e3b0328c30d","Security","4","3220","DESKTOP-H1J37M8",,"10-06-2019 10:04:08",,,"d:\log_doc\sec_10-06.evtx","System.UInt32[]","System.Diagnostics.Eventing.Reader.EventBookmark","Information","Info","Filtering Platform Connection","System.Collections.ObjectModel.ReadOnlyCollection`1[System.String]","System.Collections.Generic.List`1[System.Diagnostics.Eventing.Reader.EventProperty]"
"The Windows Filtering Platform has permitted a connection.

Application Information:
	Process ID:		964
	Application Name:	\device\harddiskvolume2\program files\bitdefender\bitdefender security\vsserv.exe

Network Information:
	Direction:		Outbound
	Source Address:		127.0.0.1
	Source Port:		50721
	Destination Address:	127.0.0.1
	Destination Port:		50720
	Protocol:		6

Filter Information:
	Filter Run-Time ID:	695239
	Layer Name:		Connect
	Layer Run-Time ID:	48","5156","1",,"0","12810","0","-9214364837600034816","911979","Microsoft-Windows-Security-Auditing","54849625-5478-4994-a5ba-3e3b0328c30d","Security","4","3220","DESKTOP-H1J37M8",,"10-06-2019 10:04:08",,,"d:\log_doc\sec_10-06.evtx","System.UInt32[]","System.Diagnostics.Eventing.Reader.EventBookmark","Information","Info","Filtering Platform Connection","System.Collections.ObjectModel.ReadOnlyCollection`1[System.String]","System.Collections.Generic.List`1[System.Diagnostics.Eventing.Reader.EventProperty]"
"The handle to an object was closed.

Subject :
	Security ID:		S-1-5-21-714234298-2729167949-211770098-1001
	Account Name:		Suchismita
	Account Domain:		DESKTOP-H1J37M8
	Logon ID:		0x8379D

Object:
	Object Server:		Security
	Handle ID:		0x2998

Process Information:
	Process ID:		0x1ed0
	Process Name:		C:\Windows\explorer.exe","4658","0",,"0","12800","0","-9214364837600034816","911978","Microsoft-Windows-Security-Auditing","54849625-5478-4994-a5ba-3e3b0328c30d","Security","4","5260","DESKTOP-H1J37M8",,"10-06-2019 10:03:27",,,"d:\log_doc\sec_10-06.evtx","System.UInt32[]","System.Diagnostics.Eventing.Reader.EventBookmark","Information","Info","File System","System.Collections.ObjectModel.ReadOnlyCollection`1[System.String]","System.Collections.Generic.List`1[System.Diagnostics.Eventing.Reader.EventProperty]"
"Permissions on an object were changed.

Subject:
	Security ID:		S-1-5-21-714234298-2729167949-211770098-1001
	Account Name:		Suchismita
	Account Domain:		DESKTOP-H1J37M8
	Logon ID:		0x8379D

Object:
	Object Server:	Security
	Object Type:	File
	Object Name:	C:\$Recycle.Bin\S-1-5-21-714234298-2729167949-211770098-1001\$R4C9Y1P.txt
	Handle ID:	0x2998

Process:
	Process ID:	0x1ed0
	Process Name:	C:\Windows\explorer.exe

Permissions Change:
	Original Security Descriptor:	D:(A;;FA;;;SY)(A;;FA;;;BA)(A;;FA;;;S-1-5-21-714234298-2729167949-211770098-1001)
	New Security Descriptor:	D:ARAI(A;ID;FA;;;BA)(A;ID;FA;;;SY)(A;ID;FA;;;S-1-5-21-714234298-2729167949-211770098-1001)","4670","0",,"0","13570","0","-9214364837600034816","911977","Microsoft-Windows-Security-Auditing","54849625-5478-4994-a5ba-3e3b0328c30d","Security","4","5260","DESKTOP-H1J37M8",,"10-06-2019 10:03:27",,,"d:\log_doc\sec_10-06.evtx","System.UInt32[]","System.Diagnostics.Eventing.Reader.EventBookmark","Information","Info","Authorization Policy Change","System.Collections.ObjectModel.ReadOnlyCollection`1[System.String]","System.Collections.Generic.List`1[System.Diagnostics.Eventing.Reader.EventProperty]"
"An attempt was made to access an object.

Subject:
	Security ID:		S-1-5-21-714234298-2729167949-211770098-1001
	Account Name:		Suchismita
	Account Domain:		DESKTOP-H1J37M8
	Logon ID:		0x8379D

Object:
	Object Server:		Security
	Object Type:		File
	Object Name:		C:\$Recycle.Bin\S-1-5-21-714234298-2729167949-211770098-1001\$R4C9Y1P.txt
	Handle ID:		0x2998
	Resource Attributes:	S:AI

Process Information:
	Process ID:		0x1ed0
	Process Name:		C:\Windows\explorer.exe

Access Request Information:
	Accesses:		WRITE_DAC
				
	Access Mask:		0x40000","4663","1",,"0","12800","0","-9214364837600034816","911976","Microsoft-Windows-Security-Auditing","54849625-5478-4994-a5ba-3e3b0328c30d","Security","4","5260","DESKTOP-H1J37M8",,"10-06-2019 10:03:27",,,"d:\log_doc\sec_10-06.evtx","System.UInt32[]","System.Diagnostics.Eventing.Reader.EventBookmark","Information","Info","File System","System.Collections.ObjectModel.ReadOnlyCollection`1[System.String]","System.Collections.Generic.List`1[System.Diagnostics.Eventing.Reader.EventProperty]"
"An attempt was made to access an object.

Subject:
	Security ID:		S-1-5-21-714234298-2729167949-211770098-1001
	Account Name:		Suchismita
	Account Domain:		DESKTOP-H1J37M8
	Logon ID:		0x8379D

Object:
	Object Server:		Security
	Object Type:		File
	Object Name:		C:\$Recycle.Bin\S-1-5-21-714234298-2729167949-211770098-1001\$R4C9Y1P.txt
	Handle ID:		0x2998
	Resource Attributes:	S:AI

Process Information:
	Process ID:		0x1ed0
	Process Name:		C:\Windows\explorer.exe

Access Request Information:
	Accesses:		ReadAttributes
				
	Access Mask:		0x80","4663","1",,"0","12800","0","-9214364837600034816","911975","Microsoft-Windows-Security-Auditing","54849625-5478-4994-a5ba-3e3b0328c30d","Security","4","5260","DESKTOP-H1J37M8",,"10-06-2019 10:03:27",,,"d:\log_doc\sec_10-06.evtx","System.UInt32[]","System.Diagnostics.Eventing.Reader.EventBookmark","Information","Info","File System","System.Collections.ObjectModel.ReadOnlyCollection`1[System.String]","System.Collections.Generic.List`1[System.Diagnostics.Eventing.Reader.EventProperty]"
"An attempt was made to access an object.

Subject:
	Security ID:		S-1-5-21-714234298-2729167949-211770098-1001
	Account Name:		Suchismita
	Account Domain:		DESKTOP-H1J37M8
	Logon ID:		0x8379D

Object:
	Object Server:		Security
	Object Type:		File
	Object Name:		C:\$Recycle.Bin\S-1-5-21-714234298-2729167949-211770098-1001\$R4C9Y1P.txt
	Handle ID:		0x2998
	Resource Attributes:	S:AI

Process Information:
	Process ID:		0x1ed0
	Process Name:		C:\Windows\explorer.exe

Access Request Information:
	Accesses:		READ_CONTROL
				
	Access Mask:		0x20000","4663","1",,"0","12800","0","-9214364837600034816","911974","Microsoft-Windows-Security-Auditing","54849625-5478-4994-a5ba-3e3b0328c30d","Security","4","5260","DESKTOP-H1J37M8",,"10-06-2019 10:03:27",,,"d:\log_doc\sec_10-06.evtx","System.UInt32[]","System.Diagnostics.Eventing.Reader.EventBookmark","Information","Info","File System","System.Collections.ObjectModel.ReadOnlyCollection`1[System.String]","System.Collections.Generic.List`1[System.Diagnostics.Eventing.Reader.EventProperty]"
"A handle to an object was requested.

Subject:
	Security ID:		S-1-5-21-714234298-2729167949-211770098-1001
	Account Name:		Suchismita
	Account Domain:		DESKTOP-H1J37M8
	Logon ID:		0x8379D

Object:
	Object Server:		Security
	Object Type:		File
	Object Name:		C:\$Recycle.Bin\S-1-5-21-714234298-2729167949-211770098-1001\$R4C9Y1P.txt
	Handle ID:		0x2998
	Resource Attributes:	-

Process Information:
	Process ID:		0x1ed0
	Process Name:		C:\Windows\explorer.exe

Access Request Information:
	Transaction ID:		{00000000-0000-0000-0000-000000000000}
	Accesses:		READ_CONTROL
				WRITE_DAC
				ReadAttributes
				
	Access Reasons:		READ_CONTROL:	Granted by Ownership
				WRITE_DAC:	Granted by Ownership
				ReadAttributes:	Granted by	D:(A;;FA;;;S-1-5-21-714234298-2729167949-211770098-1001)
				
	Access Mask:		0x60080
	Privileges Used for Access Check:	-
	Restricted SID Count:	0","4656","1",,"0","12800","0","-9214364837600034816","911973","Microsoft-Windows-Security-Auditing","54849625-5478-4994-a5ba-3e3b0328c30d","Security","4","5260","DESKTOP-H1J37M8",,"10-06-2019 10:03:27",,,"d:\log_doc\sec_10-06.evtx","System.UInt32[]","System.Diagnostics.Eventing.Reader.EventBookmark","Information","Info","File System","System.Collections.ObjectModel.ReadOnlyCollection`1[System.String]","System.Collections.Generic.List`1[System.Diagnostics.Eventing.Reader.EventProperty]"
"The handle to an object was closed.

Subject :
	Security ID:		S-1-5-21-714234298-2729167949-211770098-1001
	Account Name:		Suchismita
	Account Domain:		DESKTOP-H1J37M8
	Logon ID:		0x8379D

Object:
	Object Server:		Security
	Handle ID:		0x3568

Process Information:
	Process ID:		0x1ed0
	Process Name:		C:\Windows\explorer.exe","4658","0",,"0","12800","0","-9214364837600034816","911972","Microsoft-Windows-Security-Auditing","54849625-5478-4994-a5ba-3e3b0328c30d","Security","4","5260","DESKTOP-H1J37M8",,"10-06-2019 10:03:27",,,"d:\log_doc\sec_10-06.evtx","System.UInt32[]","System.Diagnostics.Eventing.Reader.EventBookmark","Information","Info","File System","System.Collections.ObjectModel.ReadOnlyCollection`1[System.String]","System.Collections.Generic.List`1[System.Diagnostics.Eventing.Reader.EventProperty]"
"An attempt was made to duplicate a handle to an object.

Subject:
	Security ID:		S-1-5-21-714234298-2729167949-211770098-1001
	Account Name:		Suchismita
	Account Domain:		DESKTOP-H1J37M8
	Logon ID:		0x8379D

Source Handle Information:
	Source Handle ID:	0x2998
	Source Process ID:	0x1ed0

New Handle Information:
	Target Handle ID:	0x3568
	Target Process ID:	0x4","4690","0",,"0","12807","0","-9214364837600034816","911971","Microsoft-Windows-Security-Auditing","54849625-5478-4994-a5ba-3e3b0328c30d","Security","4","5260","DESKTOP-H1J37M8",,"10-06-2019 10:03:27",,,"d:\log_doc\sec_10-06.evtx","System.UInt32[]","System.Diagnostics.Eventing.Reader.EventBookmark","Information","Info","Handle Manipulation","System.Collections.ObjectModel.ReadOnlyCollection`1[System.String]","System.Collections.Generic.List`1[System.Diagnostics.Eventing.Reader.EventProperty]"
"The handle to an object was closed.

Subject :
	Security ID:		S-1-5-21-714234298-2729167949-211770098-1001
	Account Name:		Suchismita
	Account Domain:		DESKTOP-H1J37M8
	Logon ID:		0x8379D

Object:
	Object Server:		Security
	Handle ID:		0x2998

Process Information:
	Process ID:		0x1ed0
	Process Name:		C:\Windows\explorer.exe","4658","0",,"0","12800","0","-9214364837600034816","911970","Microsoft-Windows-Security-Auditing","54849625-5478-4994-a5ba-3e3b0328c30d","Security","4","5260","DESKTOP-H1J37M8",,"10-06-2019 10:03:27",,,"d:\log_doc\sec_10-06.evtx","System.UInt32[]","System.Diagnostics.Eventing.Reader.EventBookmark","Information","Info","File System","System.Collections.ObjectModel.ReadOnlyCollection`1[System.String]","System.Collections.Generic.List`1[System.Diagnostics.Eventing.Reader.EventProperty]"
"An attempt was made to access an object.

Subject:
	Security ID:		S-1-5-21-714234298-2729167949-211770098-1001
	Account Name:		Suchismita
	Account Domain:		DESKTOP-H1J37M8
	Logon ID:		0x8379D

Object:
	Object Server:		Security
	Object Type:		File
	Object Name:		C:\Users\Suchismita\Desktop\Test.txt
	Handle ID:		0x2998
	Resource Attributes:	S:AI

Process Information:
	Process ID:		0x1ed0
	Process Name:		C:\Windows\explorer.exe

Access Request Information:
	Accesses:		DELETE
				
	Access Mask:		0x10000","4663","1",,"0","12800","0","-9214364837600034816","911969","Microsoft-Windows-Security-Auditing","54849625-5478-4994-a5ba-3e3b0328c30d","Security","4","5260","DESKTOP-H1J37M8",,"10-06-2019 10:03:27",,,"d:\log_doc\sec_10-06.evtx","System.UInt32[]","System.Diagnostics.Eventing.Reader.EventBookmark","Information","Info","File System","System.Collections.ObjectModel.ReadOnlyCollection`1[System.String]","System.Collections.Generic.List`1[System.Diagnostics.Eventing.Reader.EventProperty]"
"An attempt was made to access an object.

Subject:
	Security ID:		S-1-5-21-714234298-2729167949-211770098-1001
	Account Name:		Suchismita
	Account Domain:		DESKTOP-H1J37M8
	Logon ID:		0x8379D

Object:
	Object Server:		Security
	Object Type:		File
	Object Name:		C:\Users\Suchismita\Desktop\Test.txt
	Handle ID:		0x2998
	Resource Attributes:	S:AI

Process Information:
	Process ID:		0x1ed0
	Process Name:		C:\Windows\explorer.exe

Access Request Information:
	Accesses:		ReadAttributes
				
	Access Mask:		0x80","4663","1",,"0","12800","0","-9214364837600034816","911968","Microsoft-Windows-Security-Auditing","54849625-5478-4994-a5ba-3e3b0328c30d","Security","4","5260","DESKTOP-H1J37M8",,"10-06-2019 10:03:27",,,"d:\log_doc\sec_10-06.evtx","System.UInt32[]","System.Diagnostics.Eventing.Reader.EventBookmark","Information","Info","File System","System.Collections.ObjectModel.ReadOnlyCollection`1[System.String]","System.Collections.Generic.List`1[System.Diagnostics.Eventing.Reader.EventProperty]"
"A handle to an object was requested.

Subject:
	Security ID:		S-1-5-21-714234298-2729167949-211770098-1001
	Account Name:		Suchismita
	Account Domain:		DESKTOP-H1J37M8
	Logon ID:		0x8379D

Object:
	Object Server:		Security
	Object Type:		File
	Object Name:		C:\Users\Suchismita\Desktop\Test.txt
	Handle ID:		0x2998
	Resource Attributes:	-

Process Information:
	Process ID:		0x1ed0
	Process Name:		C:\Windows\explorer.exe

Access Request Information:
	Transaction ID:		{00000000-0000-0000-0000-000000000000}
	Accesses:		DELETE
				SYNCHRONIZE
				ReadAttributes
				
	Access Reasons:		DELETE:	Granted by	D:(A;;FA;;;S-1-5-21-714234298-2729167949-211770098-1001)
				SYNCHRONIZE:	Granted by	D:(A;;FA;;;S-1-5-21-714234298-2729167949-211770098-1001)
				ReadAttributes:	Granted by	D:(A;;FA;;;S-1-5-21-714234298-2729167949-211770098-1001)
				
	Access Mask:		0x110080
	Privileges Used for Access Check:	-
	Restricted SID Count:	0","4656","1",,"0","12800","0","-9214364837600034816","911967","Microsoft-Windows-Security-Auditing","54849625-5478-4994-a5ba-3e3b0328c30d","Security","4","5260","DESKTOP-H1J37M8",,"10-06-2019 10:03:27",,,"d:\log_doc\sec_10-06.evtx","System.UInt32[]","System.Diagnostics.Eventing.Reader.EventBookmark","Information","Info","File System","System.Collections.ObjectModel.ReadOnlyCollection`1[System.String]","System.Collections.Generic.List`1[System.Diagnostics.Eventing.Reader.EventProperty]"
"The handle to an object was closed.

Subject :
	Security ID:		S-1-5-21-714234298-2729167949-211770098-1001
	Account Name:		Suchismita
	Account Domain:		DESKTOP-H1J37M8
	Logon ID:		0x8379D

Object:
	Object Server:		Security
	Handle ID:		0x3568

Process Information:
	Process ID:		0x1ed0
	Process Name:		C:\Windows\explorer.exe","4658","0",,"0","12800","0","-9214364837600034816","911966","Microsoft-Windows-Security-Auditing","54849625-5478-4994-a5ba-3e3b0328c30d","Security","4","5260","DESKTOP-H1J37M8",,"10-06-2019 10:03:27",,,"d:\log_doc\sec_10-06.evtx","System.UInt32[]","System.Diagnostics.Eventing.Reader.EventBookmark","Information","Info","File System","System.Collections.ObjectModel.ReadOnlyCollection`1[System.String]","System.Collections.Generic.List`1[System.Diagnostics.Eventing.Reader.EventProperty]"
"An attempt was made to duplicate a handle to an object.

Subject:
	Security ID:		S-1-5-21-714234298-2729167949-211770098-1001
	Account Name:		Suchismita
	Account Domain:		DESKTOP-H1J37M8
	Logon ID:		0x8379D

Source Handle Information:
	Source Handle ID:	0x2998
	Source Process ID:	0x1ed0

New Handle Information:
	Target Handle ID:	0x3568
	Target Process ID:	0x4","4690","0",,"0","12807","0","-9214364837600034816","911965","Microsoft-Windows-Security-Auditing","54849625-5478-4994-a5ba-3e3b0328c30d","Security","4","5260","DESKTOP-H1J37M8",,"10-06-2019 10:03:27",,,"d:\log_doc\sec_10-06.evtx","System.UInt32[]","System.Diagnostics.Eventing.Reader.EventBookmark","Information","Info","Handle Manipulation","System.Collections.ObjectModel.ReadOnlyCollection`1[System.String]","System.Collections.Generic.List`1[System.Diagnostics.Eventing.Reader.EventProperty]"
"The handle to an object was closed.

Subject :
	Security ID:		S-1-5-21-714234298-2729167949-211770098-1001
	Account Name:		Suchismita
	Account Domain:		DESKTOP-H1J37M8
	Logon ID:		0x8379D

Object:
	Object Server:		Security
	Handle ID:		0x2998

Process Information:
	Process ID:		0x1ed0
	Process Name:		C:\Windows\explorer.exe","4658","0",,"0","12800","0","-9214364837600034816","911964","Microsoft-Windows-Security-Auditing","54849625-5478-4994-a5ba-3e3b0328c30d","Security","4","5260","DESKTOP-H1J37M8",,"10-06-2019 10:03:27",,,"d:\log_doc\sec_10-06.evtx","System.UInt32[]","System.Diagnostics.Eventing.Reader.EventBookmark","Information","Info","File System","System.Collections.ObjectModel.ReadOnlyCollection`1[System.String]","System.Collections.Generic.List`1[System.Diagnostics.Eventing.Reader.EventProperty]"
"An attempt was made to access an object.

Subject:
	Security ID:		S-1-5-21-714234298-2729167949-211770098-1001
	Account Name:		Suchismita
	Account Domain:		DESKTOP-H1J37M8
	Logon ID:		0x8379D

Object:
	Object Server:		Security
	Object Type:		File
	Object Name:		C:\Users\Suchismita\Desktop\Test.txt
	Handle ID:		0x2998
	Resource Attributes:	S:AI

Process Information:
	Process ID:		0x1ed0
	Process Name:		C:\Windows\explorer.exe

Access Request Information:
	Accesses:		ReadAttributes
				
	Access Mask:		0x80","4663","1",,"0","12800","0","-9214364837600034816","911963","Microsoft-Windows-Security-Auditing","54849625-5478-4994-a5ba-3e3b0328c30d","Security","4","5260","DESKTOP-H1J37M8",,"10-06-2019 10:03:27",,,"d:\log_doc\sec_10-06.evtx","System.UInt32[]","System.Diagnostics.Eventing.Reader.EventBookmark","Information","Info","File System","System.Collections.ObjectModel.ReadOnlyCollection`1[System.String]","System.Collections.Generic.List`1[System.Diagnostics.Eventing.Reader.EventProperty]"
"An attempt was made to access an object.

Subject:
	Security ID:		S-1-5-21-714234298-2729167949-211770098-1001
	Account Name:		Suchismita
	Account Domain:		DESKTOP-H1J37M8
	Logon ID:		0x8379D

Object:
	Object Server:		Security
	Object Type:		File
	Object Name:		C:\Users\Suchismita\Desktop\Test.txt
	Handle ID:		0x2998
	Resource Attributes:	S:AI

Process Information:
	Process ID:		0x1ed0
	Process Name:		C:\Windows\explorer.exe

Access Request Information:
	Accesses:		READ_CONTROL
				
	Access Mask:		0x20000","4663","1",,"0","12800","0","-9214364837600034816","911962","Microsoft-Windows-Security-Auditing","54849625-5478-4994-a5ba-3e3b0328c30d","Security","4","5260","DESKTOP-H1J37M8",,"10-06-2019 10:03:27",,,"d:\log_doc\sec_10-06.evtx","System.UInt32[]","System.Diagnostics.Eventing.Reader.EventBookmark","Information","Info","File System","System.Collections.ObjectModel.ReadOnlyCollection`1[System.String]","System.Collections.Generic.List`1[System.Diagnostics.Eventing.Reader.EventProperty]"
"A handle to an object was requested.

Subject:
	Security ID:		S-1-5-21-714234298-2729167949-211770098-1001
	Account Name:		Suchismita
	Account Domain:		DESKTOP-H1J37M8
	Logon ID:		0x8379D

Object:
	Object Server:		Security
	Object Type:		File
	Object Name:		C:\Users\Suchismita\Desktop\Test.txt
	Handle ID:		0x2998
	Resource Attributes:	-

Process Information:
	Process ID:		0x1ed0
	Process Name:		C:\Windows\explorer.exe

Access Request Information:
	Transaction ID:		{00000000-0000-0000-0000-000000000000}
	Accesses:		READ_CONTROL
				ReadAttributes
				
	Access Reasons:		READ_CONTROL:	Granted by Ownership
				ReadAttributes:	Granted by	D:(A;;FA;;;S-1-5-21-714234298-2729167949-211770098-1001)
				
	Access Mask:		0x20080
	Privileges Used for Access Check:	-
	Restricted SID Count:	0","4656","1",,"0","12800","0","-9214364837600034816","911961","Microsoft-Windows-Security-Auditing","54849625-5478-4994-a5ba-3e3b0328c30d","Security","4","5260","DESKTOP-H1J37M8",,"10-06-2019 10:03:27",,,"d:\log_doc\sec_10-06.evtx","System.UInt32[]","System.Diagnostics.Eventing.Reader.EventBookmark","Information","Info","File System","System.Collections.ObjectModel.ReadOnlyCollection`1[System.String]","System.Collections.Generic.List`1[System.Diagnostics.Eventing.Reader.EventProperty]"
"The handle to an object was closed.

Subject :
	Security ID:		S-1-5-21-714234298-2729167949-211770098-1001
	Account Name:		Suchismita
	Account Domain:		DESKTOP-H1J37M8
	Logon ID:		0x8379D

Object:
	Object Server:		Security
	Handle ID:		0x3568

Process Information:
	Process ID:		0x1ed0
	Process Name:		C:\Windows\explorer.exe","4658","0",,"0","12800","0","-9214364837600034816","911960","Microsoft-Windows-Security-Auditing","54849625-5478-4994-a5ba-3e3b0328c30d","Security","4","5260","DESKTOP-H1J37M8",,"10-06-2019 10:03:27",,,"d:\log_doc\sec_10-06.evtx","System.UInt32[]","System.Diagnostics.Eventing.Reader.EventBookmark","Information","Info","File System","System.Collections.ObjectModel.ReadOnlyCollection`1[System.String]","System.Collections.Generic.List`1[System.Diagnostics.Eventing.Reader.EventProperty]"
"An attempt was made to duplicate a handle to an object.

Subject:
	Security ID:		S-1-5-21-714234298-2729167949-211770098-1001
	Account Name:		Suchismita
	Account Domain:		DESKTOP-H1J37M8
	Logon ID:		0x8379D

Source Handle Information:
	Source Handle ID:	0x2998
	Source Process ID:	0x1ed0

New Handle Information:
	Target Handle ID:	0x3568
	Target Process ID:	0x4","4690","0",,"0","12807","0","-9214364837600034816","911959","Microsoft-Windows-Security-Auditing","54849625-5478-4994-a5ba-3e3b0328c30d","Security","4","5260","DESKTOP-H1J37M8",,"10-06-2019 10:03:27",,,"d:\log_doc\sec_10-06.evtx","System.UInt32[]","System.Diagnostics.Eventing.Reader.EventBookmark","Information","Info","Handle Manipulation","System.Collections.ObjectModel.ReadOnlyCollection`1[System.String]","System.Collections.Generic.List`1[System.Diagnostics.Eventing.Reader.EventProperty]"
"The handle to an object was closed.

Subject :
	Security ID:		S-1-5-21-714234298-2729167949-211770098-1001
	Account Name:		Suchismita
	Account Domain:		DESKTOP-H1J37M8
	Logon ID:		0x8379D

Object:
	Object Server:		Security
	Handle ID:		0x1c50

Process Information:
	Process ID:		0x1ed0
	Process Name:		C:\Windows\explorer.exe","4658","0",,"0","12800","0","-9214364837600034816","911958","Microsoft-Windows-Security-Auditing","54849625-5478-4994-a5ba-3e3b0328c30d","Security","4","3968","DESKTOP-H1J37M8",,"10-06-2019 10:03:27",,,"d:\log_doc\sec_10-06.evtx","System.UInt32[]","System.Diagnostics.Eventing.Reader.EventBookmark","Information","Info","File System","System.Collections.ObjectModel.ReadOnlyCollection`1[System.String]","System.Collections.Generic.List`1[System.Diagnostics.Eventing.Reader.EventProperty]"
"An object was deleted.

Subject:
	Security ID:		S-1-5-21-714234298-2729167949-211770098-1001
	Account Name:		Suchismita
	Account Domain:		DESKTOP-H1J37M8
	Logon ID:		0x8379D

Object:
	Object Server:	Security
	Handle ID:	0x1c50

Process Information:
	Process ID:	0x1ed0
	Process Name:	C:\Windows\explorer.exe
	Transaction ID:	{00000000-0000-0000-0000-000000000000}","4660","0",,"0","12800","0","-9214364837600034816","911957","Microsoft-Windows-Security-Auditing","54849625-5478-4994-a5ba-3e3b0328c30d","Security","4","3968","DESKTOP-H1J37M8",,"10-06-2019 10:03:27",,,"d:\log_doc\sec_10-06.evtx","System.UInt32[]","System.Diagnostics.Eventing.Reader.EventBookmark","Information","Info","File System","System.Collections.ObjectModel.ReadOnlyCollection`1[System.String]","System.Collections.Generic.List`1[System.Diagnostics.Eventing.Reader.EventProperty]"
"An attempt was made to access an object.

Subject:
	Security ID:		S-1-5-21-714234298-2729167949-211770098-1001
	Account Name:		Suchismita
	Account Domain:		DESKTOP-H1J37M8
	Logon ID:		0x8379D

Object:
	Object Server:		Security
	Object Type:		File
	Object Name:		C:\Users\Suchismita\Desktop\Test.txt
	Handle ID:		0x1c50
	Resource Attributes:	S:AI

Process Information:
	Process ID:		0x1ed0
	Process Name:		C:\Windows\explorer.exe

Access Request Information:
	Accesses:		DELETE
				
	Access Mask:		0x10000","4663","1",,"0","12800","0","-9214364837600034816","911956","Microsoft-Windows-Security-Auditing","54849625-5478-4994-a5ba-3e3b0328c30d","Security","4","3968","DESKTOP-H1J37M8",,"10-06-2019 10:03:27",,,"d:\log_doc\sec_10-06.evtx","System.UInt32[]","System.Diagnostics.Eventing.Reader.EventBookmark","Information","Info","File System","System.Collections.ObjectModel.ReadOnlyCollection`1[System.String]","System.Collections.Generic.List`1[System.Diagnostics.Eventing.Reader.EventProperty]"
"An attempt was made to access an object.

Subject:
	Security ID:		S-1-5-21-714234298-2729167949-211770098-1001
	Account Name:		Suchismita
	Account Domain:		DESKTOP-H1J37M8
	Logon ID:		0x8379D

Object:
	Object Server:		Security
	Object Type:		File
	Object Name:		C:\Users\Suchismita\Desktop\Test.txt
	Handle ID:		0x1c50
	Resource Attributes:	S:AI

Process Information:
	Process ID:		0x1ed0
	Process Name:		C:\Windows\explorer.exe

Access Request Information:
	Accesses:		ReadAttributes
				
	Access Mask:		0x80","4663","1",,"0","12800","0","-9214364837600034816","911955","Microsoft-Windows-Security-Auditing","54849625-5478-4994-a5ba-3e3b0328c30d","Security","4","3968","DESKTOP-H1J37M8",,"10-06-2019 10:03:27",,,"d:\log_doc\sec_10-06.evtx","System.UInt32[]","System.Diagnostics.Eventing.Reader.EventBookmark","Information","Info","File System","System.Collections.ObjectModel.ReadOnlyCollection`1[System.String]","System.Collections.Generic.List`1[System.Diagnostics.Eventing.Reader.EventProperty]"
"A handle to an object was requested.

Subject:
	Security ID:		S-1-5-21-714234298-2729167949-211770098-1001
	Account Name:		Suchismita
	Account Domain:		DESKTOP-H1J37M8
	Logon ID:		0x8379D

Object:
	Object Server:		Security
	Object Type:		File
	Object Name:		C:\Users\Suchismita\Desktop\Test.txt
	Handle ID:		0x1c50
	Resource Attributes:	-

Process Information:
	Process ID:		0x1ed0
	Process Name:		C:\Windows\explorer.exe

Access Request Information:
	Transaction ID:		{00000000-0000-0000-0000-000000000000}
	Accesses:		DELETE
				READ_CONTROL
				SYNCHRONIZE
				ReadAttributes
				
	Access Reasons:		DELETE:	Granted by	D:(A;;FA;;;S-1-5-21-714234298-2729167949-211770098-1001)
				READ_CONTROL:	Granted by Ownership
				SYNCHRONIZE:	Granted by	D:(A;;FA;;;S-1-5-21-714234298-2729167949-211770098-1001)
				ReadAttributes:	Granted by	D:(A;;FA;;;S-1-5-21-714234298-2729167949-211770098-1001)
				
	Access Mask:		0x130080
	Privileges Used for Access Check:	-
	Restricted SID Count:	0","4656","1",,"0","12800","0","-9214364837600034816","911954","Microsoft-Windows-Security-Auditing","54849625-5478-4994-a5ba-3e3b0328c30d","Security","4","3968","DESKTOP-H1J37M8",,"10-06-2019 10:03:27",,,"d:\log_doc\sec_10-06.evtx","System.UInt32[]","System.Diagnostics.Eventing.Reader.EventBookmark","Information","Info","File System","System.Collections.ObjectModel.ReadOnlyCollection`1[System.String]","System.Collections.Generic.List`1[System.Diagnostics.Eventing.Reader.EventProperty]"
"The handle to an object was closed.

Subject :
	Security ID:		S-1-5-21-714234298-2729167949-211770098-1001
	Account Name:		Suchismita
	Account Domain:		DESKTOP-H1J37M8
	Logon ID:		0x8379D

Object:
	Object Server:		Security
	Handle ID:		0x520

Process Information:
	Process ID:		0x1ed0
	Process Name:		C:\Windows\explorer.exe","4658","0",,"0","12800","0","-9214364837600034816","911953","Microsoft-Windows-Security-Auditing","54849625-5478-4994-a5ba-3e3b0328c30d","Security","4","3968","DESKTOP-H1J37M8",,"10-06-2019 10:03:27",,,"d:\log_doc\sec_10-06.evtx","System.UInt32[]","System.Diagnostics.Eventing.Reader.EventBookmark","Information","Info","File System","System.Collections.ObjectModel.ReadOnlyCollection`1[System.String]","System.Collections.Generic.List`1[System.Diagnostics.Eventing.Reader.EventProperty]"
"An attempt was made to duplicate a handle to an object.

Subject:
	Security ID:		S-1-5-21-714234298-2729167949-211770098-1001
	Account Name:		Suchismita
	Account Domain:		DESKTOP-H1J37M8
	Logon ID:		0x8379D

Source Handle Information:
	Source Handle ID:	0x1c50
	Source Process ID:	0x1ed0

New Handle Information:
	Target Handle ID:	0x520
	Target Process ID:	0x4","4690","0",,"0","12807","0","-9214364837600034816","911952","Microsoft-Windows-Security-Auditing","54849625-5478-4994-a5ba-3e3b0328c30d","Security","4","3968","DESKTOP-H1J37M8",,"10-06-2019 10:03:27",,,"d:\log_doc\sec_10-06.evtx","System.UInt32[]","System.Diagnostics.Eventing.Reader.EventBookmark","Information","Info","Handle Manipulation","System.Collections.ObjectModel.ReadOnlyCollection`1[System.String]","System.Collections.Generic.List`1[System.Diagnostics.Eventing.Reader.EventProperty]"
"The handle to an object was closed.

Subject :
	Security ID:		S-1-5-21-714234298-2729167949-211770098-1001
	Account Name:		Suchismita
	Account Domain:		DESKTOP-H1J37M8
	Logon ID:		0x8379D

Object:
	Object Server:		Security
	Handle ID:		0x1c50

Process Information:
	Process ID:		0x1ed0
	Process Name:		C:\Windows\explorer.exe","4658","0",,"0","12800","0","-9214364837600034816","911951","Microsoft-Windows-Security-Auditing","54849625-5478-4994-a5ba-3e3b0328c30d","Security","4","3968","DESKTOP-H1J37M8",,"10-06-2019 10:03:27",,,"d:\log_doc\sec_10-06.evtx","System.UInt32[]","System.Diagnostics.Eventing.Reader.EventBookmark","Information","Info","File System","System.Collections.ObjectModel.ReadOnlyCollection`1[System.String]","System.Collections.Generic.List`1[System.Diagnostics.Eventing.Reader.EventProperty]"
"A handle to an object was requested.

Subject:
	Security ID:		S-1-5-21-714234298-2729167949-211770098-1001
	Account Name:		Suchismita
	Account Domain:		DESKTOP-H1J37M8
	Logon ID:		0x8379D

Object:
	Object Server:		Security
	Object Type:		File
	Object Name:		C:\Users\Suchismita\Desktop\Test.txt
	Handle ID:		0x1c50
	Resource Attributes:	-

Process Information:
	Process ID:		0x1ed0
	Process Name:		C:\Windows\explorer.exe

Access Request Information:
	Transaction ID:		{00000000-0000-0000-0000-000000000000}
	Accesses:		DELETE
				SYNCHRONIZE
				ReadAttributes
				
	Access Reasons:		DELETE:	Granted by	D:(A;;FA;;;S-1-5-21-714234298-2729167949-211770098-1001)
				SYNCHRONIZE:	Granted by	D:(A;;FA;;;S-1-5-21-714234298-2729167949-211770098-1001)
				ReadAttributes:	Granted by	D:(A;;FA;;;S-1-5-21-714234298-2729167949-211770098-1001)
				
	Access Mask:		0x110080
	Privileges Used for Access Check:	-
	Restricted SID Count:	0","4656","1",,"0","12800","0","-9214364837600034816","911950","Microsoft-Windows-Security-Auditing","54849625-5478-4994-a5ba-3e3b0328c30d","Security","4","3968","DESKTOP-H1J37M8",,"10-06-2019 10:03:27",,,"d:\log_doc\sec_10-06.evtx","System.UInt32[]","System.Diagnostics.Eventing.Reader.EventBookmark","Information","Info","File System","System.Collections.ObjectModel.ReadOnlyCollection`1[System.String]","System.Collections.Generic.List`1[System.Diagnostics.Eventing.Reader.EventProperty]"
"The handle to an object was closed.

Subject :
	Security ID:		S-1-5-21-714234298-2729167949-211770098-1001
	Account Name:		Suchismita
	Account Domain:		DESKTOP-H1J37M8
	Logon ID:		0x8379D

Object:
	Object Server:		Security
	Handle ID:		0x520

Process Information:
	Process ID:		0x1ed0
	Process Name:		C:\Windows\explorer.exe","4658","0",,"0","12800","0","-9214364837600034816","911949","Microsoft-Windows-Security-Auditing","54849625-5478-4994-a5ba-3e3b0328c30d","Security","4","3968","DESKTOP-H1J37M8",,"10-06-2019 10:03:27",,,"d:\log_doc\sec_10-06.evtx","System.UInt32[]","System.Diagnostics.Eventing.Reader.EventBookmark","Information","Info","File System","System.Collections.ObjectModel.ReadOnlyCollection`1[System.String]","System.Collections.Generic.List`1[System.Diagnostics.Eventing.Reader.EventProperty]"
"An attempt was made to duplicate a handle to an object.

Subject:
	Security ID:		S-1-5-21-714234298-2729167949-211770098-1001
	Account Name:		Suchismita
	Account Domain:		DESKTOP-H1J37M8
	Logon ID:		0x8379D

Source Handle Information:
	Source Handle ID:	0x1c50
	Source Process ID:	0x1ed0

New Handle Information:
	Target Handle ID:	0x520
	Target Process ID:	0x4","4690","0",,"0","12807","0","-9214364837600034816","911948","Microsoft-Windows-Security-Auditing","54849625-5478-4994-a5ba-3e3b0328c30d","Security","4","3968","DESKTOP-H1J37M8",,"10-06-2019 10:03:27",,,"d:\log_doc\sec_10-06.evtx","System.UInt32[]","System.Diagnostics.Eventing.Reader.EventBookmark","Information","Info","Handle Manipulation","System.Collections.ObjectModel.ReadOnlyCollection`1[System.String]","System.Collections.Generic.List`1[System.Diagnostics.Eventing.Reader.EventProperty]"
"The handle to an object was closed.

Subject :
	Security ID:		S-1-5-21-714234298-2729167949-211770098-1001
	Account Name:		Suchismita
	Account Domain:		DESKTOP-H1J37M8
	Logon ID:		0x8379D

Object:
	Object Server:		Security
	Handle ID:		0x13b8

Process Information:
	Process ID:		0x1ed0
	Process Name:		C:\Windows\explorer.exe","4658","0",,"0","12800","0","-9214364837600034816","911947","Microsoft-Windows-Security-Auditing","54849625-5478-4994-a5ba-3e3b0328c30d","Security","4","5260","DESKTOP-H1J37M8",,"10-06-2019 10:03:24",,,"d:\log_doc\sec_10-06.evtx","System.UInt32[]","System.Diagnostics.Eventing.Reader.EventBookmark","Information","Info","File System","System.Collections.ObjectModel.ReadOnlyCollection`1[System.String]","System.Collections.Generic.List`1[System.Diagnostics.Eventing.Reader.EventProperty]"
"A handle to an object was requested.

Subject:
	Security ID:		S-1-5-21-714234298-2729167949-211770098-1001
	Account Name:		Suchismita
	Account Domain:		DESKTOP-H1J37M8
	Logon ID:		0x8379D

Object:
	Object Server:		Security
	Object Type:		File
	Object Name:		C:\Users\Suchismita\Desktop\Test.txt
	Handle ID:		0x13b8
	Resource Attributes:	-

Process Information:
	Process ID:		0x1ed0
	Process Name:		C:\Windows\explorer.exe

Access Request Information:
	Transaction ID:		{00000000-0000-0000-0000-000000000000}
	Accesses:		READ_CONTROL
				SYNCHRONIZE
				ReadData (or ListDirectory)
				ReadEA
				ReadAttributes
				
	Access Reasons:		READ_CONTROL:	Granted by Ownership
				SYNCHRONIZE:	Granted by	D:(A;;FA;;;S-1-5-21-714234298-2729167949-211770098-1001)
				ReadData (or ListDirectory):	Granted by	D:(A;;FA;;;S-1-5-21-714234298-2729167949-211770098-1001)
				ReadEA:	Granted by	D:(A;;FA;;;S-1-5-21-714234298-2729167949-211770098-1001)
				ReadAttributes:	Granted by	D:(A;;FA;;;S-1-5-21-714234298-2729167949-211770098-1001)
				
	Access Mask:		0x120089
	Privileges Used for Access Check:	-
	Restricted SID Count:	0","4656","1",,"0","12800","0","-9214364837600034816","911946","Microsoft-Windows-Security-Auditing","54849625-5478-4994-a5ba-3e3b0328c30d","Security","4","5260","DESKTOP-H1J37M8",,"10-06-2019 10:03:24",,,"d:\log_doc\sec_10-06.evtx","System.UInt32[]","System.Diagnostics.Eventing.Reader.EventBookmark","Information","Info","File System","System.Collections.ObjectModel.ReadOnlyCollection`1[System.String]","System.Collections.Generic.List`1[System.Diagnostics.Eventing.Reader.EventProperty]"
"The handle to an object was closed.

Subject :
	Security ID:		S-1-5-21-714234298-2729167949-211770098-1001
	Account Name:		Suchismita
	Account Domain:		DESKTOP-H1J37M8
	Logon ID:		0x8379D

Object:
	Object Server:		Security
	Handle ID:		0x3fd8

Process Information:
	Process ID:		0x1ed0
	Process Name:		C:\Windows\explorer.exe","4658","0",,"0","12800","0","-9214364837600034816","911945","Microsoft-Windows-Security-Auditing","54849625-5478-4994-a5ba-3e3b0328c30d","Security","4","5260","DESKTOP-H1J37M8",,"10-06-2019 10:03:24",,,"d:\log_doc\sec_10-06.evtx","System.UInt32[]","System.Diagnostics.Eventing.Reader.EventBookmark","Information","Info","File System","System.Collections.ObjectModel.ReadOnlyCollection`1[System.String]","System.Collections.Generic.List`1[System.Diagnostics.Eventing.Reader.EventProperty]"
"An attempt was made to duplicate a handle to an object.

Subject:
	Security ID:		S-1-5-21-714234298-2729167949-211770098-1001
	Account Name:		Suchismita
	Account Domain:		DESKTOP-H1J37M8
	Logon ID:		0x8379D

Source Handle Information:
	Source Handle ID:	0x13b8
	Source Process ID:	0x1ed0

New Handle Information:
	Target Handle ID:	0x3fd8
	Target Process ID:	0x4","4690","0",,"0","12807","0","-9214364837600034816","911944","Microsoft-Windows-Security-Auditing","54849625-5478-4994-a5ba-3e3b0328c30d","Security","4","5260","DESKTOP-H1J37M8",,"10-06-2019 10:03:24",,,"d:\log_doc\sec_10-06.evtx","System.UInt32[]","System.Diagnostics.Eventing.Reader.EventBookmark","Information","Info","Handle Manipulation","System.Collections.ObjectModel.ReadOnlyCollection`1[System.String]","System.Collections.Generic.List`1[System.Diagnostics.Eventing.Reader.EventProperty]"
"The handle to an object was closed.

Subject :
	Security ID:		S-1-5-21-714234298-2729167949-211770098-1001
	Account Name:		Suchismita
	Account Domain:		DESKTOP-H1J37M8
	Logon ID:		0x8379D

Object:
	Object Server:		Security
	Handle ID:		0x13b8

Process Information:
	Process ID:		0x1ed0
	Process Name:		C:\Windows\explorer.exe","4658","0",,"0","12800","0","-9214364837600034816","911943","Microsoft-Windows-Security-Auditing","54849625-5478-4994-a5ba-3e3b0328c30d","Security","4","5260","DESKTOP-H1J37M8",,"10-06-2019 10:03:24",,,"d:\log_doc\sec_10-06.evtx","System.UInt32[]","System.Diagnostics.Eventing.Reader.EventBookmark","Information","Info","File System","System.Collections.ObjectModel.ReadOnlyCollection`1[System.String]","System.Collections.Generic.List`1[System.Diagnostics.Eventing.Reader.EventProperty]"
"A handle to an object was requested.

Subject:
	Security ID:		S-1-5-21-714234298-2729167949-211770098-1001
	Account Name:		Suchismita
	Account Domain:		DESKTOP-H1J37M8
	Logon ID:		0x8379D

Object:
	Object Server:		Security
	Object Type:		File
	Object Name:		C:\Users\Suchismita\Desktop\Test.txt
	Handle ID:		0x13b8
	Resource Attributes:	-

Process Information:
	Process ID:		0x1ed0
	Process Name:		C:\Windows\explorer.exe

Access Request Information:
	Transaction ID:		{00000000-0000-0000-0000-000000000000}
	Accesses:		READ_CONTROL
				SYNCHRONIZE
				ReadData (or ListDirectory)
				ReadEA
				ReadAttributes
				
	Access Reasons:		READ_CONTROL:	Granted by Ownership
				SYNCHRONIZE:	Granted by	D:(A;;FA;;;S-1-5-21-714234298-2729167949-211770098-1001)
				ReadData (or ListDirectory):	Granted by	D:(A;;FA;;;S-1-5-21-714234298-2729167949-211770098-1001)
				ReadEA:	Granted by	D:(A;;FA;;;S-1-5-21-714234298-2729167949-211770098-1001)
				ReadAttributes:	Granted by	D:(A;;FA;;;S-1-5-21-714234298-2729167949-211770098-1001)
				
	Access Mask:		0x120089
	Privileges Used for Access Check:	-
	Restricted SID Count:	0","4656","1",,"0","12800","0","-9214364837600034816","911942","Microsoft-Windows-Security-Auditing","54849625-5478-4994-a5ba-3e3b0328c30d","Security","4","5260","DESKTOP-H1J37M8",,"10-06-2019 10:03:24",,,"d:\log_doc\sec_10-06.evtx","System.UInt32[]","System.Diagnostics.Eventing.Reader.EventBookmark","Information","Info","File System","System.Collections.ObjectModel.ReadOnlyCollection`1[System.String]","System.Collections.Generic.List`1[System.Diagnostics.Eventing.Reader.EventProperty]"
"The handle to an object was closed.

Subject :
	Security ID:		S-1-5-21-714234298-2729167949-211770098-1001
	Account Name:		Suchismita
	Account Domain:		DESKTOP-H1J37M8
	Logon ID:		0x8379D

Object:
	Object Server:		Security
	Handle ID:		0x3fd8

Process Information:
	Process ID:		0x1ed0
	Process Name:		C:\Windows\explorer.exe","4658","0",,"0","12800","0","-9214364837600034816","911941","Microsoft-Windows-Security-Auditing","54849625-5478-4994-a5ba-3e3b0328c30d","Security","4","5260","DESKTOP-H1J37M8",,"10-06-2019 10:03:24",,,"d:\log_doc\sec_10-06.evtx","System.UInt32[]","System.Diagnostics.Eventing.Reader.EventBookmark","Information","Info","File System","System.Collections.ObjectModel.ReadOnlyCollection`1[System.String]","System.Collections.Generic.List`1[System.Diagnostics.Eventing.Reader.EventProperty]"
"An attempt was made to duplicate a handle to an object.

Subject:
	Security ID:		S-1-5-21-714234298-2729167949-211770098-1001
	Account Name:		Suchismita
	Account Domain:		DESKTOP-H1J37M8
	Logon ID:		0x8379D

Source Handle Information:
	Source Handle ID:	0x13b8
	Source Process ID:	0x1ed0

New Handle Information:
	Target Handle ID:	0x3fd8
	Target Process ID:	0x4","4690","0",,"0","12807","0","-9214364837600034816","911940","Microsoft-Windows-Security-Auditing","54849625-5478-4994-a5ba-3e3b0328c30d","Security","4","5260","DESKTOP-H1J37M8",,"10-06-2019 10:03:24",,,"d:\log_doc\sec_10-06.evtx","System.UInt32[]","System.Diagnostics.Eventing.Reader.EventBookmark","Information","Info","Handle Manipulation","System.Collections.ObjectModel.ReadOnlyCollection`1[System.String]","System.Collections.Generic.List`1[System.Diagnostics.Eventing.Reader.EventProperty]"
"The handle to an object was closed.

Subject :
	Security ID:		S-1-5-21-714234298-2729167949-211770098-1001
	Account Name:		Suchismita
	Account Domain:		DESKTOP-H1J37M8
	Logon ID:		0x8379D

Object:
	Object Server:		Security
	Handle ID:		0x13b8

Process Information:
	Process ID:		0x1ed0
	Process Name:		C:\Windows\explorer.exe","4658","0",,"0","12800","0","-9214364837600034816","911939","Microsoft-Windows-Security-Auditing","54849625-5478-4994-a5ba-3e3b0328c30d","Security","4","5260","DESKTOP-H1J37M8",,"10-06-2019 10:03:24",,,"d:\log_doc\sec_10-06.evtx","System.UInt32[]","System.Diagnostics.Eventing.Reader.EventBookmark","Information","Info","File System","System.Collections.ObjectModel.ReadOnlyCollection`1[System.String]","System.Collections.Generic.List`1[System.Diagnostics.Eventing.Reader.EventProperty]"
"A handle to an object was requested.

Subject:
	Security ID:		S-1-5-21-714234298-2729167949-211770098-1001
	Account Name:		Suchismita
	Account Domain:		DESKTOP-H1J37M8
	Logon ID:		0x8379D

Object:
	Object Server:		Security
	Object Type:		File
	Object Name:		C:\Users\Suchismita\Desktop\Test.txt
	Handle ID:		0x13b8
	Resource Attributes:	-

Process Information:
	Process ID:		0x1ed0
	Process Name:		C:\Windows\explorer.exe

Access Request Information:
	Transaction ID:		{00000000-0000-0000-0000-000000000000}
	Accesses:		READ_CONTROL
				SYNCHRONIZE
				ReadData (or ListDirectory)
				ReadEA
				ReadAttributes
				
	Access Reasons:		READ_CONTROL:	Granted by Ownership
				SYNCHRONIZE:	Granted by	D:(A;;FA;;;S-1-5-21-714234298-2729167949-211770098-1001)
				ReadData (or ListDirectory):	Granted by	D:(A;;FA;;;S-1-5-21-714234298-2729167949-211770098-1001)
				ReadEA:	Granted by	D:(A;;FA;;;S-1-5-21-714234298-2729167949-211770098-1001)
				ReadAttributes:	Granted by	D:(A;;FA;;;S-1-5-21-714234298-2729167949-211770098-1001)
				
	Access Mask:		0x120089
	Privileges Used for Access Check:	-
	Restricted SID Count:	0","4656","1",,"0","12800","0","-9214364837600034816","911938","Microsoft-Windows-Security-Auditing","54849625-5478-4994-a5ba-3e3b0328c30d","Security","4","5260","DESKTOP-H1J37M8",,"10-06-2019 10:03:24",,,"d:\log_doc\sec_10-06.evtx","System.UInt32[]","System.Diagnostics.Eventing.Reader.EventBookmark","Information","Info","File System","System.Collections.ObjectModel.ReadOnlyCollection`1[System.String]","System.Collections.Generic.List`1[System.Diagnostics.Eventing.Reader.EventProperty]"
"The handle to an object was closed.

Subject :
	Security ID:		S-1-5-21-714234298-2729167949-211770098-1001
	Account Name:		Suchismita
	Account Domain:		DESKTOP-H1J37M8
	Logon ID:		0x8379D

Object:
	Object Server:		Security
	Handle ID:		0x3fd8

Process Information:
